<?xml version="1.0" encoding="UTF-8"?>
<testsuite xmlns:xsi="http://www.w3.org/2001/XMLSchema-instance" xsi:noNamespaceSchemaLocation="https://maven.apache.org/surefire/maven-failsafe-plugin/xsd/failsafe-test-report.xsd" name="com.studentapp.junit.CreateStudentsDataDrivenTest" time="5.911" tests="0" errors="0" skipped="0" failures="0">
  <properties>
    <property name="sun.desktop" value="windows"/>
    <property name="awt.toolkit" value="sun.awt.windows.WToolkit"/>
    <property name="file.encoding.pkg" value="sun.io"/>
    <property name="java.specification.version" value="1.8"/>
    <property name="sun.cpu.isalist" value="amd64"/>
    <property name="sun.jnu.encoding" value="Cp1252"/>
    <property name="java.class.path" value="C:\MAIN\EclipseWork\StudentApp\target\test-classes;C:\MAIN\EclipseWork\StudentApp\target\StudentApp-0.0.1-SNAPSHOT.jar;C:\Users\m1027514\.m2\repository\ch\qos\logback\logback-classic\1.0.13\logback-classic-1.0.13.jar;C:\Users\m1027514\.m2\repository\ch\qos\logback\logback-core\1.0.13\logback-core-1.0.13.jar;C:\Users\m1027514\.m2\repository\org\slf4j\slf4j-api\1.7.5\slf4j-api-1.7.5.jar;C:\Users\m1027514\.m2\repository\net\serenity-bdd\serenity-rest-assured\2.0.40\serenity-rest-assured-2.0.40.jar;C:\Users\m1027514\.m2\repository\net\bytebuddy\byte-buddy\1.9.6\byte-buddy-1.9.6.jar;C:\Users\m1027514\.m2\repository\net\bytebuddy\byte-buddy-agent\1.9.6\byte-buddy-agent-1.9.6.jar;C:\Users\m1027514\.m2\repository\com\google\guava\guava\25.0-jre\guava-25.0-jre.jar;C:\Users\m1027514\.m2\repository\com\google\code\findbugs\jsr305\1.3.9\jsr305-1.3.9.jar;C:\Users\m1027514\.m2\repository\org\checkerframework\checker-compat-qual\2.0.0\checker-compat-qual-2.0.0.jar;C:\Users\m1027514\.m2\repository\com\google\errorprone\error_prone_annotations\2.1.3\error_prone_annotations-2.1.3.jar;C:\Users\m1027514\.m2\repository\com\google\j2objc\j2objc-annotations\1.1\j2objc-annotations-1.1.jar;C:\Users\m1027514\.m2\repository\org\codehaus\mojo\animal-sniffer-annotations\1.14\animal-sniffer-annotations-1.14.jar;C:\Users\m1027514\.m2\repository\com\google\inject\guice\4.2.2\guice-4.2.2.jar;C:\Users\m1027514\.m2\repository\javax\inject\javax.inject\1\javax.inject-1.jar;C:\Users\m1027514\.m2\repository\aopalliance\aopalliance\1.0\aopalliance-1.0.jar;C:\Users\m1027514\.m2\repository\cglib\cglib\3.2.5\cglib-3.2.5.jar;C:\Users\m1027514\.m2\repository\org\ow2\asm\asm\5.0.3\asm-5.0.3.jar;C:\Users\m1027514\.m2\repository\commons-codec\commons-codec\1.10\commons-codec-1.10.jar;C:\Users\m1027514\.m2\repository\org\objenesis\objenesis\2.6\objenesis-2.6.jar;C:\Users\m1027514\.m2\repository\xml-apis\xml-apis\1.4.01\xml-apis-1.4.01.jar;C:\Users\m1027514\.m2\repository\io\cucumber\cucumber-core\2.4.0\cucumber-core-2.4.0.jar;C:\Users\m1027514\.m2\repository\info\cukes\cucumber-html\0.2.6\cucumber-html-0.2.6.jar;C:\Users\m1027514\.m2\repository\io\cucumber\cucumber-jvm-deps\1.0.6\cucumber-jvm-deps-1.0.6.jar;C:\Users\m1027514\.m2\repository\io\cucumber\gherkin\5.0.0\gherkin-5.0.0.jar;C:\Users\m1027514\.m2\repository\io\cucumber\tag-expressions\1.1.1\tag-expressions-1.1.1.jar;C:\Users\m1027514\.m2\repository\commons-logging\commons-logging\1.2\commons-logging-1.2.jar;C:\Users\m1027514\.m2\repository\io\vavr\vavr\0.9.0\vavr-0.9.0.jar;C:\Users\m1027514\.m2\repository\io\vavr\vavr-match\0.9.0\vavr-match-0.9.0.jar;C:\Users\m1027514\.m2\repository\javax\xml\bind\jaxb-api\2.2.12\jaxb-api-2.2.12.jar;C:\Users\m1027514\.m2\repository\com\sun\xml\bind\jaxb-core\2.3.0.1\jaxb-core-2.3.0.1.jar;C:\Users\m1027514\.m2\repository\com\sun\xml\bind\jaxb-impl\2.3.0.1\jaxb-impl-2.3.0.1.jar;C:\Users\m1027514\.m2\repository\javax\activation\activation\1.1.1\activation-1.1.1.jar;C:\Users\m1027514\.m2\repository\org\mockito\mockito-core\2.23.4\mockito-core-2.23.4.jar;C:\Users\m1027514\.m2\repository\io\rest-assured\rest-assured\3.3.0\rest-assured-3.3.0.jar;C:\Users\m1027514\.m2\repository\org\ccil\cowan\tagsoup\tagsoup\1.2.1\tagsoup-1.2.1.jar;C:\Users\m1027514\.m2\repository\io\rest-assured\json-path\3.3.0\json-path-3.3.0.jar;C:\Users\m1027514\.m2\repository\io\rest-assured\rest-assured-common\3.3.0\rest-assured-common-3.3.0.jar;C:\Users\m1027514\.m2\repository\io\rest-assured\xml-path\3.3.0\xml-path-3.3.0.jar;C:\Users\m1027514\.m2\repository\com\sun\xml\bind\jaxb-osgi\2.2.10\jaxb-osgi-2.2.10.jar;C:\Users\m1027514\.m2\repository\org\apache\sling\org.apache.sling.javax.activation\0.1.0\org.apache.sling.javax.activation-0.1.0.jar;C:\Users\m1027514\.m2\repository\org\codehaus\groovy\groovy\2.5.5\groovy-2.5.5.jar;C:\Users\m1027514\.m2\repository\org\codehaus\groovy\groovy-xml\2.5.5\groovy-xml-2.5.5.jar;C:\Users\m1027514\.m2\repository\org\codehaus\groovy\groovy-json\2.5.5\groovy-json-2.5.5.jar;C:\Users\m1027514\.m2\repository\net\serenity-bdd\serenity-core\2.0.40\serenity-core-2.0.40.jar;C:\Users\m1027514\.m2\repository\net\serenity-bdd\serenity-report-resources\2.0.40\serenity-report-resources-2.0.40.jar;C:\Users\m1027514\.m2\repository\net\serenity-bdd\serenity-model\2.0.40\serenity-model-2.0.40.jar;C:\Users\m1027514\.m2\repository\commons-net\commons-net\3.6\commons-net-3.6.jar;C:\Users\m1027514\.m2\repository\org\apache\commons\commons-text\1.6\commons-text-1.6.jar;C:\Users\m1027514\.m2\repository\net\serenity-bdd\serenity-reports\2.0.40\serenity-reports-2.0.40.jar;C:\Users\m1027514\.m2\repository\net\serenity-bdd\serenity-stats\2.0.40\serenity-stats-2.0.40.jar;C:\Users\m1027514\.m2\repository\org\jetbrains\kotlin\kotlin-stdlib\1.2.51\kotlin-stdlib-1.2.51.jar;C:\Users\m1027514\.m2\repository\org\jetbrains\kotlin\kotlin-stdlib-common\1.2.51\kotlin-stdlib-common-1.2.51.jar;C:\Users\m1027514\.m2\repository\org\jetbrains\annotations\13.0\annotations-13.0.jar;C:\Users\m1027514\.m2\repository\com\google\code\gson\gson\2.8.4\gson-2.8.4.jar;C:\Users\m1027514\.m2\repository\commons-io\commons-io\2.6\commons-io-2.6.jar;C:\Users\m1027514\.m2\repository\org\seleniumhq\selenium\selenium-server\3.141.59\selenium-server-3.141.59.jar;C:\Users\m1027514\.m2\repository\org\seleniumhq\selenium\selenium-firefox-driver\3.141.59\selenium-firefox-driver-3.141.59.jar;C:\Users\m1027514\.m2\repository\org\seleniumhq\selenium\selenium-ie-driver\3.141.59\selenium-ie-driver-3.141.59.jar;C:\Users\m1027514\.m2\repository\com\beust\jcommander\1.72\jcommander-1.72.jar;C:\Users\m1027514\.m2\repository\org\apache\commons\commons-exec\1.3\commons-exec-1.3.jar;C:\Users\m1027514\.m2\repository\net\jcip\jcip-annotations\1.0\jcip-annotations-1.0.jar;C:\Users\m1027514\.m2\repository\org\seleniumhq\selenium\jetty-repacked\9.4.12.v20180830\jetty-repacked-9.4.12.v20180830.jar;C:\Users\m1027514\.m2\repository\com\squareup\okhttp3\okhttp\3.11.0\okhttp-3.11.0.jar;C:\Users\m1027514\.m2\repository\com\squareup\okio\okio\1.14.0\okio-1.14.0.jar;C:\Users\m1027514\.m2\repository\javax\servlet\javax.servlet-api\3.1.0\javax.servlet-api-3.1.0.jar;C:\Users\m1027514\.m2\repository\org\yaml\snakeyaml\1.19\snakeyaml-1.19.jar;C:\Users\m1027514\.m2\repository\org\seleniumhq\selenium\selenium-java\3.141.59\selenium-java-3.141.59.jar;C:\Users\m1027514\.m2\repository\org\seleniumhq\selenium\selenium-api\3.141.59\selenium-api-3.141.59.jar;C:\Users\m1027514\.m2\repository\org\seleniumhq\selenium\selenium-chrome-driver\3.141.59\selenium-chrome-driver-3.141.59.jar;C:\Users\m1027514\.m2\repository\org\seleniumhq\selenium\selenium-edge-driver\3.141.59\selenium-edge-driver-3.141.59.jar;C:\Users\m1027514\.m2\repository\org\seleniumhq\selenium\selenium-remote-driver\3.141.59\selenium-remote-driver-3.141.59.jar;C:\Users\m1027514\.m2\repository\org\seleniumhq\selenium\selenium-safari-driver\3.141.59\selenium-safari-driver-3.141.59.jar;C:\Users\m1027514\.m2\repository\org\seleniumhq\selenium\selenium-opera-driver\3.141.59\selenium-opera-driver-3.141.59.jar;C:\Users\m1027514\.m2\repository\org\seleniumhq\selenium\selenium-support\3.141.59\selenium-support-3.141.59.jar;C:\Users\m1027514\.m2\repository\com\paulhammant\ngwebdriver\1.1.4\ngwebdriver-1.1.4.jar;C:\Users\m1027514\.m2\repository\com\codeborne\phantomjsdriver\1.4.4\phantomjsdriver-1.4.4.jar;C:\Users\m1027514\.m2\repository\org\eclipse\jetty\jetty-util\9.4.8.v20171121\jetty-util-9.4.8.v20171121.jar;C:\Users\m1027514\.m2\repository\org\eclipse\jetty\jetty-io\9.4.8.v20171121\jetty-io-9.4.8.v20171121.jar;C:\Users\m1027514\.m2\repository\org\seleniumhq\selenium\htmlunit-driver\2.33.1\htmlunit-driver-2.33.1.jar;C:\Users\m1027514\.m2\repository\io\appium\java-client\6.1.0\java-client-6.1.0.jar;C:\Users\m1027514\.m2\repository\commons-validator\commons-validator\1.6\commons-validator-1.6.jar;C:\Users\m1027514\.m2\repository\commons-beanutils\commons-beanutils\1.9.2\commons-beanutils-1.9.2.jar;C:\Users\m1027514\.m2\repository\commons-digester\commons-digester\1.8.1\commons-digester-1.8.1.jar;C:\Users\m1027514\.m2\repository\org\springframework\spring-context\5.0.5.RELEASE\spring-context-5.0.5.RELEASE.jar;C:\Users\m1027514\.m2\repository\org\springframework\spring-aop\5.0.5.RELEASE\spring-aop-5.0.5.RELEASE.jar;C:\Users\m1027514\.m2\repository\org\springframework\spring-beans\5.0.5.RELEASE\spring-beans-5.0.5.RELEASE.jar;C:\Users\m1027514\.m2\repository\org\springframework\spring-core\5.0.5.RELEASE\spring-core-5.0.5.RELEASE.jar;C:\Users\m1027514\.m2\repository\org\springframework\spring-jcl\5.0.5.RELEASE\spring-jcl-5.0.5.RELEASE.jar;C:\Users\m1027514\.m2\repository\org\springframework\spring-expression\5.0.5.RELEASE\spring-expression-5.0.5.RELEASE.jar;C:\Users\m1027514\.m2\repository\org\aspectj\aspectjweaver\1.9.1\aspectjweaver-1.9.1.jar;C:\Users\m1027514\.m2\repository\org\openpnp\opencv\3.2.0-1\opencv-3.2.0-1.jar;C:\Users\m1027514\.m2\repository\org\glassfish\tyrus\tyrus-core\1.13.1\tyrus-core-1.13.1.jar;C:\Users\m1027514\.m2\repository\org\glassfish\tyrus\tyrus-spi\1.13.1\tyrus-spi-1.13.1.jar;C:\Users\m1027514\.m2\repository\javax\websocket\javax.websocket-api\1.1\javax.websocket-api-1.1.jar;C:\Users\m1027514\.m2\repository\net\sf\opencsv\opencsv\2.0\opencsv-2.0.jar;C:\Users\m1027514\.m2\repository\commons-beanutils\commons-beanutils-core\1.8.3\commons-beanutils-core-1.8.3.jar;C:\Users\m1027514\.m2\repository\joda-time\joda-time\2.7\joda-time-2.7.jar;C:\Users\m1027514\.m2\repository\com\thoughtworks\xstream\xstream\1.4.9\xstream-1.4.9.jar;C:\Users\m1027514\.m2\repository\xmlpull\xmlpull\1.1.3.1\xmlpull-1.1.3.1.jar;C:\Users\m1027514\.m2\repository\xpp3\xpp3_min\1.1.4c\xpp3_min-1.1.4c.jar;C:\Users\m1027514\.m2\repository\org\apache\commons\commons-lang3\3.8.1\commons-lang3-3.8.1.jar;C:\Users\m1027514\.m2\repository\commons-collections\commons-collections\3.2.2\commons-collections-3.2.2.jar;C:\Users\m1027514\.m2\repository\org\freemarker\freemarker\2.3.28\freemarker-2.3.28.jar;C:\Users\m1027514\.m2\repository\net\sourceforge\jexcelapi\jxl\2.6.12\jxl-2.6.12.jar;C:\Users\m1027514\.m2\repository\org\hamcrest\hamcrest-core\1.3\hamcrest-core-1.3.jar;C:\Users\m1027514\.m2\repository\org\hamcrest\hamcrest-library\1.3\hamcrest-library-1.3.jar;C:\Users\m1027514\.m2\repository\net\sourceforge\htmlunit\htmlunit\2.33\htmlunit-2.33.jar;C:\Users\m1027514\.m2\repository\net\sourceforge\htmlunit\htmlunit-core-js\2.33\htmlunit-core-js-2.33.jar;C:\Users\m1027514\.m2\repository\net\sourceforge\htmlunit\neko-htmlunit\2.33\neko-htmlunit-2.33.jar;C:\Users\m1027514\.m2\repository\xerces\xercesImpl\2.12.0\xercesImpl-2.12.0.jar;C:\Users\m1027514\.m2\repository\net\sourceforge\htmlunit\htmlunit-cssparser\1.2.0\htmlunit-cssparser-1.2.0.jar;C:\Users\m1027514\.m2\repository\org\eclipse\jetty\websocket\websocket-client\9.4.12.v20180830\websocket-client-9.4.12.v20180830.jar;C:\Users\m1027514\.m2\repository\org\eclipse\jetty\jetty-client\9.4.12.v20180830\jetty-client-9.4.12.v20180830.jar;C:\Users\m1027514\.m2\repository\org\eclipse\jetty\jetty-http\9.4.12.v20180830\jetty-http-9.4.12.v20180830.jar;C:\Users\m1027514\.m2\repository\org\eclipse\jetty\jetty-xml\9.4.12.v20180830\jetty-xml-9.4.12.v20180830.jar;C:\Users\m1027514\.m2\repository\org\eclipse\jetty\websocket\websocket-common\9.4.12.v20180830\websocket-common-9.4.12.v20180830.jar;C:\Users\m1027514\.m2\repository\org\eclipse\jetty\websocket\websocket-api\9.4.12.v20180830\websocket-api-9.4.12.v20180830.jar;C:\Users\m1027514\.m2\repository\org\apache\httpcomponents\httpclient\4.5.5\httpclient-4.5.5.jar;C:\Users\m1027514\.m2\repository\org\apache\httpcomponents\httpcore\4.4.9\httpcore-4.4.9.jar;C:\Users\m1027514\.m2\repository\org\apache\httpcomponents\httpmime\4.5.5\httpmime-4.5.5.jar;C:\Users\m1027514\.m2\repository\org\fluentlenium\fluentlenium-core\0.10.2\fluentlenium-core-0.10.2.jar;C:\Users\m1027514\.m2\repository\com\jhlabs\filters\2.0.235\filters-2.0.235.jar;C:\Users\m1027514\.m2\repository\org\asciidoctor\asciidoctorj\1.5.6\asciidoctorj-1.5.6.jar;C:\Users\m1027514\.m2\repository\org\jruby\jruby-complete\1.7.26\jruby-complete-1.7.26.jar;C:\Users\m1027514\.m2\repository\org\imgscalr\imgscalr-lib\4.2\imgscalr-lib-4.2.jar;C:\Users\m1027514\.m2\repository\javax\el\javax.el-api\2.2.4\javax.el-api-2.2.4.jar;C:\Users\m1027514\.m2\repository\org\glassfish\web\javax.el\2.2.4\javax.el-2.2.4.jar;C:\Users\m1027514\.m2\repository\xalan\xalan\2.7.2\xalan-2.7.2.jar;C:\Users\m1027514\.m2\repository\xalan\serializer\2.7.2\serializer-2.7.2.jar;C:\Users\m1027514\.m2\repository\org\awaitility\awaitility\3.1.0\awaitility-3.1.0.jar;C:\Users\m1027514\.m2\repository\com\typesafe\config\1.3.1\config-1.3.1.jar;C:\Users\m1027514\.m2\repository\org\jsoup\jsoup\1.10.3\jsoup-1.10.3.jar;C:\Users\m1027514\.m2\repository\com\google\jimfs\jimfs\1.1\jimfs-1.1.jar;C:\Users\m1027514\.m2\repository\es\nitaur\markdown\txtmark\0.16\txtmark-0.16.jar;C:\Users\m1027514\.m2\repository\com\vladsch\flexmark\flexmark-all\0.34.30\flexmark-all-0.34.30.jar;C:\Users\m1027514\.m2\repository\com\vladsch\flexmark\flexmark\0.34.30\flexmark-0.34.30.jar;C:\Users\m1027514\.m2\repository\com\vladsch\flexmark\flexmark-ext-abbreviation\0.34.30\flexmark-ext-abbreviation-0.34.30.jar;C:\Users\m1027514\.m2\repository\com\vladsch\flexmark\flexmark-ext-admonition\0.34.30\flexmark-ext-admonition-0.34.30.jar;C:\Users\m1027514\.m2\repository\com\vladsch\flexmark\flexmark-ext-anchorlink\0.34.30\flexmark-ext-anchorlink-0.34.30.jar;C:\Users\m1027514\.m2\repository\com\vladsch\flexmark\flexmark-ext-aside\0.34.30\flexmark-ext-aside-0.34.30.jar;C:\Users\m1027514\.m2\repository\com\vladsch\flexmark\flexmark-ext-attributes\0.34.30\flexmark-ext-attributes-0.34.30.jar;C:\Users\m1027514\.m2\repository\com\vladsch\flexmark\flexmark-ext-autolink\0.34.30\flexmark-ext-autolink-0.34.30.jar;C:\Users\m1027514\.m2\repository\org\nibor\autolink\autolink\0.6.0\autolink-0.6.0.jar;C:\Users\m1027514\.m2\repository\com\vladsch\flexmark\flexmark-ext-definition\0.34.30\flexmark-ext-definition-0.34.30.jar;C:\Users\m1027514\.m2\repository\com\vladsch\flexmark\flexmark-ext-emoji\0.34.30\flexmark-ext-emoji-0.34.30.jar;C:\Users\m1027514\.m2\repository\com\vladsch\flexmark\flexmark-ext-enumerated-reference\0.34.30\flexmark-ext-enumerated-reference-0.34.30.jar;C:\Users\m1027514\.m2\repository\com\vladsch\flexmark\flexmark-ext-escaped-character\0.34.30\flexmark-ext-escaped-character-0.34.30.jar;C:\Users\m1027514\.m2\repository\com\vladsch\flexmark\flexmark-ext-footnotes\0.34.30\flexmark-ext-footnotes-0.34.30.jar;C:\Users\m1027514\.m2\repository\com\vladsch\flexmark\flexmark-ext-gfm-issues\0.34.30\flexmark-ext-gfm-issues-0.34.30.jar;C:\Users\m1027514\.m2\repository\com\vladsch\flexmark\flexmark-ext-gfm-strikethrough\0.34.30\flexmark-ext-gfm-strikethrough-0.34.30.jar;C:\Users\m1027514\.m2\repository\com\vladsch\flexmark\flexmark-ext-gfm-tables\0.34.30\flexmark-ext-gfm-tables-0.34.30.jar;C:\Users\m1027514\.m2\repository\com\vladsch\flexmark\flexmark-ext-gfm-tasklist\0.34.30\flexmark-ext-gfm-tasklist-0.34.30.jar;C:\Users\m1027514\.m2\repository\com\vladsch\flexmark\flexmark-ext-gfm-users\0.34.30\flexmark-ext-gfm-users-0.34.30.jar;C:\Users\m1027514\.m2\repository\com\vladsch\flexmark\flexmark-ext-gitlab\0.34.30\flexmark-ext-gitlab-0.34.30.jar;C:\Users\m1027514\.m2\repository\com\vladsch\flexmark\flexmark-ext-jekyll-front-matter\0.34.30\flexmark-ext-jekyll-front-matter-0.34.30.jar;C:\Users\m1027514\.m2\repository\com\vladsch\flexmark\flexmark-ext-jekyll-tag\0.34.30\flexmark-ext-jekyll-tag-0.34.30.jar;C:\Users\m1027514\.m2\repository\com\vladsch\flexmark\flexmark-ext-media-tags\0.34.30\flexmark-ext-media-tags-0.34.30.jar;C:\Users\m1027514\.m2\repository\com\vladsch\flexmark\flexmark-test-util\0.34.30\flexmark-test-util-0.34.30.jar;C:\Users\m1027514\.m2\repository\com\vladsch\flexmark\flexmark-ext-ins\0.34.30\flexmark-ext-ins-0.34.30.jar;C:\Users\m1027514\.m2\repository\com\vladsch\flexmark\flexmark-ext-xwiki-macros\0.34.30\flexmark-ext-xwiki-macros-0.34.30.jar;C:\Users\m1027514\.m2\repository\com\vladsch\flexmark\flexmark-ext-superscript\0.34.30\flexmark-ext-superscript-0.34.30.jar;C:\Users\m1027514\.m2\repository\com\vladsch\flexmark\flexmark-ext-tables\0.34.30\flexmark-ext-tables-0.34.30.jar;C:\Users\m1027514\.m2\repository\com\vladsch\flexmark\flexmark-ext-toc\0.34.30\flexmark-ext-toc-0.34.30.jar;C:\Users\m1027514\.m2\repository\com\vladsch\flexmark\flexmark-ext-typographic\0.34.30\flexmark-ext-typographic-0.34.30.jar;C:\Users\m1027514\.m2\repository\com\vladsch\flexmark\flexmark-ext-wikilink\0.34.30\flexmark-ext-wikilink-0.34.30.jar;C:\Users\m1027514\.m2\repository\com\vladsch\flexmark\flexmark-ext-yaml-front-matter\0.34.30\flexmark-ext-yaml-front-matter-0.34.30.jar;C:\Users\m1027514\.m2\repository\com\vladsch\flexmark\flexmark-ext-youtube-embedded\0.34.30\flexmark-ext-youtube-embedded-0.34.30.jar;C:\Users\m1027514\.m2\repository\com\vladsch\flexmark\flexmark-formatter\0.34.30\flexmark-formatter-0.34.30.jar;C:\Users\m1027514\.m2\repository\com\vladsch\flexmark\flexmark-html-parser\0.34.30\flexmark-html-parser-0.34.30.jar;C:\Users\m1027514\.m2\repository\com\vladsch\flexmark\flexmark-jira-converter\0.34.30\flexmark-jira-converter-0.34.30.jar;C:\Users\m1027514\.m2\repository\com\vladsch\flexmark\flexmark-pdf-converter\0.34.30\flexmark-pdf-converter-0.34.30.jar;C:\Users\m1027514\.m2\repository\com\openhtmltopdf\openhtmltopdf-core\0.0.1-RC13\openhtmltopdf-core-0.0.1-RC13.jar;C:\Users\m1027514\.m2\repository\com\openhtmltopdf\openhtmltopdf-pdfbox\0.0.1-RC13\openhtmltopdf-pdfbox-0.0.1-RC13.jar;C:\Users\m1027514\.m2\repository\org\apache\pdfbox\pdfbox\2.0.8\pdfbox-2.0.8.jar;C:\Users\m1027514\.m2\repository\org\apache\pdfbox\fontbox\2.0.8\fontbox-2.0.8.jar;C:\Users\m1027514\.m2\repository\org\apache\pdfbox\xmpbox\2.0.8\xmpbox-2.0.8.jar;C:\Users\m1027514\.m2\repository\de\rototor\pdfbox\graphics2d\0.12\graphics2d-0.12.jar;C:\Users\m1027514\.m2\repository\com\openhtmltopdf\openhtmltopdf-rtl-support\0.0.1-RC13\openhtmltopdf-rtl-support-0.0.1-RC13.jar;C:\Users\m1027514\.m2\repository\com\ibm\icu\icu4j\59.1\icu4j-59.1.jar;C:\Users\m1027514\.m2\repository\com\openhtmltopdf\openhtmltopdf-jsoup-dom-converter\0.0.1-RC13\openhtmltopdf-jsoup-dom-converter-0.0.1-RC13.jar;C:\Users\m1027514\.m2\repository\com\vladsch\flexmark\flexmark-profile-pegdown\0.34.30\flexmark-profile-pegdown-0.34.30.jar;C:\Users\m1027514\.m2\repository\com\vladsch\flexmark\flexmark-util\0.34.30\flexmark-util-0.34.30.jar;C:\Users\m1027514\.m2\repository\com\vladsch\flexmark\flexmark-youtrack-converter\0.34.30\flexmark-youtrack-converter-0.34.30.jar;C:\Users\m1027514\.m2\repository\net\serenity-bdd\serenity-junit\2.0.40\serenity-junit-2.0.40.jar;C:\Users\m1027514\.m2\repository\net\serenity-bdd\serenity-screenplay\2.0.40\serenity-screenplay-2.0.40.jar;C:\Users\m1027514\.m2\repository\uk\com\robust-it\cloning\1.9.10\cloning-1.9.10.jar;C:\Users\m1027514\.m2\repository\net\serenity-bdd\serenity-screenplay-webdriver\2.0.40\serenity-screenplay-webdriver-2.0.40.jar;C:\Users\m1027514\.m2\repository\net\serenity-bdd\serenity-cucumber\1.9.31\serenity-cucumber-1.9.31.jar;C:\Users\m1027514\.m2\repository\io\cucumber\cucumber-java\2.4.0\cucumber-java-2.4.0.jar;C:\Users\m1027514\.m2\repository\io\cucumber\cucumber-junit\2.4.0\cucumber-junit-2.4.0.jar;C:\Users\m1027514\.m2\repository\org\apache\commons\commons-csv\1.5\commons-csv-1.5.jar;C:\Users\m1027514\.m2\repository\junit\junit\4.12\junit-4.12.jar;C:\Users\m1027514\.m2\repository\org\assertj\assertj-core\3.6.2\assertj-core-3.6.2.jar;C:\Users\m1027514\.m2\repository\org\hamcrest\hamcrest-all\1.3\hamcrest-all-1.3.jar;"/>
    <property name="java.vm.vendor" value="Oracle Corporation"/>
    <property name="sun.arch.data.model" value="64"/>
    <property name="user.variant" value=""/>
    <property name="java.vendor.url" value="http://java.oracle.com/"/>
    <property name="user.timezone" value="America/New_York"/>
    <property name="java.vm.specification.version" value="1.8"/>
    <property name="os.name" value="Windows 8.1"/>
    <property name="user.country" value="US"/>
    <property name="sun.java.launcher" value="SUN_STANDARD"/>
    <property name="sun.boot.library.path" value="C:\Program Files\Java\jdk1.8.0_111\jre\bin"/>
    <property name="sun.java.command" value="C:\Users\m1027514\AppData\Local\Temp\surefire791646418160303855\surefirebooter3821753028042350952.jar C:\Users\m1027514\AppData\Local\Temp\surefire791646418160303855 2019-04-08T13-45-21_798-jvmRun3 surefire3158690865241464068tmp surefire_04201534384144203475tmp"/>
    <property name="surefire.test.class.path" value="C:\MAIN\EclipseWork\StudentApp\target\test-classes;C:\MAIN\EclipseWork\StudentApp\target\StudentApp-0.0.1-SNAPSHOT.jar;C:\Users\m1027514\.m2\repository\ch\qos\logback\logback-classic\1.0.13\logback-classic-1.0.13.jar;C:\Users\m1027514\.m2\repository\ch\qos\logback\logback-core\1.0.13\logback-core-1.0.13.jar;C:\Users\m1027514\.m2\repository\org\slf4j\slf4j-api\1.7.5\slf4j-api-1.7.5.jar;C:\Users\m1027514\.m2\repository\net\serenity-bdd\serenity-rest-assured\2.0.40\serenity-rest-assured-2.0.40.jar;C:\Users\m1027514\.m2\repository\net\bytebuddy\byte-buddy\1.9.6\byte-buddy-1.9.6.jar;C:\Users\m1027514\.m2\repository\net\bytebuddy\byte-buddy-agent\1.9.6\byte-buddy-agent-1.9.6.jar;C:\Users\m1027514\.m2\repository\com\google\guava\guava\25.0-jre\guava-25.0-jre.jar;C:\Users\m1027514\.m2\repository\com\google\code\findbugs\jsr305\1.3.9\jsr305-1.3.9.jar;C:\Users\m1027514\.m2\repository\org\checkerframework\checker-compat-qual\2.0.0\checker-compat-qual-2.0.0.jar;C:\Users\m1027514\.m2\repository\com\google\errorprone\error_prone_annotations\2.1.3\error_prone_annotations-2.1.3.jar;C:\Users\m1027514\.m2\repository\com\google\j2objc\j2objc-annotations\1.1\j2objc-annotations-1.1.jar;C:\Users\m1027514\.m2\repository\org\codehaus\mojo\animal-sniffer-annotations\1.14\animal-sniffer-annotations-1.14.jar;C:\Users\m1027514\.m2\repository\com\google\inject\guice\4.2.2\guice-4.2.2.jar;C:\Users\m1027514\.m2\repository\javax\inject\javax.inject\1\javax.inject-1.jar;C:\Users\m1027514\.m2\repository\aopalliance\aopalliance\1.0\aopalliance-1.0.jar;C:\Users\m1027514\.m2\repository\cglib\cglib\3.2.5\cglib-3.2.5.jar;C:\Users\m1027514\.m2\repository\org\ow2\asm\asm\5.0.3\asm-5.0.3.jar;C:\Users\m1027514\.m2\repository\commons-codec\commons-codec\1.10\commons-codec-1.10.jar;C:\Users\m1027514\.m2\repository\org\objenesis\objenesis\2.6\objenesis-2.6.jar;C:\Users\m1027514\.m2\repository\xml-apis\xml-apis\1.4.01\xml-apis-1.4.01.jar;C:\Users\m1027514\.m2\repository\io\cucumber\cucumber-core\2.4.0\cucumber-core-2.4.0.jar;C:\Users\m1027514\.m2\repository\info\cukes\cucumber-html\0.2.6\cucumber-html-0.2.6.jar;C:\Users\m1027514\.m2\repository\io\cucumber\cucumber-jvm-deps\1.0.6\cucumber-jvm-deps-1.0.6.jar;C:\Users\m1027514\.m2\repository\io\cucumber\gherkin\5.0.0\gherkin-5.0.0.jar;C:\Users\m1027514\.m2\repository\io\cucumber\tag-expressions\1.1.1\tag-expressions-1.1.1.jar;C:\Users\m1027514\.m2\repository\commons-logging\commons-logging\1.2\commons-logging-1.2.jar;C:\Users\m1027514\.m2\repository\io\vavr\vavr\0.9.0\vavr-0.9.0.jar;C:\Users\m1027514\.m2\repository\io\vavr\vavr-match\0.9.0\vavr-match-0.9.0.jar;C:\Users\m1027514\.m2\repository\javax\xml\bind\jaxb-api\2.2.12\jaxb-api-2.2.12.jar;C:\Users\m1027514\.m2\repository\com\sun\xml\bind\jaxb-core\2.3.0.1\jaxb-core-2.3.0.1.jar;C:\Users\m1027514\.m2\repository\com\sun\xml\bind\jaxb-impl\2.3.0.1\jaxb-impl-2.3.0.1.jar;C:\Users\m1027514\.m2\repository\javax\activation\activation\1.1.1\activation-1.1.1.jar;C:\Users\m1027514\.m2\repository\org\mockito\mockito-core\2.23.4\mockito-core-2.23.4.jar;C:\Users\m1027514\.m2\repository\io\rest-assured\rest-assured\3.3.0\rest-assured-3.3.0.jar;C:\Users\m1027514\.m2\repository\org\ccil\cowan\tagsoup\tagsoup\1.2.1\tagsoup-1.2.1.jar;C:\Users\m1027514\.m2\repository\io\rest-assured\json-path\3.3.0\json-path-3.3.0.jar;C:\Users\m1027514\.m2\repository\io\rest-assured\rest-assured-common\3.3.0\rest-assured-common-3.3.0.jar;C:\Users\m1027514\.m2\repository\io\rest-assured\xml-path\3.3.0\xml-path-3.3.0.jar;C:\Users\m1027514\.m2\repository\com\sun\xml\bind\jaxb-osgi\2.2.10\jaxb-osgi-2.2.10.jar;C:\Users\m1027514\.m2\repository\org\apache\sling\org.apache.sling.javax.activation\0.1.0\org.apache.sling.javax.activation-0.1.0.jar;C:\Users\m1027514\.m2\repository\org\codehaus\groovy\groovy\2.5.5\groovy-2.5.5.jar;C:\Users\m1027514\.m2\repository\org\codehaus\groovy\groovy-xml\2.5.5\groovy-xml-2.5.5.jar;C:\Users\m1027514\.m2\repository\org\codehaus\groovy\groovy-json\2.5.5\groovy-json-2.5.5.jar;C:\Users\m1027514\.m2\repository\net\serenity-bdd\serenity-core\2.0.40\serenity-core-2.0.40.jar;C:\Users\m1027514\.m2\repository\net\serenity-bdd\serenity-report-resources\2.0.40\serenity-report-resources-2.0.40.jar;C:\Users\m1027514\.m2\repository\net\serenity-bdd\serenity-model\2.0.40\serenity-model-2.0.40.jar;C:\Users\m1027514\.m2\repository\commons-net\commons-net\3.6\commons-net-3.6.jar;C:\Users\m1027514\.m2\repository\org\apache\commons\commons-text\1.6\commons-text-1.6.jar;C:\Users\m1027514\.m2\repository\net\serenity-bdd\serenity-reports\2.0.40\serenity-reports-2.0.40.jar;C:\Users\m1027514\.m2\repository\net\serenity-bdd\serenity-stats\2.0.40\serenity-stats-2.0.40.jar;C:\Users\m1027514\.m2\repository\org\jetbrains\kotlin\kotlin-stdlib\1.2.51\kotlin-stdlib-1.2.51.jar;C:\Users\m1027514\.m2\repository\org\jetbrains\kotlin\kotlin-stdlib-common\1.2.51\kotlin-stdlib-common-1.2.51.jar;C:\Users\m1027514\.m2\repository\org\jetbrains\annotations\13.0\annotations-13.0.jar;C:\Users\m1027514\.m2\repository\com\google\code\gson\gson\2.8.4\gson-2.8.4.jar;C:\Users\m1027514\.m2\repository\commons-io\commons-io\2.6\commons-io-2.6.jar;C:\Users\m1027514\.m2\repository\org\seleniumhq\selenium\selenium-server\3.141.59\selenium-server-3.141.59.jar;C:\Users\m1027514\.m2\repository\org\seleniumhq\selenium\selenium-firefox-driver\3.141.59\selenium-firefox-driver-3.141.59.jar;C:\Users\m1027514\.m2\repository\org\seleniumhq\selenium\selenium-ie-driver\3.141.59\selenium-ie-driver-3.141.59.jar;C:\Users\m1027514\.m2\repository\com\beust\jcommander\1.72\jcommander-1.72.jar;C:\Users\m1027514\.m2\repository\org\apache\commons\commons-exec\1.3\commons-exec-1.3.jar;C:\Users\m1027514\.m2\repository\net\jcip\jcip-annotations\1.0\jcip-annotations-1.0.jar;C:\Users\m1027514\.m2\repository\org\seleniumhq\selenium\jetty-repacked\9.4.12.v20180830\jetty-repacked-9.4.12.v20180830.jar;C:\Users\m1027514\.m2\repository\com\squareup\okhttp3\okhttp\3.11.0\okhttp-3.11.0.jar;C:\Users\m1027514\.m2\repository\com\squareup\okio\okio\1.14.0\okio-1.14.0.jar;C:\Users\m1027514\.m2\repository\javax\servlet\javax.servlet-api\3.1.0\javax.servlet-api-3.1.0.jar;C:\Users\m1027514\.m2\repository\org\yaml\snakeyaml\1.19\snakeyaml-1.19.jar;C:\Users\m1027514\.m2\repository\org\seleniumhq\selenium\selenium-java\3.141.59\selenium-java-3.141.59.jar;C:\Users\m1027514\.m2\repository\org\seleniumhq\selenium\selenium-api\3.141.59\selenium-api-3.141.59.jar;C:\Users\m1027514\.m2\repository\org\seleniumhq\selenium\selenium-chrome-driver\3.141.59\selenium-chrome-driver-3.141.59.jar;C:\Users\m1027514\.m2\repository\org\seleniumhq\selenium\selenium-edge-driver\3.141.59\selenium-edge-driver-3.141.59.jar;C:\Users\m1027514\.m2\repository\org\seleniumhq\selenium\selenium-remote-driver\3.141.59\selenium-remote-driver-3.141.59.jar;C:\Users\m1027514\.m2\repository\org\seleniumhq\selenium\selenium-safari-driver\3.141.59\selenium-safari-driver-3.141.59.jar;C:\Users\m1027514\.m2\repository\org\seleniumhq\selenium\selenium-opera-driver\3.141.59\selenium-opera-driver-3.141.59.jar;C:\Users\m1027514\.m2\repository\org\seleniumhq\selenium\selenium-support\3.141.59\selenium-support-3.141.59.jar;C:\Users\m1027514\.m2\repository\com\paulhammant\ngwebdriver\1.1.4\ngwebdriver-1.1.4.jar;C:\Users\m1027514\.m2\repository\com\codeborne\phantomjsdriver\1.4.4\phantomjsdriver-1.4.4.jar;C:\Users\m1027514\.m2\repository\org\eclipse\jetty\jetty-util\9.4.8.v20171121\jetty-util-9.4.8.v20171121.jar;C:\Users\m1027514\.m2\repository\org\eclipse\jetty\jetty-io\9.4.8.v20171121\jetty-io-9.4.8.v20171121.jar;C:\Users\m1027514\.m2\repository\org\seleniumhq\selenium\htmlunit-driver\2.33.1\htmlunit-driver-2.33.1.jar;C:\Users\m1027514\.m2\repository\io\appium\java-client\6.1.0\java-client-6.1.0.jar;C:\Users\m1027514\.m2\repository\commons-validator\commons-validator\1.6\commons-validator-1.6.jar;C:\Users\m1027514\.m2\repository\commons-beanutils\commons-beanutils\1.9.2\commons-beanutils-1.9.2.jar;C:\Users\m1027514\.m2\repository\commons-digester\commons-digester\1.8.1\commons-digester-1.8.1.jar;C:\Users\m1027514\.m2\repository\org\springframework\spring-context\5.0.5.RELEASE\spring-context-5.0.5.RELEASE.jar;C:\Users\m1027514\.m2\repository\org\springframework\spring-aop\5.0.5.RELEASE\spring-aop-5.0.5.RELEASE.jar;C:\Users\m1027514\.m2\repository\org\springframework\spring-beans\5.0.5.RELEASE\spring-beans-5.0.5.RELEASE.jar;C:\Users\m1027514\.m2\repository\org\springframework\spring-core\5.0.5.RELEASE\spring-core-5.0.5.RELEASE.jar;C:\Users\m1027514\.m2\repository\org\springframework\spring-jcl\5.0.5.RELEASE\spring-jcl-5.0.5.RELEASE.jar;C:\Users\m1027514\.m2\repository\org\springframework\spring-expression\5.0.5.RELEASE\spring-expression-5.0.5.RELEASE.jar;C:\Users\m1027514\.m2\repository\org\aspectj\aspectjweaver\1.9.1\aspectjweaver-1.9.1.jar;C:\Users\m1027514\.m2\repository\org\openpnp\opencv\3.2.0-1\opencv-3.2.0-1.jar;C:\Users\m1027514\.m2\repository\org\glassfish\tyrus\tyrus-core\1.13.1\tyrus-core-1.13.1.jar;C:\Users\m1027514\.m2\repository\org\glassfish\tyrus\tyrus-spi\1.13.1\tyrus-spi-1.13.1.jar;C:\Users\m1027514\.m2\repository\javax\websocket\javax.websocket-api\1.1\javax.websocket-api-1.1.jar;C:\Users\m1027514\.m2\repository\net\sf\opencsv\opencsv\2.0\opencsv-2.0.jar;C:\Users\m1027514\.m2\repository\commons-beanutils\commons-beanutils-core\1.8.3\commons-beanutils-core-1.8.3.jar;C:\Users\m1027514\.m2\repository\joda-time\joda-time\2.7\joda-time-2.7.jar;C:\Users\m1027514\.m2\repository\com\thoughtworks\xstream\xstream\1.4.9\xstream-1.4.9.jar;C:\Users\m1027514\.m2\repository\xmlpull\xmlpull\1.1.3.1\xmlpull-1.1.3.1.jar;C:\Users\m1027514\.m2\repository\xpp3\xpp3_min\1.1.4c\xpp3_min-1.1.4c.jar;C:\Users\m1027514\.m2\repository\org\apache\commons\commons-lang3\3.8.1\commons-lang3-3.8.1.jar;C:\Users\m1027514\.m2\repository\commons-collections\commons-collections\3.2.2\commons-collections-3.2.2.jar;C:\Users\m1027514\.m2\repository\org\freemarker\freemarker\2.3.28\freemarker-2.3.28.jar;C:\Users\m1027514\.m2\repository\net\sourceforge\jexcelapi\jxl\2.6.12\jxl-2.6.12.jar;C:\Users\m1027514\.m2\repository\org\hamcrest\hamcrest-core\1.3\hamcrest-core-1.3.jar;C:\Users\m1027514\.m2\repository\org\hamcrest\hamcrest-library\1.3\hamcrest-library-1.3.jar;C:\Users\m1027514\.m2\repository\net\sourceforge\htmlunit\htmlunit\2.33\htmlunit-2.33.jar;C:\Users\m1027514\.m2\repository\net\sourceforge\htmlunit\htmlunit-core-js\2.33\htmlunit-core-js-2.33.jar;C:\Users\m1027514\.m2\repository\net\sourceforge\htmlunit\neko-htmlunit\2.33\neko-htmlunit-2.33.jar;C:\Users\m1027514\.m2\repository\xerces\xercesImpl\2.12.0\xercesImpl-2.12.0.jar;C:\Users\m1027514\.m2\repository\net\sourceforge\htmlunit\htmlunit-cssparser\1.2.0\htmlunit-cssparser-1.2.0.jar;C:\Users\m1027514\.m2\repository\org\eclipse\jetty\websocket\websocket-client\9.4.12.v20180830\websocket-client-9.4.12.v20180830.jar;C:\Users\m1027514\.m2\repository\org\eclipse\jetty\jetty-client\9.4.12.v20180830\jetty-client-9.4.12.v20180830.jar;C:\Users\m1027514\.m2\repository\org\eclipse\jetty\jetty-http\9.4.12.v20180830\jetty-http-9.4.12.v20180830.jar;C:\Users\m1027514\.m2\repository\org\eclipse\jetty\jetty-xml\9.4.12.v20180830\jetty-xml-9.4.12.v20180830.jar;C:\Users\m1027514\.m2\repository\org\eclipse\jetty\websocket\websocket-common\9.4.12.v20180830\websocket-common-9.4.12.v20180830.jar;C:\Users\m1027514\.m2\repository\org\eclipse\jetty\websocket\websocket-api\9.4.12.v20180830\websocket-api-9.4.12.v20180830.jar;C:\Users\m1027514\.m2\repository\org\apache\httpcomponents\httpclient\4.5.5\httpclient-4.5.5.jar;C:\Users\m1027514\.m2\repository\org\apache\httpcomponents\httpcore\4.4.9\httpcore-4.4.9.jar;C:\Users\m1027514\.m2\repository\org\apache\httpcomponents\httpmime\4.5.5\httpmime-4.5.5.jar;C:\Users\m1027514\.m2\repository\org\fluentlenium\fluentlenium-core\0.10.2\fluentlenium-core-0.10.2.jar;C:\Users\m1027514\.m2\repository\com\jhlabs\filters\2.0.235\filters-2.0.235.jar;C:\Users\m1027514\.m2\repository\org\asciidoctor\asciidoctorj\1.5.6\asciidoctorj-1.5.6.jar;C:\Users\m1027514\.m2\repository\org\jruby\jruby-complete\1.7.26\jruby-complete-1.7.26.jar;C:\Users\m1027514\.m2\repository\org\imgscalr\imgscalr-lib\4.2\imgscalr-lib-4.2.jar;C:\Users\m1027514\.m2\repository\javax\el\javax.el-api\2.2.4\javax.el-api-2.2.4.jar;C:\Users\m1027514\.m2\repository\org\glassfish\web\javax.el\2.2.4\javax.el-2.2.4.jar;C:\Users\m1027514\.m2\repository\xalan\xalan\2.7.2\xalan-2.7.2.jar;C:\Users\m1027514\.m2\repository\xalan\serializer\2.7.2\serializer-2.7.2.jar;C:\Users\m1027514\.m2\repository\org\awaitility\awaitility\3.1.0\awaitility-3.1.0.jar;C:\Users\m1027514\.m2\repository\com\typesafe\config\1.3.1\config-1.3.1.jar;C:\Users\m1027514\.m2\repository\org\jsoup\jsoup\1.10.3\jsoup-1.10.3.jar;C:\Users\m1027514\.m2\repository\com\google\jimfs\jimfs\1.1\jimfs-1.1.jar;C:\Users\m1027514\.m2\repository\es\nitaur\markdown\txtmark\0.16\txtmark-0.16.jar;C:\Users\m1027514\.m2\repository\com\vladsch\flexmark\flexmark-all\0.34.30\flexmark-all-0.34.30.jar;C:\Users\m1027514\.m2\repository\com\vladsch\flexmark\flexmark\0.34.30\flexmark-0.34.30.jar;C:\Users\m1027514\.m2\repository\com\vladsch\flexmark\flexmark-ext-abbreviation\0.34.30\flexmark-ext-abbreviation-0.34.30.jar;C:\Users\m1027514\.m2\repository\com\vladsch\flexmark\flexmark-ext-admonition\0.34.30\flexmark-ext-admonition-0.34.30.jar;C:\Users\m1027514\.m2\repository\com\vladsch\flexmark\flexmark-ext-anchorlink\0.34.30\flexmark-ext-anchorlink-0.34.30.jar;C:\Users\m1027514\.m2\repository\com\vladsch\flexmark\flexmark-ext-aside\0.34.30\flexmark-ext-aside-0.34.30.jar;C:\Users\m1027514\.m2\repository\com\vladsch\flexmark\flexmark-ext-attributes\0.34.30\flexmark-ext-attributes-0.34.30.jar;C:\Users\m1027514\.m2\repository\com\vladsch\flexmark\flexmark-ext-autolink\0.34.30\flexmark-ext-autolink-0.34.30.jar;C:\Users\m1027514\.m2\repository\org\nibor\autolink\autolink\0.6.0\autolink-0.6.0.jar;C:\Users\m1027514\.m2\repository\com\vladsch\flexmark\flexmark-ext-definition\0.34.30\flexmark-ext-definition-0.34.30.jar;C:\Users\m1027514\.m2\repository\com\vladsch\flexmark\flexmark-ext-emoji\0.34.30\flexmark-ext-emoji-0.34.30.jar;C:\Users\m1027514\.m2\repository\com\vladsch\flexmark\flexmark-ext-enumerated-reference\0.34.30\flexmark-ext-enumerated-reference-0.34.30.jar;C:\Users\m1027514\.m2\repository\com\vladsch\flexmark\flexmark-ext-escaped-character\0.34.30\flexmark-ext-escaped-character-0.34.30.jar;C:\Users\m1027514\.m2\repository\com\vladsch\flexmark\flexmark-ext-footnotes\0.34.30\flexmark-ext-footnotes-0.34.30.jar;C:\Users\m1027514\.m2\repository\com\vladsch\flexmark\flexmark-ext-gfm-issues\0.34.30\flexmark-ext-gfm-issues-0.34.30.jar;C:\Users\m1027514\.m2\repository\com\vladsch\flexmark\flexmark-ext-gfm-strikethrough\0.34.30\flexmark-ext-gfm-strikethrough-0.34.30.jar;C:\Users\m1027514\.m2\repository\com\vladsch\flexmark\flexmark-ext-gfm-tables\0.34.30\flexmark-ext-gfm-tables-0.34.30.jar;C:\Users\m1027514\.m2\repository\com\vladsch\flexmark\flexmark-ext-gfm-tasklist\0.34.30\flexmark-ext-gfm-tasklist-0.34.30.jar;C:\Users\m1027514\.m2\repository\com\vladsch\flexmark\flexmark-ext-gfm-users\0.34.30\flexmark-ext-gfm-users-0.34.30.jar;C:\Users\m1027514\.m2\repository\com\vladsch\flexmark\flexmark-ext-gitlab\0.34.30\flexmark-ext-gitlab-0.34.30.jar;C:\Users\m1027514\.m2\repository\com\vladsch\flexmark\flexmark-ext-jekyll-front-matter\0.34.30\flexmark-ext-jekyll-front-matter-0.34.30.jar;C:\Users\m1027514\.m2\repository\com\vladsch\flexmark\flexmark-ext-jekyll-tag\0.34.30\flexmark-ext-jekyll-tag-0.34.30.jar;C:\Users\m1027514\.m2\repository\com\vladsch\flexmark\flexmark-ext-media-tags\0.34.30\flexmark-ext-media-tags-0.34.30.jar;C:\Users\m1027514\.m2\repository\com\vladsch\flexmark\flexmark-test-util\0.34.30\flexmark-test-util-0.34.30.jar;C:\Users\m1027514\.m2\repository\com\vladsch\flexmark\flexmark-ext-ins\0.34.30\flexmark-ext-ins-0.34.30.jar;C:\Users\m1027514\.m2\repository\com\vladsch\flexmark\flexmark-ext-xwiki-macros\0.34.30\flexmark-ext-xwiki-macros-0.34.30.jar;C:\Users\m1027514\.m2\repository\com\vladsch\flexmark\flexmark-ext-superscript\0.34.30\flexmark-ext-superscript-0.34.30.jar;C:\Users\m1027514\.m2\repository\com\vladsch\flexmark\flexmark-ext-tables\0.34.30\flexmark-ext-tables-0.34.30.jar;C:\Users\m1027514\.m2\repository\com\vladsch\flexmark\flexmark-ext-toc\0.34.30\flexmark-ext-toc-0.34.30.jar;C:\Users\m1027514\.m2\repository\com\vladsch\flexmark\flexmark-ext-typographic\0.34.30\flexmark-ext-typographic-0.34.30.jar;C:\Users\m1027514\.m2\repository\com\vladsch\flexmark\flexmark-ext-wikilink\0.34.30\flexmark-ext-wikilink-0.34.30.jar;C:\Users\m1027514\.m2\repository\com\vladsch\flexmark\flexmark-ext-yaml-front-matter\0.34.30\flexmark-ext-yaml-front-matter-0.34.30.jar;C:\Users\m1027514\.m2\repository\com\vladsch\flexmark\flexmark-ext-youtube-embedded\0.34.30\flexmark-ext-youtube-embedded-0.34.30.jar;C:\Users\m1027514\.m2\repository\com\vladsch\flexmark\flexmark-formatter\0.34.30\flexmark-formatter-0.34.30.jar;C:\Users\m1027514\.m2\repository\com\vladsch\flexmark\flexmark-html-parser\0.34.30\flexmark-html-parser-0.34.30.jar;C:\Users\m1027514\.m2\repository\com\vladsch\flexmark\flexmark-jira-converter\0.34.30\flexmark-jira-converter-0.34.30.jar;C:\Users\m1027514\.m2\repository\com\vladsch\flexmark\flexmark-pdf-converter\0.34.30\flexmark-pdf-converter-0.34.30.jar;C:\Users\m1027514\.m2\repository\com\openhtmltopdf\openhtmltopdf-core\0.0.1-RC13\openhtmltopdf-core-0.0.1-RC13.jar;C:\Users\m1027514\.m2\repository\com\openhtmltopdf\openhtmltopdf-pdfbox\0.0.1-RC13\openhtmltopdf-pdfbox-0.0.1-RC13.jar;C:\Users\m1027514\.m2\repository\org\apache\pdfbox\pdfbox\2.0.8\pdfbox-2.0.8.jar;C:\Users\m1027514\.m2\repository\org\apache\pdfbox\fontbox\2.0.8\fontbox-2.0.8.jar;C:\Users\m1027514\.m2\repository\org\apache\pdfbox\xmpbox\2.0.8\xmpbox-2.0.8.jar;C:\Users\m1027514\.m2\repository\de\rototor\pdfbox\graphics2d\0.12\graphics2d-0.12.jar;C:\Users\m1027514\.m2\repository\com\openhtmltopdf\openhtmltopdf-rtl-support\0.0.1-RC13\openhtmltopdf-rtl-support-0.0.1-RC13.jar;C:\Users\m1027514\.m2\repository\com\ibm\icu\icu4j\59.1\icu4j-59.1.jar;C:\Users\m1027514\.m2\repository\com\openhtmltopdf\openhtmltopdf-jsoup-dom-converter\0.0.1-RC13\openhtmltopdf-jsoup-dom-converter-0.0.1-RC13.jar;C:\Users\m1027514\.m2\repository\com\vladsch\flexmark\flexmark-profile-pegdown\0.34.30\flexmark-profile-pegdown-0.34.30.jar;C:\Users\m1027514\.m2\repository\com\vladsch\flexmark\flexmark-util\0.34.30\flexmark-util-0.34.30.jar;C:\Users\m1027514\.m2\repository\com\vladsch\flexmark\flexmark-youtrack-converter\0.34.30\flexmark-youtrack-converter-0.34.30.jar;C:\Users\m1027514\.m2\repository\net\serenity-bdd\serenity-junit\2.0.40\serenity-junit-2.0.40.jar;C:\Users\m1027514\.m2\repository\net\serenity-bdd\serenity-screenplay\2.0.40\serenity-screenplay-2.0.40.jar;C:\Users\m1027514\.m2\repository\uk\com\robust-it\cloning\1.9.10\cloning-1.9.10.jar;C:\Users\m1027514\.m2\repository\net\serenity-bdd\serenity-screenplay-webdriver\2.0.40\serenity-screenplay-webdriver-2.0.40.jar;C:\Users\m1027514\.m2\repository\net\serenity-bdd\serenity-cucumber\1.9.31\serenity-cucumber-1.9.31.jar;C:\Users\m1027514\.m2\repository\io\cucumber\cucumber-java\2.4.0\cucumber-java-2.4.0.jar;C:\Users\m1027514\.m2\repository\io\cucumber\cucumber-junit\2.4.0\cucumber-junit-2.4.0.jar;C:\Users\m1027514\.m2\repository\org\apache\commons\commons-csv\1.5\commons-csv-1.5.jar;C:\Users\m1027514\.m2\repository\junit\junit\4.12\junit-4.12.jar;C:\Users\m1027514\.m2\repository\org\assertj\assertj-core\3.6.2\assertj-core-3.6.2.jar;C:\Users\m1027514\.m2\repository\org\hamcrest\hamcrest-all\1.3\hamcrest-all-1.3.jar;"/>
    <property name="sun.cpu.endian" value="little"/>
    <property name="user.home" value="C:\Users\m1027514"/>
    <property name="user.language" value="en"/>
    <property name="java.specification.vendor" value="Oracle Corporation"/>
    <property name="java.home" value="C:\Program Files\Java\jdk1.8.0_111\jre"/>
    <property name="tags" value="studentfeature:NEGATIVE,studentfeature:SMOKE"/>
    <property name="basedir" value="C:\MAIN\EclipseWork\StudentApp"/>
    <property name="file.separator" value="\"/>
    <property name="line.separator" value="&#10;"/>
    <property name="java.vm.specification.vendor" value="Oracle Corporation"/>
    <property name="java.specification.name" value="Java Platform API Specification"/>
    <property name="java.awt.graphicsenv" value="sun.awt.Win32GraphicsEnvironment"/>
    <property name="surefire.real.class.path" value="C:\Users\m1027514\AppData\Local\Temp\surefire791646418160303855\surefirebooter3821753028042350952.jar"/>
    <property name="sun.boot.class.path" value="C:\Program Files\Java\jdk1.8.0_111\jre\lib\resources.jar;C:\Program Files\Java\jdk1.8.0_111\jre\lib\rt.jar;C:\Program Files\Java\jdk1.8.0_111\jre\lib\sunrsasign.jar;C:\Program Files\Java\jdk1.8.0_111\jre\lib\jsse.jar;C:\Program Files\Java\jdk1.8.0_111\jre\lib\jce.jar;C:\Program Files\Java\jdk1.8.0_111\jre\lib\charsets.jar;C:\Program Files\Java\jdk1.8.0_111\jre\lib\jfr.jar;C:\Program Files\Java\jdk1.8.0_111\jre\classes"/>
    <property name="user.script" value=""/>
    <property name="sun.management.compiler" value="HotSpot 64-Bit Tiered Compilers"/>
    <property name="java.runtime.version" value="1.8.0_111-b14"/>
    <property name="user.name" value="M1027514"/>
    <property name="path.separator" value=";"/>
    <property name="os.version" value="6.3"/>
    <property name="java.endorsed.dirs" value="C:\Program Files\Java\jdk1.8.0_111\jre\lib\endorsed"/>
    <property name="java.runtime.name" value="Java(TM) SE Runtime Environment"/>
    <property name="file.encoding" value="Cp1252"/>
    <property name="webdriver.base.url" value=""/>
    <property name="java.vm.name" value="Java HotSpot(TM) 64-Bit Server VM"/>
    <property name="localRepository" value="C:\Users\m1027514\.m2\repository"/>
    <property name="java.vendor.url.bug" value="http://bugreport.sun.com/bugreport/"/>
    <property name="java.io.tmpdir" value="C:\Users\m1027514\AppData\Local\Temp\"/>
    <property name="java.version" value="1.8.0_111"/>
    <property name="user.dir" value="C:\MAIN\EclipseWork\StudentApp"/>
    <property name="os.arch" value="amd64"/>
    <property name="java.vm.specification.name" value="Java Virtual Machine Specification"/>
    <property name="java.awt.printerjob" value="sun.awt.windows.WPrinterJob"/>
    <property name="sun.os.patch.level" value=""/>
    <property name="java.library.path" value="C:\Program Files\Java\jdk1.8.0_111\jre\bin;C:\WINDOWS\Sun\Java\bin;C:\WINDOWS\system32;C:\WINDOWS;C:/Program Files/Java/jre1.8.0_111/bin/server;C:/Program Files/Java/jre1.8.0_111/bin;C:/Program Files/Java/jre1.8.0_111/lib/amd64;C:\Program Files\Common Files\Microsoft Shared\Microsoft Online Services;C:\Program Files (x86)\Common Files\Microsoft Shared\Microsoft Online Services;C:\ProgramData\Oracle\Java\javapath;C:\Program Files (x86)\Intel\iCLS Client\;C:\Program Files\Intel\iCLS Client\;C:\WINDOWS\system32;C:\WINDOWS;C:\WINDOWS\System32\Wbem;C:\WINDOWS\System32\WindowsPowerShell\v1.0\;C:\Program Files (x86)\Intel\OpenCL SDK\3.0\bin\x86;C:\Program Files (x86)\Intel\OpenCL SDK\3.0\bin\x64;C:\Program Files\Intel\WiFi\bin\;C:\Program Files\Common Files\Intel\WirelessCommon\;C:\Program Files\Microsoft SQL Server\120\Tools\Binn\;C:\Program Files\Microsoft SQL Server\Client SDK\ODBC\110\Tools\Binn\;C:\Program Files (x86)\Microsoft SQL Server\120\Tools\Binn\;C:\Program Files\Microsoft SQL Server\120\DTS\Binn\;C:\Program Files (x86)\Microsoft SQL Server\120\Tools\Binn\ManagementStudio\;C:\Program Files (x86)\Microsoft SQL Server\120\DTS\Binn\;C:\Program Files\Microsoft SQL Server\130\Tools\Binn\;C:\Program Files\Microsoft\Web Platform Installer\;C:\Program Files\Microsoft SQL Server\Client SDK\ODBC\130\Tools\Binn\;C:\Program Files (x86)\Microsoft SQL Server\130\Tools\Binn\;C:\Program Files\Microsoft SQL Server\130\DTS\Binn\;C:\Program Files\dotnet\;C:\Program Files\nodejs\;C:\Program Files\curl;C:\Program Files\Java\jdk1.8.0_111\bin;C:\Program Files\apache-maven-3.6.0\bin;C:\MAIN\Install Files\eclipse-java-2018-12-R-win32-x86_64\eclipse;;."/>
    <property name="java.vm.info" value="mixed mode"/>
    <property name="java.vendor" value="Oracle Corporation"/>
    <property name="java.vm.version" value="25.111-b14"/>
    <property name="java.ext.dirs" value="C:\Program Files\Java\jdk1.8.0_111\jre\lib\ext;C:\WINDOWS\Sun\Java\lib\ext"/>
    <property name="sun.io.unicode.encoding" value="UnicodeLittle"/>
    <property name="java.class.version" value="52.0"/>
  </properties>
</testsuite>