<?xml version="1.0" encoding="UTF-8"?>
<testsuite xmlns:xsi="http://www.w3.org/2001/XMLSchema-instance" xsi:noNamespaceSchemaLocation="https://maven.apache.org/surefire/maven-failsafe-plugin/xsd/failsafe-test-report.xsd" name="com.studentapp.junit.CreateStudentsDataDrivenTest" time="64.751" tests="100" errors="0" skipped="0" failures="100">
  <properties>
    <property name="sun.desktop" value="windows"/>
    <property name="awt.toolkit" value="sun.awt.windows.WToolkit"/>
    <property name="file.encoding.pkg" value="sun.io"/>
    <property name="java.specification.version" value="1.8"/>
    <property name="sun.cpu.isalist" value="amd64"/>
    <property name="sun.jnu.encoding" value="Cp1252"/>
    <property name="java.class.path" value="C:\Users\m1027514\Desktop\SerenityTestProject\StudentApp\target\test-classes;C:\Users\m1027514\Desktop\SerenityTestProject\StudentApp\target\StudentApp-0.0.1-SNAPSHOT.jar;C:\Users\m1027514\.m2\repository\ch\qos\logback\logback-classic\1.0.13\logback-classic-1.0.13.jar;C:\Users\m1027514\.m2\repository\ch\qos\logback\logback-core\1.0.13\logback-core-1.0.13.jar;C:\Users\m1027514\.m2\repository\org\slf4j\slf4j-api\1.7.5\slf4j-api-1.7.5.jar;C:\Users\m1027514\.m2\repository\net\serenity-bdd\serenity-rest-assured\2.0.40\serenity-rest-assured-2.0.40.jar;C:\Users\m1027514\.m2\repository\net\bytebuddy\byte-buddy\1.9.6\byte-buddy-1.9.6.jar;C:\Users\m1027514\.m2\repository\net\bytebuddy\byte-buddy-agent\1.9.6\byte-buddy-agent-1.9.6.jar;C:\Users\m1027514\.m2\repository\com\google\guava\guava\25.0-jre\guava-25.0-jre.jar;C:\Users\m1027514\.m2\repository\com\google\code\findbugs\jsr305\1.3.9\jsr305-1.3.9.jar;C:\Users\m1027514\.m2\repository\org\checkerframework\checker-compat-qual\2.0.0\checker-compat-qual-2.0.0.jar;C:\Users\m1027514\.m2\repository\com\google\errorprone\error_prone_annotations\2.1.3\error_prone_annotations-2.1.3.jar;C:\Users\m1027514\.m2\repository\com\google\j2objc\j2objc-annotations\1.1\j2objc-annotations-1.1.jar;C:\Users\m1027514\.m2\repository\org\codehaus\mojo\animal-sniffer-annotations\1.14\animal-sniffer-annotations-1.14.jar;C:\Users\m1027514\.m2\repository\com\google\inject\guice\4.2.2\guice-4.2.2.jar;C:\Users\m1027514\.m2\repository\javax\inject\javax.inject\1\javax.inject-1.jar;C:\Users\m1027514\.m2\repository\aopalliance\aopalliance\1.0\aopalliance-1.0.jar;C:\Users\m1027514\.m2\repository\cglib\cglib\3.2.5\cglib-3.2.5.jar;C:\Users\m1027514\.m2\repository\org\ow2\asm\asm\5.0.3\asm-5.0.3.jar;C:\Users\m1027514\.m2\repository\commons-codec\commons-codec\1.10\commons-codec-1.10.jar;C:\Users\m1027514\.m2\repository\org\objenesis\objenesis\2.6\objenesis-2.6.jar;C:\Users\m1027514\.m2\repository\xml-apis\xml-apis\1.4.01\xml-apis-1.4.01.jar;C:\Users\m1027514\.m2\repository\io\cucumber\cucumber-core\2.4.0\cucumber-core-2.4.0.jar;C:\Users\m1027514\.m2\repository\info\cukes\cucumber-html\0.2.6\cucumber-html-0.2.6.jar;C:\Users\m1027514\.m2\repository\io\cucumber\cucumber-jvm-deps\1.0.6\cucumber-jvm-deps-1.0.6.jar;C:\Users\m1027514\.m2\repository\io\cucumber\gherkin\5.0.0\gherkin-5.0.0.jar;C:\Users\m1027514\.m2\repository\io\cucumber\tag-expressions\1.1.1\tag-expressions-1.1.1.jar;C:\Users\m1027514\.m2\repository\commons-logging\commons-logging\1.2\commons-logging-1.2.jar;C:\Users\m1027514\.m2\repository\io\vavr\vavr\0.9.0\vavr-0.9.0.jar;C:\Users\m1027514\.m2\repository\io\vavr\vavr-match\0.9.0\vavr-match-0.9.0.jar;C:\Users\m1027514\.m2\repository\javax\xml\bind\jaxb-api\2.2.12\jaxb-api-2.2.12.jar;C:\Users\m1027514\.m2\repository\com\sun\xml\bind\jaxb-core\2.3.0.1\jaxb-core-2.3.0.1.jar;C:\Users\m1027514\.m2\repository\com\sun\xml\bind\jaxb-impl\2.3.0.1\jaxb-impl-2.3.0.1.jar;C:\Users\m1027514\.m2\repository\javax\activation\activation\1.1.1\activation-1.1.1.jar;C:\Users\m1027514\.m2\repository\org\mockito\mockito-core\2.23.4\mockito-core-2.23.4.jar;C:\Users\m1027514\.m2\repository\io\rest-assured\rest-assured\3.3.0\rest-assured-3.3.0.jar;C:\Users\m1027514\.m2\repository\org\ccil\cowan\tagsoup\tagsoup\1.2.1\tagsoup-1.2.1.jar;C:\Users\m1027514\.m2\repository\io\rest-assured\json-path\3.3.0\json-path-3.3.0.jar;C:\Users\m1027514\.m2\repository\io\rest-assured\rest-assured-common\3.3.0\rest-assured-common-3.3.0.jar;C:\Users\m1027514\.m2\repository\io\rest-assured\xml-path\3.3.0\xml-path-3.3.0.jar;C:\Users\m1027514\.m2\repository\com\sun\xml\bind\jaxb-osgi\2.2.10\jaxb-osgi-2.2.10.jar;C:\Users\m1027514\.m2\repository\org\apache\sling\org.apache.sling.javax.activation\0.1.0\org.apache.sling.javax.activation-0.1.0.jar;C:\Users\m1027514\.m2\repository\org\codehaus\groovy\groovy\2.5.5\groovy-2.5.5.jar;C:\Users\m1027514\.m2\repository\org\codehaus\groovy\groovy-xml\2.5.5\groovy-xml-2.5.5.jar;C:\Users\m1027514\.m2\repository\org\codehaus\groovy\groovy-json\2.5.5\groovy-json-2.5.5.jar;C:\Users\m1027514\.m2\repository\net\serenity-bdd\serenity-core\2.0.40\serenity-core-2.0.40.jar;C:\Users\m1027514\.m2\repository\net\serenity-bdd\serenity-report-resources\2.0.40\serenity-report-resources-2.0.40.jar;C:\Users\m1027514\.m2\repository\net\serenity-bdd\serenity-model\2.0.40\serenity-model-2.0.40.jar;C:\Users\m1027514\.m2\repository\commons-net\commons-net\3.6\commons-net-3.6.jar;C:\Users\m1027514\.m2\repository\org\apache\commons\commons-text\1.6\commons-text-1.6.jar;C:\Users\m1027514\.m2\repository\net\serenity-bdd\serenity-reports\2.0.40\serenity-reports-2.0.40.jar;C:\Users\m1027514\.m2\repository\net\serenity-bdd\serenity-stats\2.0.40\serenity-stats-2.0.40.jar;C:\Users\m1027514\.m2\repository\org\jetbrains\kotlin\kotlin-stdlib\1.2.51\kotlin-stdlib-1.2.51.jar;C:\Users\m1027514\.m2\repository\org\jetbrains\kotlin\kotlin-stdlib-common\1.2.51\kotlin-stdlib-common-1.2.51.jar;C:\Users\m1027514\.m2\repository\org\jetbrains\annotations\13.0\annotations-13.0.jar;C:\Users\m1027514\.m2\repository\com\google\code\gson\gson\2.8.4\gson-2.8.4.jar;C:\Users\m1027514\.m2\repository\commons-io\commons-io\2.6\commons-io-2.6.jar;C:\Users\m1027514\.m2\repository\org\seleniumhq\selenium\selenium-server\3.141.59\selenium-server-3.141.59.jar;C:\Users\m1027514\.m2\repository\org\seleniumhq\selenium\selenium-firefox-driver\3.141.59\selenium-firefox-driver-3.141.59.jar;C:\Users\m1027514\.m2\repository\org\seleniumhq\selenium\selenium-ie-driver\3.141.59\selenium-ie-driver-3.141.59.jar;C:\Users\m1027514\.m2\repository\com\beust\jcommander\1.72\jcommander-1.72.jar;C:\Users\m1027514\.m2\repository\org\apache\commons\commons-exec\1.3\commons-exec-1.3.jar;C:\Users\m1027514\.m2\repository\net\jcip\jcip-annotations\1.0\jcip-annotations-1.0.jar;C:\Users\m1027514\.m2\repository\org\seleniumhq\selenium\jetty-repacked\9.4.12.v20180830\jetty-repacked-9.4.12.v20180830.jar;C:\Users\m1027514\.m2\repository\com\squareup\okhttp3\okhttp\3.11.0\okhttp-3.11.0.jar;C:\Users\m1027514\.m2\repository\com\squareup\okio\okio\1.14.0\okio-1.14.0.jar;C:\Users\m1027514\.m2\repository\javax\servlet\javax.servlet-api\3.1.0\javax.servlet-api-3.1.0.jar;C:\Users\m1027514\.m2\repository\org\yaml\snakeyaml\1.19\snakeyaml-1.19.jar;C:\Users\m1027514\.m2\repository\org\seleniumhq\selenium\selenium-java\3.141.59\selenium-java-3.141.59.jar;C:\Users\m1027514\.m2\repository\org\seleniumhq\selenium\selenium-api\3.141.59\selenium-api-3.141.59.jar;C:\Users\m1027514\.m2\repository\org\seleniumhq\selenium\selenium-chrome-driver\3.141.59\selenium-chrome-driver-3.141.59.jar;C:\Users\m1027514\.m2\repository\org\seleniumhq\selenium\selenium-edge-driver\3.141.59\selenium-edge-driver-3.141.59.jar;C:\Users\m1027514\.m2\repository\org\seleniumhq\selenium\selenium-remote-driver\3.141.59\selenium-remote-driver-3.141.59.jar;C:\Users\m1027514\.m2\repository\org\seleniumhq\selenium\selenium-safari-driver\3.141.59\selenium-safari-driver-3.141.59.jar;C:\Users\m1027514\.m2\repository\org\seleniumhq\selenium\selenium-opera-driver\3.141.59\selenium-opera-driver-3.141.59.jar;C:\Users\m1027514\.m2\repository\org\seleniumhq\selenium\selenium-support\3.141.59\selenium-support-3.141.59.jar;C:\Users\m1027514\.m2\repository\com\paulhammant\ngwebdriver\1.1.4\ngwebdriver-1.1.4.jar;C:\Users\m1027514\.m2\repository\com\codeborne\phantomjsdriver\1.4.4\phantomjsdriver-1.4.4.jar;C:\Users\m1027514\.m2\repository\org\eclipse\jetty\jetty-util\9.4.8.v20171121\jetty-util-9.4.8.v20171121.jar;C:\Users\m1027514\.m2\repository\org\eclipse\jetty\jetty-io\9.4.8.v20171121\jetty-io-9.4.8.v20171121.jar;C:\Users\m1027514\.m2\repository\org\seleniumhq\selenium\htmlunit-driver\2.33.1\htmlunit-driver-2.33.1.jar;C:\Users\m1027514\.m2\repository\io\appium\java-client\6.1.0\java-client-6.1.0.jar;C:\Users\m1027514\.m2\repository\commons-validator\commons-validator\1.6\commons-validator-1.6.jar;C:\Users\m1027514\.m2\repository\commons-beanutils\commons-beanutils\1.9.2\commons-beanutils-1.9.2.jar;C:\Users\m1027514\.m2\repository\commons-digester\commons-digester\1.8.1\commons-digester-1.8.1.jar;C:\Users\m1027514\.m2\repository\org\springframework\spring-context\5.0.5.RELEASE\spring-context-5.0.5.RELEASE.jar;C:\Users\m1027514\.m2\repository\org\springframework\spring-aop\5.0.5.RELEASE\spring-aop-5.0.5.RELEASE.jar;C:\Users\m1027514\.m2\repository\org\springframework\spring-beans\5.0.5.RELEASE\spring-beans-5.0.5.RELEASE.jar;C:\Users\m1027514\.m2\repository\org\springframework\spring-core\5.0.5.RELEASE\spring-core-5.0.5.RELEASE.jar;C:\Users\m1027514\.m2\repository\org\springframework\spring-jcl\5.0.5.RELEASE\spring-jcl-5.0.5.RELEASE.jar;C:\Users\m1027514\.m2\repository\org\springframework\spring-expression\5.0.5.RELEASE\spring-expression-5.0.5.RELEASE.jar;C:\Users\m1027514\.m2\repository\org\aspectj\aspectjweaver\1.9.1\aspectjweaver-1.9.1.jar;C:\Users\m1027514\.m2\repository\org\openpnp\opencv\3.2.0-1\opencv-3.2.0-1.jar;C:\Users\m1027514\.m2\repository\org\glassfish\tyrus\tyrus-core\1.13.1\tyrus-core-1.13.1.jar;C:\Users\m1027514\.m2\repository\org\glassfish\tyrus\tyrus-spi\1.13.1\tyrus-spi-1.13.1.jar;C:\Users\m1027514\.m2\repository\javax\websocket\javax.websocket-api\1.1\javax.websocket-api-1.1.jar;C:\Users\m1027514\.m2\repository\net\sf\opencsv\opencsv\2.0\opencsv-2.0.jar;C:\Users\m1027514\.m2\repository\commons-beanutils\commons-beanutils-core\1.8.3\commons-beanutils-core-1.8.3.jar;C:\Users\m1027514\.m2\repository\joda-time\joda-time\2.7\joda-time-2.7.jar;C:\Users\m1027514\.m2\repository\com\thoughtworks\xstream\xstream\1.4.9\xstream-1.4.9.jar;C:\Users\m1027514\.m2\repository\xmlpull\xmlpull\1.1.3.1\xmlpull-1.1.3.1.jar;C:\Users\m1027514\.m2\repository\xpp3\xpp3_min\1.1.4c\xpp3_min-1.1.4c.jar;C:\Users\m1027514\.m2\repository\org\apache\commons\commons-lang3\3.8.1\commons-lang3-3.8.1.jar;C:\Users\m1027514\.m2\repository\commons-collections\commons-collections\3.2.2\commons-collections-3.2.2.jar;C:\Users\m1027514\.m2\repository\org\freemarker\freemarker\2.3.28\freemarker-2.3.28.jar;C:\Users\m1027514\.m2\repository\net\sourceforge\jexcelapi\jxl\2.6.12\jxl-2.6.12.jar;C:\Users\m1027514\.m2\repository\org\hamcrest\hamcrest-core\1.3\hamcrest-core-1.3.jar;C:\Users\m1027514\.m2\repository\org\hamcrest\hamcrest-library\1.3\hamcrest-library-1.3.jar;C:\Users\m1027514\.m2\repository\net\sourceforge\htmlunit\htmlunit\2.33\htmlunit-2.33.jar;C:\Users\m1027514\.m2\repository\net\sourceforge\htmlunit\htmlunit-core-js\2.33\htmlunit-core-js-2.33.jar;C:\Users\m1027514\.m2\repository\net\sourceforge\htmlunit\neko-htmlunit\2.33\neko-htmlunit-2.33.jar;C:\Users\m1027514\.m2\repository\xerces\xercesImpl\2.12.0\xercesImpl-2.12.0.jar;C:\Users\m1027514\.m2\repository\net\sourceforge\htmlunit\htmlunit-cssparser\1.2.0\htmlunit-cssparser-1.2.0.jar;C:\Users\m1027514\.m2\repository\org\eclipse\jetty\websocket\websocket-client\9.4.12.v20180830\websocket-client-9.4.12.v20180830.jar;C:\Users\m1027514\.m2\repository\org\eclipse\jetty\jetty-client\9.4.12.v20180830\jetty-client-9.4.12.v20180830.jar;C:\Users\m1027514\.m2\repository\org\eclipse\jetty\jetty-http\9.4.12.v20180830\jetty-http-9.4.12.v20180830.jar;C:\Users\m1027514\.m2\repository\org\eclipse\jetty\jetty-xml\9.4.12.v20180830\jetty-xml-9.4.12.v20180830.jar;C:\Users\m1027514\.m2\repository\org\eclipse\jetty\websocket\websocket-common\9.4.12.v20180830\websocket-common-9.4.12.v20180830.jar;C:\Users\m1027514\.m2\repository\org\eclipse\jetty\websocket\websocket-api\9.4.12.v20180830\websocket-api-9.4.12.v20180830.jar;C:\Users\m1027514\.m2\repository\org\apache\httpcomponents\httpclient\4.5.5\httpclient-4.5.5.jar;C:\Users\m1027514\.m2\repository\org\apache\httpcomponents\httpcore\4.4.9\httpcore-4.4.9.jar;C:\Users\m1027514\.m2\repository\org\apache\httpcomponents\httpmime\4.5.5\httpmime-4.5.5.jar;C:\Users\m1027514\.m2\repository\org\fluentlenium\fluentlenium-core\0.10.2\fluentlenium-core-0.10.2.jar;C:\Users\m1027514\.m2\repository\com\jhlabs\filters\2.0.235\filters-2.0.235.jar;C:\Users\m1027514\.m2\repository\org\asciidoctor\asciidoctorj\1.5.6\asciidoctorj-1.5.6.jar;C:\Users\m1027514\.m2\repository\org\jruby\jruby-complete\1.7.26\jruby-complete-1.7.26.jar;C:\Users\m1027514\.m2\repository\org\imgscalr\imgscalr-lib\4.2\imgscalr-lib-4.2.jar;C:\Users\m1027514\.m2\repository\javax\el\javax.el-api\2.2.4\javax.el-api-2.2.4.jar;C:\Users\m1027514\.m2\repository\org\glassfish\web\javax.el\2.2.4\javax.el-2.2.4.jar;C:\Users\m1027514\.m2\repository\xalan\xalan\2.7.2\xalan-2.7.2.jar;C:\Users\m1027514\.m2\repository\xalan\serializer\2.7.2\serializer-2.7.2.jar;C:\Users\m1027514\.m2\repository\org\awaitility\awaitility\3.1.0\awaitility-3.1.0.jar;C:\Users\m1027514\.m2\repository\com\typesafe\config\1.3.1\config-1.3.1.jar;C:\Users\m1027514\.m2\repository\org\jsoup\jsoup\1.10.3\jsoup-1.10.3.jar;C:\Users\m1027514\.m2\repository\com\google\jimfs\jimfs\1.1\jimfs-1.1.jar;C:\Users\m1027514\.m2\repository\es\nitaur\markdown\txtmark\0.16\txtmark-0.16.jar;C:\Users\m1027514\.m2\repository\com\vladsch\flexmark\flexmark-all\0.34.30\flexmark-all-0.34.30.jar;C:\Users\m1027514\.m2\repository\com\vladsch\flexmark\flexmark\0.34.30\flexmark-0.34.30.jar;C:\Users\m1027514\.m2\repository\com\vladsch\flexmark\flexmark-ext-abbreviation\0.34.30\flexmark-ext-abbreviation-0.34.30.jar;C:\Users\m1027514\.m2\repository\com\vladsch\flexmark\flexmark-ext-admonition\0.34.30\flexmark-ext-admonition-0.34.30.jar;C:\Users\m1027514\.m2\repository\com\vladsch\flexmark\flexmark-ext-anchorlink\0.34.30\flexmark-ext-anchorlink-0.34.30.jar;C:\Users\m1027514\.m2\repository\com\vladsch\flexmark\flexmark-ext-aside\0.34.30\flexmark-ext-aside-0.34.30.jar;C:\Users\m1027514\.m2\repository\com\vladsch\flexmark\flexmark-ext-attributes\0.34.30\flexmark-ext-attributes-0.34.30.jar;C:\Users\m1027514\.m2\repository\com\vladsch\flexmark\flexmark-ext-autolink\0.34.30\flexmark-ext-autolink-0.34.30.jar;C:\Users\m1027514\.m2\repository\org\nibor\autolink\autolink\0.6.0\autolink-0.6.0.jar;C:\Users\m1027514\.m2\repository\com\vladsch\flexmark\flexmark-ext-definition\0.34.30\flexmark-ext-definition-0.34.30.jar;C:\Users\m1027514\.m2\repository\com\vladsch\flexmark\flexmark-ext-emoji\0.34.30\flexmark-ext-emoji-0.34.30.jar;C:\Users\m1027514\.m2\repository\com\vladsch\flexmark\flexmark-ext-enumerated-reference\0.34.30\flexmark-ext-enumerated-reference-0.34.30.jar;C:\Users\m1027514\.m2\repository\com\vladsch\flexmark\flexmark-ext-escaped-character\0.34.30\flexmark-ext-escaped-character-0.34.30.jar;C:\Users\m1027514\.m2\repository\com\vladsch\flexmark\flexmark-ext-footnotes\0.34.30\flexmark-ext-footnotes-0.34.30.jar;C:\Users\m1027514\.m2\repository\com\vladsch\flexmark\flexmark-ext-gfm-issues\0.34.30\flexmark-ext-gfm-issues-0.34.30.jar;C:\Users\m1027514\.m2\repository\com\vladsch\flexmark\flexmark-ext-gfm-strikethrough\0.34.30\flexmark-ext-gfm-strikethrough-0.34.30.jar;C:\Users\m1027514\.m2\repository\com\vladsch\flexmark\flexmark-ext-gfm-tables\0.34.30\flexmark-ext-gfm-tables-0.34.30.jar;C:\Users\m1027514\.m2\repository\com\vladsch\flexmark\flexmark-ext-gfm-tasklist\0.34.30\flexmark-ext-gfm-tasklist-0.34.30.jar;C:\Users\m1027514\.m2\repository\com\vladsch\flexmark\flexmark-ext-gfm-users\0.34.30\flexmark-ext-gfm-users-0.34.30.jar;C:\Users\m1027514\.m2\repository\com\vladsch\flexmark\flexmark-ext-gitlab\0.34.30\flexmark-ext-gitlab-0.34.30.jar;C:\Users\m1027514\.m2\repository\com\vladsch\flexmark\flexmark-ext-jekyll-front-matter\0.34.30\flexmark-ext-jekyll-front-matter-0.34.30.jar;C:\Users\m1027514\.m2\repository\com\vladsch\flexmark\flexmark-ext-jekyll-tag\0.34.30\flexmark-ext-jekyll-tag-0.34.30.jar;C:\Users\m1027514\.m2\repository\com\vladsch\flexmark\flexmark-ext-media-tags\0.34.30\flexmark-ext-media-tags-0.34.30.jar;C:\Users\m1027514\.m2\repository\com\vladsch\flexmark\flexmark-test-util\0.34.30\flexmark-test-util-0.34.30.jar;C:\Users\m1027514\.m2\repository\com\vladsch\flexmark\flexmark-ext-ins\0.34.30\flexmark-ext-ins-0.34.30.jar;C:\Users\m1027514\.m2\repository\com\vladsch\flexmark\flexmark-ext-xwiki-macros\0.34.30\flexmark-ext-xwiki-macros-0.34.30.jar;C:\Users\m1027514\.m2\repository\com\vladsch\flexmark\flexmark-ext-superscript\0.34.30\flexmark-ext-superscript-0.34.30.jar;C:\Users\m1027514\.m2\repository\com\vladsch\flexmark\flexmark-ext-tables\0.34.30\flexmark-ext-tables-0.34.30.jar;C:\Users\m1027514\.m2\repository\com\vladsch\flexmark\flexmark-ext-toc\0.34.30\flexmark-ext-toc-0.34.30.jar;C:\Users\m1027514\.m2\repository\com\vladsch\flexmark\flexmark-ext-typographic\0.34.30\flexmark-ext-typographic-0.34.30.jar;C:\Users\m1027514\.m2\repository\com\vladsch\flexmark\flexmark-ext-wikilink\0.34.30\flexmark-ext-wikilink-0.34.30.jar;C:\Users\m1027514\.m2\repository\com\vladsch\flexmark\flexmark-ext-yaml-front-matter\0.34.30\flexmark-ext-yaml-front-matter-0.34.30.jar;C:\Users\m1027514\.m2\repository\com\vladsch\flexmark\flexmark-ext-youtube-embedded\0.34.30\flexmark-ext-youtube-embedded-0.34.30.jar;C:\Users\m1027514\.m2\repository\com\vladsch\flexmark\flexmark-formatter\0.34.30\flexmark-formatter-0.34.30.jar;C:\Users\m1027514\.m2\repository\com\vladsch\flexmark\flexmark-html-parser\0.34.30\flexmark-html-parser-0.34.30.jar;C:\Users\m1027514\.m2\repository\com\vladsch\flexmark\flexmark-jira-converter\0.34.30\flexmark-jira-converter-0.34.30.jar;C:\Users\m1027514\.m2\repository\com\vladsch\flexmark\flexmark-pdf-converter\0.34.30\flexmark-pdf-converter-0.34.30.jar;C:\Users\m1027514\.m2\repository\com\openhtmltopdf\openhtmltopdf-core\0.0.1-RC13\openhtmltopdf-core-0.0.1-RC13.jar;C:\Users\m1027514\.m2\repository\com\openhtmltopdf\openhtmltopdf-pdfbox\0.0.1-RC13\openhtmltopdf-pdfbox-0.0.1-RC13.jar;C:\Users\m1027514\.m2\repository\org\apache\pdfbox\pdfbox\2.0.8\pdfbox-2.0.8.jar;C:\Users\m1027514\.m2\repository\org\apache\pdfbox\fontbox\2.0.8\fontbox-2.0.8.jar;C:\Users\m1027514\.m2\repository\org\apache\pdfbox\xmpbox\2.0.8\xmpbox-2.0.8.jar;C:\Users\m1027514\.m2\repository\de\rototor\pdfbox\graphics2d\0.12\graphics2d-0.12.jar;C:\Users\m1027514\.m2\repository\com\openhtmltopdf\openhtmltopdf-rtl-support\0.0.1-RC13\openhtmltopdf-rtl-support-0.0.1-RC13.jar;C:\Users\m1027514\.m2\repository\com\ibm\icu\icu4j\59.1\icu4j-59.1.jar;C:\Users\m1027514\.m2\repository\com\openhtmltopdf\openhtmltopdf-jsoup-dom-converter\0.0.1-RC13\openhtmltopdf-jsoup-dom-converter-0.0.1-RC13.jar;C:\Users\m1027514\.m2\repository\com\vladsch\flexmark\flexmark-profile-pegdown\0.34.30\flexmark-profile-pegdown-0.34.30.jar;C:\Users\m1027514\.m2\repository\com\vladsch\flexmark\flexmark-util\0.34.30\flexmark-util-0.34.30.jar;C:\Users\m1027514\.m2\repository\com\vladsch\flexmark\flexmark-youtrack-converter\0.34.30\flexmark-youtrack-converter-0.34.30.jar;C:\Users\m1027514\.m2\repository\net\serenity-bdd\serenity-junit\2.0.40\serenity-junit-2.0.40.jar;C:\Users\m1027514\.m2\repository\net\serenity-bdd\serenity-screenplay\2.0.40\serenity-screenplay-2.0.40.jar;C:\Users\m1027514\.m2\repository\uk\com\robust-it\cloning\1.9.10\cloning-1.9.10.jar;C:\Users\m1027514\.m2\repository\net\serenity-bdd\serenity-screenplay-webdriver\2.0.40\serenity-screenplay-webdriver-2.0.40.jar;C:\Users\m1027514\.m2\repository\net\serenity-bdd\serenity-cucumber\1.9.31\serenity-cucumber-1.9.31.jar;C:\Users\m1027514\.m2\repository\io\cucumber\cucumber-java\2.4.0\cucumber-java-2.4.0.jar;C:\Users\m1027514\.m2\repository\io\cucumber\cucumber-junit\2.4.0\cucumber-junit-2.4.0.jar;C:\Users\m1027514\.m2\repository\org\apache\commons\commons-csv\1.5\commons-csv-1.5.jar;C:\Users\m1027514\.m2\repository\junit\junit\4.12\junit-4.12.jar;C:\Users\m1027514\.m2\repository\org\assertj\assertj-core\3.6.2\assertj-core-3.6.2.jar;C:\Users\m1027514\.m2\repository\org\hamcrest\hamcrest-all\1.3\hamcrest-all-1.3.jar;"/>
    <property name="java.vm.vendor" value="Oracle Corporation"/>
    <property name="sun.arch.data.model" value="64"/>
    <property name="user.variant" value=""/>
    <property name="java.vendor.url" value="http://java.oracle.com/"/>
    <property name="user.timezone" value="America/New_York"/>
    <property name="java.vm.specification.version" value="1.8"/>
    <property name="os.name" value="Windows 8.1"/>
    <property name="user.country" value="US"/>
    <property name="sun.java.launcher" value="SUN_STANDARD"/>
    <property name="sun.boot.library.path" value="C:\Program Files\Java\jdk1.8.0_111\jre\bin"/>
    <property name="sun.java.command" value="C:\Users\m1027514\AppData\Local\Temp\surefire962623158540975067\surefirebooter1187755535787682286.jar C:\Users\m1027514\AppData\Local\Temp\surefire962623158540975067 2019-04-09T10-22-32_961-jvmRun1 surefire1374386265699799468tmp surefire_04786331267437454598tmp"/>
    <property name="surefire.test.class.path" value="C:\Users\m1027514\Desktop\SerenityTestProject\StudentApp\target\test-classes;C:\Users\m1027514\Desktop\SerenityTestProject\StudentApp\target\StudentApp-0.0.1-SNAPSHOT.jar;C:\Users\m1027514\.m2\repository\ch\qos\logback\logback-classic\1.0.13\logback-classic-1.0.13.jar;C:\Users\m1027514\.m2\repository\ch\qos\logback\logback-core\1.0.13\logback-core-1.0.13.jar;C:\Users\m1027514\.m2\repository\org\slf4j\slf4j-api\1.7.5\slf4j-api-1.7.5.jar;C:\Users\m1027514\.m2\repository\net\serenity-bdd\serenity-rest-assured\2.0.40\serenity-rest-assured-2.0.40.jar;C:\Users\m1027514\.m2\repository\net\bytebuddy\byte-buddy\1.9.6\byte-buddy-1.9.6.jar;C:\Users\m1027514\.m2\repository\net\bytebuddy\byte-buddy-agent\1.9.6\byte-buddy-agent-1.9.6.jar;C:\Users\m1027514\.m2\repository\com\google\guava\guava\25.0-jre\guava-25.0-jre.jar;C:\Users\m1027514\.m2\repository\com\google\code\findbugs\jsr305\1.3.9\jsr305-1.3.9.jar;C:\Users\m1027514\.m2\repository\org\checkerframework\checker-compat-qual\2.0.0\checker-compat-qual-2.0.0.jar;C:\Users\m1027514\.m2\repository\com\google\errorprone\error_prone_annotations\2.1.3\error_prone_annotations-2.1.3.jar;C:\Users\m1027514\.m2\repository\com\google\j2objc\j2objc-annotations\1.1\j2objc-annotations-1.1.jar;C:\Users\m1027514\.m2\repository\org\codehaus\mojo\animal-sniffer-annotations\1.14\animal-sniffer-annotations-1.14.jar;C:\Users\m1027514\.m2\repository\com\google\inject\guice\4.2.2\guice-4.2.2.jar;C:\Users\m1027514\.m2\repository\javax\inject\javax.inject\1\javax.inject-1.jar;C:\Users\m1027514\.m2\repository\aopalliance\aopalliance\1.0\aopalliance-1.0.jar;C:\Users\m1027514\.m2\repository\cglib\cglib\3.2.5\cglib-3.2.5.jar;C:\Users\m1027514\.m2\repository\org\ow2\asm\asm\5.0.3\asm-5.0.3.jar;C:\Users\m1027514\.m2\repository\commons-codec\commons-codec\1.10\commons-codec-1.10.jar;C:\Users\m1027514\.m2\repository\org\objenesis\objenesis\2.6\objenesis-2.6.jar;C:\Users\m1027514\.m2\repository\xml-apis\xml-apis\1.4.01\xml-apis-1.4.01.jar;C:\Users\m1027514\.m2\repository\io\cucumber\cucumber-core\2.4.0\cucumber-core-2.4.0.jar;C:\Users\m1027514\.m2\repository\info\cukes\cucumber-html\0.2.6\cucumber-html-0.2.6.jar;C:\Users\m1027514\.m2\repository\io\cucumber\cucumber-jvm-deps\1.0.6\cucumber-jvm-deps-1.0.6.jar;C:\Users\m1027514\.m2\repository\io\cucumber\gherkin\5.0.0\gherkin-5.0.0.jar;C:\Users\m1027514\.m2\repository\io\cucumber\tag-expressions\1.1.1\tag-expressions-1.1.1.jar;C:\Users\m1027514\.m2\repository\commons-logging\commons-logging\1.2\commons-logging-1.2.jar;C:\Users\m1027514\.m2\repository\io\vavr\vavr\0.9.0\vavr-0.9.0.jar;C:\Users\m1027514\.m2\repository\io\vavr\vavr-match\0.9.0\vavr-match-0.9.0.jar;C:\Users\m1027514\.m2\repository\javax\xml\bind\jaxb-api\2.2.12\jaxb-api-2.2.12.jar;C:\Users\m1027514\.m2\repository\com\sun\xml\bind\jaxb-core\2.3.0.1\jaxb-core-2.3.0.1.jar;C:\Users\m1027514\.m2\repository\com\sun\xml\bind\jaxb-impl\2.3.0.1\jaxb-impl-2.3.0.1.jar;C:\Users\m1027514\.m2\repository\javax\activation\activation\1.1.1\activation-1.1.1.jar;C:\Users\m1027514\.m2\repository\org\mockito\mockito-core\2.23.4\mockito-core-2.23.4.jar;C:\Users\m1027514\.m2\repository\io\rest-assured\rest-assured\3.3.0\rest-assured-3.3.0.jar;C:\Users\m1027514\.m2\repository\org\ccil\cowan\tagsoup\tagsoup\1.2.1\tagsoup-1.2.1.jar;C:\Users\m1027514\.m2\repository\io\rest-assured\json-path\3.3.0\json-path-3.3.0.jar;C:\Users\m1027514\.m2\repository\io\rest-assured\rest-assured-common\3.3.0\rest-assured-common-3.3.0.jar;C:\Users\m1027514\.m2\repository\io\rest-assured\xml-path\3.3.0\xml-path-3.3.0.jar;C:\Users\m1027514\.m2\repository\com\sun\xml\bind\jaxb-osgi\2.2.10\jaxb-osgi-2.2.10.jar;C:\Users\m1027514\.m2\repository\org\apache\sling\org.apache.sling.javax.activation\0.1.0\org.apache.sling.javax.activation-0.1.0.jar;C:\Users\m1027514\.m2\repository\org\codehaus\groovy\groovy\2.5.5\groovy-2.5.5.jar;C:\Users\m1027514\.m2\repository\org\codehaus\groovy\groovy-xml\2.5.5\groovy-xml-2.5.5.jar;C:\Users\m1027514\.m2\repository\org\codehaus\groovy\groovy-json\2.5.5\groovy-json-2.5.5.jar;C:\Users\m1027514\.m2\repository\net\serenity-bdd\serenity-core\2.0.40\serenity-core-2.0.40.jar;C:\Users\m1027514\.m2\repository\net\serenity-bdd\serenity-report-resources\2.0.40\serenity-report-resources-2.0.40.jar;C:\Users\m1027514\.m2\repository\net\serenity-bdd\serenity-model\2.0.40\serenity-model-2.0.40.jar;C:\Users\m1027514\.m2\repository\commons-net\commons-net\3.6\commons-net-3.6.jar;C:\Users\m1027514\.m2\repository\org\apache\commons\commons-text\1.6\commons-text-1.6.jar;C:\Users\m1027514\.m2\repository\net\serenity-bdd\serenity-reports\2.0.40\serenity-reports-2.0.40.jar;C:\Users\m1027514\.m2\repository\net\serenity-bdd\serenity-stats\2.0.40\serenity-stats-2.0.40.jar;C:\Users\m1027514\.m2\repository\org\jetbrains\kotlin\kotlin-stdlib\1.2.51\kotlin-stdlib-1.2.51.jar;C:\Users\m1027514\.m2\repository\org\jetbrains\kotlin\kotlin-stdlib-common\1.2.51\kotlin-stdlib-common-1.2.51.jar;C:\Users\m1027514\.m2\repository\org\jetbrains\annotations\13.0\annotations-13.0.jar;C:\Users\m1027514\.m2\repository\com\google\code\gson\gson\2.8.4\gson-2.8.4.jar;C:\Users\m1027514\.m2\repository\commons-io\commons-io\2.6\commons-io-2.6.jar;C:\Users\m1027514\.m2\repository\org\seleniumhq\selenium\selenium-server\3.141.59\selenium-server-3.141.59.jar;C:\Users\m1027514\.m2\repository\org\seleniumhq\selenium\selenium-firefox-driver\3.141.59\selenium-firefox-driver-3.141.59.jar;C:\Users\m1027514\.m2\repository\org\seleniumhq\selenium\selenium-ie-driver\3.141.59\selenium-ie-driver-3.141.59.jar;C:\Users\m1027514\.m2\repository\com\beust\jcommander\1.72\jcommander-1.72.jar;C:\Users\m1027514\.m2\repository\org\apache\commons\commons-exec\1.3\commons-exec-1.3.jar;C:\Users\m1027514\.m2\repository\net\jcip\jcip-annotations\1.0\jcip-annotations-1.0.jar;C:\Users\m1027514\.m2\repository\org\seleniumhq\selenium\jetty-repacked\9.4.12.v20180830\jetty-repacked-9.4.12.v20180830.jar;C:\Users\m1027514\.m2\repository\com\squareup\okhttp3\okhttp\3.11.0\okhttp-3.11.0.jar;C:\Users\m1027514\.m2\repository\com\squareup\okio\okio\1.14.0\okio-1.14.0.jar;C:\Users\m1027514\.m2\repository\javax\servlet\javax.servlet-api\3.1.0\javax.servlet-api-3.1.0.jar;C:\Users\m1027514\.m2\repository\org\yaml\snakeyaml\1.19\snakeyaml-1.19.jar;C:\Users\m1027514\.m2\repository\org\seleniumhq\selenium\selenium-java\3.141.59\selenium-java-3.141.59.jar;C:\Users\m1027514\.m2\repository\org\seleniumhq\selenium\selenium-api\3.141.59\selenium-api-3.141.59.jar;C:\Users\m1027514\.m2\repository\org\seleniumhq\selenium\selenium-chrome-driver\3.141.59\selenium-chrome-driver-3.141.59.jar;C:\Users\m1027514\.m2\repository\org\seleniumhq\selenium\selenium-edge-driver\3.141.59\selenium-edge-driver-3.141.59.jar;C:\Users\m1027514\.m2\repository\org\seleniumhq\selenium\selenium-remote-driver\3.141.59\selenium-remote-driver-3.141.59.jar;C:\Users\m1027514\.m2\repository\org\seleniumhq\selenium\selenium-safari-driver\3.141.59\selenium-safari-driver-3.141.59.jar;C:\Users\m1027514\.m2\repository\org\seleniumhq\selenium\selenium-opera-driver\3.141.59\selenium-opera-driver-3.141.59.jar;C:\Users\m1027514\.m2\repository\org\seleniumhq\selenium\selenium-support\3.141.59\selenium-support-3.141.59.jar;C:\Users\m1027514\.m2\repository\com\paulhammant\ngwebdriver\1.1.4\ngwebdriver-1.1.4.jar;C:\Users\m1027514\.m2\repository\com\codeborne\phantomjsdriver\1.4.4\phantomjsdriver-1.4.4.jar;C:\Users\m1027514\.m2\repository\org\eclipse\jetty\jetty-util\9.4.8.v20171121\jetty-util-9.4.8.v20171121.jar;C:\Users\m1027514\.m2\repository\org\eclipse\jetty\jetty-io\9.4.8.v20171121\jetty-io-9.4.8.v20171121.jar;C:\Users\m1027514\.m2\repository\org\seleniumhq\selenium\htmlunit-driver\2.33.1\htmlunit-driver-2.33.1.jar;C:\Users\m1027514\.m2\repository\io\appium\java-client\6.1.0\java-client-6.1.0.jar;C:\Users\m1027514\.m2\repository\commons-validator\commons-validator\1.6\commons-validator-1.6.jar;C:\Users\m1027514\.m2\repository\commons-beanutils\commons-beanutils\1.9.2\commons-beanutils-1.9.2.jar;C:\Users\m1027514\.m2\repository\commons-digester\commons-digester\1.8.1\commons-digester-1.8.1.jar;C:\Users\m1027514\.m2\repository\org\springframework\spring-context\5.0.5.RELEASE\spring-context-5.0.5.RELEASE.jar;C:\Users\m1027514\.m2\repository\org\springframework\spring-aop\5.0.5.RELEASE\spring-aop-5.0.5.RELEASE.jar;C:\Users\m1027514\.m2\repository\org\springframework\spring-beans\5.0.5.RELEASE\spring-beans-5.0.5.RELEASE.jar;C:\Users\m1027514\.m2\repository\org\springframework\spring-core\5.0.5.RELEASE\spring-core-5.0.5.RELEASE.jar;C:\Users\m1027514\.m2\repository\org\springframework\spring-jcl\5.0.5.RELEASE\spring-jcl-5.0.5.RELEASE.jar;C:\Users\m1027514\.m2\repository\org\springframework\spring-expression\5.0.5.RELEASE\spring-expression-5.0.5.RELEASE.jar;C:\Users\m1027514\.m2\repository\org\aspectj\aspectjweaver\1.9.1\aspectjweaver-1.9.1.jar;C:\Users\m1027514\.m2\repository\org\openpnp\opencv\3.2.0-1\opencv-3.2.0-1.jar;C:\Users\m1027514\.m2\repository\org\glassfish\tyrus\tyrus-core\1.13.1\tyrus-core-1.13.1.jar;C:\Users\m1027514\.m2\repository\org\glassfish\tyrus\tyrus-spi\1.13.1\tyrus-spi-1.13.1.jar;C:\Users\m1027514\.m2\repository\javax\websocket\javax.websocket-api\1.1\javax.websocket-api-1.1.jar;C:\Users\m1027514\.m2\repository\net\sf\opencsv\opencsv\2.0\opencsv-2.0.jar;C:\Users\m1027514\.m2\repository\commons-beanutils\commons-beanutils-core\1.8.3\commons-beanutils-core-1.8.3.jar;C:\Users\m1027514\.m2\repository\joda-time\joda-time\2.7\joda-time-2.7.jar;C:\Users\m1027514\.m2\repository\com\thoughtworks\xstream\xstream\1.4.9\xstream-1.4.9.jar;C:\Users\m1027514\.m2\repository\xmlpull\xmlpull\1.1.3.1\xmlpull-1.1.3.1.jar;C:\Users\m1027514\.m2\repository\xpp3\xpp3_min\1.1.4c\xpp3_min-1.1.4c.jar;C:\Users\m1027514\.m2\repository\org\apache\commons\commons-lang3\3.8.1\commons-lang3-3.8.1.jar;C:\Users\m1027514\.m2\repository\commons-collections\commons-collections\3.2.2\commons-collections-3.2.2.jar;C:\Users\m1027514\.m2\repository\org\freemarker\freemarker\2.3.28\freemarker-2.3.28.jar;C:\Users\m1027514\.m2\repository\net\sourceforge\jexcelapi\jxl\2.6.12\jxl-2.6.12.jar;C:\Users\m1027514\.m2\repository\org\hamcrest\hamcrest-core\1.3\hamcrest-core-1.3.jar;C:\Users\m1027514\.m2\repository\org\hamcrest\hamcrest-library\1.3\hamcrest-library-1.3.jar;C:\Users\m1027514\.m2\repository\net\sourceforge\htmlunit\htmlunit\2.33\htmlunit-2.33.jar;C:\Users\m1027514\.m2\repository\net\sourceforge\htmlunit\htmlunit-core-js\2.33\htmlunit-core-js-2.33.jar;C:\Users\m1027514\.m2\repository\net\sourceforge\htmlunit\neko-htmlunit\2.33\neko-htmlunit-2.33.jar;C:\Users\m1027514\.m2\repository\xerces\xercesImpl\2.12.0\xercesImpl-2.12.0.jar;C:\Users\m1027514\.m2\repository\net\sourceforge\htmlunit\htmlunit-cssparser\1.2.0\htmlunit-cssparser-1.2.0.jar;C:\Users\m1027514\.m2\repository\org\eclipse\jetty\websocket\websocket-client\9.4.12.v20180830\websocket-client-9.4.12.v20180830.jar;C:\Users\m1027514\.m2\repository\org\eclipse\jetty\jetty-client\9.4.12.v20180830\jetty-client-9.4.12.v20180830.jar;C:\Users\m1027514\.m2\repository\org\eclipse\jetty\jetty-http\9.4.12.v20180830\jetty-http-9.4.12.v20180830.jar;C:\Users\m1027514\.m2\repository\org\eclipse\jetty\jetty-xml\9.4.12.v20180830\jetty-xml-9.4.12.v20180830.jar;C:\Users\m1027514\.m2\repository\org\eclipse\jetty\websocket\websocket-common\9.4.12.v20180830\websocket-common-9.4.12.v20180830.jar;C:\Users\m1027514\.m2\repository\org\eclipse\jetty\websocket\websocket-api\9.4.12.v20180830\websocket-api-9.4.12.v20180830.jar;C:\Users\m1027514\.m2\repository\org\apache\httpcomponents\httpclient\4.5.5\httpclient-4.5.5.jar;C:\Users\m1027514\.m2\repository\org\apache\httpcomponents\httpcore\4.4.9\httpcore-4.4.9.jar;C:\Users\m1027514\.m2\repository\org\apache\httpcomponents\httpmime\4.5.5\httpmime-4.5.5.jar;C:\Users\m1027514\.m2\repository\org\fluentlenium\fluentlenium-core\0.10.2\fluentlenium-core-0.10.2.jar;C:\Users\m1027514\.m2\repository\com\jhlabs\filters\2.0.235\filters-2.0.235.jar;C:\Users\m1027514\.m2\repository\org\asciidoctor\asciidoctorj\1.5.6\asciidoctorj-1.5.6.jar;C:\Users\m1027514\.m2\repository\org\jruby\jruby-complete\1.7.26\jruby-complete-1.7.26.jar;C:\Users\m1027514\.m2\repository\org\imgscalr\imgscalr-lib\4.2\imgscalr-lib-4.2.jar;C:\Users\m1027514\.m2\repository\javax\el\javax.el-api\2.2.4\javax.el-api-2.2.4.jar;C:\Users\m1027514\.m2\repository\org\glassfish\web\javax.el\2.2.4\javax.el-2.2.4.jar;C:\Users\m1027514\.m2\repository\xalan\xalan\2.7.2\xalan-2.7.2.jar;C:\Users\m1027514\.m2\repository\xalan\serializer\2.7.2\serializer-2.7.2.jar;C:\Users\m1027514\.m2\repository\org\awaitility\awaitility\3.1.0\awaitility-3.1.0.jar;C:\Users\m1027514\.m2\repository\com\typesafe\config\1.3.1\config-1.3.1.jar;C:\Users\m1027514\.m2\repository\org\jsoup\jsoup\1.10.3\jsoup-1.10.3.jar;C:\Users\m1027514\.m2\repository\com\google\jimfs\jimfs\1.1\jimfs-1.1.jar;C:\Users\m1027514\.m2\repository\es\nitaur\markdown\txtmark\0.16\txtmark-0.16.jar;C:\Users\m1027514\.m2\repository\com\vladsch\flexmark\flexmark-all\0.34.30\flexmark-all-0.34.30.jar;C:\Users\m1027514\.m2\repository\com\vladsch\flexmark\flexmark\0.34.30\flexmark-0.34.30.jar;C:\Users\m1027514\.m2\repository\com\vladsch\flexmark\flexmark-ext-abbreviation\0.34.30\flexmark-ext-abbreviation-0.34.30.jar;C:\Users\m1027514\.m2\repository\com\vladsch\flexmark\flexmark-ext-admonition\0.34.30\flexmark-ext-admonition-0.34.30.jar;C:\Users\m1027514\.m2\repository\com\vladsch\flexmark\flexmark-ext-anchorlink\0.34.30\flexmark-ext-anchorlink-0.34.30.jar;C:\Users\m1027514\.m2\repository\com\vladsch\flexmark\flexmark-ext-aside\0.34.30\flexmark-ext-aside-0.34.30.jar;C:\Users\m1027514\.m2\repository\com\vladsch\flexmark\flexmark-ext-attributes\0.34.30\flexmark-ext-attributes-0.34.30.jar;C:\Users\m1027514\.m2\repository\com\vladsch\flexmark\flexmark-ext-autolink\0.34.30\flexmark-ext-autolink-0.34.30.jar;C:\Users\m1027514\.m2\repository\org\nibor\autolink\autolink\0.6.0\autolink-0.6.0.jar;C:\Users\m1027514\.m2\repository\com\vladsch\flexmark\flexmark-ext-definition\0.34.30\flexmark-ext-definition-0.34.30.jar;C:\Users\m1027514\.m2\repository\com\vladsch\flexmark\flexmark-ext-emoji\0.34.30\flexmark-ext-emoji-0.34.30.jar;C:\Users\m1027514\.m2\repository\com\vladsch\flexmark\flexmark-ext-enumerated-reference\0.34.30\flexmark-ext-enumerated-reference-0.34.30.jar;C:\Users\m1027514\.m2\repository\com\vladsch\flexmark\flexmark-ext-escaped-character\0.34.30\flexmark-ext-escaped-character-0.34.30.jar;C:\Users\m1027514\.m2\repository\com\vladsch\flexmark\flexmark-ext-footnotes\0.34.30\flexmark-ext-footnotes-0.34.30.jar;C:\Users\m1027514\.m2\repository\com\vladsch\flexmark\flexmark-ext-gfm-issues\0.34.30\flexmark-ext-gfm-issues-0.34.30.jar;C:\Users\m1027514\.m2\repository\com\vladsch\flexmark\flexmark-ext-gfm-strikethrough\0.34.30\flexmark-ext-gfm-strikethrough-0.34.30.jar;C:\Users\m1027514\.m2\repository\com\vladsch\flexmark\flexmark-ext-gfm-tables\0.34.30\flexmark-ext-gfm-tables-0.34.30.jar;C:\Users\m1027514\.m2\repository\com\vladsch\flexmark\flexmark-ext-gfm-tasklist\0.34.30\flexmark-ext-gfm-tasklist-0.34.30.jar;C:\Users\m1027514\.m2\repository\com\vladsch\flexmark\flexmark-ext-gfm-users\0.34.30\flexmark-ext-gfm-users-0.34.30.jar;C:\Users\m1027514\.m2\repository\com\vladsch\flexmark\flexmark-ext-gitlab\0.34.30\flexmark-ext-gitlab-0.34.30.jar;C:\Users\m1027514\.m2\repository\com\vladsch\flexmark\flexmark-ext-jekyll-front-matter\0.34.30\flexmark-ext-jekyll-front-matter-0.34.30.jar;C:\Users\m1027514\.m2\repository\com\vladsch\flexmark\flexmark-ext-jekyll-tag\0.34.30\flexmark-ext-jekyll-tag-0.34.30.jar;C:\Users\m1027514\.m2\repository\com\vladsch\flexmark\flexmark-ext-media-tags\0.34.30\flexmark-ext-media-tags-0.34.30.jar;C:\Users\m1027514\.m2\repository\com\vladsch\flexmark\flexmark-test-util\0.34.30\flexmark-test-util-0.34.30.jar;C:\Users\m1027514\.m2\repository\com\vladsch\flexmark\flexmark-ext-ins\0.34.30\flexmark-ext-ins-0.34.30.jar;C:\Users\m1027514\.m2\repository\com\vladsch\flexmark\flexmark-ext-xwiki-macros\0.34.30\flexmark-ext-xwiki-macros-0.34.30.jar;C:\Users\m1027514\.m2\repository\com\vladsch\flexmark\flexmark-ext-superscript\0.34.30\flexmark-ext-superscript-0.34.30.jar;C:\Users\m1027514\.m2\repository\com\vladsch\flexmark\flexmark-ext-tables\0.34.30\flexmark-ext-tables-0.34.30.jar;C:\Users\m1027514\.m2\repository\com\vladsch\flexmark\flexmark-ext-toc\0.34.30\flexmark-ext-toc-0.34.30.jar;C:\Users\m1027514\.m2\repository\com\vladsch\flexmark\flexmark-ext-typographic\0.34.30\flexmark-ext-typographic-0.34.30.jar;C:\Users\m1027514\.m2\repository\com\vladsch\flexmark\flexmark-ext-wikilink\0.34.30\flexmark-ext-wikilink-0.34.30.jar;C:\Users\m1027514\.m2\repository\com\vladsch\flexmark\flexmark-ext-yaml-front-matter\0.34.30\flexmark-ext-yaml-front-matter-0.34.30.jar;C:\Users\m1027514\.m2\repository\com\vladsch\flexmark\flexmark-ext-youtube-embedded\0.34.30\flexmark-ext-youtube-embedded-0.34.30.jar;C:\Users\m1027514\.m2\repository\com\vladsch\flexmark\flexmark-formatter\0.34.30\flexmark-formatter-0.34.30.jar;C:\Users\m1027514\.m2\repository\com\vladsch\flexmark\flexmark-html-parser\0.34.30\flexmark-html-parser-0.34.30.jar;C:\Users\m1027514\.m2\repository\com\vladsch\flexmark\flexmark-jira-converter\0.34.30\flexmark-jira-converter-0.34.30.jar;C:\Users\m1027514\.m2\repository\com\vladsch\flexmark\flexmark-pdf-converter\0.34.30\flexmark-pdf-converter-0.34.30.jar;C:\Users\m1027514\.m2\repository\com\openhtmltopdf\openhtmltopdf-core\0.0.1-RC13\openhtmltopdf-core-0.0.1-RC13.jar;C:\Users\m1027514\.m2\repository\com\openhtmltopdf\openhtmltopdf-pdfbox\0.0.1-RC13\openhtmltopdf-pdfbox-0.0.1-RC13.jar;C:\Users\m1027514\.m2\repository\org\apache\pdfbox\pdfbox\2.0.8\pdfbox-2.0.8.jar;C:\Users\m1027514\.m2\repository\org\apache\pdfbox\fontbox\2.0.8\fontbox-2.0.8.jar;C:\Users\m1027514\.m2\repository\org\apache\pdfbox\xmpbox\2.0.8\xmpbox-2.0.8.jar;C:\Users\m1027514\.m2\repository\de\rototor\pdfbox\graphics2d\0.12\graphics2d-0.12.jar;C:\Users\m1027514\.m2\repository\com\openhtmltopdf\openhtmltopdf-rtl-support\0.0.1-RC13\openhtmltopdf-rtl-support-0.0.1-RC13.jar;C:\Users\m1027514\.m2\repository\com\ibm\icu\icu4j\59.1\icu4j-59.1.jar;C:\Users\m1027514\.m2\repository\com\openhtmltopdf\openhtmltopdf-jsoup-dom-converter\0.0.1-RC13\openhtmltopdf-jsoup-dom-converter-0.0.1-RC13.jar;C:\Users\m1027514\.m2\repository\com\vladsch\flexmark\flexmark-profile-pegdown\0.34.30\flexmark-profile-pegdown-0.34.30.jar;C:\Users\m1027514\.m2\repository\com\vladsch\flexmark\flexmark-util\0.34.30\flexmark-util-0.34.30.jar;C:\Users\m1027514\.m2\repository\com\vladsch\flexmark\flexmark-youtrack-converter\0.34.30\flexmark-youtrack-converter-0.34.30.jar;C:\Users\m1027514\.m2\repository\net\serenity-bdd\serenity-junit\2.0.40\serenity-junit-2.0.40.jar;C:\Users\m1027514\.m2\repository\net\serenity-bdd\serenity-screenplay\2.0.40\serenity-screenplay-2.0.40.jar;C:\Users\m1027514\.m2\repository\uk\com\robust-it\cloning\1.9.10\cloning-1.9.10.jar;C:\Users\m1027514\.m2\repository\net\serenity-bdd\serenity-screenplay-webdriver\2.0.40\serenity-screenplay-webdriver-2.0.40.jar;C:\Users\m1027514\.m2\repository\net\serenity-bdd\serenity-cucumber\1.9.31\serenity-cucumber-1.9.31.jar;C:\Users\m1027514\.m2\repository\io\cucumber\cucumber-java\2.4.0\cucumber-java-2.4.0.jar;C:\Users\m1027514\.m2\repository\io\cucumber\cucumber-junit\2.4.0\cucumber-junit-2.4.0.jar;C:\Users\m1027514\.m2\repository\org\apache\commons\commons-csv\1.5\commons-csv-1.5.jar;C:\Users\m1027514\.m2\repository\junit\junit\4.12\junit-4.12.jar;C:\Users\m1027514\.m2\repository\org\assertj\assertj-core\3.6.2\assertj-core-3.6.2.jar;C:\Users\m1027514\.m2\repository\org\hamcrest\hamcrest-all\1.3\hamcrest-all-1.3.jar;"/>
    <property name="sun.cpu.endian" value="little"/>
    <property name="user.home" value="C:\Users\m1027514"/>
    <property name="user.language" value="en"/>
    <property name="java.specification.vendor" value="Oracle Corporation"/>
    <property name="java.home" value="C:\Program Files\Java\jdk1.8.0_111\jre"/>
    <property name="basedir" value="C:\Users\m1027514\Desktop\SerenityTestProject\StudentApp"/>
    <property name="file.separator" value="\"/>
    <property name="line.separator" value="&#10;"/>
    <property name="java.vm.specification.vendor" value="Oracle Corporation"/>
    <property name="java.specification.name" value="Java Platform API Specification"/>
    <property name="java.awt.graphicsenv" value="sun.awt.Win32GraphicsEnvironment"/>
    <property name="surefire.real.class.path" value="C:\Users\m1027514\AppData\Local\Temp\surefire962623158540975067\surefirebooter1187755535787682286.jar"/>
    <property name="sun.boot.class.path" value="C:\Program Files\Java\jdk1.8.0_111\jre\lib\resources.jar;C:\Program Files\Java\jdk1.8.0_111\jre\lib\rt.jar;C:\Program Files\Java\jdk1.8.0_111\jre\lib\sunrsasign.jar;C:\Program Files\Java\jdk1.8.0_111\jre\lib\jsse.jar;C:\Program Files\Java\jdk1.8.0_111\jre\lib\jce.jar;C:\Program Files\Java\jdk1.8.0_111\jre\lib\charsets.jar;C:\Program Files\Java\jdk1.8.0_111\jre\lib\jfr.jar;C:\Program Files\Java\jdk1.8.0_111\jre\classes"/>
    <property name="user.script" value=""/>
    <property name="sun.management.compiler" value="HotSpot 64-Bit Tiered Compilers"/>
    <property name="java.runtime.version" value="1.8.0_111-b14"/>
    <property name="user.name" value="M1027514"/>
    <property name="path.separator" value=";"/>
    <property name="os.version" value="6.3"/>
    <property name="java.endorsed.dirs" value="C:\Program Files\Java\jdk1.8.0_111\jre\lib\endorsed"/>
    <property name="java.runtime.name" value="Java(TM) SE Runtime Environment"/>
    <property name="file.encoding" value="Cp1252"/>
    <property name="webdriver.base.url" value=""/>
    <property name="java.vm.name" value="Java HotSpot(TM) 64-Bit Server VM"/>
    <property name="localRepository" value="C:\Users\m1027514\.m2\repository"/>
    <property name="java.vendor.url.bug" value="http://bugreport.sun.com/bugreport/"/>
    <property name="java.io.tmpdir" value="C:\Users\m1027514\AppData\Local\Temp\"/>
    <property name="java.version" value="1.8.0_111"/>
    <property name="user.dir" value="C:\Users\m1027514\Desktop\SerenityTestProject\StudentApp"/>
    <property name="os.arch" value="amd64"/>
    <property name="java.vm.specification.name" value="Java Virtual Machine Specification"/>
    <property name="java.awt.printerjob" value="sun.awt.windows.WPrinterJob"/>
    <property name="sun.os.patch.level" value=""/>
    <property name="java.library.path" value="C:\Program Files\Java\jdk1.8.0_111\jre\bin;C:\WINDOWS\Sun\Java\bin;C:\WINDOWS\system32;C:\WINDOWS;C:/Program Files/Java/jre1.8.0_111/bin/server;C:/Program Files/Java/jre1.8.0_111/bin;C:/Program Files/Java/jre1.8.0_111/lib/amd64;C:\Program Files\Common Files\Microsoft Shared\Microsoft Online Services;C:\Program Files (x86)\Common Files\Microsoft Shared\Microsoft Online Services;C:\ProgramData\Oracle\Java\javapath;C:\Program Files (x86)\Intel\iCLS Client\;C:\Program Files\Intel\iCLS Client\;C:\WINDOWS\system32;C:\WINDOWS;C:\WINDOWS\System32\Wbem;C:\WINDOWS\System32\WindowsPowerShell\v1.0\;C:\Program Files (x86)\Intel\OpenCL SDK\3.0\bin\x86;C:\Program Files (x86)\Intel\OpenCL SDK\3.0\bin\x64;C:\Program Files\Intel\WiFi\bin\;C:\Program Files\Common Files\Intel\WirelessCommon\;C:\Program Files\Microsoft SQL Server\120\Tools\Binn\;C:\Program Files\Microsoft SQL Server\Client SDK\ODBC\110\Tools\Binn\;C:\Program Files (x86)\Microsoft SQL Server\120\Tools\Binn\;C:\Program Files\Microsoft SQL Server\120\DTS\Binn\;C:\Program Files (x86)\Microsoft SQL Server\120\Tools\Binn\ManagementStudio\;C:\Program Files (x86)\Microsoft SQL Server\120\DTS\Binn\;C:\Program Files\Microsoft SQL Server\130\Tools\Binn\;C:\Program Files\Microsoft\Web Platform Installer\;C:\Program Files\Microsoft SQL Server\Client SDK\ODBC\130\Tools\Binn\;C:\Program Files (x86)\Microsoft SQL Server\130\Tools\Binn\;C:\Program Files\Microsoft SQL Server\130\DTS\Binn\;C:\Program Files\dotnet\;C:\Program Files\nodejs\;C:\Program Files\curl;C:\Program Files\Java\jdk1.8.0_111\bin;C:\Program Files\apache-maven-3.6.0\bin;C:\MAIN\Install Files\eclipse-java-2018-12-R-win32-x86_64\eclipse;;."/>
    <property name="java.vm.info" value="mixed mode"/>
    <property name="java.vendor" value="Oracle Corporation"/>
    <property name="java.vm.version" value="25.111-b14"/>
    <property name="java.ext.dirs" value="C:\Program Files\Java\jdk1.8.0_111\jre\lib\ext;C:\WINDOWS\Sun\Java\lib\ext"/>
    <property name="sun.io.unicode.encoding" value="UnicodeLittle"/>
    <property name="java.class.version" value="52.0"/>
  </properties>
  <testcase name="createMultipleStudents[11]" classname="com.studentapp.junit.CreateStudentsDataDrivenTest" time="31.834">
    <failure message="1 expectation failed.&#10;Expected status code &lt;201&gt; but was &lt;500&gt;.&#10;" type="java.lang.AssertionError"><![CDATA[java.lang.AssertionError: 
1 expectation failed.
Expected status code <201> but was <500>.

	at com.studentapp.junit.CreateStudentsDataDrivenTest.createMultipleStudents(CreateStudentsDataDrivenTest.java:86)
]]></failure>
    <system-out><![CDATA[10:22:40.316 [main] DEBUG n.t.c.u.PropertiesFileLocalPreferences - LOADING LOCAL PROPERTIES FROM C:\Users\m1027514\Desktop\SerenityTestProject\StudentApp\serenity.properties 
10:22:40.335 [main] DEBUG n.t.c.u.PropertiesFileLocalPreferences - LOADING LOCAL PROPERTIES FROM C:\Users\m1027514\Desktop\SerenityTestProject\StudentApp\serenity.properties 
10:22:40.336 [main] DEBUG n.t.c.u.PropertiesFileLocalPreferences - LOADING LOCAL PROPERTIES FROM C:\Users\m1027514\Desktop\SerenityTestProject\StudentApp\serenity.properties 
10:22:40.406 [main] DEBUG n.t.c.u.PropertiesFileLocalPreferences - serenity.compromised.on=java.io.FileNotFoundException
10:22:40.409 [main] DEBUG n.t.c.u.PropertiesFileLocalPreferences - serenity.project.name=StudentApp
10:22:40.547 [main] DEBUG n.t.c.u.PropertiesFileLocalPreferences - LOADING LOCAL PROPERTIES FROM C:\Users\m1027514\Desktop\SerenityTestProject\StudentApp\serenity.properties 
10:22:40.549 [main] DEBUG n.t.c.u.PropertiesFileLocalPreferences - LOADING LOCAL PROPERTIES FROM C:\Users\m1027514\Desktop\SerenityTestProject\StudentApp\serenity.properties 
10:22:40.552 [main] DEBUG n.t.c.u.PropertiesFileLocalPreferences - LOADING LOCAL PROPERTIES FROM C:\Users\m1027514\Desktop\SerenityTestProject\StudentApp\serenity.properties 
10:22:40.572 [main] DEBUG n.t.c.u.PropertiesFileLocalPreferences - serenity.compromised.on=java.io.FileNotFoundException
10:22:40.573 [main] DEBUG n.t.c.u.PropertiesFileLocalPreferences - serenity.project.name=StudentApp
10:22:42.771 [main] DEBUG n.t.core.reports.ReportService - Reporting formats: [JSON, HTML]
10:22:42.792 [main] DEBUG n.t.core.reports.ReportService - Found reporter: net.thucydides.core.reports.xml.XMLTestOutcomeReporter@6af9fcb2(format = Optional[XML])
10:22:43.253 [main] DEBUG n.t.core.reports.ReportService - Found reporter: net.thucydides.core.reports.json.JSONTestOutcomeReporter@62ef27a8(format = Optional[JSON])
10:22:43.253 [main] DEBUG n.t.core.reports.ReportService - Registering reporter: net.thucydides.core.reports.json.JSONTestOutcomeReporter@62ef27a8
10:22:43.712 [main] DEBUG n.t.core.reports.ReportService - Found reporter: net.thucydides.core.reports.html.HtmlAcceptanceTestReporter@5ccbeb64(format = Optional[HTML])
10:22:43.713 [main] DEBUG n.t.core.reports.ReportService - Registering reporter: net.thucydides.core.reports.html.HtmlAcceptanceTestReporter@5ccbeb64
10:22:43.717 [main] DEBUG n.t.core.reports.ReportService - Reporting formats: [JSON, HTML]
10:22:43.801 [main] DEBUG n.t.core.reports.ReportService - Reporting formats: [JSON, HTML]
10:22:43.802 [main] DEBUG n.t.core.reports.ReportService - Found reporter: net.thucydides.core.reports.xml.XMLTestOutcomeReporter@2c532cd8(format = Optional[XML])
10:22:43.803 [main] DEBUG n.t.core.reports.ReportService - Found reporter: net.thucydides.core.reports.json.JSONTestOutcomeReporter@294e5088(format = Optional[JSON])
10:22:43.803 [main] DEBUG n.t.core.reports.ReportService - Registering reporter: net.thucydides.core.reports.json.JSONTestOutcomeReporter@294e5088
10:22:43.804 [main] DEBUG n.t.core.reports.ReportService - Found reporter: net.thucydides.core.reports.html.HtmlAcceptanceTestReporter@51972dc7(format = Optional[HTML])
10:22:43.805 [main] DEBUG n.t.core.reports.ReportService - Registering reporter: net.thucydides.core.reports.html.HtmlAcceptanceTestReporter@51972dc7
10:22:43.806 [main] DEBUG n.t.core.reports.ReportService - Reporting formats: [JSON, HTML]
10:22:43.818 [main] DEBUG n.t.core.reports.ReportService - Reporting formats: [JSON, HTML]
10:22:43.821 [main] DEBUG n.t.core.reports.ReportService - Found reporter: net.thucydides.core.reports.xml.XMLTestOutcomeReporter@65045a87(format = Optional[XML])
10:22:43.822 [main] DEBUG n.t.core.reports.ReportService - Found reporter: net.thucydides.core.reports.json.JSONTestOutcomeReporter@47f4e407(format = Optional[JSON])
10:22:43.822 [main] DEBUG n.t.core.reports.ReportService - Registering reporter: net.thucydides.core.reports.json.JSONTestOutcomeReporter@47f4e407
10:22:43.822 [main] DEBUG n.t.core.reports.ReportService - Found reporter: net.thucydides.core.reports.html.HtmlAcceptanceTestReporter@2d1dee39(format = Optional[HTML])
10:22:43.823 [main] DEBUG n.t.core.reports.ReportService - Registering reporter: net.thucydides.core.reports.html.HtmlAcceptanceTestReporter@2d1dee39
10:22:43.823 [main] DEBUG n.t.core.reports.ReportService - Reporting formats: [JSON, HTML]
10:22:43.861 [main] DEBUG n.t.core.reports.ReportService - Reporting formats: [JSON, HTML]
10:22:43.863 [main] DEBUG n.t.core.reports.ReportService - Found reporter: net.thucydides.core.reports.xml.XMLTestOutcomeReporter@674bd420(format = Optional[XML])
10:22:43.863 [main] DEBUG n.t.core.reports.ReportService - Found reporter: net.thucydides.core.reports.json.JSONTestOutcomeReporter@2b0f373b(format = Optional[JSON])
10:22:43.864 [main] DEBUG n.t.core.reports.ReportService - Registering reporter: net.thucydides.core.reports.json.JSONTestOutcomeReporter@2b0f373b
10:22:43.866 [main] DEBUG n.t.core.reports.ReportService - Found reporter: net.thucydides.core.reports.html.HtmlAcceptanceTestReporter@2ceb80a1(format = Optional[HTML])
10:22:43.867 [main] DEBUG n.t.core.reports.ReportService - Registering reporter: net.thucydides.core.reports.html.HtmlAcceptanceTestReporter@2ceb80a1
10:22:43.868 [main] DEBUG n.t.core.reports.ReportService - Reporting formats: [JSON, HTML]
10:22:43.874 [main] DEBUG n.t.core.reports.ReportService - Reporting formats: [JSON, HTML]
10:22:43.876 [main] DEBUG n.t.core.reports.ReportService - Found reporter: net.thucydides.core.reports.xml.XMLTestOutcomeReporter@732f29af(format = Optional[XML])
10:22:43.877 [main] DEBUG n.t.core.reports.ReportService - Found reporter: net.thucydides.core.reports.json.JSONTestOutcomeReporter@d3957fe(format = Optional[JSON])
10:22:43.877 [main] DEBUG n.t.core.reports.ReportService - Registering reporter: net.thucydides.core.reports.json.JSONTestOutcomeReporter@d3957fe
10:22:43.877 [main] DEBUG n.t.core.reports.ReportService - Found reporter: net.thucydides.core.reports.html.HtmlAcceptanceTestReporter@6622fc65(format = Optional[HTML])
10:22:43.877 [main] DEBUG n.t.core.reports.ReportService - Registering reporter: net.thucydides.core.reports.html.HtmlAcceptanceTestReporter@6622fc65
10:22:43.878 [main] DEBUG n.t.core.reports.ReportService - Reporting formats: [JSON, HTML]
10:22:43.925 [main] DEBUG n.t.core.reports.ReportService - Reporting formats: [JSON, HTML]
10:22:43.927 [main] DEBUG n.t.core.reports.ReportService - Found reporter: net.thucydides.core.reports.xml.XMLTestOutcomeReporter@2f17e30d(format = Optional[XML])
10:22:43.929 [main] DEBUG n.t.core.reports.ReportService - Found reporter: net.thucydides.core.reports.json.JSONTestOutcomeReporter@3e821657(format = Optional[JSON])
10:22:43.930 [main] DEBUG n.t.core.reports.ReportService - Registering reporter: net.thucydides.core.reports.json.JSONTestOutcomeReporter@3e821657
10:22:43.935 [main] DEBUG n.t.core.reports.ReportService - Found reporter: net.thucydides.core.reports.html.HtmlAcceptanceTestReporter@1d131e1b(format = Optional[HTML])
10:22:43.936 [main] DEBUG n.t.core.reports.ReportService - Registering reporter: net.thucydides.core.reports.html.HtmlAcceptanceTestReporter@1d131e1b
10:22:43.938 [main] DEBUG n.t.core.reports.ReportService - Reporting formats: [JSON, HTML]
10:22:43.944 [main] DEBUG n.t.core.reports.ReportService - Reporting formats: [JSON, HTML]
10:22:43.945 [main] DEBUG n.t.core.reports.ReportService - Found reporter: net.thucydides.core.reports.xml.XMLTestOutcomeReporter@12bd8a64(format = Optional[XML])
10:22:43.946 [main] DEBUG n.t.core.reports.ReportService - Found reporter: net.thucydides.core.reports.json.JSONTestOutcomeReporter@61e94def(format = Optional[JSON])
10:22:43.946 [main] DEBUG n.t.core.reports.ReportService - Registering reporter: net.thucydides.core.reports.json.JSONTestOutcomeReporter@61e94def
10:22:43.947 [main] DEBUG n.t.core.reports.ReportService - Found reporter: net.thucydides.core.reports.html.HtmlAcceptanceTestReporter@3300f4fd(format = Optional[HTML])
10:22:43.947 [main] DEBUG n.t.core.reports.ReportService - Registering reporter: net.thucydides.core.reports.html.HtmlAcceptanceTestReporter@3300f4fd
10:22:43.949 [main] DEBUG n.t.core.reports.ReportService - Reporting formats: [JSON, HTML]
10:22:43.966 [main] DEBUG n.t.core.reports.ReportService - Reporting formats: [JSON, HTML]
10:22:43.985 [main] DEBUG n.t.core.reports.ReportService - Found reporter: net.thucydides.core.reports.xml.XMLTestOutcomeReporter@49872d67(format = Optional[XML])
10:22:43.985 [main] DEBUG n.t.core.reports.ReportService - Found reporter: net.thucydides.core.reports.json.JSONTestOutcomeReporter@56303b57(format = Optional[JSON])
10:22:43.986 [main] DEBUG n.t.core.reports.ReportService - Registering reporter: net.thucydides.core.reports.json.JSONTestOutcomeReporter@56303b57
10:22:43.987 [main] DEBUG n.t.core.reports.ReportService - Found reporter: net.thucydides.core.reports.html.HtmlAcceptanceTestReporter@4b2a01d4(format = Optional[HTML])
10:22:43.987 [main] DEBUG n.t.core.reports.ReportService - Registering reporter: net.thucydides.core.reports.html.HtmlAcceptanceTestReporter@4b2a01d4
10:22:43.987 [main] DEBUG n.t.core.reports.ReportService - Reporting formats: [JSON, HTML]
10:22:44.018 [main] DEBUG n.t.core.reports.ReportService - Reporting formats: [JSON, HTML]
10:22:44.019 [main] DEBUG n.t.core.reports.ReportService - Found reporter: net.thucydides.core.reports.xml.XMLTestOutcomeReporter@44e3a2b2(format = Optional[XML])
10:22:44.021 [main] DEBUG n.t.core.reports.ReportService - Found reporter: net.thucydides.core.reports.json.JSONTestOutcomeReporter@101639ae(format = Optional[JSON])
10:22:44.021 [main] DEBUG n.t.core.reports.ReportService - Registering reporter: net.thucydides.core.reports.json.JSONTestOutcomeReporter@101639ae
10:22:44.022 [main] DEBUG n.t.core.reports.ReportService - Found reporter: net.thucydides.core.reports.html.HtmlAcceptanceTestReporter@4c550889(format = Optional[HTML])
10:22:44.023 [main] DEBUG n.t.core.reports.ReportService - Registering reporter: net.thucydides.core.reports.html.HtmlAcceptanceTestReporter@4c550889
10:22:44.023 [main] DEBUG n.t.core.reports.ReportService - Reporting formats: [JSON, HTML]
10:22:44.030 [main] DEBUG n.t.core.reports.ReportService - Reporting formats: [JSON, HTML]
10:22:44.032 [main] DEBUG n.t.core.reports.ReportService - Found reporter: net.thucydides.core.reports.xml.XMLTestOutcomeReporter@68ead359(format = Optional[XML])
10:22:44.033 [main] DEBUG n.t.core.reports.ReportService - Found reporter: net.thucydides.core.reports.json.JSONTestOutcomeReporter@6b53bcc2(format = Optional[JSON])
10:22:44.033 [main] DEBUG n.t.core.reports.ReportService - Registering reporter: net.thucydides.core.reports.json.JSONTestOutcomeReporter@6b53bcc2
10:22:44.034 [main] DEBUG n.t.core.reports.ReportService - Found reporter: net.thucydides.core.reports.html.HtmlAcceptanceTestReporter@180da663(format = Optional[HTML])
10:22:44.034 [main] DEBUG n.t.core.reports.ReportService - Registering reporter: net.thucydides.core.reports.html.HtmlAcceptanceTestReporter@180da663
10:22:44.036 [main] DEBUG n.t.core.reports.ReportService - Reporting formats: [JSON, HTML]
10:22:44.051 [main] DEBUG n.t.core.reports.ReportService - Reporting formats: [JSON, HTML]
10:22:44.053 [main] DEBUG n.t.core.reports.ReportService - Found reporter: net.thucydides.core.reports.xml.XMLTestOutcomeReporter@53f0a4cb(format = Optional[XML])
10:22:44.053 [main] DEBUG n.t.core.reports.ReportService - Found reporter: net.thucydides.core.reports.json.JSONTestOutcomeReporter@77a7cf58(format = Optional[JSON])
10:22:44.054 [main] DEBUG n.t.core.reports.ReportService - Registering reporter: net.thucydides.core.reports.json.JSONTestOutcomeReporter@77a7cf58
10:22:44.057 [main] DEBUG n.t.core.reports.ReportService - Found reporter: net.thucydides.core.reports.html.HtmlAcceptanceTestReporter@3d97a632(format = Optional[HTML])
10:22:44.058 [main] DEBUG n.t.core.reports.ReportService - Registering reporter: net.thucydides.core.reports.html.HtmlAcceptanceTestReporter@3d97a632
10:22:44.060 [main] DEBUG n.t.core.reports.ReportService - Reporting formats: [JSON, HTML]
10:22:44.067 [main] DEBUG n.t.core.reports.ReportService - Reporting formats: [JSON, HTML]
10:22:44.068 [main] DEBUG n.t.core.reports.ReportService - Found reporter: net.thucydides.core.reports.xml.XMLTestOutcomeReporter@1dd6d4b7(format = Optional[XML])
10:22:44.070 [main] DEBUG n.t.core.reports.ReportService - Found reporter: net.thucydides.core.reports.json.JSONTestOutcomeReporter@56e8b606(format = Optional[JSON])
10:22:44.071 [main] DEBUG n.t.core.reports.ReportService - Registering reporter: net.thucydides.core.reports.json.JSONTestOutcomeReporter@56e8b606
10:22:44.072 [main] DEBUG n.t.core.reports.ReportService - Found reporter: net.thucydides.core.reports.html.HtmlAcceptanceTestReporter@2dd29a59(format = Optional[HTML])
10:22:44.073 [main] DEBUG n.t.core.reports.ReportService - Registering reporter: net.thucydides.core.reports.html.HtmlAcceptanceTestReporter@2dd29a59
10:22:44.075 [main] DEBUG n.t.core.reports.ReportService - Reporting formats: [JSON, HTML]
10:22:44.120 [main] DEBUG n.t.core.reports.ReportService - Reporting formats: [JSON, HTML]
10:22:44.125 [main] DEBUG n.t.core.reports.ReportService - Found reporter: net.thucydides.core.reports.xml.XMLTestOutcomeReporter@61c9c3fd(format = Optional[XML])
10:22:44.126 [main] DEBUG n.t.core.reports.ReportService - Found reporter: net.thucydides.core.reports.json.JSONTestOutcomeReporter@3b0c9195(format = Optional[JSON])
10:22:44.127 [main] DEBUG n.t.core.reports.ReportService - Registering reporter: net.thucydides.core.reports.json.JSONTestOutcomeReporter@3b0c9195
10:22:44.129 [main] DEBUG n.t.core.reports.ReportService - Found reporter: net.thucydides.core.reports.html.HtmlAcceptanceTestReporter@366c4480(format = Optional[HTML])
10:22:44.132 [main] DEBUG n.t.core.reports.ReportService - Registering reporter: net.thucydides.core.reports.html.HtmlAcceptanceTestReporter@366c4480
10:22:44.134 [main] DEBUG n.t.core.reports.ReportService - Reporting formats: [JSON, HTML]
10:22:44.144 [main] DEBUG n.t.core.reports.ReportService - Reporting formats: [JSON, HTML]
10:22:44.146 [main] DEBUG n.t.core.reports.ReportService - Found reporter: net.thucydides.core.reports.xml.XMLTestOutcomeReporter@5c08c46a(format = Optional[XML])
10:22:44.150 [main] DEBUG n.t.core.reports.ReportService - Found reporter: net.thucydides.core.reports.json.JSONTestOutcomeReporter@4cf8b2dc(format = Optional[JSON])
10:22:44.152 [main] DEBUG n.t.core.reports.ReportService - Registering reporter: net.thucydides.core.reports.json.JSONTestOutcomeReporter@4cf8b2dc
10:22:44.175 [main] DEBUG n.t.core.reports.ReportService - Found reporter: net.thucydides.core.reports.html.HtmlAcceptanceTestReporter@708400f6(format = Optional[HTML])
10:22:44.175 [main] DEBUG n.t.core.reports.ReportService - Registering reporter: net.thucydides.core.reports.html.HtmlAcceptanceTestReporter@708400f6
10:22:44.176 [main] DEBUG n.t.core.reports.ReportService - Reporting formats: [JSON, HTML]
10:22:44.184 [main] DEBUG n.t.core.reports.ReportService - Reporting formats: [JSON, HTML]
10:22:44.185 [main] DEBUG n.t.core.reports.ReportService - Found reporter: net.thucydides.core.reports.xml.XMLTestOutcomeReporter@4566d049(format = Optional[XML])
10:22:44.185 [main] DEBUG n.t.core.reports.ReportService - Found reporter: net.thucydides.core.reports.json.JSONTestOutcomeReporter@61ce23ac(format = Optional[JSON])
10:22:44.185 [main] DEBUG n.t.core.reports.ReportService - Registering reporter: net.thucydides.core.reports.json.JSONTestOutcomeReporter@61ce23ac
10:22:44.186 [main] DEBUG n.t.core.reports.ReportService - Found reporter: net.thucydides.core.reports.html.HtmlAcceptanceTestReporter@3668d4(format = Optional[HTML])
10:22:44.186 [main] DEBUG n.t.core.reports.ReportService - Registering reporter: net.thucydides.core.reports.html.HtmlAcceptanceTestReporter@3668d4
10:22:44.186 [main] DEBUG n.t.core.reports.ReportService - Reporting formats: [JSON, HTML]
10:22:44.245 [main] DEBUG n.t.core.reports.ReportService - Reporting formats: [JSON, HTML]
10:22:44.248 [main] DEBUG n.t.core.reports.ReportService - Found reporter: net.thucydides.core.reports.xml.XMLTestOutcomeReporter@3d9f6567(format = Optional[XML])
10:22:44.249 [main] DEBUG n.t.core.reports.ReportService - Found reporter: net.thucydides.core.reports.json.JSONTestOutcomeReporter@25e2ab5a(format = Optional[JSON])
10:22:44.250 [main] DEBUG n.t.core.reports.ReportService - Registering reporter: net.thucydides.core.reports.json.JSONTestOutcomeReporter@25e2ab5a
10:22:44.251 [main] DEBUG n.t.core.reports.ReportService - Found reporter: net.thucydides.core.reports.html.HtmlAcceptanceTestReporter@73173f63(format = Optional[HTML])
10:22:44.253 [main] DEBUG n.t.core.reports.ReportService - Registering reporter: net.thucydides.core.reports.html.HtmlAcceptanceTestReporter@73173f63
10:22:44.255 [main] DEBUG n.t.core.reports.ReportService - Reporting formats: [JSON, HTML]
10:22:44.262 [main] DEBUG n.t.core.reports.ReportService - Reporting formats: [JSON, HTML]
10:22:44.263 [main] DEBUG n.t.core.reports.ReportService - Found reporter: net.thucydides.core.reports.xml.XMLTestOutcomeReporter@3ecd267f(format = Optional[XML])
10:22:44.263 [main] DEBUG n.t.core.reports.ReportService - Found reporter: net.thucydides.core.reports.json.JSONTestOutcomeReporter@58ffcbd7(format = Optional[JSON])
10:22:44.263 [main] DEBUG n.t.core.reports.ReportService - Registering reporter: net.thucydides.core.reports.json.JSONTestOutcomeReporter@58ffcbd7
10:22:44.264 [main] DEBUG n.t.core.reports.ReportService - Found reporter: net.thucydides.core.reports.html.HtmlAcceptanceTestReporter@555cf22(format = Optional[HTML])
10:22:44.266 [main] DEBUG n.t.core.reports.ReportService - Registering reporter: net.thucydides.core.reports.html.HtmlAcceptanceTestReporter@555cf22
10:22:44.267 [main] DEBUG n.t.core.reports.ReportService - Reporting formats: [JSON, HTML]
10:22:44.274 [main] DEBUG n.t.core.reports.ReportService - Reporting formats: [JSON, HTML]
10:22:44.275 [main] DEBUG n.t.core.reports.ReportService - Found reporter: net.thucydides.core.reports.xml.XMLTestOutcomeReporter@3bd418e4(format = Optional[XML])
10:22:44.276 [main] DEBUG n.t.core.reports.ReportService - Found reporter: net.thucydides.core.reports.json.JSONTestOutcomeReporter@544820b7(format = Optional[JSON])
10:22:44.277 [main] DEBUG n.t.core.reports.ReportService - Registering reporter: net.thucydides.core.reports.json.JSONTestOutcomeReporter@544820b7
10:22:44.277 [main] DEBUG n.t.core.reports.ReportService - Found reporter: net.thucydides.core.reports.html.HtmlAcceptanceTestReporter@6b98a075(format = Optional[HTML])
10:22:44.277 [main] DEBUG n.t.core.reports.ReportService - Registering reporter: net.thucydides.core.reports.html.HtmlAcceptanceTestReporter@6b98a075
10:22:44.278 [main] DEBUG n.t.core.reports.ReportService - Reporting formats: [JSON, HTML]
10:22:44.291 [main] DEBUG n.t.core.reports.ReportService - Reporting formats: [JSON, HTML]
10:22:44.292 [main] DEBUG n.t.core.reports.ReportService - Found reporter: net.thucydides.core.reports.xml.XMLTestOutcomeReporter@56aaaecd(format = Optional[XML])
10:22:44.293 [main] DEBUG n.t.core.reports.ReportService - Found reporter: net.thucydides.core.reports.json.JSONTestOutcomeReporter@522a32b1(format = Optional[JSON])
10:22:44.293 [main] DEBUG n.t.core.reports.ReportService - Registering reporter: net.thucydides.core.reports.json.JSONTestOutcomeReporter@522a32b1
10:22:44.293 [main] DEBUG n.t.core.reports.ReportService - Found reporter: net.thucydides.core.reports.html.HtmlAcceptanceTestReporter@35390ee3(format = Optional[HTML])
10:22:44.293 [main] DEBUG n.t.core.reports.ReportService - Registering reporter: net.thucydides.core.reports.html.HtmlAcceptanceTestReporter@35390ee3
10:22:44.293 [main] DEBUG n.t.core.reports.ReportService - Reporting formats: [JSON, HTML]
10:22:44.324 [main] DEBUG n.t.core.reports.ReportService - Reporting formats: [JSON, HTML]
10:22:44.325 [main] DEBUG n.t.core.reports.ReportService - Found reporter: net.thucydides.core.reports.xml.XMLTestOutcomeReporter@3fb6cf60(format = Optional[XML])
10:22:44.334 [main] DEBUG n.t.core.reports.ReportService - Found reporter: net.thucydides.core.reports.json.JSONTestOutcomeReporter@37ddb69a(format = Optional[JSON])
10:22:44.334 [main] DEBUG n.t.core.reports.ReportService - Registering reporter: net.thucydides.core.reports.json.JSONTestOutcomeReporter@37ddb69a
10:22:44.334 [main] DEBUG n.t.core.reports.ReportService - Found reporter: net.thucydides.core.reports.html.HtmlAcceptanceTestReporter@349c1daf(format = Optional[HTML])
10:22:44.334 [main] DEBUG n.t.core.reports.ReportService - Registering reporter: net.thucydides.core.reports.html.HtmlAcceptanceTestReporter@349c1daf
10:22:44.345 [main] DEBUG n.t.core.reports.ReportService - Reporting formats: [JSON, HTML]
10:22:44.355 [main] DEBUG n.t.core.reports.ReportService - Reporting formats: [JSON, HTML]
10:22:44.359 [main] DEBUG n.t.core.reports.ReportService - Found reporter: net.thucydides.core.reports.xml.XMLTestOutcomeReporter@5f7b97da(format = Optional[XML])
10:22:44.359 [main] DEBUG n.t.core.reports.ReportService - Found reporter: net.thucydides.core.reports.json.JSONTestOutcomeReporter@18b0930f(format = Optional[JSON])
10:22:44.360 [main] DEBUG n.t.core.reports.ReportService - Registering reporter: net.thucydides.core.reports.json.JSONTestOutcomeReporter@18b0930f
10:22:44.360 [main] DEBUG n.t.core.reports.ReportService - Found reporter: net.thucydides.core.reports.html.HtmlAcceptanceTestReporter@6b7906b3(format = Optional[HTML])
10:22:44.360 [main] DEBUG n.t.core.reports.ReportService - Registering reporter: net.thucydides.core.reports.html.HtmlAcceptanceTestReporter@6b7906b3
10:22:44.360 [main] DEBUG n.t.core.reports.ReportService - Reporting formats: [JSON, HTML]
10:22:44.368 [main] DEBUG n.t.core.reports.ReportService - Reporting formats: [JSON, HTML]
10:22:44.369 [main] DEBUG n.t.core.reports.ReportService - Found reporter: net.thucydides.core.reports.xml.XMLTestOutcomeReporter@6c5945a7(format = Optional[XML])
10:22:44.370 [main] DEBUG n.t.core.reports.ReportService - Found reporter: net.thucydides.core.reports.json.JSONTestOutcomeReporter@2f05be7f(format = Optional[JSON])
10:22:44.370 [main] DEBUG n.t.core.reports.ReportService - Registering reporter: net.thucydides.core.reports.json.JSONTestOutcomeReporter@2f05be7f
10:22:44.371 [main] DEBUG n.t.core.reports.ReportService - Found reporter: net.thucydides.core.reports.html.HtmlAcceptanceTestReporter@640f11a1(format = Optional[HTML])
10:22:44.371 [main] DEBUG n.t.core.reports.ReportService - Registering reporter: net.thucydides.core.reports.html.HtmlAcceptanceTestReporter@640f11a1
10:22:44.372 [main] DEBUG n.t.core.reports.ReportService - Reporting formats: [JSON, HTML]
10:22:44.377 [main] DEBUG n.t.core.reports.ReportService - Reporting formats: [JSON, HTML]
10:22:44.378 [main] DEBUG n.t.core.reports.ReportService - Found reporter: net.thucydides.core.reports.xml.XMLTestOutcomeReporter@3a0d172f(format = Optional[XML])
10:22:44.378 [main] DEBUG n.t.core.reports.ReportService - Found reporter: net.thucydides.core.reports.json.JSONTestOutcomeReporter@68ad99fe(format = Optional[JSON])
10:22:44.378 [main] DEBUG n.t.core.reports.ReportService - Registering reporter: net.thucydides.core.reports.json.JSONTestOutcomeReporter@68ad99fe
10:22:44.378 [main] DEBUG n.t.core.reports.ReportService - Found reporter: net.thucydides.core.reports.html.HtmlAcceptanceTestReporter@485e36bc(format = Optional[HTML])
10:22:44.378 [main] DEBUG n.t.core.reports.ReportService - Registering reporter: net.thucydides.core.reports.html.HtmlAcceptanceTestReporter@485e36bc
10:22:44.379 [main] DEBUG n.t.core.reports.ReportService - Reporting formats: [JSON, HTML]
10:22:44.410 [main] DEBUG n.t.core.reports.ReportService - Reporting formats: [JSON, HTML]
10:22:44.411 [main] DEBUG n.t.core.reports.ReportService - Found reporter: net.thucydides.core.reports.xml.XMLTestOutcomeReporter@5b529706(format = Optional[XML])
10:22:44.412 [main] DEBUG n.t.core.reports.ReportService - Found reporter: net.thucydides.core.reports.json.JSONTestOutcomeReporter@63fdab07(format = Optional[JSON])
10:22:44.412 [main] DEBUG n.t.core.reports.ReportService - Registering reporter: net.thucydides.core.reports.json.JSONTestOutcomeReporter@63fdab07
10:22:44.413 [main] DEBUG n.t.core.reports.ReportService - Found reporter: net.thucydides.core.reports.html.HtmlAcceptanceTestReporter@7b5a12ae(format = Optional[HTML])
10:22:44.413 [main] DEBUG n.t.core.reports.ReportService - Registering reporter: net.thucydides.core.reports.html.HtmlAcceptanceTestReporter@7b5a12ae
10:22:44.417 [main] DEBUG n.t.core.reports.ReportService - Reporting formats: [JSON, HTML]
10:22:44.425 [main] DEBUG n.t.core.reports.ReportService - Reporting formats: [JSON, HTML]
10:22:44.463 [main] DEBUG n.t.core.reports.ReportService - Found reporter: net.thucydides.core.reports.xml.XMLTestOutcomeReporter@54d18072(format = Optional[XML])
10:22:44.463 [main] DEBUG n.t.core.reports.ReportService - Found reporter: net.thucydides.core.reports.json.JSONTestOutcomeReporter@1506f20f(format = Optional[JSON])
10:22:44.463 [main] DEBUG n.t.core.reports.ReportService - Registering reporter: net.thucydides.core.reports.json.JSONTestOutcomeReporter@1506f20f
10:22:44.464 [main] DEBUG n.t.core.reports.ReportService - Found reporter: net.thucydides.core.reports.html.HtmlAcceptanceTestReporter@47a5b70d(format = Optional[HTML])
10:22:44.464 [main] DEBUG n.t.core.reports.ReportService - Registering reporter: net.thucydides.core.reports.html.HtmlAcceptanceTestReporter@47a5b70d
10:22:44.473 [main] DEBUG n.t.core.reports.ReportService - Reporting formats: [JSON, HTML]
10:22:44.488 [main] DEBUG n.t.core.reports.ReportService - Reporting formats: [JSON, HTML]
10:22:44.490 [main] DEBUG n.t.core.reports.ReportService - Found reporter: net.thucydides.core.reports.xml.XMLTestOutcomeReporter@4a11eb84(format = Optional[XML])
10:22:44.491 [main] DEBUG n.t.core.reports.ReportService - Found reporter: net.thucydides.core.reports.json.JSONTestOutcomeReporter@4e858e0a(format = Optional[JSON])
10:22:44.493 [main] DEBUG n.t.core.reports.ReportService - Registering reporter: net.thucydides.core.reports.json.JSONTestOutcomeReporter@4e858e0a
10:22:44.495 [main] DEBUG n.t.core.reports.ReportService - Found reporter: net.thucydides.core.reports.html.HtmlAcceptanceTestReporter@435fb7b5(format = Optional[HTML])
10:22:44.495 [main] DEBUG n.t.core.reports.ReportService - Registering reporter: net.thucydides.core.reports.html.HtmlAcceptanceTestReporter@435fb7b5
10:22:44.496 [main] DEBUG n.t.core.reports.ReportService - Reporting formats: [JSON, HTML]
10:22:44.509 [main] DEBUG n.t.core.reports.ReportService - Reporting formats: [JSON, HTML]
10:22:44.510 [main] DEBUG n.t.core.reports.ReportService - Found reporter: net.thucydides.core.reports.xml.XMLTestOutcomeReporter@32c8e539(format = Optional[XML])
10:22:44.510 [main] DEBUG n.t.core.reports.ReportService - Found reporter: net.thucydides.core.reports.json.JSONTestOutcomeReporter@73dce0e6(format = Optional[JSON])
10:22:44.510 [main] DEBUG n.t.core.reports.ReportService - Registering reporter: net.thucydides.core.reports.json.JSONTestOutcomeReporter@73dce0e6
10:22:44.510 [main] DEBUG n.t.core.reports.ReportService - Found reporter: net.thucydides.core.reports.html.HtmlAcceptanceTestReporter@5a85c92(format = Optional[HTML])
10:22:44.511 [main] DEBUG n.t.core.reports.ReportService - Registering reporter: net.thucydides.core.reports.html.HtmlAcceptanceTestReporter@5a85c92
10:22:44.511 [main] DEBUG n.t.core.reports.ReportService - Reporting formats: [JSON, HTML]
10:22:44.554 [main] DEBUG n.t.core.reports.ReportService - Reporting formats: [JSON, HTML]
10:22:44.604 [main] DEBUG n.t.core.reports.ReportService - Found reporter: net.thucydides.core.reports.xml.XMLTestOutcomeReporter@3e14c16d(format = Optional[XML])
10:22:44.605 [main] DEBUG n.t.core.reports.ReportService - Found reporter: net.thucydides.core.reports.json.JSONTestOutcomeReporter@3c989952(format = Optional[JSON])
10:22:44.605 [main] DEBUG n.t.core.reports.ReportService - Registering reporter: net.thucydides.core.reports.json.JSONTestOutcomeReporter@3c989952
10:22:44.605 [main] DEBUG n.t.core.reports.ReportService - Found reporter: net.thucydides.core.reports.html.HtmlAcceptanceTestReporter@784b990c(format = Optional[HTML])
10:22:44.605 [main] DEBUG n.t.core.reports.ReportService - Registering reporter: net.thucydides.core.reports.html.HtmlAcceptanceTestReporter@784b990c
10:22:44.606 [main] DEBUG n.t.core.reports.ReportService - Reporting formats: [JSON, HTML]
10:22:44.638 [main] DEBUG n.t.core.reports.ReportService - Reporting formats: [JSON, HTML]
10:22:44.640 [main] DEBUG n.t.core.reports.ReportService - Found reporter: net.thucydides.core.reports.xml.XMLTestOutcomeReporter@7c098bb3(format = Optional[XML])
10:22:44.641 [main] DEBUG n.t.core.reports.ReportService - Found reporter: net.thucydides.core.reports.json.JSONTestOutcomeReporter@31e4bb20(format = Optional[JSON])
10:22:44.641 [main] DEBUG n.t.core.reports.ReportService - Registering reporter: net.thucydides.core.reports.json.JSONTestOutcomeReporter@31e4bb20
10:22:44.641 [main] DEBUG n.t.core.reports.ReportService - Found reporter: net.thucydides.core.reports.html.HtmlAcceptanceTestReporter@18cebaa5(format = Optional[HTML])
10:22:44.641 [main] DEBUG n.t.core.reports.ReportService - Registering reporter: net.thucydides.core.reports.html.HtmlAcceptanceTestReporter@18cebaa5
10:22:44.642 [main] DEBUG n.t.core.reports.ReportService - Reporting formats: [JSON, HTML]
10:22:44.724 [main] DEBUG n.t.core.reports.ReportService - Reporting formats: [JSON, HTML]
10:22:44.726 [main] DEBUG n.t.core.reports.ReportService - Found reporter: net.thucydides.core.reports.xml.XMLTestOutcomeReporter@312ab28e(format = Optional[XML])
10:22:44.727 [main] DEBUG n.t.core.reports.ReportService - Found reporter: net.thucydides.core.reports.json.JSONTestOutcomeReporter@5644dc81(format = Optional[JSON])
10:22:44.728 [main] DEBUG n.t.core.reports.ReportService - Registering reporter: net.thucydides.core.reports.json.JSONTestOutcomeReporter@5644dc81
10:22:44.737 [main] DEBUG n.t.core.reports.ReportService - Found reporter: net.thucydides.core.reports.html.HtmlAcceptanceTestReporter@246f8b8b(format = Optional[HTML])
10:22:44.737 [main] DEBUG n.t.core.reports.ReportService - Registering reporter: net.thucydides.core.reports.html.HtmlAcceptanceTestReporter@246f8b8b
10:22:44.738 [main] DEBUG n.t.core.reports.ReportService - Reporting formats: [JSON, HTML]
10:22:44.745 [main] DEBUG n.t.core.reports.ReportService - Reporting formats: [JSON, HTML]
10:22:44.746 [main] DEBUG n.t.core.reports.ReportService - Found reporter: net.thucydides.core.reports.xml.XMLTestOutcomeReporter@72ea6193(format = Optional[XML])
10:22:44.748 [main] DEBUG n.t.core.reports.ReportService - Found reporter: net.thucydides.core.reports.json.JSONTestOutcomeReporter@31aa3ca5(format = Optional[JSON])
10:22:44.749 [main] DEBUG n.t.core.reports.ReportService - Registering reporter: net.thucydides.core.reports.json.JSONTestOutcomeReporter@31aa3ca5
10:22:44.749 [main] DEBUG n.t.core.reports.ReportService - Found reporter: net.thucydides.core.reports.html.HtmlAcceptanceTestReporter@45905bff(format = Optional[HTML])
10:22:44.749 [main] DEBUG n.t.core.reports.ReportService - Registering reporter: net.thucydides.core.reports.html.HtmlAcceptanceTestReporter@45905bff
10:22:44.749 [main] DEBUG n.t.core.reports.ReportService - Reporting formats: [JSON, HTML]
10:22:44.807 [main] DEBUG n.t.core.reports.ReportService - Reporting formats: [JSON, HTML]
10:22:44.808 [main] DEBUG n.t.core.reports.ReportService - Found reporter: net.thucydides.core.reports.xml.XMLTestOutcomeReporter@c1bd0be(format = Optional[XML])
10:22:44.808 [main] DEBUG n.t.core.reports.ReportService - Found reporter: net.thucydides.core.reports.json.JSONTestOutcomeReporter@476b0ae6(format = Optional[JSON])
10:22:44.808 [main] DEBUG n.t.core.reports.ReportService - Registering reporter: net.thucydides.core.reports.json.JSONTestOutcomeReporter@476b0ae6
10:22:44.809 [main] DEBUG n.t.core.reports.ReportService - Found reporter: net.thucydides.core.reports.html.HtmlAcceptanceTestReporter@1c6804cd(format = Optional[HTML])
10:22:44.810 [main] DEBUG n.t.core.reports.ReportService - Registering reporter: net.thucydides.core.reports.html.HtmlAcceptanceTestReporter@1c6804cd
10:22:44.811 [main] DEBUG n.t.core.reports.ReportService - Reporting formats: [JSON, HTML]
10:22:44.819 [main] DEBUG n.t.core.reports.ReportService - Reporting formats: [JSON, HTML]
10:22:44.820 [main] DEBUG n.t.core.reports.ReportService - Found reporter: net.thucydides.core.reports.xml.XMLTestOutcomeReporter@3a3e4aff(format = Optional[XML])
10:22:44.820 [main] DEBUG n.t.core.reports.ReportService - Found reporter: net.thucydides.core.reports.json.JSONTestOutcomeReporter@5d2a4eed(format = Optional[JSON])
10:22:44.820 [main] DEBUG n.t.core.reports.ReportService - Registering reporter: net.thucydides.core.reports.json.JSONTestOutcomeReporter@5d2a4eed
10:22:44.820 [main] DEBUG n.t.core.reports.ReportService - Found reporter: net.thucydides.core.reports.html.HtmlAcceptanceTestReporter@57459491(format = Optional[HTML])
10:22:44.820 [main] DEBUG n.t.core.reports.ReportService - Registering reporter: net.thucydides.core.reports.html.HtmlAcceptanceTestReporter@57459491
10:22:44.821 [main] DEBUG n.t.core.reports.ReportService - Reporting formats: [JSON, HTML]
10:22:44.828 [main] DEBUG n.t.core.reports.ReportService - Reporting formats: [JSON, HTML]
10:22:44.829 [main] DEBUG n.t.core.reports.ReportService - Found reporter: net.thucydides.core.reports.xml.XMLTestOutcomeReporter@5e81e5ac(format = Optional[XML])
10:22:44.829 [main] DEBUG n.t.core.reports.ReportService - Found reporter: net.thucydides.core.reports.json.JSONTestOutcomeReporter@4189d70b(format = Optional[JSON])
10:22:44.829 [main] DEBUG n.t.core.reports.ReportService - Registering reporter: net.thucydides.core.reports.json.JSONTestOutcomeReporter@4189d70b
10:22:44.829 [main] DEBUG n.t.core.reports.ReportService - Found reporter: net.thucydides.core.reports.html.HtmlAcceptanceTestReporter@3fa2213(format = Optional[HTML])
10:22:44.829 [main] DEBUG n.t.core.reports.ReportService - Registering reporter: net.thucydides.core.reports.html.HtmlAcceptanceTestReporter@3fa2213
10:22:44.830 [main] DEBUG n.t.core.reports.ReportService - Reporting formats: [JSON, HTML]
10:22:44.880 [main] DEBUG n.t.core.reports.ReportService - Reporting formats: [JSON, HTML]
10:22:44.883 [main] DEBUG n.t.core.reports.ReportService - Found reporter: net.thucydides.core.reports.xml.XMLTestOutcomeReporter@4044fb95(format = Optional[XML])
10:22:44.883 [main] DEBUG n.t.core.reports.ReportService - Found reporter: net.thucydides.core.reports.json.JSONTestOutcomeReporter@aa549e5(format = Optional[JSON])
10:22:44.884 [main] DEBUG n.t.core.reports.ReportService - Registering reporter: net.thucydides.core.reports.json.JSONTestOutcomeReporter@aa549e5
10:22:44.884 [main] DEBUG n.t.core.reports.ReportService - Found reporter: net.thucydides.core.reports.html.HtmlAcceptanceTestReporter@36f48b4(format = Optional[HTML])
10:22:44.884 [main] DEBUG n.t.core.reports.ReportService - Registering reporter: net.thucydides.core.reports.html.HtmlAcceptanceTestReporter@36f48b4
10:22:44.884 [main] DEBUG n.t.core.reports.ReportService - Reporting formats: [JSON, HTML]
10:22:44.891 [main] DEBUG n.t.core.reports.ReportService - Reporting formats: [JSON, HTML]
10:22:44.892 [main] DEBUG n.t.core.reports.ReportService - Found reporter: net.thucydides.core.reports.xml.XMLTestOutcomeReporter@72758afa(format = Optional[XML])
10:22:44.892 [main] DEBUG n.t.core.reports.ReportService - Found reporter: net.thucydides.core.reports.json.JSONTestOutcomeReporter@fb9c7aa(format = Optional[JSON])
10:22:44.892 [main] DEBUG n.t.core.reports.ReportService - Registering reporter: net.thucydides.core.reports.json.JSONTestOutcomeReporter@fb9c7aa
10:22:44.893 [main] DEBUG n.t.core.reports.ReportService - Found reporter: net.thucydides.core.reports.html.HtmlAcceptanceTestReporter@4c398c80(format = Optional[HTML])
10:22:44.893 [main] DEBUG n.t.core.reports.ReportService - Registering reporter: net.thucydides.core.reports.html.HtmlAcceptanceTestReporter@4c398c80
10:22:44.893 [main] DEBUG n.t.core.reports.ReportService - Reporting formats: [JSON, HTML]
10:22:44.901 [main] DEBUG n.t.core.reports.ReportService - Reporting formats: [JSON, HTML]
10:22:44.902 [main] DEBUG n.t.core.reports.ReportService - Found reporter: net.thucydides.core.reports.xml.XMLTestOutcomeReporter@4d18aa28(format = Optional[XML])
10:22:44.902 [main] DEBUG n.t.core.reports.ReportService - Found reporter: net.thucydides.core.reports.json.JSONTestOutcomeReporter@75390459(format = Optional[JSON])
10:22:44.902 [main] DEBUG n.t.core.reports.ReportService - Registering reporter: net.thucydides.core.reports.json.JSONTestOutcomeReporter@75390459
10:22:44.903 [main] DEBUG n.t.core.reports.ReportService - Found reporter: net.thucydides.core.reports.html.HtmlAcceptanceTestReporter@7756c3cd(format = Optional[HTML])
10:22:44.903 [main] DEBUG n.t.core.reports.ReportService - Registering reporter: net.thucydides.core.reports.html.HtmlAcceptanceTestReporter@7756c3cd
10:22:44.903 [main] DEBUG n.t.core.reports.ReportService - Reporting formats: [JSON, HTML]
10:22:44.910 [main] DEBUG n.t.core.reports.ReportService - Reporting formats: [JSON, HTML]
10:22:44.910 [main] DEBUG n.t.core.reports.ReportService - Found reporter: net.thucydides.core.reports.xml.XMLTestOutcomeReporter@62163b39(format = Optional[XML])
10:22:44.911 [main] DEBUG n.t.core.reports.ReportService - Found reporter: net.thucydides.core.reports.json.JSONTestOutcomeReporter@20a8a64e(format = Optional[JSON])
10:22:44.911 [main] DEBUG n.t.core.reports.ReportService - Registering reporter: net.thucydides.core.reports.json.JSONTestOutcomeReporter@20a8a64e
10:22:44.911 [main] DEBUG n.t.core.reports.ReportService - Found reporter: net.thucydides.core.reports.html.HtmlAcceptanceTestReporter@62f4ff3b(format = Optional[HTML])
10:22:44.911 [main] DEBUG n.t.core.reports.ReportService - Registering reporter: net.thucydides.core.reports.html.HtmlAcceptanceTestReporter@62f4ff3b
10:22:44.911 [main] DEBUG n.t.core.reports.ReportService - Reporting formats: [JSON, HTML]
10:22:44.962 [main] DEBUG n.t.core.reports.ReportService - Reporting formats: [JSON, HTML]
10:22:44.968 [main] DEBUG n.t.core.reports.ReportService - Found reporter: net.thucydides.core.reports.xml.XMLTestOutcomeReporter@f667fe(format = Optional[XML])
10:22:44.968 [main] DEBUG n.t.core.reports.ReportService - Found reporter: net.thucydides.core.reports.json.JSONTestOutcomeReporter@788fcafb(format = Optional[JSON])
10:22:44.968 [main] DEBUG n.t.core.reports.ReportService - Registering reporter: net.thucydides.core.reports.json.JSONTestOutcomeReporter@788fcafb
10:22:44.968 [main] DEBUG n.t.core.reports.ReportService - Found reporter: net.thucydides.core.reports.html.HtmlAcceptanceTestReporter@4febb875(format = Optional[HTML])
10:22:44.968 [main] DEBUG n.t.core.reports.ReportService - Registering reporter: net.thucydides.core.reports.html.HtmlAcceptanceTestReporter@4febb875
10:22:45.002 [main] DEBUG n.t.core.reports.ReportService - Reporting formats: [JSON, HTML]
10:22:45.009 [main] DEBUG n.t.core.reports.ReportService - Reporting formats: [JSON, HTML]
10:22:45.010 [main] DEBUG n.t.core.reports.ReportService - Found reporter: net.thucydides.core.reports.xml.XMLTestOutcomeReporter@b78a709(format = Optional[XML])
10:22:45.011 [main] DEBUG n.t.core.reports.ReportService - Found reporter: net.thucydides.core.reports.json.JSONTestOutcomeReporter@30bcf3c1(format = Optional[JSON])
10:22:45.011 [main] DEBUG n.t.core.reports.ReportService - Registering reporter: net.thucydides.core.reports.json.JSONTestOutcomeReporter@30bcf3c1
10:22:45.011 [main] DEBUG n.t.core.reports.ReportService - Found reporter: net.thucydides.core.reports.html.HtmlAcceptanceTestReporter@2a3c96e3(format = Optional[HTML])
10:22:45.011 [main] DEBUG n.t.core.reports.ReportService - Registering reporter: net.thucydides.core.reports.html.HtmlAcceptanceTestReporter@2a3c96e3
10:22:45.011 [main] DEBUG n.t.core.reports.ReportService - Reporting formats: [JSON, HTML]
10:22:45.019 [main] DEBUG n.t.core.reports.ReportService - Reporting formats: [JSON, HTML]
10:22:45.020 [main] DEBUG n.t.core.reports.ReportService - Found reporter: net.thucydides.core.reports.xml.XMLTestOutcomeReporter@129b4fe2(format = Optional[XML])
10:22:45.021 [main] DEBUG n.t.core.reports.ReportService - Found reporter: net.thucydides.core.reports.json.JSONTestOutcomeReporter@5af3a0f(format = Optional[JSON])
10:22:45.021 [main] DEBUG n.t.core.reports.ReportService - Registering reporter: net.thucydides.core.reports.json.JSONTestOutcomeReporter@5af3a0f
10:22:45.021 [main] DEBUG n.t.core.reports.ReportService - Found reporter: net.thucydides.core.reports.html.HtmlAcceptanceTestReporter@19ae6bb(format = Optional[HTML])
10:22:45.021 [main] DEBUG n.t.core.reports.ReportService - Registering reporter: net.thucydides.core.reports.html.HtmlAcceptanceTestReporter@19ae6bb
10:22:45.022 [main] DEBUG n.t.core.reports.ReportService - Reporting formats: [JSON, HTML]
10:22:45.056 [main] DEBUG n.t.core.reports.ReportService - Reporting formats: [JSON, HTML]
10:22:45.057 [main] DEBUG n.t.core.reports.ReportService - Found reporter: net.thucydides.core.reports.xml.XMLTestOutcomeReporter@d8305c2(format = Optional[XML])
10:22:45.059 [main] DEBUG n.t.core.reports.ReportService - Found reporter: net.thucydides.core.reports.json.JSONTestOutcomeReporter@56bca85b(format = Optional[JSON])
10:22:45.059 [main] DEBUG n.t.core.reports.ReportService - Registering reporter: net.thucydides.core.reports.json.JSONTestOutcomeReporter@56bca85b
10:22:45.060 [main] DEBUG n.t.core.reports.ReportService - Found reporter: net.thucydides.core.reports.html.HtmlAcceptanceTestReporter@75d0911a(format = Optional[HTML])
10:22:45.060 [main] DEBUG n.t.core.reports.ReportService - Registering reporter: net.thucydides.core.reports.html.HtmlAcceptanceTestReporter@75d0911a
10:22:45.062 [main] DEBUG n.t.core.reports.ReportService - Reporting formats: [JSON, HTML]
10:22:45.107 [main] DEBUG n.t.core.reports.ReportService - Reporting formats: [JSON, HTML]
10:22:45.110 [main] DEBUG n.t.core.reports.ReportService - Found reporter: net.thucydides.core.reports.xml.XMLTestOutcomeReporter@a8e6492(format = Optional[XML])
10:22:45.111 [main] DEBUG n.t.core.reports.ReportService - Found reporter: net.thucydides.core.reports.json.JSONTestOutcomeReporter@1c7fd41f(format = Optional[JSON])
10:22:45.111 [main] DEBUG n.t.core.reports.ReportService - Registering reporter: net.thucydides.core.reports.json.JSONTestOutcomeReporter@1c7fd41f
10:22:45.112 [main] DEBUG n.t.core.reports.ReportService - Found reporter: net.thucydides.core.reports.html.HtmlAcceptanceTestReporter@3b77a04f(format = Optional[HTML])
10:22:45.112 [main] DEBUG n.t.core.reports.ReportService - Registering reporter: net.thucydides.core.reports.html.HtmlAcceptanceTestReporter@3b77a04f
10:22:45.112 [main] DEBUG n.t.core.reports.ReportService - Reporting formats: [JSON, HTML]
10:22:45.155 [main] DEBUG n.t.core.reports.ReportService - Reporting formats: [JSON, HTML]
10:22:45.160 [main] DEBUG n.t.core.reports.ReportService - Found reporter: net.thucydides.core.reports.xml.XMLTestOutcomeReporter@4fbda97b(format = Optional[XML])
10:22:45.160 [main] DEBUG n.t.core.reports.ReportService - Found reporter: net.thucydides.core.reports.json.JSONTestOutcomeReporter@75f5fd58(format = Optional[JSON])
10:22:45.160 [main] DEBUG n.t.core.reports.ReportService - Registering reporter: net.thucydides.core.reports.json.JSONTestOutcomeReporter@75f5fd58
10:22:45.160 [main] DEBUG n.t.core.reports.ReportService - Found reporter: net.thucydides.core.reports.html.HtmlAcceptanceTestReporter@37b70343(format = Optional[HTML])
10:22:45.161 [main] DEBUG n.t.core.reports.ReportService - Registering reporter: net.thucydides.core.reports.html.HtmlAcceptanceTestReporter@37b70343
10:22:45.162 [main] DEBUG n.t.core.reports.ReportService - Reporting formats: [JSON, HTML]
10:22:45.173 [main] DEBUG n.t.core.reports.ReportService - Reporting formats: [JSON, HTML]
10:22:45.174 [main] DEBUG n.t.core.reports.ReportService - Found reporter: net.thucydides.core.reports.xml.XMLTestOutcomeReporter@dcfda20(format = Optional[XML])
10:22:45.174 [main] DEBUG n.t.core.reports.ReportService - Found reporter: net.thucydides.core.reports.json.JSONTestOutcomeReporter@6d304f9d(format = Optional[JSON])
10:22:45.174 [main] DEBUG n.t.core.reports.ReportService - Registering reporter: net.thucydides.core.reports.json.JSONTestOutcomeReporter@6d304f9d
10:22:45.174 [main] DEBUG n.t.core.reports.ReportService - Found reporter: net.thucydides.core.reports.html.HtmlAcceptanceTestReporter@f73dcd6(format = Optional[HTML])
10:22:45.174 [main] DEBUG n.t.core.reports.ReportService - Registering reporter: net.thucydides.core.reports.html.HtmlAcceptanceTestReporter@f73dcd6
10:22:45.174 [main] DEBUG n.t.core.reports.ReportService - Reporting formats: [JSON, HTML]
10:22:45.181 [main] DEBUG n.t.core.reports.ReportService - Reporting formats: [JSON, HTML]
10:22:45.183 [main] DEBUG n.t.core.reports.ReportService - Found reporter: net.thucydides.core.reports.xml.XMLTestOutcomeReporter@75ed9710(format = Optional[XML])
10:22:45.183 [main] DEBUG n.t.core.reports.ReportService - Found reporter: net.thucydides.core.reports.json.JSONTestOutcomeReporter@4fc5e095(format = Optional[JSON])
10:22:45.183 [main] DEBUG n.t.core.reports.ReportService - Registering reporter: net.thucydides.core.reports.json.JSONTestOutcomeReporter@4fc5e095
10:22:45.183 [main] DEBUG n.t.core.reports.ReportService - Found reporter: net.thucydides.core.reports.html.HtmlAcceptanceTestReporter@435871cb(format = Optional[HTML])
10:22:45.183 [main] DEBUG n.t.core.reports.ReportService - Registering reporter: net.thucydides.core.reports.html.HtmlAcceptanceTestReporter@435871cb
10:22:45.184 [main] DEBUG n.t.core.reports.ReportService - Reporting formats: [JSON, HTML]
10:22:45.190 [main] DEBUG n.t.core.reports.ReportService - Reporting formats: [JSON, HTML]
10:22:45.191 [main] DEBUG n.t.core.reports.ReportService - Found reporter: net.thucydides.core.reports.xml.XMLTestOutcomeReporter@efde75f(format = Optional[XML])
10:22:45.191 [main] DEBUG n.t.core.reports.ReportService - Found reporter: net.thucydides.core.reports.json.JSONTestOutcomeReporter@16ecee1(format = Optional[JSON])
10:22:45.191 [main] DEBUG n.t.core.reports.ReportService - Registering reporter: net.thucydides.core.reports.json.JSONTestOutcomeReporter@16ecee1
10:22:45.192 [main] DEBUG n.t.core.reports.ReportService - Found reporter: net.thucydides.core.reports.html.HtmlAcceptanceTestReporter@3b220bcb(format = Optional[HTML])
10:22:45.192 [main] DEBUG n.t.core.reports.ReportService - Registering reporter: net.thucydides.core.reports.html.HtmlAcceptanceTestReporter@3b220bcb
10:22:45.192 [main] DEBUG n.t.core.reports.ReportService - Reporting formats: [JSON, HTML]
10:22:45.236 [main] DEBUG n.t.core.reports.ReportService - Reporting formats: [JSON, HTML]
10:22:45.237 [main] DEBUG n.t.core.reports.ReportService - Found reporter: net.thucydides.core.reports.xml.XMLTestOutcomeReporter@1d8062d2(format = Optional[XML])
10:22:45.238 [main] DEBUG n.t.core.reports.ReportService - Found reporter: net.thucydides.core.reports.json.JSONTestOutcomeReporter@1e63ec0b(format = Optional[JSON])
10:22:45.238 [main] DEBUG n.t.core.reports.ReportService - Registering reporter: net.thucydides.core.reports.json.JSONTestOutcomeReporter@1e63ec0b
10:22:45.238 [main] DEBUG n.t.core.reports.ReportService - Found reporter: net.thucydides.core.reports.html.HtmlAcceptanceTestReporter@3b956878(format = Optional[HTML])
10:22:45.238 [main] DEBUG n.t.core.reports.ReportService - Registering reporter: net.thucydides.core.reports.html.HtmlAcceptanceTestReporter@3b956878
10:22:45.238 [main] DEBUG n.t.core.reports.ReportService - Reporting formats: [JSON, HTML]
10:22:45.246 [main] DEBUG n.t.core.reports.ReportService - Reporting formats: [JSON, HTML]
10:22:45.247 [main] DEBUG n.t.core.reports.ReportService - Found reporter: net.thucydides.core.reports.xml.XMLTestOutcomeReporter@7be58f16(format = Optional[XML])
10:22:45.247 [main] DEBUG n.t.core.reports.ReportService - Found reporter: net.thucydides.core.reports.json.JSONTestOutcomeReporter@242aa8d9(format = Optional[JSON])
10:22:45.247 [main] DEBUG n.t.core.reports.ReportService - Registering reporter: net.thucydides.core.reports.json.JSONTestOutcomeReporter@242aa8d9
10:22:45.248 [main] DEBUG n.t.core.reports.ReportService - Found reporter: net.thucydides.core.reports.html.HtmlAcceptanceTestReporter@5b11a194(format = Optional[HTML])
10:22:45.248 [main] DEBUG n.t.core.reports.ReportService - Registering reporter: net.thucydides.core.reports.html.HtmlAcceptanceTestReporter@5b11a194
10:22:45.248 [main] DEBUG n.t.core.reports.ReportService - Reporting formats: [JSON, HTML]
10:22:45.274 [main] DEBUG n.t.core.reports.ReportService - Reporting formats: [JSON, HTML]
10:22:45.276 [main] DEBUG n.t.core.reports.ReportService - Found reporter: net.thucydides.core.reports.xml.XMLTestOutcomeReporter@636e8cc(format = Optional[XML])
10:22:45.276 [main] DEBUG n.t.core.reports.ReportService - Found reporter: net.thucydides.core.reports.json.JSONTestOutcomeReporter@f79a760(format = Optional[JSON])
10:22:45.276 [main] DEBUG n.t.core.reports.ReportService - Registering reporter: net.thucydides.core.reports.json.JSONTestOutcomeReporter@f79a760
10:22:45.277 [main] DEBUG n.t.core.reports.ReportService - Found reporter: net.thucydides.core.reports.html.HtmlAcceptanceTestReporter@14f5da2c(format = Optional[HTML])
10:22:45.277 [main] DEBUG n.t.core.reports.ReportService - Registering reporter: net.thucydides.core.reports.html.HtmlAcceptanceTestReporter@14f5da2c
10:22:45.277 [main] DEBUG n.t.core.reports.ReportService - Reporting formats: [JSON, HTML]
10:22:45.316 [main] DEBUG n.t.core.reports.ReportService - Reporting formats: [JSON, HTML]
10:22:45.317 [main] DEBUG n.t.core.reports.ReportService - Found reporter: net.thucydides.core.reports.xml.XMLTestOutcomeReporter@53f48368(format = Optional[XML])
10:22:45.319 [main] DEBUG n.t.core.reports.ReportService - Found reporter: net.thucydides.core.reports.json.JSONTestOutcomeReporter@24d4d7c9(format = Optional[JSON])
10:22:45.319 [main] DEBUG n.t.core.reports.ReportService - Registering reporter: net.thucydides.core.reports.json.JSONTestOutcomeReporter@24d4d7c9
10:22:45.319 [main] DEBUG n.t.core.reports.ReportService - Found reporter: net.thucydides.core.reports.html.HtmlAcceptanceTestReporter@f0e995e(format = Optional[HTML])
10:22:45.320 [main] DEBUG n.t.core.reports.ReportService - Registering reporter: net.thucydides.core.reports.html.HtmlAcceptanceTestReporter@f0e995e
10:22:45.320 [main] DEBUG n.t.core.reports.ReportService - Reporting formats: [JSON, HTML]
10:22:45.327 [main] DEBUG n.t.core.reports.ReportService - Reporting formats: [JSON, HTML]
10:22:45.328 [main] DEBUG n.t.core.reports.ReportService - Found reporter: net.thucydides.core.reports.xml.XMLTestOutcomeReporter@1623134f(format = Optional[XML])
10:22:45.328 [main] DEBUG n.t.core.reports.ReportService - Found reporter: net.thucydides.core.reports.json.JSONTestOutcomeReporter@7a527389(format = Optional[JSON])
10:22:45.328 [main] DEBUG n.t.core.reports.ReportService - Registering reporter: net.thucydides.core.reports.json.JSONTestOutcomeReporter@7a527389
10:22:45.328 [main] DEBUG n.t.core.reports.ReportService - Found reporter: net.thucydides.core.reports.html.HtmlAcceptanceTestReporter@485a3466(format = Optional[HTML])
10:22:45.328 [main] DEBUG n.t.core.reports.ReportService - Registering reporter: net.thucydides.core.reports.html.HtmlAcceptanceTestReporter@485a3466
10:22:45.329 [main] DEBUG n.t.core.reports.ReportService - Reporting formats: [JSON, HTML]
10:22:45.336 [main] DEBUG n.t.core.reports.ReportService - Reporting formats: [JSON, HTML]
10:22:45.337 [main] DEBUG n.t.core.reports.ReportService - Found reporter: net.thucydides.core.reports.xml.XMLTestOutcomeReporter@4baf352a(format = Optional[XML])
10:22:45.337 [main] DEBUG n.t.core.reports.ReportService - Found reporter: net.thucydides.core.reports.json.JSONTestOutcomeReporter@1bb1fde8(format = Optional[JSON])
10:22:45.337 [main] DEBUG n.t.core.reports.ReportService - Registering reporter: net.thucydides.core.reports.json.JSONTestOutcomeReporter@1bb1fde8
10:22:45.337 [main] DEBUG n.t.core.reports.ReportService - Found reporter: net.thucydides.core.reports.html.HtmlAcceptanceTestReporter@15eebbff(format = Optional[HTML])
10:22:45.337 [main] DEBUG n.t.core.reports.ReportService - Registering reporter: net.thucydides.core.reports.html.HtmlAcceptanceTestReporter@15eebbff
10:22:45.337 [main] DEBUG n.t.core.reports.ReportService - Reporting formats: [JSON, HTML]
10:22:45.345 [main] DEBUG n.t.core.reports.ReportService - Reporting formats: [JSON, HTML]
10:22:45.346 [main] DEBUG n.t.core.reports.ReportService - Found reporter: net.thucydides.core.reports.xml.XMLTestOutcomeReporter@305f7627(format = Optional[XML])
10:22:45.346 [main] DEBUG n.t.core.reports.ReportService - Found reporter: net.thucydides.core.reports.json.JSONTestOutcomeReporter@5d018107(format = Optional[JSON])
10:22:45.346 [main] DEBUG n.t.core.reports.ReportService - Registering reporter: net.thucydides.core.reports.json.JSONTestOutcomeReporter@5d018107
10:22:45.346 [main] DEBUG n.t.core.reports.ReportService - Found reporter: net.thucydides.core.reports.html.HtmlAcceptanceTestReporter@6cbcf243(format = Optional[HTML])
10:22:45.346 [main] DEBUG n.t.core.reports.ReportService - Registering reporter: net.thucydides.core.reports.html.HtmlAcceptanceTestReporter@6cbcf243
10:22:45.348 [main] DEBUG n.t.core.reports.ReportService - Reporting formats: [JSON, HTML]
10:22:45.410 [main] DEBUG n.t.core.reports.ReportService - Reporting formats: [JSON, HTML]
10:22:45.412 [main] DEBUG n.t.core.reports.ReportService - Found reporter: net.thucydides.core.reports.xml.XMLTestOutcomeReporter@366ef90e(format = Optional[XML])
10:22:45.413 [main] DEBUG n.t.core.reports.ReportService - Found reporter: net.thucydides.core.reports.json.JSONTestOutcomeReporter@33e01298(format = Optional[JSON])
10:22:45.413 [main] DEBUG n.t.core.reports.ReportService - Registering reporter: net.thucydides.core.reports.json.JSONTestOutcomeReporter@33e01298
10:22:45.413 [main] DEBUG n.t.core.reports.ReportService - Found reporter: net.thucydides.core.reports.html.HtmlAcceptanceTestReporter@31e75d13(format = Optional[HTML])
10:22:45.413 [main] DEBUG n.t.core.reports.ReportService - Registering reporter: net.thucydides.core.reports.html.HtmlAcceptanceTestReporter@31e75d13
10:22:45.414 [main] DEBUG n.t.core.reports.ReportService - Reporting formats: [JSON, HTML]
10:22:45.421 [main] DEBUG n.t.core.reports.ReportService - Reporting formats: [JSON, HTML]
10:22:45.422 [main] DEBUG n.t.core.reports.ReportService - Found reporter: net.thucydides.core.reports.xml.XMLTestOutcomeReporter@5778826f(format = Optional[XML])
10:22:45.423 [main] DEBUG n.t.core.reports.ReportService - Found reporter: net.thucydides.core.reports.json.JSONTestOutcomeReporter@5b64c4b7(format = Optional[JSON])
10:22:45.423 [main] DEBUG n.t.core.reports.ReportService - Registering reporter: net.thucydides.core.reports.json.JSONTestOutcomeReporter@5b64c4b7
10:22:45.423 [main] DEBUG n.t.core.reports.ReportService - Found reporter: net.thucydides.core.reports.html.HtmlAcceptanceTestReporter@4763c727(format = Optional[HTML])
10:22:45.423 [main] DEBUG n.t.core.reports.ReportService - Registering reporter: net.thucydides.core.reports.html.HtmlAcceptanceTestReporter@4763c727
10:22:45.423 [main] DEBUG n.t.core.reports.ReportService - Reporting formats: [JSON, HTML]
10:22:45.430 [main] DEBUG n.t.core.reports.ReportService - Reporting formats: [JSON, HTML]
10:22:45.432 [main] DEBUG n.t.core.reports.ReportService - Found reporter: net.thucydides.core.reports.xml.XMLTestOutcomeReporter@2dbf4cbd(format = Optional[XML])
10:22:45.432 [main] DEBUG n.t.core.reports.ReportService - Found reporter: net.thucydides.core.reports.json.JSONTestOutcomeReporter@20b5f2ac(format = Optional[JSON])
10:22:45.432 [main] DEBUG n.t.core.reports.ReportService - Registering reporter: net.thucydides.core.reports.json.JSONTestOutcomeReporter@20b5f2ac
10:22:45.432 [main] DEBUG n.t.core.reports.ReportService - Found reporter: net.thucydides.core.reports.html.HtmlAcceptanceTestReporter@7fc44dec(format = Optional[HTML])
10:22:45.432 [main] DEBUG n.t.core.reports.ReportService - Registering reporter: net.thucydides.core.reports.html.HtmlAcceptanceTestReporter@7fc44dec
10:22:45.437 [main] DEBUG n.t.core.reports.ReportService - Reporting formats: [JSON, HTML]
10:22:45.444 [main] DEBUG n.t.core.reports.ReportService - Reporting formats: [JSON, HTML]
10:22:45.445 [main] DEBUG n.t.core.reports.ReportService - Found reporter: net.thucydides.core.reports.xml.XMLTestOutcomeReporter@878452d(format = Optional[XML])
10:22:45.446 [main] DEBUG n.t.core.reports.ReportService - Found reporter: net.thucydides.core.reports.json.JSONTestOutcomeReporter@426b6a74(format = Optional[JSON])
10:22:45.446 [main] DEBUG n.t.core.reports.ReportService - Registering reporter: net.thucydides.core.reports.json.JSONTestOutcomeReporter@426b6a74
10:22:45.446 [main] DEBUG n.t.core.reports.ReportService - Found reporter: net.thucydides.core.reports.html.HtmlAcceptanceTestReporter@4c51bb7(format = Optional[HTML])
10:22:45.446 [main] DEBUG n.t.core.reports.ReportService - Registering reporter: net.thucydides.core.reports.html.HtmlAcceptanceTestReporter@4c51bb7
10:22:45.447 [main] DEBUG n.t.core.reports.ReportService - Reporting formats: [JSON, HTML]
10:22:45.481 [main] DEBUG n.t.core.reports.ReportService - Reporting formats: [JSON, HTML]
10:22:45.483 [main] DEBUG n.t.core.reports.ReportService - Found reporter: net.thucydides.core.reports.xml.XMLTestOutcomeReporter@5536379e(format = Optional[XML])
10:22:45.483 [main] DEBUG n.t.core.reports.ReportService - Found reporter: net.thucydides.core.reports.json.JSONTestOutcomeReporter@277f7dd3(format = Optional[JSON])
10:22:45.483 [main] DEBUG n.t.core.reports.ReportService - Registering reporter: net.thucydides.core.reports.json.JSONTestOutcomeReporter@277f7dd3
10:22:45.484 [main] DEBUG n.t.core.reports.ReportService - Found reporter: net.thucydides.core.reports.html.HtmlAcceptanceTestReporter@6c8bca63(format = Optional[HTML])
10:22:45.484 [main] DEBUG n.t.core.reports.ReportService - Registering reporter: net.thucydides.core.reports.html.HtmlAcceptanceTestReporter@6c8bca63
10:22:45.485 [main] DEBUG n.t.core.reports.ReportService - Reporting formats: [JSON, HTML]
10:22:45.491 [main] DEBUG n.t.core.reports.ReportService - Reporting formats: [JSON, HTML]
10:22:45.492 [main] DEBUG n.t.core.reports.ReportService - Found reporter: net.thucydides.core.reports.xml.XMLTestOutcomeReporter@376a312c(format = Optional[XML])
10:22:45.492 [main] DEBUG n.t.core.reports.ReportService - Found reporter: net.thucydides.core.reports.json.JSONTestOutcomeReporter@28d6290(format = Optional[JSON])
10:22:45.492 [main] DEBUG n.t.core.reports.ReportService - Registering reporter: net.thucydides.core.reports.json.JSONTestOutcomeReporter@28d6290
10:22:45.493 [main] DEBUG n.t.core.reports.ReportService - Found reporter: net.thucydides.core.reports.html.HtmlAcceptanceTestReporter@6ca0256d(format = Optional[HTML])
10:22:45.493 [main] DEBUG n.t.core.reports.ReportService - Registering reporter: net.thucydides.core.reports.html.HtmlAcceptanceTestReporter@6ca0256d
10:22:45.493 [main] DEBUG n.t.core.reports.ReportService - Reporting formats: [JSON, HTML]
10:22:45.556 [main] DEBUG n.t.core.reports.ReportService - Reporting formats: [JSON, HTML]
10:22:45.560 [main] DEBUG n.t.core.reports.ReportService - Found reporter: net.thucydides.core.reports.xml.XMLTestOutcomeReporter@2cac4385(format = Optional[XML])
10:22:45.561 [main] DEBUG n.t.core.reports.ReportService - Found reporter: net.thucydides.core.reports.json.JSONTestOutcomeReporter@6731787b(format = Optional[JSON])
10:22:45.561 [main] DEBUG n.t.core.reports.ReportService - Registering reporter: net.thucydides.core.reports.json.JSONTestOutcomeReporter@6731787b
10:22:45.561 [main] DEBUG n.t.core.reports.ReportService - Found reporter: net.thucydides.core.reports.html.HtmlAcceptanceTestReporter@16f7b4af(format = Optional[HTML])
10:22:45.561 [main] DEBUG n.t.core.reports.ReportService - Registering reporter: net.thucydides.core.reports.html.HtmlAcceptanceTestReporter@16f7b4af
10:22:45.561 [main] DEBUG n.t.core.reports.ReportService - Reporting formats: [JSON, HTML]
10:22:45.628 [main] DEBUG n.t.core.reports.ReportService - Reporting formats: [JSON, HTML]
10:22:45.628 [main] DEBUG n.t.core.reports.ReportService - Found reporter: net.thucydides.core.reports.xml.XMLTestOutcomeReporter@1d7f7be7(format = Optional[XML])
10:22:45.628 [main] DEBUG n.t.core.reports.ReportService - Found reporter: net.thucydides.core.reports.json.JSONTestOutcomeReporter@42f3156d(format = Optional[JSON])
10:22:45.628 [main] DEBUG n.t.core.reports.ReportService - Registering reporter: net.thucydides.core.reports.json.JSONTestOutcomeReporter@42f3156d
10:22:45.629 [main] DEBUG n.t.core.reports.ReportService - Found reporter: net.thucydides.core.reports.html.HtmlAcceptanceTestReporter@1ddae9b5(format = Optional[HTML])
10:22:45.629 [main] DEBUG n.t.core.reports.ReportService - Registering reporter: net.thucydides.core.reports.html.HtmlAcceptanceTestReporter@1ddae9b5
10:22:45.629 [main] DEBUG n.t.core.reports.ReportService - Reporting formats: [JSON, HTML]
10:22:45.733 [main] DEBUG n.t.core.reports.ReportService - Reporting formats: [JSON, HTML]
10:22:45.733 [main] DEBUG n.t.core.reports.ReportService - Found reporter: net.thucydides.core.reports.xml.XMLTestOutcomeReporter@346939bf(format = Optional[XML])
10:22:45.734 [main] DEBUG n.t.core.reports.ReportService - Found reporter: net.thucydides.core.reports.json.JSONTestOutcomeReporter@4bf3798b(format = Optional[JSON])
10:22:45.734 [main] DEBUG n.t.core.reports.ReportService - Registering reporter: net.thucydides.core.reports.json.JSONTestOutcomeReporter@4bf3798b
10:22:45.734 [main] DEBUG n.t.core.reports.ReportService - Found reporter: net.thucydides.core.reports.html.HtmlAcceptanceTestReporter@58670130(format = Optional[HTML])
10:22:45.734 [main] DEBUG n.t.core.reports.ReportService - Registering reporter: net.thucydides.core.reports.html.HtmlAcceptanceTestReporter@58670130
10:22:45.735 [main] DEBUG n.t.core.reports.ReportService - Reporting formats: [JSON, HTML]
10:22:45.748 [main] DEBUG n.t.core.reports.ReportService - Reporting formats: [JSON, HTML]
10:22:45.749 [main] DEBUG n.t.core.reports.ReportService - Found reporter: net.thucydides.core.reports.xml.XMLTestOutcomeReporter@162be91c(format = Optional[XML])
10:22:45.750 [main] DEBUG n.t.core.reports.ReportService - Found reporter: net.thucydides.core.reports.json.JSONTestOutcomeReporter@2488b073(format = Optional[JSON])
10:22:45.750 [main] DEBUG n.t.core.reports.ReportService - Registering reporter: net.thucydides.core.reports.json.JSONTestOutcomeReporter@2488b073
10:22:45.752 [main] DEBUG n.t.core.reports.ReportService - Found reporter: net.thucydides.core.reports.html.HtmlAcceptanceTestReporter@1c9f0a20(format = Optional[HTML])
10:22:45.752 [main] DEBUG n.t.core.reports.ReportService - Registering reporter: net.thucydides.core.reports.html.HtmlAcceptanceTestReporter@1c9f0a20
10:22:45.753 [main] DEBUG n.t.core.reports.ReportService - Reporting formats: [JSON, HTML]
10:22:45.762 [main] DEBUG n.t.core.reports.ReportService - Reporting formats: [JSON, HTML]
10:22:45.765 [main] DEBUG n.t.core.reports.ReportService - Found reporter: net.thucydides.core.reports.xml.XMLTestOutcomeReporter@7c7d3c46(format = Optional[XML])
10:22:45.765 [main] DEBUG n.t.core.reports.ReportService - Found reporter: net.thucydides.core.reports.json.JSONTestOutcomeReporter@24fb6a80(format = Optional[JSON])
10:22:45.765 [main] DEBUG n.t.core.reports.ReportService - Registering reporter: net.thucydides.core.reports.json.JSONTestOutcomeReporter@24fb6a80
10:22:45.765 [main] DEBUG n.t.core.reports.ReportService - Found reporter: net.thucydides.core.reports.html.HtmlAcceptanceTestReporter@48c35007(format = Optional[HTML])
10:22:45.765 [main] DEBUG n.t.core.reports.ReportService - Registering reporter: net.thucydides.core.reports.html.HtmlAcceptanceTestReporter@48c35007
10:22:45.766 [main] DEBUG n.t.core.reports.ReportService - Reporting formats: [JSON, HTML]
10:22:45.772 [main] DEBUG n.t.core.reports.ReportService - Reporting formats: [JSON, HTML]
10:22:45.773 [main] DEBUG n.t.core.reports.ReportService - Found reporter: net.thucydides.core.reports.xml.XMLTestOutcomeReporter@107ed6fc(format = Optional[XML])
10:22:45.852 [main] DEBUG n.t.core.reports.ReportService - Found reporter: net.thucydides.core.reports.json.JSONTestOutcomeReporter@1643d68f(format = Optional[JSON])
10:22:45.852 [main] DEBUG n.t.core.reports.ReportService - Registering reporter: net.thucydides.core.reports.json.JSONTestOutcomeReporter@1643d68f
10:22:45.853 [main] DEBUG n.t.core.reports.ReportService - Found reporter: net.thucydides.core.reports.html.HtmlAcceptanceTestReporter@186978a6(format = Optional[HTML])
10:22:45.853 [main] DEBUG n.t.core.reports.ReportService - Registering reporter: net.thucydides.core.reports.html.HtmlAcceptanceTestReporter@186978a6
10:22:45.853 [main] DEBUG n.t.core.reports.ReportService - Reporting formats: [JSON, HTML]
10:22:45.868 [main] DEBUG n.t.core.reports.ReportService - Reporting formats: [JSON, HTML]
10:22:45.869 [main] DEBUG n.t.core.reports.ReportService - Found reporter: net.thucydides.core.reports.xml.XMLTestOutcomeReporter@741b3bc3(format = Optional[XML])
10:22:45.869 [main] DEBUG n.t.core.reports.ReportService - Found reporter: net.thucydides.core.reports.json.JSONTestOutcomeReporter@2ed3b1f5(format = Optional[JSON])
10:22:45.869 [main] DEBUG n.t.core.reports.ReportService - Registering reporter: net.thucydides.core.reports.json.JSONTestOutcomeReporter@2ed3b1f5
10:22:45.870 [main] DEBUG n.t.core.reports.ReportService - Found reporter: net.thucydides.core.reports.html.HtmlAcceptanceTestReporter@63648ee9(format = Optional[HTML])
10:22:45.870 [main] DEBUG n.t.core.reports.ReportService - Registering reporter: net.thucydides.core.reports.html.HtmlAcceptanceTestReporter@63648ee9
10:22:45.871 [main] DEBUG n.t.core.reports.ReportService - Reporting formats: [JSON, HTML]
10:22:45.894 [main] DEBUG n.t.core.reports.ReportService - Reporting formats: [JSON, HTML]
10:22:45.901 [main] DEBUG n.t.core.reports.ReportService - Found reporter: net.thucydides.core.reports.xml.XMLTestOutcomeReporter@545de5a4(format = Optional[XML])
10:22:45.902 [main] DEBUG n.t.core.reports.ReportService - Found reporter: net.thucydides.core.reports.json.JSONTestOutcomeReporter@29ef6856(format = Optional[JSON])
10:22:45.902 [main] DEBUG n.t.core.reports.ReportService - Registering reporter: net.thucydides.core.reports.json.JSONTestOutcomeReporter@29ef6856
10:22:45.902 [main] DEBUG n.t.core.reports.ReportService - Found reporter: net.thucydides.core.reports.html.HtmlAcceptanceTestReporter@ab7a938(format = Optional[HTML])
10:22:45.902 [main] DEBUG n.t.core.reports.ReportService - Registering reporter: net.thucydides.core.reports.html.HtmlAcceptanceTestReporter@ab7a938
10:22:45.903 [main] DEBUG n.t.core.reports.ReportService - Reporting formats: [JSON, HTML]
10:22:45.910 [main] DEBUG n.t.core.reports.ReportService - Reporting formats: [JSON, HTML]
10:22:45.911 [main] DEBUG n.t.core.reports.ReportService - Found reporter: net.thucydides.core.reports.xml.XMLTestOutcomeReporter@319988b0(format = Optional[XML])
10:22:45.911 [main] DEBUG n.t.core.reports.ReportService - Found reporter: net.thucydides.core.reports.json.JSONTestOutcomeReporter@d5ae57e(format = Optional[JSON])
10:22:45.911 [main] DEBUG n.t.core.reports.ReportService - Registering reporter: net.thucydides.core.reports.json.JSONTestOutcomeReporter@d5ae57e
10:22:45.913 [main] DEBUG n.t.core.reports.ReportService - Found reporter: net.thucydides.core.reports.html.HtmlAcceptanceTestReporter@68759011(format = Optional[HTML])
10:22:45.913 [main] DEBUG n.t.core.reports.ReportService - Registering reporter: net.thucydides.core.reports.html.HtmlAcceptanceTestReporter@68759011
10:22:45.913 [main] DEBUG n.t.core.reports.ReportService - Reporting formats: [JSON, HTML]
10:22:46.031 [main] DEBUG n.t.core.reports.ReportService - Reporting formats: [JSON, HTML]
10:22:46.032 [main] DEBUG n.t.core.reports.ReportService - Found reporter: net.thucydides.core.reports.xml.XMLTestOutcomeReporter@7fcbe147(format = Optional[XML])
10:22:46.032 [main] DEBUG n.t.core.reports.ReportService - Found reporter: net.thucydides.core.reports.json.JSONTestOutcomeReporter@235f4c10(format = Optional[JSON])
10:22:46.033 [main] DEBUG n.t.core.reports.ReportService - Registering reporter: net.thucydides.core.reports.json.JSONTestOutcomeReporter@235f4c10
10:22:46.033 [main] DEBUG n.t.core.reports.ReportService - Found reporter: net.thucydides.core.reports.html.HtmlAcceptanceTestReporter@743cb8e0(format = Optional[HTML])
10:22:46.033 [main] DEBUG n.t.core.reports.ReportService - Registering reporter: net.thucydides.core.reports.html.HtmlAcceptanceTestReporter@743cb8e0
10:22:46.033 [main] DEBUG n.t.core.reports.ReportService - Reporting formats: [JSON, HTML]
10:22:46.040 [main] DEBUG n.t.core.reports.ReportService - Reporting formats: [JSON, HTML]
10:22:46.041 [main] DEBUG n.t.core.reports.ReportService - Found reporter: net.thucydides.core.reports.xml.XMLTestOutcomeReporter@5241cf67(format = Optional[XML])
10:22:46.042 [main] DEBUG n.t.core.reports.ReportService - Found reporter: net.thucydides.core.reports.json.JSONTestOutcomeReporter@716a7124(format = Optional[JSON])
10:22:46.042 [main] DEBUG n.t.core.reports.ReportService - Registering reporter: net.thucydides.core.reports.json.JSONTestOutcomeReporter@716a7124
10:22:46.042 [main] DEBUG n.t.core.reports.ReportService - Found reporter: net.thucydides.core.reports.html.HtmlAcceptanceTestReporter@77192705(format = Optional[HTML])
10:22:46.042 [main] DEBUG n.t.core.reports.ReportService - Registering reporter: net.thucydides.core.reports.html.HtmlAcceptanceTestReporter@77192705
10:22:46.043 [main] DEBUG n.t.core.reports.ReportService - Reporting formats: [JSON, HTML]
10:22:46.050 [main] DEBUG n.t.core.reports.ReportService - Reporting formats: [JSON, HTML]
10:22:46.051 [main] DEBUG n.t.core.reports.ReportService - Found reporter: net.thucydides.core.reports.xml.XMLTestOutcomeReporter@7fd4acee(format = Optional[XML])
10:22:46.051 [main] DEBUG n.t.core.reports.ReportService - Found reporter: net.thucydides.core.reports.json.JSONTestOutcomeReporter@165b8a71(format = Optional[JSON])
10:22:46.051 [main] DEBUG n.t.core.reports.ReportService - Registering reporter: net.thucydides.core.reports.json.JSONTestOutcomeReporter@165b8a71
10:22:46.051 [main] DEBUG n.t.core.reports.ReportService - Found reporter: net.thucydides.core.reports.html.HtmlAcceptanceTestReporter@6175619b(format = Optional[HTML])
10:22:46.052 [main] DEBUG n.t.core.reports.ReportService - Registering reporter: net.thucydides.core.reports.html.HtmlAcceptanceTestReporter@6175619b
10:22:46.054 [main] DEBUG n.t.core.reports.ReportService - Reporting formats: [JSON, HTML]
10:22:46.060 [main] DEBUG n.t.core.reports.ReportService - Reporting formats: [JSON, HTML]
10:22:46.061 [main] DEBUG n.t.core.reports.ReportService - Found reporter: net.thucydides.core.reports.xml.XMLTestOutcomeReporter@5d465e4b(format = Optional[XML])
10:22:46.062 [main] DEBUG n.t.core.reports.ReportService - Found reporter: net.thucydides.core.reports.json.JSONTestOutcomeReporter@53e211ee(format = Optional[JSON])
10:22:46.062 [main] DEBUG n.t.core.reports.ReportService - Registering reporter: net.thucydides.core.reports.json.JSONTestOutcomeReporter@53e211ee
10:22:46.062 [main] DEBUG n.t.core.reports.ReportService - Found reporter: net.thucydides.core.reports.html.HtmlAcceptanceTestReporter@41a90fa8(format = Optional[HTML])
10:22:46.062 [main] DEBUG n.t.core.reports.ReportService - Registering reporter: net.thucydides.core.reports.html.HtmlAcceptanceTestReporter@41a90fa8
10:22:46.063 [main] DEBUG n.t.core.reports.ReportService - Reporting formats: [JSON, HTML]
10:22:46.184 [main] DEBUG n.t.core.reports.ReportService - Reporting formats: [JSON, HTML]
10:22:46.185 [main] DEBUG n.t.core.reports.ReportService - Found reporter: net.thucydides.core.reports.xml.XMLTestOutcomeReporter@f9d87b(format = Optional[XML])
10:22:46.185 [main] DEBUG n.t.core.reports.ReportService - Found reporter: net.thucydides.core.reports.json.JSONTestOutcomeReporter@6ffab045(format = Optional[JSON])
10:22:46.185 [main] DEBUG n.t.core.reports.ReportService - Registering reporter: net.thucydides.core.reports.json.JSONTestOutcomeReporter@6ffab045
10:22:46.185 [main] DEBUG n.t.core.reports.ReportService - Found reporter: net.thucydides.core.reports.html.HtmlAcceptanceTestReporter@26fb628(format = Optional[HTML])
10:22:46.185 [main] DEBUG n.t.core.reports.ReportService - Registering reporter: net.thucydides.core.reports.html.HtmlAcceptanceTestReporter@26fb628
10:22:46.185 [main] DEBUG n.t.core.reports.ReportService - Reporting formats: [JSON, HTML]
10:22:46.192 [main] DEBUG n.t.core.reports.ReportService - Reporting formats: [JSON, HTML]
10:22:46.193 [main] DEBUG n.t.core.reports.ReportService - Found reporter: net.thucydides.core.reports.xml.XMLTestOutcomeReporter@1c98290c(format = Optional[XML])
10:22:46.193 [main] DEBUG n.t.core.reports.ReportService - Found reporter: net.thucydides.core.reports.json.JSONTestOutcomeReporter@172ca72b(format = Optional[JSON])
10:22:46.193 [main] DEBUG n.t.core.reports.ReportService - Registering reporter: net.thucydides.core.reports.json.JSONTestOutcomeReporter@172ca72b
10:22:46.193 [main] DEBUG n.t.core.reports.ReportService - Found reporter: net.thucydides.core.reports.html.HtmlAcceptanceTestReporter@5bda80bf(format = Optional[HTML])
10:22:46.194 [main] DEBUG n.t.core.reports.ReportService - Registering reporter: net.thucydides.core.reports.html.HtmlAcceptanceTestReporter@5bda80bf
10:22:46.194 [main] DEBUG n.t.core.reports.ReportService - Reporting formats: [JSON, HTML]
10:22:46.204 [main] DEBUG n.t.core.reports.ReportService - Reporting formats: [JSON, HTML]
10:22:46.205 [main] DEBUG n.t.core.reports.ReportService - Found reporter: net.thucydides.core.reports.xml.XMLTestOutcomeReporter@1849db1a(format = Optional[XML])
10:22:46.205 [main] DEBUG n.t.core.reports.ReportService - Found reporter: net.thucydides.core.reports.json.JSONTestOutcomeReporter@69c79f09(format = Optional[JSON])
10:22:46.205 [main] DEBUG n.t.core.reports.ReportService - Registering reporter: net.thucydides.core.reports.json.JSONTestOutcomeReporter@69c79f09
10:22:46.205 [main] DEBUG n.t.core.reports.ReportService - Found reporter: net.thucydides.core.reports.html.HtmlAcceptanceTestReporter@1ca25c47(format = Optional[HTML])
10:22:46.206 [main] DEBUG n.t.core.reports.ReportService - Registering reporter: net.thucydides.core.reports.html.HtmlAcceptanceTestReporter@1ca25c47
10:22:46.207 [main] DEBUG n.t.core.reports.ReportService - Reporting formats: [JSON, HTML]
10:22:46.223 [main] DEBUG n.t.core.reports.ReportService - Reporting formats: [JSON, HTML]
10:22:46.225 [main] DEBUG n.t.core.reports.ReportService - Found reporter: net.thucydides.core.reports.xml.XMLTestOutcomeReporter@33352f32(format = Optional[XML])
10:22:46.226 [main] DEBUG n.t.core.reports.ReportService - Found reporter: net.thucydides.core.reports.json.JSONTestOutcomeReporter@5f3b9c57(format = Optional[JSON])
10:22:46.226 [main] DEBUG n.t.core.reports.ReportService - Registering reporter: net.thucydides.core.reports.json.JSONTestOutcomeReporter@5f3b9c57
10:22:46.226 [main] DEBUG n.t.core.reports.ReportService - Found reporter: net.thucydides.core.reports.html.HtmlAcceptanceTestReporter@1e044120(format = Optional[HTML])
10:22:46.226 [main] DEBUG n.t.core.reports.ReportService - Registering reporter: net.thucydides.core.reports.html.HtmlAcceptanceTestReporter@1e044120
10:22:46.369 [main] DEBUG n.t.core.reports.ReportService - Reporting formats: [JSON, HTML]
10:22:46.379 [main] DEBUG n.t.core.reports.ReportService - Reporting formats: [JSON, HTML]
10:22:46.383 [main] DEBUG n.t.core.reports.ReportService - Found reporter: net.thucydides.core.reports.xml.XMLTestOutcomeReporter@51e4ccb3(format = Optional[XML])
10:22:46.384 [main] DEBUG n.t.core.reports.ReportService - Found reporter: net.thucydides.core.reports.json.JSONTestOutcomeReporter@46e8a539(format = Optional[JSON])
10:22:46.384 [main] DEBUG n.t.core.reports.ReportService - Registering reporter: net.thucydides.core.reports.json.JSONTestOutcomeReporter@46e8a539
10:22:46.385 [main] DEBUG n.t.core.reports.ReportService - Found reporter: net.thucydides.core.reports.html.HtmlAcceptanceTestReporter@495083a0(format = Optional[HTML])
10:22:46.385 [main] DEBUG n.t.core.reports.ReportService - Registering reporter: net.thucydides.core.reports.html.HtmlAcceptanceTestReporter@495083a0
10:22:46.385 [main] DEBUG n.t.core.reports.ReportService - Reporting formats: [JSON, HTML]
10:22:46.391 [main] DEBUG n.t.core.reports.ReportService - Reporting formats: [JSON, HTML]
10:22:46.391 [main] DEBUG n.t.core.reports.ReportService - Found reporter: net.thucydides.core.reports.xml.XMLTestOutcomeReporter@3af17be2(format = Optional[XML])
10:22:46.392 [main] DEBUG n.t.core.reports.ReportService - Found reporter: net.thucydides.core.reports.json.JSONTestOutcomeReporter@f9879ac(format = Optional[JSON])
10:22:46.392 [main] DEBUG n.t.core.reports.ReportService - Registering reporter: net.thucydides.core.reports.json.JSONTestOutcomeReporter@f9879ac
10:22:46.392 [main] DEBUG n.t.core.reports.ReportService - Found reporter: net.thucydides.core.reports.html.HtmlAcceptanceTestReporter@37f21974(format = Optional[HTML])
10:22:46.392 [main] DEBUG n.t.core.reports.ReportService - Registering reporter: net.thucydides.core.reports.html.HtmlAcceptanceTestReporter@37f21974
10:22:46.393 [main] DEBUG n.t.core.reports.ReportService - Reporting formats: [JSON, HTML]
10:22:46.400 [main] DEBUG n.t.core.reports.ReportService - Reporting formats: [JSON, HTML]
10:22:46.402 [main] DEBUG n.t.core.reports.ReportService - Found reporter: net.thucydides.core.reports.xml.XMLTestOutcomeReporter@5ab14cb9(format = Optional[XML])
10:22:46.402 [main] DEBUG n.t.core.reports.ReportService - Found reporter: net.thucydides.core.reports.json.JSONTestOutcomeReporter@5fb97279(format = Optional[JSON])
10:22:46.402 [main] DEBUG n.t.core.reports.ReportService - Registering reporter: net.thucydides.core.reports.json.JSONTestOutcomeReporter@5fb97279
10:22:46.402 [main] DEBUG n.t.core.reports.ReportService - Found reporter: net.thucydides.core.reports.html.HtmlAcceptanceTestReporter@439a8f59(format = Optional[HTML])
10:22:46.402 [main] DEBUG n.t.core.reports.ReportService - Registering reporter: net.thucydides.core.reports.html.HtmlAcceptanceTestReporter@439a8f59
10:22:46.403 [main] DEBUG n.t.core.reports.ReportService - Reporting formats: [JSON, HTML]
10:22:46.410 [main] DEBUG n.t.core.reports.ReportService - Reporting formats: [JSON, HTML]
10:22:46.411 [main] DEBUG n.t.core.reports.ReportService - Found reporter: net.thucydides.core.reports.xml.XMLTestOutcomeReporter@3954d008(format = Optional[XML])
10:22:46.411 [main] DEBUG n.t.core.reports.ReportService - Found reporter: net.thucydides.core.reports.json.JSONTestOutcomeReporter@2f94c4db(format = Optional[JSON])
10:22:46.411 [main] DEBUG n.t.core.reports.ReportService - Registering reporter: net.thucydides.core.reports.json.JSONTestOutcomeReporter@2f94c4db
10:22:46.411 [main] DEBUG n.t.core.reports.ReportService - Found reporter: net.thucydides.core.reports.html.HtmlAcceptanceTestReporter@593e824f(format = Optional[HTML])
10:22:46.411 [main] DEBUG n.t.core.reports.ReportService - Registering reporter: net.thucydides.core.reports.html.HtmlAcceptanceTestReporter@593e824f
10:22:46.412 [main] DEBUG n.t.core.reports.ReportService - Reporting formats: [JSON, HTML]
10:22:46.490 [main] DEBUG n.t.core.reports.ReportService - Reporting formats: [JSON, HTML]
10:22:46.491 [main] DEBUG n.t.core.reports.ReportService - Found reporter: net.thucydides.core.reports.xml.XMLTestOutcomeReporter@403132fc(format = Optional[XML])
10:22:46.491 [main] DEBUG n.t.core.reports.ReportService - Found reporter: net.thucydides.core.reports.json.JSONTestOutcomeReporter@71c5b236(format = Optional[JSON])
10:22:46.491 [main] DEBUG n.t.core.reports.ReportService - Registering reporter: net.thucydides.core.reports.json.JSONTestOutcomeReporter@71c5b236
10:22:46.492 [main] DEBUG n.t.core.reports.ReportService - Found reporter: net.thucydides.core.reports.html.HtmlAcceptanceTestReporter@2cab9998(format = Optional[HTML])
10:22:46.492 [main] DEBUG n.t.core.reports.ReportService - Registering reporter: net.thucydides.core.reports.html.HtmlAcceptanceTestReporter@2cab9998
10:22:46.492 [main] DEBUG n.t.core.reports.ReportService - Reporting formats: [JSON, HTML]
10:22:46.501 [main] DEBUG n.t.core.reports.ReportService - Reporting formats: [JSON, HTML]
10:22:46.502 [main] DEBUG n.t.core.reports.ReportService - Found reporter: net.thucydides.core.reports.xml.XMLTestOutcomeReporter@5af28b27(format = Optional[XML])
10:22:46.503 [main] DEBUG n.t.core.reports.ReportService - Found reporter: net.thucydides.core.reports.json.JSONTestOutcomeReporter@71104a4(format = Optional[JSON])
10:22:46.503 [main] DEBUG n.t.core.reports.ReportService - Registering reporter: net.thucydides.core.reports.json.JSONTestOutcomeReporter@71104a4
10:22:46.503 [main] DEBUG n.t.core.reports.ReportService - Found reporter: net.thucydides.core.reports.html.HtmlAcceptanceTestReporter@4985cbcb(format = Optional[HTML])
10:22:46.503 [main] DEBUG n.t.core.reports.ReportService - Registering reporter: net.thucydides.core.reports.html.HtmlAcceptanceTestReporter@4985cbcb
10:22:46.503 [main] DEBUG n.t.core.reports.ReportService - Reporting formats: [JSON, HTML]
10:22:46.516 [main] DEBUG n.t.core.reports.ReportService - Reporting formats: [JSON, HTML]
10:22:46.517 [main] DEBUG n.t.core.reports.ReportService - Found reporter: net.thucydides.core.reports.xml.XMLTestOutcomeReporter@7bf9b098(format = Optional[XML])
10:22:46.517 [main] DEBUG n.t.core.reports.ReportService - Found reporter: net.thucydides.core.reports.json.JSONTestOutcomeReporter@389adf1d(format = Optional[JSON])
10:22:46.518 [main] DEBUG n.t.core.reports.ReportService - Registering reporter: net.thucydides.core.reports.json.JSONTestOutcomeReporter@389adf1d
10:22:46.518 [main] DEBUG n.t.core.reports.ReportService - Found reporter: net.thucydides.core.reports.html.HtmlAcceptanceTestReporter@77307458(format = Optional[HTML])
10:22:46.518 [main] DEBUG n.t.core.reports.ReportService - Registering reporter: net.thucydides.core.reports.html.HtmlAcceptanceTestReporter@77307458
10:22:46.519 [main] DEBUG n.t.core.reports.ReportService - Reporting formats: [JSON, HTML]
10:22:46.593 [main] DEBUG n.t.core.reports.ReportService - Reporting formats: [JSON, HTML]
10:22:46.594 [main] DEBUG n.t.core.reports.ReportService - Found reporter: net.thucydides.core.reports.xml.XMLTestOutcomeReporter@192f2f27(format = Optional[XML])
10:22:46.595 [main] DEBUG n.t.core.reports.ReportService - Found reporter: net.thucydides.core.reports.json.JSONTestOutcomeReporter@8a589a2(format = Optional[JSON])
10:22:46.615 [main] DEBUG n.t.core.reports.ReportService - Registering reporter: net.thucydides.core.reports.json.JSONTestOutcomeReporter@8a589a2
10:22:46.758 [main] DEBUG n.t.core.reports.ReportService - Found reporter: net.thucydides.core.reports.html.HtmlAcceptanceTestReporter@c65a5ef(format = Optional[HTML])
10:22:46.758 [main] DEBUG n.t.core.reports.ReportService - Registering reporter: net.thucydides.core.reports.html.HtmlAcceptanceTestReporter@c65a5ef
10:22:46.759 [main] DEBUG n.t.core.reports.ReportService - Reporting formats: [JSON, HTML]
10:22:46.889 [main] DEBUG n.t.core.reports.ReportService - Reporting formats: [JSON, HTML]
10:22:46.890 [main] DEBUG n.t.core.reports.ReportService - Found reporter: net.thucydides.core.reports.xml.XMLTestOutcomeReporter@770d4269(format = Optional[XML])
10:22:46.891 [main] DEBUG n.t.core.reports.ReportService - Found reporter: net.thucydides.core.reports.json.JSONTestOutcomeReporter@4a8ab068(format = Optional[JSON])
10:22:46.892 [main] DEBUG n.t.core.reports.ReportService - Registering reporter: net.thucydides.core.reports.json.JSONTestOutcomeReporter@4a8ab068
10:22:46.893 [main] DEBUG n.t.core.reports.ReportService - Found reporter: net.thucydides.core.reports.html.HtmlAcceptanceTestReporter@1922e6d(format = Optional[HTML])
10:22:46.894 [main] DEBUG n.t.core.reports.ReportService - Registering reporter: net.thucydides.core.reports.html.HtmlAcceptanceTestReporter@1922e6d
10:22:46.895 [main] DEBUG n.t.core.reports.ReportService - Reporting formats: [JSON, HTML]
10:22:46.937 [main] DEBUG n.t.core.reports.ReportService - Reporting formats: [JSON, HTML]
10:22:46.937 [main] DEBUG n.t.core.reports.ReportService - Found reporter: net.thucydides.core.reports.xml.XMLTestOutcomeReporter@b91d8c4(format = Optional[XML])
10:22:46.938 [main] DEBUG n.t.core.reports.ReportService - Found reporter: net.thucydides.core.reports.json.JSONTestOutcomeReporter@4b6166aa(format = Optional[JSON])
10:22:46.938 [main] DEBUG n.t.core.reports.ReportService - Registering reporter: net.thucydides.core.reports.json.JSONTestOutcomeReporter@4b6166aa
10:22:46.939 [main] DEBUG n.t.core.reports.ReportService - Found reporter: net.thucydides.core.reports.html.HtmlAcceptanceTestReporter@a77614d(format = Optional[HTML])
10:22:46.939 [main] DEBUG n.t.core.reports.ReportService - Registering reporter: net.thucydides.core.reports.html.HtmlAcceptanceTestReporter@a77614d
10:22:46.939 [main] DEBUG n.t.core.reports.ReportService - Reporting formats: [JSON, HTML]
10:22:46.945 [main] DEBUG n.t.core.reports.ReportService - Reporting formats: [JSON, HTML]
10:22:46.946 [main] DEBUG n.t.core.reports.ReportService - Found reporter: net.thucydides.core.reports.xml.XMLTestOutcomeReporter@2f08c4b(format = Optional[XML])
10:22:46.946 [main] DEBUG n.t.core.reports.ReportService - Found reporter: net.thucydides.core.reports.json.JSONTestOutcomeReporter@3f19b8b3(format = Optional[JSON])
10:22:46.946 [main] DEBUG n.t.core.reports.ReportService - Registering reporter: net.thucydides.core.reports.json.JSONTestOutcomeReporter@3f19b8b3
10:22:46.946 [main] DEBUG n.t.core.reports.ReportService - Found reporter: net.thucydides.core.reports.html.HtmlAcceptanceTestReporter@7de0c6ae(format = Optional[HTML])
10:22:46.947 [main] DEBUG n.t.core.reports.ReportService - Registering reporter: net.thucydides.core.reports.html.HtmlAcceptanceTestReporter@7de0c6ae
10:22:46.947 [main] DEBUG n.t.core.reports.ReportService - Reporting formats: [JSON, HTML]
10:22:47.038 [main] DEBUG n.t.core.reports.ReportService - Reporting formats: [JSON, HTML]
10:22:47.038 [main] DEBUG n.t.core.reports.ReportService - Found reporter: net.thucydides.core.reports.xml.XMLTestOutcomeReporter@50687efb(format = Optional[XML])
10:22:47.039 [main] DEBUG n.t.core.reports.ReportService - Found reporter: net.thucydides.core.reports.json.JSONTestOutcomeReporter@517bd097(format = Optional[JSON])
10:22:47.039 [main] DEBUG n.t.core.reports.ReportService - Registering reporter: net.thucydides.core.reports.json.JSONTestOutcomeReporter@517bd097
10:22:47.039 [main] DEBUG n.t.core.reports.ReportService - Found reporter: net.thucydides.core.reports.html.HtmlAcceptanceTestReporter@142eef62(format = Optional[HTML])
10:22:47.039 [main] DEBUG n.t.core.reports.ReportService - Registering reporter: net.thucydides.core.reports.html.HtmlAcceptanceTestReporter@142eef62
10:22:47.039 [main] DEBUG n.t.core.reports.ReportService - Reporting formats: [JSON, HTML]
10:22:47.046 [main] DEBUG n.t.core.reports.ReportService - Reporting formats: [JSON, HTML]
10:22:47.047 [main] DEBUG n.t.core.reports.ReportService - Found reporter: net.thucydides.core.reports.xml.XMLTestOutcomeReporter@c9413d8(format = Optional[XML])
10:22:47.048 [main] DEBUG n.t.core.reports.ReportService - Found reporter: net.thucydides.core.reports.json.JSONTestOutcomeReporter@64da2a7(format = Optional[JSON])
10:22:47.048 [main] DEBUG n.t.core.reports.ReportService - Registering reporter: net.thucydides.core.reports.json.JSONTestOutcomeReporter@64da2a7
10:22:47.048 [main] DEBUG n.t.core.reports.ReportService - Found reporter: net.thucydides.core.reports.html.HtmlAcceptanceTestReporter@46074492(format = Optional[HTML])
10:22:47.048 [main] DEBUG n.t.core.reports.ReportService - Registering reporter: net.thucydides.core.reports.html.HtmlAcceptanceTestReporter@46074492
10:22:47.049 [main] DEBUG n.t.core.reports.ReportService - Reporting formats: [JSON, HTML]
10:22:47.056 [main] DEBUG n.t.core.reports.ReportService - Reporting formats: [JSON, HTML]
10:22:47.057 [main] DEBUG n.t.core.reports.ReportService - Found reporter: net.thucydides.core.reports.xml.XMLTestOutcomeReporter@6ea1bcdc(format = Optional[XML])
10:22:47.057 [main] DEBUG n.t.core.reports.ReportService - Found reporter: net.thucydides.core.reports.json.JSONTestOutcomeReporter@759fad4(format = Optional[JSON])
10:22:47.057 [main] DEBUG n.t.core.reports.ReportService - Registering reporter: net.thucydides.core.reports.json.JSONTestOutcomeReporter@759fad4
10:22:47.058 [main] DEBUG n.t.core.reports.ReportService - Found reporter: net.thucydides.core.reports.html.HtmlAcceptanceTestReporter@64712be(format = Optional[HTML])
10:22:47.058 [main] DEBUG n.t.core.reports.ReportService - Registering reporter: net.thucydides.core.reports.html.HtmlAcceptanceTestReporter@64712be
10:22:47.058 [main] DEBUG n.t.core.reports.ReportService - Reporting formats: [JSON, HTML]
10:22:47.067 [main] DEBUG n.t.core.reports.ReportService - Reporting formats: [JSON, HTML]
10:22:47.067 [main] DEBUG n.t.core.reports.ReportService - Found reporter: net.thucydides.core.reports.xml.XMLTestOutcomeReporter@24f360b2(format = Optional[XML])
10:22:47.067 [main] DEBUG n.t.core.reports.ReportService - Found reporter: net.thucydides.core.reports.json.JSONTestOutcomeReporter@60cf80e7(format = Optional[JSON])
10:22:47.068 [main] DEBUG n.t.core.reports.ReportService - Registering reporter: net.thucydides.core.reports.json.JSONTestOutcomeReporter@60cf80e7
10:22:47.068 [main] DEBUG n.t.core.reports.ReportService - Found reporter: net.thucydides.core.reports.html.HtmlAcceptanceTestReporter@302fec27(format = Optional[HTML])
10:22:47.068 [main] DEBUG n.t.core.reports.ReportService - Registering reporter: net.thucydides.core.reports.html.HtmlAcceptanceTestReporter@302fec27
10:22:47.068 [main] DEBUG n.t.core.reports.ReportService - Reporting formats: [JSON, HTML]
10:22:47.074 [main] DEBUG n.t.core.reports.ReportService - Reporting formats: [JSON, HTML]
10:22:47.075 [main] DEBUG n.t.core.reports.ReportService - Found reporter: net.thucydides.core.reports.xml.XMLTestOutcomeReporter@59aa20b3(format = Optional[XML])
10:22:47.076 [main] DEBUG n.t.core.reports.ReportService - Found reporter: net.thucydides.core.reports.json.JSONTestOutcomeReporter@363f6148(format = Optional[JSON])
10:22:47.076 [main] DEBUG n.t.core.reports.ReportService - Registering reporter: net.thucydides.core.reports.json.JSONTestOutcomeReporter@363f6148
10:22:47.076 [main] DEBUG n.t.core.reports.ReportService - Found reporter: net.thucydides.core.reports.html.HtmlAcceptanceTestReporter@4b21844c(format = Optional[HTML])
10:22:47.076 [main] DEBUG n.t.core.reports.ReportService - Registering reporter: net.thucydides.core.reports.html.HtmlAcceptanceTestReporter@4b21844c
10:22:47.077 [main] DEBUG n.t.core.reports.ReportService - Reporting formats: [JSON, HTML]
10:22:47.222 [main] DEBUG n.t.core.reports.ReportService - Reporting formats: [JSON, HTML]
10:22:47.227 [main] DEBUG n.t.core.reports.ReportService - Found reporter: net.thucydides.core.reports.xml.XMLTestOutcomeReporter@4a9e6faf(format = Optional[XML])
10:22:47.227 [main] DEBUG n.t.core.reports.ReportService - Found reporter: net.thucydides.core.reports.json.JSONTestOutcomeReporter@2c95ac9e(format = Optional[JSON])
10:22:47.227 [main] DEBUG n.t.core.reports.ReportService - Registering reporter: net.thucydides.core.reports.json.JSONTestOutcomeReporter@2c95ac9e
10:22:47.227 [main] DEBUG n.t.core.reports.ReportService - Found reporter: net.thucydides.core.reports.html.HtmlAcceptanceTestReporter@4e4efc1b(format = Optional[HTML])
10:22:47.227 [main] DEBUG n.t.core.reports.ReportService - Registering reporter: net.thucydides.core.reports.html.HtmlAcceptanceTestReporter@4e4efc1b
10:22:47.227 [main] DEBUG n.t.core.reports.ReportService - Reporting formats: [JSON, HTML]
10:22:47.235 [main] DEBUG n.t.core.reports.ReportService - Reporting formats: [JSON, HTML]
10:22:47.236 [main] DEBUG n.t.core.reports.ReportService - Found reporter: net.thucydides.core.reports.xml.XMLTestOutcomeReporter@388ffbc2(format = Optional[XML])
10:22:47.236 [main] DEBUG n.t.core.reports.ReportService - Found reporter: net.thucydides.core.reports.json.JSONTestOutcomeReporter@a50b09c(format = Optional[JSON])
10:22:47.236 [main] DEBUG n.t.core.reports.ReportService - Registering reporter: net.thucydides.core.reports.json.JSONTestOutcomeReporter@a50b09c
10:22:47.237 [main] DEBUG n.t.core.reports.ReportService - Found reporter: net.thucydides.core.reports.html.HtmlAcceptanceTestReporter@4da855dd(format = Optional[HTML])
10:22:47.237 [main] DEBUG n.t.core.reports.ReportService - Registering reporter: net.thucydides.core.reports.html.HtmlAcceptanceTestReporter@4da855dd
10:22:47.237 [main] DEBUG n.t.core.reports.ReportService - Reporting formats: [JSON, HTML]
10:22:47.275 [main] DEBUG n.t.core.reports.ReportService - Reporting formats: [JSON, HTML]
10:22:47.276 [main] DEBUG n.t.core.reports.ReportService - Found reporter: net.thucydides.core.reports.xml.XMLTestOutcomeReporter@2e77b8cf(format = Optional[XML])
10:22:47.276 [main] DEBUG n.t.core.reports.ReportService - Found reporter: net.thucydides.core.reports.json.JSONTestOutcomeReporter@2c4ca0f9(format = Optional[JSON])
10:22:47.276 [main] DEBUG n.t.core.reports.ReportService - Registering reporter: net.thucydides.core.reports.json.JSONTestOutcomeReporter@2c4ca0f9
10:22:47.276 [main] DEBUG n.t.core.reports.ReportService - Found reporter: net.thucydides.core.reports.html.HtmlAcceptanceTestReporter@67ef029(format = Optional[HTML])
10:22:47.276 [main] DEBUG n.t.core.reports.ReportService - Registering reporter: net.thucydides.core.reports.html.HtmlAcceptanceTestReporter@67ef029
10:22:47.277 [main] DEBUG n.t.core.reports.ReportService - Reporting formats: [JSON, HTML]
10:22:47.284 [main] DEBUG n.t.core.reports.ReportService - Reporting formats: [JSON, HTML]
10:22:47.285 [main] DEBUG n.t.core.reports.ReportService - Found reporter: net.thucydides.core.reports.xml.XMLTestOutcomeReporter@7555b920(format = Optional[XML])
10:22:47.285 [main] DEBUG n.t.core.reports.ReportService - Found reporter: net.thucydides.core.reports.json.JSONTestOutcomeReporter@4152d38d(format = Optional[JSON])
10:22:47.285 [main] DEBUG n.t.core.reports.ReportService - Registering reporter: net.thucydides.core.reports.json.JSONTestOutcomeReporter@4152d38d
10:22:47.285 [main] DEBUG n.t.core.reports.ReportService - Found reporter: net.thucydides.core.reports.html.HtmlAcceptanceTestReporter@3591009c(format = Optional[HTML])
10:22:47.285 [main] DEBUG n.t.core.reports.ReportService - Registering reporter: net.thucydides.core.reports.html.HtmlAcceptanceTestReporter@3591009c
10:22:47.286 [main] DEBUG n.t.core.reports.ReportService - Reporting formats: [JSON, HTML]
10:22:47.437 [main] DEBUG n.t.core.reports.ReportService - Reporting formats: [JSON, HTML]
10:22:47.439 [main] DEBUG n.t.core.reports.ReportService - Found reporter: net.thucydides.core.reports.xml.XMLTestOutcomeReporter@db44aa2(format = Optional[XML])
10:22:47.439 [main] DEBUG n.t.core.reports.ReportService - Found reporter: net.thucydides.core.reports.json.JSONTestOutcomeReporter@2de366bb(format = Optional[JSON])
10:22:47.440 [main] DEBUG n.t.core.reports.ReportService - Registering reporter: net.thucydides.core.reports.json.JSONTestOutcomeReporter@2de366bb
10:22:47.440 [main] DEBUG n.t.core.reports.ReportService - Found reporter: net.thucydides.core.reports.html.HtmlAcceptanceTestReporter@3f093abe(format = Optional[HTML])
10:22:47.440 [main] DEBUG n.t.core.reports.ReportService - Registering reporter: net.thucydides.core.reports.html.HtmlAcceptanceTestReporter@3f093abe
10:22:47.441 [main] DEBUG n.t.core.reports.ReportService - Reporting formats: [JSON, HTML]
10:22:47.470 [main] DEBUG n.t.core.reports.ReportService - Reporting formats: [JSON, HTML]
10:22:47.472 [main] DEBUG n.t.core.reports.ReportService - Found reporter: net.thucydides.core.reports.xml.XMLTestOutcomeReporter@5003041b(format = Optional[XML])
10:22:47.472 [main] DEBUG n.t.core.reports.ReportService - Found reporter: net.thucydides.core.reports.json.JSONTestOutcomeReporter@724bade8(format = Optional[JSON])
10:22:47.472 [main] DEBUG n.t.core.reports.ReportService - Registering reporter: net.thucydides.core.reports.json.JSONTestOutcomeReporter@724bade8
10:22:47.472 [main] DEBUG n.t.core.reports.ReportService - Found reporter: net.thucydides.core.reports.html.HtmlAcceptanceTestReporter@16fb356(format = Optional[HTML])
10:22:47.472 [main] DEBUG n.t.core.reports.ReportService - Registering reporter: net.thucydides.core.reports.html.HtmlAcceptanceTestReporter@16fb356
10:22:47.473 [main] DEBUG n.t.core.reports.ReportService - Reporting formats: [JSON, HTML]
10:22:47.492 [main] DEBUG n.t.core.reports.ReportService - Reporting formats: [JSON, HTML]
10:22:47.521 [main] DEBUG n.t.core.reports.ReportService - Found reporter: net.thucydides.core.reports.xml.XMLTestOutcomeReporter@24a1c17f(format = Optional[XML])
10:22:47.522 [main] DEBUG n.t.core.reports.ReportService - Found reporter: net.thucydides.core.reports.json.JSONTestOutcomeReporter@56102e1c(format = Optional[JSON])
10:22:47.522 [main] DEBUG n.t.core.reports.ReportService - Registering reporter: net.thucydides.core.reports.json.JSONTestOutcomeReporter@56102e1c
10:22:47.522 [main] DEBUG n.t.core.reports.ReportService - Found reporter: net.thucydides.core.reports.html.HtmlAcceptanceTestReporter@73511076(format = Optional[HTML])
10:22:47.522 [main] DEBUG n.t.core.reports.ReportService - Registering reporter: net.thucydides.core.reports.html.HtmlAcceptanceTestReporter@73511076
10:22:47.523 [main] DEBUG n.t.core.reports.ReportService - Reporting formats: [JSON, HTML]
10:22:55.152 [CreateStudentsDataDrivenTest-1-thread-2] INFO  n.t.c.steps.ConsoleLoggingListener - 

-------------------------------------------------------------------------------------
     _______. _______ .______       _______ .__   __.  __  .___________.____    ____ 
    /       ||   ____||   _  \     |   ____||  \ |  | |  | |           |\   \  /   / 
   |   (----`|  |__   |  |_)  |    |  |__   |   \|  | |  | `---|  |----` \   \/   /  
    \   \    |   __|  |      /     |   __|  |  . `  | |  |     |  |       \_    _/   
.----)   |   |  |____ |  |\  \----.|  |____ |  |\   | |  |     |  |         |  |     
|_______/    |_______|| _| `._____||_______||__| \__| |__|     |__|         |__|    
                                                                                     
 News and tutorials at http://www.serenity-bdd.info                                  
 Documentation at https://wakaleo.gitbooks.io/the-serenity-book/content/             
 Join the Serenity Community on Rocket Chat at https://serenity-bdd.rocket.chat      
 Serenity BDD Support and Training at http://serenity-bdd.info/#/trainingandsupport  
 Learn Serenity BDD online at http://serenity-dojo.com                               
-------------------------------------------------------------------------------------

10:22:56.504 [CreateStudentsDataDrivenTest-1-thread-15] DEBUG n.thucydides.core.steps.StepEventBus - Test suite started for class com.studentapp.junit.CreateStudentsDataDrivenTest
10:22:56.517 [CreateStudentsDataDrivenTest-1-thread-15] INFO  n.t.c.steps.ConsoleLoggingListener - Test Suite Started: Create students data driven test
10:22:56.863 [CreateStudentsDataDrivenTest-1-thread-15] INFO  n.t.c.steps.ConsoleLoggingListener - 
 _____ _____ ____ _____   ____ _____  _    ____ _____ _____ ____  
|_   _| ____/ ___|_   _| / ___|_   _|/ \  |  _ \_   _| ____|  _ \ 
  | | |  _| \___ \ | |   \___ \ | | / _ \ | |_) || | |  _| | | | |
  | | | |___ ___) || |    ___) || |/ ___ \|  _ < | | | |___| |_| |
  |_| |_____|____/ |_|   |____/ |_/_/   \_\_| \_\|_| |_____|____/ 
                                                                  

TEST STARTED: createMultipleStudents[14]
-------------------------------------------------------------------
10:22:56.864 [CreateStudentsDataDrivenTest-1-thread-15] INFO  net.serenitybdd.core.Serenity - TEST NUMBER: 1
10:22:56.869 [CreateStudentsDataDrivenTest-1-thread-1] DEBUG n.thucydides.core.steps.StepEventBus - Test suite started for class com.studentapp.junit.CreateStudentsDataDrivenTest
10:22:56.870 [CreateStudentsDataDrivenTest-1-thread-1] INFO  n.t.c.steps.ConsoleLoggingListener - Test Suite Started: Create students data driven test
10:22:56.871 [CreateStudentsDataDrivenTest-1-thread-1] INFO  n.t.c.steps.ConsoleLoggingListener - 
 _____ _____ ____ _____   ____ _____  _    ____ _____ _____ ____  
|_   _| ____/ ___|_   _| / ___|_   _|/ \  |  _ \_   _| ____|  _ \ 
  | | |  _| \___ \ | |   \___ \ | | / _ \ | |_) || | |  _| | | | |
  | | | |___ ___) || |    ___) || |/ ___ \|  _ < | | | |___| |_| |
  |_| |_____|____/ |_|   |____/ |_/_/   \_\_| \_\|_| |_____|____/ 
                                                                  

TEST STARTED: createMultipleStudents[0]
-------------------------------------------------------------------
10:22:56.871 [CreateStudentsDataDrivenTest-1-thread-1] INFO  net.serenitybdd.core.Serenity - TEST NUMBER: 2
10:22:56.873 [CreateStudentsDataDrivenTest-1-thread-12] DEBUG n.thucydides.core.steps.StepEventBus - Test suite started for class com.studentapp.junit.CreateStudentsDataDrivenTest
10:22:56.874 [CreateStudentsDataDrivenTest-1-thread-12] INFO  n.t.c.steps.ConsoleLoggingListener - Test Suite Started: Create students data driven test
10:22:56.875 [CreateStudentsDataDrivenTest-1-thread-12] INFO  n.t.c.steps.ConsoleLoggingListener - 
 _____ _____ ____ _____   ____ _____  _    ____ _____ _____ ____  
|_   _| ____/ ___|_   _| / ___|_   _|/ \  |  _ \_   _| ____|  _ \ 
  | | |  _| \___ \ | |   \___ \ | | / _ \ | |_) || | |  _| | | | |
  | | | |___ ___) || |    ___) || |/ ___ \|  _ < | | | |___| |_| |
  |_| |_____|____/ |_|   |____/ |_/_/   \_\_| \_\|_| |_____|____/ 
                                                                  

TEST STARTED: createMultipleStudents[11]
-------------------------------------------------------------------
10:22:56.875 [CreateStudentsDataDrivenTest-1-thread-12] INFO  net.serenitybdd.core.Serenity - TEST NUMBER: 3
10:22:56.878 [CreateStudentsDataDrivenTest-1-thread-3] DEBUG n.thucydides.core.steps.StepEventBus - Test suite started for class com.studentapp.junit.CreateStudentsDataDrivenTest
10:22:56.879 [CreateStudentsDataDrivenTest-1-thread-3] INFO  n.t.c.steps.ConsoleLoggingListener - Test Suite Started: Create students data driven test
10:22:56.880 [CreateStudentsDataDrivenTest-1-thread-3] INFO  n.t.c.steps.ConsoleLoggingListener - 
 _____ _____ ____ _____   ____ _____  _    ____ _____ _____ ____  
|_   _| ____/ ___|_   _| / ___|_   _|/ \  |  _ \_   _| ____|  _ \ 
  | | |  _| \___ \ | |   \___ \ | | / _ \ | |_) || | |  _| | | | |
  | | | |___ ___) || |    ___) || |/ ___ \|  _ < | | | |___| |_| |
  |_| |_____|____/ |_|   |____/ |_/_/   \_\_| \_\|_| |_____|____/ 
                                                                  

TEST STARTED: createMultipleStudents[2]
-------------------------------------------------------------------
10:22:56.880 [CreateStudentsDataDrivenTest-1-thread-3] INFO  net.serenitybdd.core.Serenity - TEST NUMBER: 4
10:22:56.883 [CreateStudentsDataDrivenTest-1-thread-7] DEBUG n.thucydides.core.steps.StepEventBus - Test suite started for class com.studentapp.junit.CreateStudentsDataDrivenTest
10:22:56.886 [CreateStudentsDataDrivenTest-1-thread-7] INFO  n.t.c.steps.ConsoleLoggingListener - Test Suite Started: Create students data driven test
10:22:56.887 [CreateStudentsDataDrivenTest-1-thread-7] INFO  n.t.c.steps.ConsoleLoggingListener - 
 _____ _____ ____ _____   ____ _____  _    ____ _____ _____ ____  
|_   _| ____/ ___|_   _| / ___|_   _|/ \  |  _ \_   _| ____|  _ \ 
  | | |  _| \___ \ | |   \___ \ | | / _ \ | |_) || | |  _| | | | |
  | | | |___ ___) || |    ___) || |/ ___ \|  _ < | | | |___| |_| |
  |_| |_____|____/ |_|   |____/ |_/_/   \_\_| \_\|_| |_____|____/ 
                                                                  

TEST STARTED: createMultipleStudents[6]
-------------------------------------------------------------------
10:22:56.887 [CreateStudentsDataDrivenTest-1-thread-7] INFO  net.serenitybdd.core.Serenity - TEST NUMBER: 5
10:22:56.892 [CreateStudentsDataDrivenTest-1-thread-5] DEBUG n.thucydides.core.steps.StepEventBus - Test suite started for class com.studentapp.junit.CreateStudentsDataDrivenTest
10:22:56.893 [CreateStudentsDataDrivenTest-1-thread-5] INFO  n.t.c.steps.ConsoleLoggingListener - Test Suite Started: Create students data driven test
10:22:56.896 [CreateStudentsDataDrivenTest-1-thread-5] INFO  n.t.c.steps.ConsoleLoggingListener - 
 _____ _____ ____ _____   ____ _____  _    ____ _____ _____ ____  
|_   _| ____/ ___|_   _| / ___|_   _|/ \  |  _ \_   _| ____|  _ \ 
  | | |  _| \___ \ | |   \___ \ | | / _ \ | |_) || | |  _| | | | |
  | | | |___ ___) || |    ___) || |/ ___ \|  _ < | | | |___| |_| |
  |_| |_____|____/ |_|   |____/ |_/_/   \_\_| \_\|_| |_____|____/ 
                                                                  

TEST STARTED: createMultipleStudents[4]
-------------------------------------------------------------------
10:22:56.896 [CreateStudentsDataDrivenTest-1-thread-5] INFO  net.serenitybdd.core.Serenity - TEST NUMBER: 6
10:22:56.901 [CreateStudentsDataDrivenTest-1-thread-13] DEBUG n.thucydides.core.steps.StepEventBus - Test suite started for class com.studentapp.junit.CreateStudentsDataDrivenTest
10:22:56.903 [CreateStudentsDataDrivenTest-1-thread-13] INFO  n.t.c.steps.ConsoleLoggingListener - Test Suite Started: Create students data driven test
10:22:56.904 [CreateStudentsDataDrivenTest-1-thread-13] INFO  n.t.c.steps.ConsoleLoggingListener - 
 _____ _____ ____ _____   ____ _____  _    ____ _____ _____ ____  
|_   _| ____/ ___|_   _| / ___|_   _|/ \  |  _ \_   _| ____|  _ \ 
  | | |  _| \___ \ | |   \___ \ | | / _ \ | |_) || | |  _| | | | |
  | | | |___ ___) || |    ___) || |/ ___ \|  _ < | | | |___| |_| |
  |_| |_____|____/ |_|   |____/ |_/_/   \_\_| \_\|_| |_____|____/ 
                                                                  

TEST STARTED: createMultipleStudents[12]
-------------------------------------------------------------------
10:22:56.904 [CreateStudentsDataDrivenTest-1-thread-13] INFO  net.serenitybdd.core.Serenity - TEST NUMBER: 7
10:22:56.907 [CreateStudentsDataDrivenTest-1-thread-16] DEBUG n.thucydides.core.steps.StepEventBus - Test suite started for class com.studentapp.junit.CreateStudentsDataDrivenTest
10:22:56.908 [CreateStudentsDataDrivenTest-1-thread-16] INFO  n.t.c.steps.ConsoleLoggingListener - Test Suite Started: Create students data driven test
10:22:56.909 [CreateStudentsDataDrivenTest-1-thread-16] INFO  n.t.c.steps.ConsoleLoggingListener - 
 _____ _____ ____ _____   ____ _____  _    ____ _____ _____ ____  
|_   _| ____/ ___|_   _| / ___|_   _|/ \  |  _ \_   _| ____|  _ \ 
  | | |  _| \___ \ | |   \___ \ | | / _ \ | |_) || | |  _| | | | |
  | | | |___ ___) || |    ___) || |/ ___ \|  _ < | | | |___| |_| |
  |_| |_____|____/ |_|   |____/ |_/_/   \_\_| \_\|_| |_____|____/ 
                                                                  

TEST STARTED: createMultipleStudents[15]
-------------------------------------------------------------------
10:22:56.910 [CreateStudentsDataDrivenTest-1-thread-16] INFO  net.serenitybdd.core.Serenity - TEST NUMBER: 8
10:22:56.913 [CreateStudentsDataDrivenTest-1-thread-2] DEBUG n.thucydides.core.steps.StepEventBus - Test suite started for class com.studentapp.junit.CreateStudentsDataDrivenTest
10:22:56.915 [CreateStudentsDataDrivenTest-1-thread-2] INFO  n.t.c.steps.ConsoleLoggingListener - Test Suite Started: Create students data driven test
10:22:56.916 [CreateStudentsDataDrivenTest-1-thread-2] INFO  n.t.c.steps.ConsoleLoggingListener - 
 _____ _____ ____ _____   ____ _____  _    ____ _____ _____ ____  
|_   _| ____/ ___|_   _| / ___|_   _|/ \  |  _ \_   _| ____|  _ \ 
  | | |  _| \___ \ | |   \___ \ | | / _ \ | |_) || | |  _| | | | |
  | | | |___ ___) || |    ___) || |/ ___ \|  _ < | | | |___| |_| |
  |_| |_____|____/ |_|   |____/ |_/_/   \_\_| \_\|_| |_____|____/ 
                                                                  

TEST STARTED: createMultipleStudents[1]
-------------------------------------------------------------------
10:22:56.917 [CreateStudentsDataDrivenTest-1-thread-2] INFO  net.serenitybdd.core.Serenity - TEST NUMBER: 9
10:22:56.918 [CreateStudentsDataDrivenTest-1-thread-4] DEBUG n.thucydides.core.steps.StepEventBus - Test suite started for class com.studentapp.junit.CreateStudentsDataDrivenTest
10:22:56.920 [CreateStudentsDataDrivenTest-1-thread-4] INFO  n.t.c.steps.ConsoleLoggingListener - Test Suite Started: Create students data driven test
10:22:56.921 [CreateStudentsDataDrivenTest-1-thread-4] INFO  n.t.c.steps.ConsoleLoggingListener - 
 _____ _____ ____ _____   ____ _____  _    ____ _____ _____ ____  
|_   _| ____/ ___|_   _| / ___|_   _|/ \  |  _ \_   _| ____|  _ \ 
  | | |  _| \___ \ | |   \___ \ | | / _ \ | |_) || | |  _| | | | |
  | | | |___ ___) || |    ___) || |/ ___ \|  _ < | | | |___| |_| |
  |_| |_____|____/ |_|   |____/ |_/_/   \_\_| \_\|_| |_____|____/ 
                                                                  

TEST STARTED: createMultipleStudents[3]
-------------------------------------------------------------------
10:22:56.921 [CreateStudentsDataDrivenTest-1-thread-4] INFO  net.serenitybdd.core.Serenity - TEST NUMBER: 10
10:22:56.929 [CreateStudentsDataDrivenTest-1-thread-6] DEBUG n.thucydides.core.steps.StepEventBus - Test suite started for class com.studentapp.junit.CreateStudentsDataDrivenTest
10:22:56.930 [CreateStudentsDataDrivenTest-1-thread-6] INFO  n.t.c.steps.ConsoleLoggingListener - Test Suite Started: Create students data driven test
10:22:56.931 [CreateStudentsDataDrivenTest-1-thread-6] INFO  n.t.c.steps.ConsoleLoggingListener - 
 _____ _____ ____ _____   ____ _____  _    ____ _____ _____ ____  
|_   _| ____/ ___|_   _| / ___|_   _|/ \  |  _ \_   _| ____|  _ \ 
  | | |  _| \___ \ | |   \___ \ | | / _ \ | |_) || | |  _| | | | |
  | | | |___ ___) || |    ___) || |/ ___ \|  _ < | | | |___| |_| |
  |_| |_____|____/ |_|   |____/ |_/_/   \_\_| \_\|_| |_____|____/ 
                                                                  

TEST STARTED: createMultipleStudents[5]
-------------------------------------------------------------------
10:22:56.932 [CreateStudentsDataDrivenTest-1-thread-6] INFO  net.serenitybdd.core.Serenity - TEST NUMBER: 11
10:22:56.934 [CreateStudentsDataDrivenTest-1-thread-10] DEBUG n.thucydides.core.steps.StepEventBus - Test suite started for class com.studentapp.junit.CreateStudentsDataDrivenTest
10:22:56.935 [CreateStudentsDataDrivenTest-1-thread-10] INFO  n.t.c.steps.ConsoleLoggingListener - Test Suite Started: Create students data driven test
10:22:56.936 [CreateStudentsDataDrivenTest-1-thread-10] INFO  n.t.c.steps.ConsoleLoggingListener - 
 _____ _____ ____ _____   ____ _____  _    ____ _____ _____ ____  
|_   _| ____/ ___|_   _| / ___|_   _|/ \  |  _ \_   _| ____|  _ \ 
  | | |  _| \___ \ | |   \___ \ | | / _ \ | |_) || | |  _| | | | |
  | | | |___ ___) || |    ___) || |/ ___ \|  _ < | | | |___| |_| |
  |_| |_____|____/ |_|   |____/ |_/_/   \_\_| \_\|_| |_____|____/ 
                                                                  

TEST STARTED: createMultipleStudents[9]
-------------------------------------------------------------------
10:22:56.936 [CreateStudentsDataDrivenTest-1-thread-10] INFO  net.serenitybdd.core.Serenity - TEST NUMBER: 12
10:22:56.938 [CreateStudentsDataDrivenTest-1-thread-11] DEBUG n.thucydides.core.steps.StepEventBus - Test suite started for class com.studentapp.junit.CreateStudentsDataDrivenTest
10:22:56.939 [CreateStudentsDataDrivenTest-1-thread-11] INFO  n.t.c.steps.ConsoleLoggingListener - Test Suite Started: Create students data driven test
10:22:56.940 [CreateStudentsDataDrivenTest-1-thread-11] INFO  n.t.c.steps.ConsoleLoggingListener - 
 _____ _____ ____ _____   ____ _____  _    ____ _____ _____ ____  
|_   _| ____/ ___|_   _| / ___|_   _|/ \  |  _ \_   _| ____|  _ \ 
  | | |  _| \___ \ | |   \___ \ | | / _ \ | |_) || | |  _| | | | |
  | | | |___ ___) || |    ___) || |/ ___ \|  _ < | | | |___| |_| |
  |_| |_____|____/ |_|   |____/ |_/_/   \_\_| \_\|_| |_____|____/ 
                                                                  

TEST STARTED: createMultipleStudents[10]
-------------------------------------------------------------------
10:22:56.941 [CreateStudentsDataDrivenTest-1-thread-11] INFO  net.serenitybdd.core.Serenity - TEST NUMBER: 13
10:22:56.941 [CreateStudentsDataDrivenTest-1-thread-14] DEBUG n.thucydides.core.steps.StepEventBus - Test suite started for class com.studentapp.junit.CreateStudentsDataDrivenTest
10:22:56.942 [CreateStudentsDataDrivenTest-1-thread-14] INFO  n.t.c.steps.ConsoleLoggingListener - Test Suite Started: Create students data driven test
10:22:56.943 [CreateStudentsDataDrivenTest-1-thread-14] INFO  n.t.c.steps.ConsoleLoggingListener - 
 _____ _____ ____ _____   ____ _____  _    ____ _____ _____ ____  
|_   _| ____/ ___|_   _| / ___|_   _|/ \  |  _ \_   _| ____|  _ \ 
  | | |  _| \___ \ | |   \___ \ | | / _ \ | |_) || | |  _| | | | |
  | | | |___ ___) || |    ___) || |/ ___ \|  _ < | | | |___| |_| |
  |_| |_____|____/ |_|   |____/ |_/_/   \_\_| \_\|_| |_____|____/ 
                                                                  

TEST STARTED: createMultipleStudents[13]
-------------------------------------------------------------------
10:22:56.944 [CreateStudentsDataDrivenTest-1-thread-14] INFO  net.serenitybdd.core.Serenity - TEST NUMBER: 14
10:22:56.945 [CreateStudentsDataDrivenTest-1-thread-8] DEBUG n.thucydides.core.steps.StepEventBus - Test suite started for class com.studentapp.junit.CreateStudentsDataDrivenTest
10:22:56.947 [CreateStudentsDataDrivenTest-1-thread-8] INFO  n.t.c.steps.ConsoleLoggingListener - Test Suite Started: Create students data driven test
10:22:56.949 [CreateStudentsDataDrivenTest-1-thread-8] INFO  n.t.c.steps.ConsoleLoggingListener - 
 _____ _____ ____ _____   ____ _____  _    ____ _____ _____ ____  
|_   _| ____/ ___|_   _| / ___|_   _|/ \  |  _ \_   _| ____|  _ \ 
  | | |  _| \___ \ | |   \___ \ | | / _ \ | |_) || | |  _| | | | |
  | | | |___ ___) || |    ___) || |/ ___ \|  _ < | | | |___| |_| |
  |_| |_____|____/ |_|   |____/ |_/_/   \_\_| \_\|_| |_____|____/ 
                                                                  

TEST STARTED: createMultipleStudents[7]
-------------------------------------------------------------------
10:22:56.949 [CreateStudentsDataDrivenTest-1-thread-8] INFO  net.serenitybdd.core.Serenity - TEST NUMBER: 15
10:22:56.953 [CreateStudentsDataDrivenTest-1-thread-9] DEBUG n.thucydides.core.steps.StepEventBus - Test suite started for class com.studentapp.junit.CreateStudentsDataDrivenTest
10:22:56.955 [CreateStudentsDataDrivenTest-1-thread-9] INFO  n.t.c.steps.ConsoleLoggingListener - Test Suite Started: Create students data driven test
10:22:56.956 [CreateStudentsDataDrivenTest-1-thread-9] INFO  n.t.c.steps.ConsoleLoggingListener - 
 _____ _____ ____ _____   ____ _____  _    ____ _____ _____ ____  
|_   _| ____/ ___|_   _| / ___|_   _|/ \  |  _ \_   _| ____|  _ \ 
  | | |  _| \___ \ | |   \___ \ | | / _ \ | |_) || | |  _| | | | |
  | | | |___ ___) || |    ___) || |/ ___ \|  _ < | | | |___| |_| |
  |_| |_____|____/ |_|   |____/ |_/_/   \_\_| \_\|_| |_____|____/ 
                                                                  

TEST STARTED: createMultipleStudents[8]
-------------------------------------------------------------------
10:22:56.957 [CreateStudentsDataDrivenTest-1-thread-9] INFO  net.serenitybdd.core.Serenity - TEST NUMBER: 16
10:22:57.071 [CreateStudentsDataDrivenTest-1-thread-15] DEBUG n.t.core.steps.StepInterceptor - STARTING STEP: CreateStudentsDataDrivenTest.createMultipleStudents - Creating student with firstName:{0}, lastName:{1}, email:{2}, programme{3}, courses:{4}
10:22:57.072 [CreateStudentsDataDrivenTest-1-thread-10] DEBUG n.t.core.steps.StepInterceptor - STARTING STEP: CreateStudentsDataDrivenTest.createMultipleStudents - Creating student with firstName:{0}, lastName:{1}, email:{2}, programme{3}, courses:{4}
10:22:57.073 [CreateStudentsDataDrivenTest-1-thread-4] DEBUG n.t.core.steps.StepInterceptor - STARTING STEP: CreateStudentsDataDrivenTest.createMultipleStudents - Creating student with firstName:{0}, lastName:{1}, email:{2}, programme{3}, courses:{4}
10:22:57.074 [CreateStudentsDataDrivenTest-1-thread-6] DEBUG n.t.core.steps.StepInterceptor - STARTING STEP: CreateStudentsDataDrivenTest.createMultipleStudents - Creating student with firstName:{0}, lastName:{1}, email:{2}, programme{3}, courses:{4}
10:22:57.075 [CreateStudentsDataDrivenTest-1-thread-5] DEBUG n.t.core.steps.StepInterceptor - STARTING STEP: CreateStudentsDataDrivenTest.createMultipleStudents - Creating student with firstName:{0}, lastName:{1}, email:{2}, programme{3}, courses:{4}
10:22:57.076 [CreateStudentsDataDrivenTest-1-thread-11] DEBUG n.t.core.steps.StepInterceptor - STARTING STEP: CreateStudentsDataDrivenTest.createMultipleStudents - Creating student with firstName:{0}, lastName:{1}, email:{2}, programme{3}, courses:{4}
10:22:57.076 [CreateStudentsDataDrivenTest-1-thread-3] DEBUG n.t.core.steps.StepInterceptor - STARTING STEP: CreateStudentsDataDrivenTest.createMultipleStudents - Creating student with firstName:{0}, lastName:{1}, email:{2}, programme{3}, courses:{4}
10:22:57.077 [CreateStudentsDataDrivenTest-1-thread-7] DEBUG n.t.core.steps.StepInterceptor - STARTING STEP: CreateStudentsDataDrivenTest.createMultipleStudents - Creating student with firstName:{0}, lastName:{1}, email:{2}, programme{3}, courses:{4}
10:22:57.078 [CreateStudentsDataDrivenTest-1-thread-16] DEBUG n.t.core.steps.StepInterceptor - STARTING STEP: CreateStudentsDataDrivenTest.createMultipleStudents - Creating student with firstName:{0}, lastName:{1}, email:{2}, programme{3}, courses:{4}
10:22:57.079 [CreateStudentsDataDrivenTest-1-thread-14] DEBUG n.t.core.steps.StepInterceptor - STARTING STEP: CreateStudentsDataDrivenTest.createMultipleStudents - Creating student with firstName:{0}, lastName:{1}, email:{2}, programme{3}, courses:{4}
10:22:57.080 [CreateStudentsDataDrivenTest-1-thread-12] DEBUG n.t.core.steps.StepInterceptor - STARTING STEP: CreateStudentsDataDrivenTest.createMultipleStudents - Creating student with firstName:{0}, lastName:{1}, email:{2}, programme{3}, courses:{4}
10:22:57.082 [CreateStudentsDataDrivenTest-1-thread-9] DEBUG n.t.core.steps.StepInterceptor - STARTING STEP: CreateStudentsDataDrivenTest.createMultipleStudents - Creating student with firstName:{0}, lastName:{1}, email:{2}, programme{3}, courses:{4}
10:22:57.084 [CreateStudentsDataDrivenTest-1-thread-13] DEBUG n.t.core.steps.StepInterceptor - STARTING STEP: CreateStudentsDataDrivenTest.createMultipleStudents - Creating student with firstName:{0}, lastName:{1}, email:{2}, programme{3}, courses:{4}
10:22:57.085 [CreateStudentsDataDrivenTest-1-thread-1] DEBUG n.t.core.steps.StepInterceptor - STARTING STEP: CreateStudentsDataDrivenTest.createMultipleStudents - Creating student with firstName:{0}, lastName:{1}, email:{2}, programme{3}, courses:{4}
10:22:57.086 [CreateStudentsDataDrivenTest-1-thread-2] DEBUG n.t.core.steps.StepInterceptor - STARTING STEP: CreateStudentsDataDrivenTest.createMultipleStudents - Creating student with firstName:{0}, lastName:{1}, email:{2}, programme{3}, courses:{4}
10:22:57.086 [CreateStudentsDataDrivenTest-1-thread-8] DEBUG n.t.core.steps.StepInterceptor - STARTING STEP: CreateStudentsDataDrivenTest.createMultipleStudents - Creating student with firstName:{0}, lastName:{1}, email:{2}, programme{3}, courses:{4}
10:23:14.187 [CreateStudentsDataDrivenTest-1-thread-10] DEBUG n.t.core.steps.StepInterceptor - STEP DONE: Creating student with firstName:{0}, lastName:{1}, email:{2}, programme{3}, courses:{4}
10:23:14.188 [CreateStudentsDataDrivenTest-1-thread-12] DEBUG n.t.core.steps.StepInterceptor - STEP DONE: Creating student with firstName:{0}, lastName:{1}, email:{2}, programme{3}, courses:{4}
]]></system-out>
  </testcase>
  <testcase name="createMultipleStudents[9]" classname="com.studentapp.junit.CreateStudentsDataDrivenTest" time="31.834">
    <failure message="1 expectation failed.&#10;Expected status code &lt;201&gt; but was &lt;500&gt;.&#10;" type="java.lang.AssertionError"><![CDATA[java.lang.AssertionError: 
1 expectation failed.
Expected status code <201> but was <500>.

	at com.studentapp.junit.CreateStudentsDataDrivenTest.createMultipleStudents(CreateStudentsDataDrivenTest.java:86)
]]></failure>
  </testcase>
  <testcase name="createMultipleStudents[12]" classname="com.studentapp.junit.CreateStudentsDataDrivenTest" time="34.371">
    <failure message="1 expectation failed.&#10;Expected status code &lt;201&gt; but was &lt;500&gt;.&#10;" type="java.lang.AssertionError"><![CDATA[java.lang.AssertionError: 
1 expectation failed.
Expected status code <201> but was <500>.

	at com.studentapp.junit.CreateStudentsDataDrivenTest.createMultipleStudents(CreateStudentsDataDrivenTest.java:86)
]]></failure>
    <system-out><![CDATA[10:23:15.130 [CreateStudentsDataDrivenTest-1-thread-15] DEBUG n.t.core.steps.StepInterceptor - STEP DONE: Creating student with firstName:{0}, lastName:{1}, email:{2}, programme{3}, courses:{4}
10:23:15.235 [CreateStudentsDataDrivenTest-1-thread-10] DEBUG n.t.core.requirements.RootDirectory - Resource directories found in  in 148 ms: [src\test\resources]
10:23:15.253 [CreateStudentsDataDrivenTest-1-thread-10] DEBUG n.t.core.requirements.RootDirectory - Resource directories found in C:\Users\m1027514\Desktop\SerenityTestProject\StudentApp in 12 ms: [C:\Users\m1027514\Desktop\SerenityTestProject\StudentApp\src\test\resources]
10:23:15.328 [CreateStudentsDataDrivenTest-1-thread-10] ERROR n.t.c.steps.ConsoleLoggingListener - 
           __  _____ _____ ____ _____   _____ _    ___ _     _____ ____  
  _       / / |_   _| ____/ ___|_   _| |  ___/ \  |_ _| |   | ____|  _ \ 
 (_)_____| |    | | |  _| \___ \ | |   | |_ / _ \  | || |   |  _| | | | |
  _|_____| |    | | | |___ ___) || |   |  _/ ___ \ | || |___| |___| |_| |
 (_)     | |    |_| |_____|____/ |_|   |_|/_/   \_\___|_____|_____|____/ 
          \_\                                                            

TEST FAILED: DataDriven Test for adding multiple students to the Student App
--------------------------------------------------------------------------
10:23:15.356 [CreateStudentsDataDrivenTest-1-thread-13] DEBUG n.t.core.steps.StepInterceptor - STEP DONE: Creating student with firstName:{0}, lastName:{1}, email:{2}, programme{3}, courses:{4}
10:23:15.388 [CreateStudentsDataDrivenTest-1-thread-10] DEBUG n.t.c.steps.ConsoleLoggingListener - RELATED ISSUES: 
10:23:15.390 [CreateStudentsDataDrivenTest-1-thread-10] ERROR n.t.c.steps.ConsoleLoggingListener - 1 expectation failed.Expected status code <201> but was <500>.
10:23:15.404 [CreateStudentsDataDrivenTest-1-thread-12] ERROR n.t.c.steps.ConsoleLoggingListener - 
           __  _____ _____ ____ _____   _____ _    ___ _     _____ ____  
  _       / / |_   _| ____/ ___|_   _| |  ___/ \  |_ _| |   | ____|  _ \ 
 (_)_____| |    | | |  _| \___ \ | |   | |_ / _ \  | || |   |  _| | | | |
  _|_____| |    | | | |___ ___) || |   |  _/ ___ \ | || |___| |___| |_| |
 (_)     | |    |_| |_____|____/ |_|   |_|/_/   \_\___|_____|_____|____/ 
          \_\                                                            

TEST FAILED: DataDriven Test for adding multiple students to the Student App
--------------------------------------------------------------------------
10:23:15.404 [CreateStudentsDataDrivenTest-1-thread-12] DEBUG n.t.c.steps.ConsoleLoggingListener - RELATED ISSUES: 
10:23:15.405 [CreateStudentsDataDrivenTest-1-thread-12] ERROR n.t.c.steps.ConsoleLoggingListener - 1 expectation failed.Expected status code <201> but was <500>.
]]></system-out>
  </testcase>
  <testcase name="createMultipleStudents[14]" classname="com.studentapp.junit.CreateStudentsDataDrivenTest" time="35.673">
    <failure message="1 expectation failed.&#10;Expected status code &lt;201&gt; but was &lt;500&gt;.&#10;" type="java.lang.AssertionError"><![CDATA[java.lang.AssertionError: 
1 expectation failed.
Expected status code <201> but was <500>.

	at com.studentapp.junit.CreateStudentsDataDrivenTest.createMultipleStudents(CreateStudentsDataDrivenTest.java:86)
]]></failure>
    <system-out><![CDATA[10:23:15.423 [CreateStudentsDataDrivenTest-1-thread-13] ERROR n.t.c.steps.ConsoleLoggingListener - 
           __  _____ _____ ____ _____   _____ _    ___ _     _____ ____  
  _       / / |_   _| ____/ ___|_   _| |  ___/ \  |_ _| |   | ____|  _ \ 
 (_)_____| |    | | |  _| \___ \ | |   | |_ / _ \  | || |   |  _| | | | |
  _|_____| |    | | | |___ ___) || |   |  _/ ___ \ | || |___| |___| |_| |
 (_)     | |    |_| |_____|____/ |_|   |_|/_/   \_\___|_____|_____|____/ 
          \_\                                                            

TEST FAILED: DataDriven Test for adding multiple students to the Student App
--------------------------------------------------------------------------
10:23:15.424 [CreateStudentsDataDrivenTest-1-thread-13] DEBUG n.t.c.steps.ConsoleLoggingListener - RELATED ISSUES: 
10:23:15.424 [CreateStudentsDataDrivenTest-1-thread-13] ERROR n.t.c.steps.ConsoleLoggingListener - 1 expectation failed.Expected status code <201> but was <500>.
]]></system-out>
  </testcase>
  <testcase name="createMultipleStudents[13]" classname="com.studentapp.junit.CreateStudentsDataDrivenTest" time="0.015">
    <failure message="1 expectation failed.&#10;Expected status code &lt;201&gt; but was &lt;500&gt;.&#10;" type="java.lang.AssertionError"><![CDATA[java.lang.AssertionError: 
1 expectation failed.
Expected status code <201> but was <500>.

	at com.studentapp.junit.CreateStudentsDataDrivenTest.createMultipleStudents(CreateStudentsDataDrivenTest.java:86)
]]></failure>
    <system-out><![CDATA[10:23:15.440 [CreateStudentsDataDrivenTest-1-thread-15] ERROR n.t.c.steps.ConsoleLoggingListener - 
           __  _____ _____ ____ _____   _____ _    ___ _     _____ ____  
  _       / / |_   _| ____/ ___|_   _| |  ___/ \  |_ _| |   | ____|  _ \ 
 (_)_____| |    | | |  _| \___ \ | |   | |_ / _ \  | || |   |  _| | | | |
  _|_____| |    | | | |___ ___) || |   |  _/ ___ \ | || |___| |___| |_| |
 (_)     | |    |_| |_____|____/ |_|   |_|/_/   \_\___|_____|_____|____/ 
          \_\                                                            

TEST FAILED: DataDriven Test for adding multiple students to the Student App
--------------------------------------------------------------------------
10:23:15.440 [CreateStudentsDataDrivenTest-1-thread-15] DEBUG n.t.c.steps.ConsoleLoggingListener - RELATED ISSUES: 
10:23:15.440 [CreateStudentsDataDrivenTest-1-thread-15] ERROR n.t.c.steps.ConsoleLoggingListener - 1 expectation failed.Expected status code <201> but was <500>.
10:23:15.450 [CreateStudentsDataDrivenTest-1-thread-15] DEBUG n.thucydides.core.steps.StepEventBus - Test suite started for class com.studentapp.junit.CreateStudentsDataDrivenTest
10:23:15.450 [CreateStudentsDataDrivenTest-1-thread-15] INFO  n.t.c.steps.ConsoleLoggingListener - Test Suite Started: Create students data driven test
10:23:15.451 [CreateStudentsDataDrivenTest-1-thread-15] INFO  n.t.c.steps.ConsoleLoggingListener - 
 _____ _____ ____ _____   ____ _____  _    ____ _____ _____ ____  
|_   _| ____/ ___|_   _| / ___|_   _|/ \  |  _ \_   _| ____|  _ \ 
  | | |  _| \___ \ | |   \___ \ | | / _ \ | |_) || | |  _| | | | |
  | | | |___ ___) || |    ___) || |/ ___ \|  _ < | | | |___| |_| |
  |_| |_____|____/ |_|   |____/ |_/_/   \_\_| \_\|_| |_____|____/ 
                                                                  

TEST STARTED: createMultipleStudents[19]
-------------------------------------------------------------------
10:23:15.451 [CreateStudentsDataDrivenTest-1-thread-15] INFO  net.serenitybdd.core.Serenity - TEST NUMBER: 17
10:23:15.453 [CreateStudentsDataDrivenTest-1-thread-15] DEBUG n.t.core.steps.StepInterceptor - STARTING STEP: CreateStudentsDataDrivenTest.createMultipleStudents - Creating student with firstName:{0}, lastName:{1}, email:{2}, programme{3}, courses:{4}
10:23:15.454 [CreateStudentsDataDrivenTest-1-thread-10] DEBUG n.thucydides.core.steps.StepEventBus - Test suite started for class com.studentapp.junit.CreateStudentsDataDrivenTest
10:23:15.455 [CreateStudentsDataDrivenTest-1-thread-10] INFO  n.t.c.steps.ConsoleLoggingListener - Test Suite Started: Create students data driven test
10:23:15.456 [CreateStudentsDataDrivenTest-1-thread-10] INFO  n.t.c.steps.ConsoleLoggingListener - 
 _____ _____ ____ _____   ____ _____  _    ____ _____ _____ ____  
|_   _| ____/ ___|_   _| / ___|_   _|/ \  |  _ \_   _| ____|  _ \ 
  | | |  _| \___ \ | |   \___ \ | | / _ \ | |_) || | |  _| | | | |
  | | | |___ ___) || |    ___) || |/ ___ \|  _ < | | | |___| |_| |
  |_| |_____|____/ |_|   |____/ |_/_/   \_\_| \_\|_| |_____|____/ 
                                                                  

TEST STARTED: createMultipleStudents[16]
-------------------------------------------------------------------
10:23:15.456 [CreateStudentsDataDrivenTest-1-thread-10] INFO  net.serenitybdd.core.Serenity - TEST NUMBER: 18
10:23:15.458 [CreateStudentsDataDrivenTest-1-thread-10] DEBUG n.t.core.steps.StepInterceptor - STARTING STEP: CreateStudentsDataDrivenTest.createMultipleStudents - Creating student with firstName:{0}, lastName:{1}, email:{2}, programme{3}, courses:{4}
10:23:15.471 [CreateStudentsDataDrivenTest-1-thread-13] DEBUG n.thucydides.core.steps.StepEventBus - Test suite started for class com.studentapp.junit.CreateStudentsDataDrivenTest
10:23:15.472 [CreateStudentsDataDrivenTest-1-thread-13] INFO  n.t.c.steps.ConsoleLoggingListener - Test Suite Started: Create students data driven test
10:23:15.472 [CreateStudentsDataDrivenTest-1-thread-13] INFO  n.t.c.steps.ConsoleLoggingListener - 
 _____ _____ ____ _____   ____ _____  _    ____ _____ _____ ____  
|_   _| ____/ ___|_   _| / ___|_   _|/ \  |  _ \_   _| ____|  _ \ 
  | | |  _| \___ \ | |   \___ \ | | / _ \ | |_) || | |  _| | | | |
  | | | |___ ___) || |    ___) || |/ ___ \|  _ < | | | |___| |_| |
  |_| |_____|____/ |_|   |____/ |_/_/   \_\_| \_\|_| |_____|____/ 
                                                                  

TEST STARTED: createMultipleStudents[18]
-------------------------------------------------------------------
10:23:15.472 [CreateStudentsDataDrivenTest-1-thread-13] INFO  net.serenitybdd.core.Serenity - TEST NUMBER: 19
10:23:15.474 [CreateStudentsDataDrivenTest-1-thread-13] DEBUG n.t.core.steps.StepInterceptor - STARTING STEP: CreateStudentsDataDrivenTest.createMultipleStudents - Creating student with firstName:{0}, lastName:{1}, email:{2}, programme{3}, courses:{4}
10:23:15.562 [CreateStudentsDataDrivenTest-1-thread-12] DEBUG n.thucydides.core.steps.StepEventBus - Test suite started for class com.studentapp.junit.CreateStudentsDataDrivenTest
10:23:15.563 [CreateStudentsDataDrivenTest-1-thread-12] INFO  n.t.c.steps.ConsoleLoggingListener - Test Suite Started: Create students data driven test
10:23:15.564 [CreateStudentsDataDrivenTest-1-thread-12] INFO  n.t.c.steps.ConsoleLoggingListener - 
 _____ _____ ____ _____   ____ _____  _    ____ _____ _____ ____  
|_   _| ____/ ___|_   _| / ___|_   _|/ \  |  _ \_   _| ____|  _ \ 
  | | |  _| \___ \ | |   \___ \ | | / _ \ | |_) || | |  _| | | | |
  | | | |___ ___) || |    ___) || |/ ___ \|  _ < | | | |___| |_| |
  |_| |_____|____/ |_|   |____/ |_/_/   \_\_| \_\|_| |_____|____/ 
                                                                  

TEST STARTED: createMultipleStudents[17]
-------------------------------------------------------------------
10:23:15.564 [CreateStudentsDataDrivenTest-1-thread-12] INFO  net.serenitybdd.core.Serenity - TEST NUMBER: 20
10:23:15.567 [CreateStudentsDataDrivenTest-1-thread-12] DEBUG n.t.core.steps.StepInterceptor - STARTING STEP: CreateStudentsDataDrivenTest.createMultipleStudents - Creating student with firstName:{0}, lastName:{1}, email:{2}, programme{3}, courses:{4}
10:23:15.629 [CreateStudentsDataDrivenTest-1-thread-14] DEBUG n.t.core.steps.StepInterceptor - STEP DONE: Creating student with firstName:{0}, lastName:{1}, email:{2}, programme{3}, courses:{4}
]]></system-out>
  </testcase>
  <testcase name="createMultipleStudents[5]" classname="com.studentapp.junit.CreateStudentsDataDrivenTest" time="0.012">
    <failure message="1 expectation failed.&#10;Expected status code &lt;201&gt; but was &lt;500&gt;.&#10;" type="java.lang.AssertionError"><![CDATA[java.lang.AssertionError: 
1 expectation failed.
Expected status code <201> but was <500>.

	at com.studentapp.junit.CreateStudentsDataDrivenTest.createMultipleStudents(CreateStudentsDataDrivenTest.java:86)
]]></failure>
    <system-out><![CDATA[10:23:15.633 [CreateStudentsDataDrivenTest-1-thread-14] ERROR n.t.c.steps.ConsoleLoggingListener - 
           __  _____ _____ ____ _____   _____ _    ___ _     _____ ____  
  _       / / |_   _| ____/ ___|_   _| |  ___/ \  |_ _| |   | ____|  _ \ 
 (_)_____| |    | | |  _| \___ \ | |   | |_ / _ \  | || |   |  _| | | | |
  _|_____| |    | | | |___ ___) || |   |  _/ ___ \ | || |___| |___| |_| |
 (_)     | |    |_| |_____|____/ |_|   |_|/_/   \_\___|_____|_____|____/ 
          \_\                                                            

TEST FAILED: DataDriven Test for adding multiple students to the Student App
--------------------------------------------------------------------------
10:23:15.633 [CreateStudentsDataDrivenTest-1-thread-14] DEBUG n.t.c.steps.ConsoleLoggingListener - RELATED ISSUES: 
10:23:15.634 [CreateStudentsDataDrivenTest-1-thread-14] ERROR n.t.c.steps.ConsoleLoggingListener - 1 expectation failed.Expected status code <201> but was <500>.
10:23:15.639 [CreateStudentsDataDrivenTest-1-thread-14] DEBUG n.thucydides.core.steps.StepEventBus - Test suite started for class com.studentapp.junit.CreateStudentsDataDrivenTest
10:23:15.639 [CreateStudentsDataDrivenTest-1-thread-14] INFO  n.t.c.steps.ConsoleLoggingListener - Test Suite Started: Create students data driven test
10:23:15.640 [CreateStudentsDataDrivenTest-1-thread-14] INFO  n.t.c.steps.ConsoleLoggingListener - 
 _____ _____ ____ _____   ____ _____  _    ____ _____ _____ ____  
|_   _| ____/ ___|_   _| / ___|_   _|/ \  |  _ \_   _| ____|  _ \ 
  | | |  _| \___ \ | |   \___ \ | | / _ \ | |_) || | |  _| | | | |
  | | | |___ ___) || |    ___) || |/ ___ \|  _ < | | | |___| |_| |
  |_| |_____|____/ |_|   |____/ |_/_/   \_\_| \_\|_| |_____|____/ 
                                                                  

TEST STARTED: createMultipleStudents[20]
-------------------------------------------------------------------
10:23:15.640 [CreateStudentsDataDrivenTest-1-thread-14] INFO  net.serenitybdd.core.Serenity - TEST NUMBER: 21
10:23:15.642 [CreateStudentsDataDrivenTest-1-thread-14] DEBUG n.t.core.steps.StepInterceptor - STARTING STEP: CreateStudentsDataDrivenTest.createMultipleStudents - Creating student with firstName:{0}, lastName:{1}, email:{2}, programme{3}, courses:{4}
10:23:15.781 [CreateStudentsDataDrivenTest-1-thread-6] DEBUG n.t.core.steps.StepInterceptor - STEP DONE: Creating student with firstName:{0}, lastName:{1}, email:{2}, programme{3}, courses:{4}
]]></system-out>
  </testcase>
  <testcase name="createMultipleStudents[10]" classname="com.studentapp.junit.CreateStudentsDataDrivenTest" time="0.011">
    <failure message="1 expectation failed.&#10;Expected status code &lt;201&gt; but was &lt;500&gt;.&#10;" type="java.lang.AssertionError"><![CDATA[java.lang.AssertionError: 
1 expectation failed.
Expected status code <201> but was <500>.

	at com.studentapp.junit.CreateStudentsDataDrivenTest.createMultipleStudents(CreateStudentsDataDrivenTest.java:86)
]]></failure>
    <system-out><![CDATA[10:23:15.787 [CreateStudentsDataDrivenTest-1-thread-6] ERROR n.t.c.steps.ConsoleLoggingListener - 
           __  _____ _____ ____ _____   _____ _    ___ _     _____ ____  
  _       / / |_   _| ____/ ___|_   _| |  ___/ \  |_ _| |   | ____|  _ \ 
 (_)_____| |    | | |  _| \___ \ | |   | |_ / _ \  | || |   |  _| | | | |
  _|_____| |    | | | |___ ___) || |   |  _/ ___ \ | || |___| |___| |_| |
 (_)     | |    |_| |_____|____/ |_|   |_|/_/   \_\___|_____|_____|____/ 
          \_\                                                            

TEST FAILED: DataDriven Test for adding multiple students to the Student App
--------------------------------------------------------------------------
10:23:15.787 [CreateStudentsDataDrivenTest-1-thread-6] DEBUG n.t.c.steps.ConsoleLoggingListener - RELATED ISSUES: 
10:23:15.787 [CreateStudentsDataDrivenTest-1-thread-6] ERROR n.t.c.steps.ConsoleLoggingListener - 1 expectation failed.Expected status code <201> but was <500>.
10:23:15.793 [CreateStudentsDataDrivenTest-1-thread-6] DEBUG n.thucydides.core.steps.StepEventBus - Test suite started for class com.studentapp.junit.CreateStudentsDataDrivenTest
10:23:15.793 [CreateStudentsDataDrivenTest-1-thread-6] INFO  n.t.c.steps.ConsoleLoggingListener - Test Suite Started: Create students data driven test
10:23:15.794 [CreateStudentsDataDrivenTest-1-thread-6] INFO  n.t.c.steps.ConsoleLoggingListener - 
 _____ _____ ____ _____   ____ _____  _    ____ _____ _____ ____  
|_   _| ____/ ___|_   _| / ___|_   _|/ \  |  _ \_   _| ____|  _ \ 
  | | |  _| \___ \ | |   \___ \ | | / _ \ | |_) || | |  _| | | | |
  | | | |___ ___) || |    ___) || |/ ___ \|  _ < | | | |___| |_| |
  |_| |_____|____/ |_|   |____/ |_/_/   \_\_| \_\|_| |_____|____/ 
                                                                  

TEST STARTED: createMultipleStudents[21]
-------------------------------------------------------------------
10:23:15.794 [CreateStudentsDataDrivenTest-1-thread-6] INFO  net.serenitybdd.core.Serenity - TEST NUMBER: 22
10:23:15.796 [CreateStudentsDataDrivenTest-1-thread-6] DEBUG n.t.core.steps.StepInterceptor - STARTING STEP: CreateStudentsDataDrivenTest.createMultipleStudents - Creating student with firstName:{0}, lastName:{1}, email:{2}, programme{3}, courses:{4}
10:23:16.036 [CreateStudentsDataDrivenTest-1-thread-11] DEBUG n.t.core.steps.StepInterceptor - STEP DONE: Creating student with firstName:{0}, lastName:{1}, email:{2}, programme{3}, courses:{4}
]]></system-out>
  </testcase>
  <testcase name="createMultipleStudents[15]" classname="com.studentapp.junit.CreateStudentsDataDrivenTest" time="0.013">
    <failure message="1 expectation failed.&#10;Expected status code &lt;201&gt; but was &lt;500&gt;.&#10;" type="java.lang.AssertionError"><![CDATA[java.lang.AssertionError: 
1 expectation failed.
Expected status code <201> but was <500>.

	at com.studentapp.junit.CreateStudentsDataDrivenTest.createMultipleStudents(CreateStudentsDataDrivenTest.java:86)
]]></failure>
    <system-out><![CDATA[10:23:16.041 [CreateStudentsDataDrivenTest-1-thread-11] ERROR n.t.c.steps.ConsoleLoggingListener - 
           __  _____ _____ ____ _____   _____ _    ___ _     _____ ____  
  _       / / |_   _| ____/ ___|_   _| |  ___/ \  |_ _| |   | ____|  _ \ 
 (_)_____| |    | | |  _| \___ \ | |   | |_ / _ \  | || |   |  _| | | | |
  _|_____| |    | | | |___ ___) || |   |  _/ ___ \ | || |___| |___| |_| |
 (_)     | |    |_| |_____|____/ |_|   |_|/_/   \_\___|_____|_____|____/ 
          \_\                                                            

TEST FAILED: DataDriven Test for adding multiple students to the Student App
--------------------------------------------------------------------------
10:23:16.041 [CreateStudentsDataDrivenTest-1-thread-11] DEBUG n.t.c.steps.ConsoleLoggingListener - RELATED ISSUES: 
10:23:16.041 [CreateStudentsDataDrivenTest-1-thread-11] ERROR n.t.c.steps.ConsoleLoggingListener - 1 expectation failed.Expected status code <201> but was <500>.
10:23:16.047 [CreateStudentsDataDrivenTest-1-thread-11] DEBUG n.thucydides.core.steps.StepEventBus - Test suite started for class com.studentapp.junit.CreateStudentsDataDrivenTest
10:23:16.048 [CreateStudentsDataDrivenTest-1-thread-11] INFO  n.t.c.steps.ConsoleLoggingListener - Test Suite Started: Create students data driven test
10:23:16.059 [CreateStudentsDataDrivenTest-1-thread-11] INFO  n.t.c.steps.ConsoleLoggingListener - 
 _____ _____ ____ _____   ____ _____  _    ____ _____ _____ ____  
|_   _| ____/ ___|_   _| / ___|_   _|/ \  |  _ \_   _| ____|  _ \ 
  | | |  _| \___ \ | |   \___ \ | | / _ \ | |_) || | |  _| | | | |
  | | | |___ ___) || |    ___) || |/ ___ \|  _ < | | | |___| |_| |
  |_| |_____|____/ |_|   |____/ |_/_/   \_\_| \_\|_| |_____|____/ 
                                                                  

TEST STARTED: createMultipleStudents[22]
-------------------------------------------------------------------
10:23:16.059 [CreateStudentsDataDrivenTest-1-thread-11] INFO  net.serenitybdd.core.Serenity - TEST NUMBER: 23
10:23:16.061 [CreateStudentsDataDrivenTest-1-thread-11] DEBUG n.t.core.steps.StepInterceptor - STARTING STEP: CreateStudentsDataDrivenTest.createMultipleStudents - Creating student with firstName:{0}, lastName:{1}, email:{2}, programme{3}, courses:{4}
10:23:16.201 [CreateStudentsDataDrivenTest-1-thread-16] DEBUG n.t.core.steps.StepInterceptor - STEP DONE: Creating student with firstName:{0}, lastName:{1}, email:{2}, programme{3}, courses:{4}
]]></system-out>
  </testcase>
  <testcase name="createMultipleStudents[0]" classname="com.studentapp.junit.CreateStudentsDataDrivenTest" time="0.008">
    <failure message="1 expectation failed.&#10;Expected status code &lt;201&gt; but was &lt;500&gt;.&#10;" type="java.lang.AssertionError"><![CDATA[java.lang.AssertionError: 
1 expectation failed.
Expected status code <201> but was <500>.

	at com.studentapp.junit.CreateStudentsDataDrivenTest.createMultipleStudents(CreateStudentsDataDrivenTest.java:86)
]]></failure>
    <system-out><![CDATA[10:23:16.210 [CreateStudentsDataDrivenTest-1-thread-16] ERROR n.t.c.steps.ConsoleLoggingListener - 
           __  _____ _____ ____ _____   _____ _    ___ _     _____ ____  
  _       / / |_   _| ____/ ___|_   _| |  ___/ \  |_ _| |   | ____|  _ \ 
 (_)_____| |    | | |  _| \___ \ | |   | |_ / _ \  | || |   |  _| | | | |
  _|_____| |    | | | |___ ___) || |   |  _/ ___ \ | || |___| |___| |_| |
 (_)     | |    |_| |_____|____/ |_|   |_|/_/   \_\___|_____|_____|____/ 
          \_\                                                            

TEST FAILED: DataDriven Test for adding multiple students to the Student App
--------------------------------------------------------------------------
10:23:16.210 [CreateStudentsDataDrivenTest-1-thread-16] DEBUG n.t.c.steps.ConsoleLoggingListener - RELATED ISSUES: 
10:23:16.210 [CreateStudentsDataDrivenTest-1-thread-16] ERROR n.t.c.steps.ConsoleLoggingListener - 1 expectation failed.Expected status code <201> but was <500>.
10:23:16.221 [CreateStudentsDataDrivenTest-1-thread-16] DEBUG n.thucydides.core.steps.StepEventBus - Test suite started for class com.studentapp.junit.CreateStudentsDataDrivenTest
10:23:16.221 [CreateStudentsDataDrivenTest-1-thread-16] INFO  n.t.c.steps.ConsoleLoggingListener - Test Suite Started: Create students data driven test
10:23:16.222 [CreateStudentsDataDrivenTest-1-thread-16] INFO  n.t.c.steps.ConsoleLoggingListener - 
 _____ _____ ____ _____   ____ _____  _    ____ _____ _____ ____  
|_   _| ____/ ___|_   _| / ___|_   _|/ \  |  _ \_   _| ____|  _ \ 
  | | |  _| \___ \ | |   \___ \ | | / _ \ | |_) || | |  _| | | | |
  | | | |___ ___) || |    ___) || |/ ___ \|  _ < | | | |___| |_| |
  |_| |_____|____/ |_|   |____/ |_/_/   \_\_| \_\|_| |_____|____/ 
                                                                  

TEST STARTED: createMultipleStudents[23]
-------------------------------------------------------------------
10:23:16.222 [CreateStudentsDataDrivenTest-1-thread-16] INFO  net.serenitybdd.core.Serenity - TEST NUMBER: 24
10:23:16.224 [CreateStudentsDataDrivenTest-1-thread-16] DEBUG n.t.core.steps.StepInterceptor - STARTING STEP: CreateStudentsDataDrivenTest.createMultipleStudents - Creating student with firstName:{0}, lastName:{1}, email:{2}, programme{3}, courses:{4}
10:23:16.266 [CreateStudentsDataDrivenTest-1-thread-1] DEBUG n.t.core.steps.StepInterceptor - STEP DONE: Creating student with firstName:{0}, lastName:{1}, email:{2}, programme{3}, courses:{4}
]]></system-out>
  </testcase>
  <testcase name="createMultipleStudents[3]" classname="com.studentapp.junit.CreateStudentsDataDrivenTest" time="0.018">
    <failure message="1 expectation failed.&#10;Expected status code &lt;201&gt; but was &lt;500&gt;.&#10;" type="java.lang.AssertionError"><![CDATA[java.lang.AssertionError: 
1 expectation failed.
Expected status code <201> but was <500>.

	at com.studentapp.junit.CreateStudentsDataDrivenTest.createMultipleStudents(CreateStudentsDataDrivenTest.java:86)
]]></failure>
    <system-out><![CDATA[10:23:16.270 [CreateStudentsDataDrivenTest-1-thread-1] ERROR n.t.c.steps.ConsoleLoggingListener - 
           __  _____ _____ ____ _____   _____ _    ___ _     _____ ____  
  _       / / |_   _| ____/ ___|_   _| |  ___/ \  |_ _| |   | ____|  _ \ 
 (_)_____| |    | | |  _| \___ \ | |   | |_ / _ \  | || |   |  _| | | | |
  _|_____| |    | | | |___ ___) || |   |  _/ ___ \ | || |___| |___| |_| |
 (_)     | |    |_| |_____|____/ |_|   |_|/_/   \_\___|_____|_____|____/ 
          \_\                                                            

TEST FAILED: DataDriven Test for adding multiple students to the Student App
--------------------------------------------------------------------------
10:23:16.271 [CreateStudentsDataDrivenTest-1-thread-1] DEBUG n.t.c.steps.ConsoleLoggingListener - RELATED ISSUES: 
10:23:16.272 [CreateStudentsDataDrivenTest-1-thread-1] ERROR n.t.c.steps.ConsoleLoggingListener - 1 expectation failed.Expected status code <201> but was <500>.
10:23:16.276 [CreateStudentsDataDrivenTest-1-thread-1] DEBUG n.thucydides.core.steps.StepEventBus - Test suite started for class com.studentapp.junit.CreateStudentsDataDrivenTest
10:23:16.277 [CreateStudentsDataDrivenTest-1-thread-1] INFO  n.t.c.steps.ConsoleLoggingListener - Test Suite Started: Create students data driven test
10:23:16.278 [CreateStudentsDataDrivenTest-1-thread-1] INFO  n.t.c.steps.ConsoleLoggingListener - 
 _____ _____ ____ _____   ____ _____  _    ____ _____ _____ ____  
|_   _| ____/ ___|_   _| / ___|_   _|/ \  |  _ \_   _| ____|  _ \ 
  | | |  _| \___ \ | |   \___ \ | | / _ \ | |_) || | |  _| | | | |
  | | | |___ ___) || |    ___) || |/ ___ \|  _ < | | | |___| |_| |
  |_| |_____|____/ |_|   |____/ |_/_/   \_\_| \_\|_| |_____|____/ 
                                                                  

TEST STARTED: createMultipleStudents[24]
-------------------------------------------------------------------
10:23:16.278 [CreateStudentsDataDrivenTest-1-thread-1] INFO  net.serenitybdd.core.Serenity - TEST NUMBER: 25
10:23:16.279 [CreateStudentsDataDrivenTest-1-thread-1] DEBUG n.t.core.steps.StepInterceptor - STARTING STEP: CreateStudentsDataDrivenTest.createMultipleStudents - Creating student with firstName:{0}, lastName:{1}, email:{2}, programme{3}, courses:{4}
10:23:16.412 [CreateStudentsDataDrivenTest-1-thread-4] DEBUG n.t.core.steps.StepInterceptor - STEP DONE: Creating student with firstName:{0}, lastName:{1}, email:{2}, programme{3}, courses:{4}
]]></system-out>
  </testcase>
  <testcase name="createMultipleStudents[6]" classname="com.studentapp.junit.CreateStudentsDataDrivenTest" time="0.015">
    <failure message="1 expectation failed.&#10;Expected status code &lt;201&gt; but was &lt;500&gt;.&#10;" type="java.lang.AssertionError"><![CDATA[java.lang.AssertionError: 
1 expectation failed.
Expected status code <201> but was <500>.

	at com.studentapp.junit.CreateStudentsDataDrivenTest.createMultipleStudents(CreateStudentsDataDrivenTest.java:86)
]]></failure>
    <system-out><![CDATA[10:23:16.418 [CreateStudentsDataDrivenTest-1-thread-4] ERROR n.t.c.steps.ConsoleLoggingListener - 
           __  _____ _____ ____ _____   _____ _    ___ _     _____ ____  
  _       / / |_   _| ____/ ___|_   _| |  ___/ \  |_ _| |   | ____|  _ \ 
 (_)_____| |    | | |  _| \___ \ | |   | |_ / _ \  | || |   |  _| | | | |
  _|_____| |    | | | |___ ___) || |   |  _/ ___ \ | || |___| |___| |_| |
 (_)     | |    |_| |_____|____/ |_|   |_|/_/   \_\___|_____|_____|____/ 
          \_\                                                            

TEST FAILED: DataDriven Test for adding multiple students to the Student App
--------------------------------------------------------------------------
10:23:16.418 [CreateStudentsDataDrivenTest-1-thread-4] DEBUG n.t.c.steps.ConsoleLoggingListener - RELATED ISSUES: 
10:23:16.418 [CreateStudentsDataDrivenTest-1-thread-4] ERROR n.t.c.steps.ConsoleLoggingListener - 1 expectation failed.Expected status code <201> but was <500>.
10:23:16.423 [CreateStudentsDataDrivenTest-1-thread-4] DEBUG n.thucydides.core.steps.StepEventBus - Test suite started for class com.studentapp.junit.CreateStudentsDataDrivenTest
10:23:16.424 [CreateStudentsDataDrivenTest-1-thread-4] INFO  n.t.c.steps.ConsoleLoggingListener - Test Suite Started: Create students data driven test
10:23:16.424 [CreateStudentsDataDrivenTest-1-thread-4] INFO  n.t.c.steps.ConsoleLoggingListener - 
 _____ _____ ____ _____   ____ _____  _    ____ _____ _____ ____  
|_   _| ____/ ___|_   _| / ___|_   _|/ \  |  _ \_   _| ____|  _ \ 
  | | |  _| \___ \ | |   \___ \ | | / _ \ | |_) || | |  _| | | | |
  | | | |___ ___) || |    ___) || |/ ___ \|  _ < | | | |___| |_| |
  |_| |_____|____/ |_|   |____/ |_/_/   \_\_| \_\|_| |_____|____/ 
                                                                  

TEST STARTED: createMultipleStudents[25]
-------------------------------------------------------------------
10:23:16.424 [CreateStudentsDataDrivenTest-1-thread-4] INFO  net.serenitybdd.core.Serenity - TEST NUMBER: 26
10:23:16.426 [CreateStudentsDataDrivenTest-1-thread-4] DEBUG n.t.core.steps.StepInterceptor - STARTING STEP: CreateStudentsDataDrivenTest.createMultipleStudents - Creating student with firstName:{0}, lastName:{1}, email:{2}, programme{3}, courses:{4}
10:23:16.615 [CreateStudentsDataDrivenTest-1-thread-7] DEBUG n.t.core.steps.StepInterceptor - STEP DONE: Creating student with firstName:{0}, lastName:{1}, email:{2}, programme{3}, courses:{4}
]]></system-out>
  </testcase>
  <testcase name="createMultipleStudents[7]" classname="com.studentapp.junit.CreateStudentsDataDrivenTest" time="0.009">
    <failure message="1 expectation failed.&#10;Expected status code &lt;201&gt; but was &lt;500&gt;.&#10;" type="java.lang.AssertionError"><![CDATA[java.lang.AssertionError: 
1 expectation failed.
Expected status code <201> but was <500>.

	at com.studentapp.junit.CreateStudentsDataDrivenTest.createMultipleStudents(CreateStudentsDataDrivenTest.java:86)
]]></failure>
    <system-out><![CDATA[10:23:16.623 [CreateStudentsDataDrivenTest-1-thread-7] ERROR n.t.c.steps.ConsoleLoggingListener - 
           __  _____ _____ ____ _____   _____ _    ___ _     _____ ____  
  _       / / |_   _| ____/ ___|_   _| |  ___/ \  |_ _| |   | ____|  _ \ 
 (_)_____| |    | | |  _| \___ \ | |   | |_ / _ \  | || |   |  _| | | | |
  _|_____| |    | | | |___ ___) || |   |  _/ ___ \ | || |___| |___| |_| |
 (_)     | |    |_| |_____|____/ |_|   |_|/_/   \_\___|_____|_____|____/ 
          \_\                                                            

TEST FAILED: DataDriven Test for adding multiple students to the Student App
--------------------------------------------------------------------------
10:23:16.623 [CreateStudentsDataDrivenTest-1-thread-7] DEBUG n.t.c.steps.ConsoleLoggingListener - RELATED ISSUES: 
10:23:16.624 [CreateStudentsDataDrivenTest-1-thread-7] ERROR n.t.c.steps.ConsoleLoggingListener - 1 expectation failed.Expected status code <201> but was <500>.
10:23:16.632 [CreateStudentsDataDrivenTest-1-thread-7] DEBUG n.thucydides.core.steps.StepEventBus - Test suite started for class com.studentapp.junit.CreateStudentsDataDrivenTest
10:23:16.632 [CreateStudentsDataDrivenTest-1-thread-7] INFO  n.t.c.steps.ConsoleLoggingListener - Test Suite Started: Create students data driven test
10:23:16.633 [CreateStudentsDataDrivenTest-1-thread-7] INFO  n.t.c.steps.ConsoleLoggingListener - 
 _____ _____ ____ _____   ____ _____  _    ____ _____ _____ ____  
|_   _| ____/ ___|_   _| / ___|_   _|/ \  |  _ \_   _| ____|  _ \ 
  | | |  _| \___ \ | |   \___ \ | | / _ \ | |_) || | |  _| | | | |
  | | | |___ ___) || |    ___) || |/ ___ \|  _ < | | | |___| |_| |
  |_| |_____|____/ |_|   |____/ |_/_/   \_\_| \_\|_| |_____|____/ 
                                                                  

TEST STARTED: createMultipleStudents[26]
-------------------------------------------------------------------
10:23:16.634 [CreateStudentsDataDrivenTest-1-thread-7] INFO  net.serenitybdd.core.Serenity - TEST NUMBER: 27
10:23:16.639 [CreateStudentsDataDrivenTest-1-thread-7] DEBUG n.t.core.steps.StepInterceptor - STARTING STEP: CreateStudentsDataDrivenTest.createMultipleStudents - Creating student with firstName:{0}, lastName:{1}, email:{2}, programme{3}, courses:{4}
10:23:17.258 [CreateStudentsDataDrivenTest-1-thread-8] DEBUG n.t.core.steps.StepInterceptor - STEP DONE: Creating student with firstName:{0}, lastName:{1}, email:{2}, programme{3}, courses:{4}
]]></system-out>
  </testcase>
  <testcase name="createMultipleStudents[4]" classname="com.studentapp.junit.CreateStudentsDataDrivenTest" time="0.015">
    <failure message="1 expectation failed.&#10;Expected status code &lt;201&gt; but was &lt;500&gt;.&#10;" type="java.lang.AssertionError"><![CDATA[java.lang.AssertionError: 
1 expectation failed.
Expected status code <201> but was <500>.

	at com.studentapp.junit.CreateStudentsDataDrivenTest.createMultipleStudents(CreateStudentsDataDrivenTest.java:86)
]]></failure>
    <system-out><![CDATA[10:23:17.263 [CreateStudentsDataDrivenTest-1-thread-8] ERROR n.t.c.steps.ConsoleLoggingListener - 
           __  _____ _____ ____ _____   _____ _    ___ _     _____ ____  
  _       / / |_   _| ____/ ___|_   _| |  ___/ \  |_ _| |   | ____|  _ \ 
 (_)_____| |    | | |  _| \___ \ | |   | |_ / _ \  | || |   |  _| | | | |
  _|_____| |    | | | |___ ___) || |   |  _/ ___ \ | || |___| |___| |_| |
 (_)     | |    |_| |_____|____/ |_|   |_|/_/   \_\___|_____|_____|____/ 
          \_\                                                            

TEST FAILED: DataDriven Test for adding multiple students to the Student App
--------------------------------------------------------------------------
10:23:17.263 [CreateStudentsDataDrivenTest-1-thread-8] DEBUG n.t.c.steps.ConsoleLoggingListener - RELATED ISSUES: 
10:23:17.263 [CreateStudentsDataDrivenTest-1-thread-8] ERROR n.t.c.steps.ConsoleLoggingListener - 1 expectation failed.Expected status code <201> but was <500>.
10:23:17.269 [CreateStudentsDataDrivenTest-1-thread-8] DEBUG n.thucydides.core.steps.StepEventBus - Test suite started for class com.studentapp.junit.CreateStudentsDataDrivenTest
10:23:17.269 [CreateStudentsDataDrivenTest-1-thread-8] INFO  n.t.c.steps.ConsoleLoggingListener - Test Suite Started: Create students data driven test
10:23:17.270 [CreateStudentsDataDrivenTest-1-thread-8] INFO  n.t.c.steps.ConsoleLoggingListener - 
 _____ _____ ____ _____   ____ _____  _    ____ _____ _____ ____  
|_   _| ____/ ___|_   _| / ___|_   _|/ \  |  _ \_   _| ____|  _ \ 
  | | |  _| \___ \ | |   \___ \ | | / _ \ | |_) || | |  _| | | | |
  | | | |___ ___) || |    ___) || |/ ___ \|  _ < | | | |___| |_| |
  |_| |_____|____/ |_|   |____/ |_/_/   \_\_| \_\|_| |_____|____/ 
                                                                  

TEST STARTED: createMultipleStudents[27]
-------------------------------------------------------------------
10:23:17.270 [CreateStudentsDataDrivenTest-1-thread-8] INFO  net.serenitybdd.core.Serenity - TEST NUMBER: 28
10:23:17.275 [CreateStudentsDataDrivenTest-1-thread-8] DEBUG n.t.core.steps.StepInterceptor - STARTING STEP: CreateStudentsDataDrivenTest.createMultipleStudents - Creating student with firstName:{0}, lastName:{1}, email:{2}, programme{3}, courses:{4}
10:23:17.473 [CreateStudentsDataDrivenTest-1-thread-5] DEBUG n.t.core.steps.StepInterceptor - STEP DONE: Creating student with firstName:{0}, lastName:{1}, email:{2}, programme{3}, courses:{4}
]]></system-out>
  </testcase>
  <testcase name="createMultipleStudents[2]" classname="com.studentapp.junit.CreateStudentsDataDrivenTest" time="0.053">
    <failure message="1 expectation failed.&#10;Expected status code &lt;201&gt; but was &lt;500&gt;.&#10;" type="java.lang.AssertionError"><![CDATA[java.lang.AssertionError: 
1 expectation failed.
Expected status code <201> but was <500>.

	at com.studentapp.junit.CreateStudentsDataDrivenTest.createMultipleStudents(CreateStudentsDataDrivenTest.java:86)
]]></failure>
    <system-out><![CDATA[10:23:17.477 [CreateStudentsDataDrivenTest-1-thread-5] ERROR n.t.c.steps.ConsoleLoggingListener - 
           __  _____ _____ ____ _____   _____ _    ___ _     _____ ____  
  _       / / |_   _| ____/ ___|_   _| |  ___/ \  |_ _| |   | ____|  _ \ 
 (_)_____| |    | | |  _| \___ \ | |   | |_ / _ \  | || |   |  _| | | | |
  _|_____| |    | | | |___ ___) || |   |  _/ ___ \ | || |___| |___| |_| |
 (_)     | |    |_| |_____|____/ |_|   |_|/_/   \_\___|_____|_____|____/ 
          \_\                                                            

TEST FAILED: DataDriven Test for adding multiple students to the Student App
--------------------------------------------------------------------------
10:23:17.477 [CreateStudentsDataDrivenTest-1-thread-5] DEBUG n.t.c.steps.ConsoleLoggingListener - RELATED ISSUES: 
10:23:17.477 [CreateStudentsDataDrivenTest-1-thread-5] ERROR n.t.c.steps.ConsoleLoggingListener - 1 expectation failed.Expected status code <201> but was <500>.
10:23:17.483 [CreateStudentsDataDrivenTest-1-thread-5] DEBUG n.thucydides.core.steps.StepEventBus - Test suite started for class com.studentapp.junit.CreateStudentsDataDrivenTest
10:23:17.484 [CreateStudentsDataDrivenTest-1-thread-5] INFO  n.t.c.steps.ConsoleLoggingListener - Test Suite Started: Create students data driven test
10:23:17.485 [CreateStudentsDataDrivenTest-1-thread-5] INFO  n.t.c.steps.ConsoleLoggingListener - 
 _____ _____ ____ _____   ____ _____  _    ____ _____ _____ ____  
|_   _| ____/ ___|_   _| / ___|_   _|/ \  |  _ \_   _| ____|  _ \ 
  | | |  _| \___ \ | |   \___ \ | | / _ \ | |_) || | |  _| | | | |
  | | | |___ ___) || |    ___) || |/ ___ \|  _ < | | | |___| |_| |
  |_| |_____|____/ |_|   |____/ |_/_/   \_\_| \_\|_| |_____|____/ 
                                                                  

TEST STARTED: createMultipleStudents[28]
-------------------------------------------------------------------
10:23:17.485 [CreateStudentsDataDrivenTest-1-thread-5] INFO  net.serenitybdd.core.Serenity - TEST NUMBER: 29
10:23:17.486 [CreateStudentsDataDrivenTest-1-thread-5] DEBUG n.t.core.steps.StepInterceptor - STARTING STEP: CreateStudentsDataDrivenTest.createMultipleStudents - Creating student with firstName:{0}, lastName:{1}, email:{2}, programme{3}, courses:{4}
10:23:17.608 [CreateStudentsDataDrivenTest-1-thread-3] DEBUG n.t.core.steps.StepInterceptor - STEP DONE: Creating student with firstName:{0}, lastName:{1}, email:{2}, programme{3}, courses:{4}
]]></system-out>
  </testcase>
  <testcase name="createMultipleStudents[8]" classname="com.studentapp.junit.CreateStudentsDataDrivenTest" time="0.056">
    <failure message="1 expectation failed.&#10;Expected status code &lt;201&gt; but was &lt;500&gt;.&#10;" type="java.lang.AssertionError"><![CDATA[java.lang.AssertionError: 
1 expectation failed.
Expected status code <201> but was <500>.

	at com.studentapp.junit.CreateStudentsDataDrivenTest.createMultipleStudents(CreateStudentsDataDrivenTest.java:86)
]]></failure>
    <system-out><![CDATA[10:23:17.611 [CreateStudentsDataDrivenTest-1-thread-9] DEBUG n.t.core.steps.StepInterceptor - STEP DONE: Creating student with firstName:{0}, lastName:{1}, email:{2}, programme{3}, courses:{4}
10:23:17.614 [CreateStudentsDataDrivenTest-1-thread-3] ERROR n.t.c.steps.ConsoleLoggingListener - 
           __  _____ _____ ____ _____   _____ _    ___ _     _____ ____  
  _       / / |_   _| ____/ ___|_   _| |  ___/ \  |_ _| |   | ____|  _ \ 
 (_)_____| |    | | |  _| \___ \ | |   | |_ / _ \  | || |   |  _| | | | |
  _|_____| |    | | | |___ ___) || |   |  _/ ___ \ | || |___| |___| |_| |
 (_)     | |    |_| |_____|____/ |_|   |_|/_/   \_\___|_____|_____|____/ 
          \_\                                                            

TEST FAILED: DataDriven Test for adding multiple students to the Student App
--------------------------------------------------------------------------
10:23:17.615 [CreateStudentsDataDrivenTest-1-thread-3] DEBUG n.t.c.steps.ConsoleLoggingListener - RELATED ISSUES: 
10:23:17.615 [CreateStudentsDataDrivenTest-1-thread-3] ERROR n.t.c.steps.ConsoleLoggingListener - 1 expectation failed.Expected status code <201> but was <500>.
]]></system-out>
  </testcase>
  <testcase name="createMultipleStudents[1]" classname="com.studentapp.junit.CreateStudentsDataDrivenTest" time="0.004">
    <failure message="1 expectation failed.&#10;Expected status code &lt;201&gt; but was &lt;500&gt;.&#10;" type="java.lang.AssertionError"><![CDATA[java.lang.AssertionError: 
1 expectation failed.
Expected status code <201> but was <500>.

	at com.studentapp.junit.CreateStudentsDataDrivenTest.createMultipleStudents(CreateStudentsDataDrivenTest.java:86)
]]></failure>
    <system-out><![CDATA[10:23:17.623 [CreateStudentsDataDrivenTest-1-thread-9] ERROR n.t.c.steps.ConsoleLoggingListener - 
           __  _____ _____ ____ _____   _____ _    ___ _     _____ ____  
  _       / / |_   _| ____/ ___|_   _| |  ___/ \  |_ _| |   | ____|  _ \ 
 (_)_____| |    | | |  _| \___ \ | |   | |_ / _ \  | || |   |  _| | | | |
  _|_____| |    | | | |___ ___) || |   |  _/ ___ \ | || |___| |___| |_| |
 (_)     | |    |_| |_____|____/ |_|   |_|/_/   \_\___|_____|_____|____/ 
          \_\                                                            

TEST FAILED: DataDriven Test for adding multiple students to the Student App
--------------------------------------------------------------------------
10:23:17.623 [CreateStudentsDataDrivenTest-1-thread-9] DEBUG n.t.c.steps.ConsoleLoggingListener - RELATED ISSUES: 
10:23:17.623 [CreateStudentsDataDrivenTest-1-thread-9] ERROR n.t.c.steps.ConsoleLoggingListener - 1 expectation failed.Expected status code <201> but was <500>.
10:23:17.628 [CreateStudentsDataDrivenTest-1-thread-3] DEBUG n.thucydides.core.steps.StepEventBus - Test suite started for class com.studentapp.junit.CreateStudentsDataDrivenTest
10:23:17.629 [CreateStudentsDataDrivenTest-1-thread-3] INFO  n.t.c.steps.ConsoleLoggingListener - Test Suite Started: Create students data driven test
10:23:17.630 [CreateStudentsDataDrivenTest-1-thread-3] INFO  n.t.c.steps.ConsoleLoggingListener - 
 _____ _____ ____ _____   ____ _____  _    ____ _____ _____ ____  
|_   _| ____/ ___|_   _| / ___|_   _|/ \  |  _ \_   _| ____|  _ \ 
  | | |  _| \___ \ | |   \___ \ | | / _ \ | |_) || | |  _| | | | |
  | | | |___ ___) || |    ___) || |/ ___ \|  _ < | | | |___| |_| |
  |_| |_____|____/ |_|   |____/ |_/_/   \_\_| \_\|_| |_____|____/ 
                                                                  

TEST STARTED: createMultipleStudents[29]
-------------------------------------------------------------------
10:23:17.630 [CreateStudentsDataDrivenTest-1-thread-3] INFO  net.serenitybdd.core.Serenity - TEST NUMBER: 30
10:23:17.632 [CreateStudentsDataDrivenTest-1-thread-3] DEBUG n.t.core.steps.StepInterceptor - STARTING STEP: CreateStudentsDataDrivenTest.createMultipleStudents - Creating student with firstName:{0}, lastName:{1}, email:{2}, programme{3}, courses:{4}
10:23:17.636 [CreateStudentsDataDrivenTest-1-thread-9] DEBUG n.thucydides.core.steps.StepEventBus - Test suite started for class com.studentapp.junit.CreateStudentsDataDrivenTest
10:23:17.636 [CreateStudentsDataDrivenTest-1-thread-9] INFO  n.t.c.steps.ConsoleLoggingListener - Test Suite Started: Create students data driven test
10:23:17.637 [CreateStudentsDataDrivenTest-1-thread-9] INFO  n.t.c.steps.ConsoleLoggingListener - 
 _____ _____ ____ _____   ____ _____  _    ____ _____ _____ ____  
|_   _| ____/ ___|_   _| / ___|_   _|/ \  |  _ \_   _| ____|  _ \ 
  | | |  _| \___ \ | |   \___ \ | | / _ \ | |_) || | |  _| | | | |
  | | | |___ ___) || |    ___) || |/ ___ \|  _ < | | | |___| |_| |
  |_| |_____|____/ |_|   |____/ |_/_/   \_\_| \_\|_| |_____|____/ 
                                                                  

TEST STARTED: createMultipleStudents[30]
-------------------------------------------------------------------
10:23:17.637 [CreateStudentsDataDrivenTest-1-thread-9] INFO  net.serenitybdd.core.Serenity - TEST NUMBER: 31
10:23:17.647 [CreateStudentsDataDrivenTest-1-thread-9] DEBUG n.t.core.steps.StepInterceptor - STARTING STEP: CreateStudentsDataDrivenTest.createMultipleStudents - Creating student with firstName:{0}, lastName:{1}, email:{2}, programme{3}, courses:{4}
10:23:17.720 [CreateStudentsDataDrivenTest-1-thread-2] DEBUG n.t.core.steps.StepInterceptor - STEP DONE: Creating student with firstName:{0}, lastName:{1}, email:{2}, programme{3}, courses:{4}
]]></system-out>
  </testcase>
  <testcase name="createMultipleStudents[18]" classname="com.studentapp.junit.CreateStudentsDataDrivenTest" time="0.015">
    <failure message="1 expectation failed.&#10;Expected status code &lt;201&gt; but was &lt;500&gt;.&#10;" type="java.lang.AssertionError"><![CDATA[java.lang.AssertionError: 
1 expectation failed.
Expected status code <201> but was <500>.

	at com.studentapp.junit.CreateStudentsDataDrivenTest.createMultipleStudents(CreateStudentsDataDrivenTest.java:86)
]]></failure>
    <system-out><![CDATA[10:23:17.730 [CreateStudentsDataDrivenTest-1-thread-2] ERROR n.t.c.steps.ConsoleLoggingListener - 
           __  _____ _____ ____ _____   _____ _    ___ _     _____ ____  
  _       / / |_   _| ____/ ___|_   _| |  ___/ \  |_ _| |   | ____|  _ \ 
 (_)_____| |    | | |  _| \___ \ | |   | |_ / _ \  | || |   |  _| | | | |
  _|_____| |    | | | |___ ___) || |   |  _/ ___ \ | || |___| |___| |_| |
 (_)     | |    |_| |_____|____/ |_|   |_|/_/   \_\___|_____|_____|____/ 
          \_\                                                            

TEST FAILED: DataDriven Test for adding multiple students to the Student App
--------------------------------------------------------------------------
10:23:17.730 [CreateStudentsDataDrivenTest-1-thread-2] DEBUG n.t.c.steps.ConsoleLoggingListener - RELATED ISSUES: 
10:23:17.730 [CreateStudentsDataDrivenTest-1-thread-2] ERROR n.t.c.steps.ConsoleLoggingListener - 1 expectation failed.Expected status code <201> but was <500>.
10:23:17.736 [CreateStudentsDataDrivenTest-1-thread-2] DEBUG n.thucydides.core.steps.StepEventBus - Test suite started for class com.studentapp.junit.CreateStudentsDataDrivenTest
10:23:17.737 [CreateStudentsDataDrivenTest-1-thread-2] INFO  n.t.c.steps.ConsoleLoggingListener - Test Suite Started: Create students data driven test
10:23:17.737 [CreateStudentsDataDrivenTest-1-thread-2] INFO  n.t.c.steps.ConsoleLoggingListener - 
 _____ _____ ____ _____   ____ _____  _    ____ _____ _____ ____  
|_   _| ____/ ___|_   _| / ___|_   _|/ \  |  _ \_   _| ____|  _ \ 
  | | |  _| \___ \ | |   \___ \ | | / _ \ | |_) || | |  _| | | | |
  | | | |___ ___) || |    ___) || |/ ___ \|  _ < | | | |___| |_| |
  |_| |_____|____/ |_|   |____/ |_/_/   \_\_| \_\|_| |_____|____/ 
                                                                  

TEST STARTED: createMultipleStudents[31]
-------------------------------------------------------------------
10:23:17.737 [CreateStudentsDataDrivenTest-1-thread-2] INFO  net.serenitybdd.core.Serenity - TEST NUMBER: 32
10:23:17.739 [CreateStudentsDataDrivenTest-1-thread-2] DEBUG n.t.core.steps.StepInterceptor - STARTING STEP: CreateStudentsDataDrivenTest.createMultipleStudents - Creating student with firstName:{0}, lastName:{1}, email:{2}, programme{3}, courses:{4}
10:23:19.157 [CreateStudentsDataDrivenTest-1-thread-13] DEBUG n.t.core.steps.StepInterceptor - STEP DONE: Creating student with firstName:{0}, lastName:{1}, email:{2}, programme{3}, courses:{4}
]]></system-out>
  </testcase>
  <testcase name="createMultipleStudents[19]" classname="com.studentapp.junit.CreateStudentsDataDrivenTest" time="0.007">
    <failure message="1 expectation failed.&#10;Expected status code &lt;201&gt; but was &lt;500&gt;.&#10;" type="java.lang.AssertionError"><![CDATA[java.lang.AssertionError: 
1 expectation failed.
Expected status code <201> but was <500>.

	at com.studentapp.junit.CreateStudentsDataDrivenTest.createMultipleStudents(CreateStudentsDataDrivenTest.java:86)
]]></failure>
    <system-out><![CDATA[10:23:19.163 [CreateStudentsDataDrivenTest-1-thread-13] ERROR n.t.c.steps.ConsoleLoggingListener - 
           __  _____ _____ ____ _____   _____ _    ___ _     _____ ____  
  _       / / |_   _| ____/ ___|_   _| |  ___/ \  |_ _| |   | ____|  _ \ 
 (_)_____| |    | | |  _| \___ \ | |   | |_ / _ \  | || |   |  _| | | | |
  _|_____| |    | | | |___ ___) || |   |  _/ ___ \ | || |___| |___| |_| |
 (_)     | |    |_| |_____|____/ |_|   |_|/_/   \_\___|_____|_____|____/ 
          \_\                                                            

TEST FAILED: DataDriven Test for adding multiple students to the Student App
--------------------------------------------------------------------------
10:23:19.164 [CreateStudentsDataDrivenTest-1-thread-13] DEBUG n.t.c.steps.ConsoleLoggingListener - RELATED ISSUES: 
10:23:19.164 [CreateStudentsDataDrivenTest-1-thread-13] ERROR n.t.c.steps.ConsoleLoggingListener - 1 expectation failed.Expected status code <201> but was <500>.
10:23:19.170 [CreateStudentsDataDrivenTest-1-thread-13] DEBUG n.thucydides.core.steps.StepEventBus - Test suite started for class com.studentapp.junit.CreateStudentsDataDrivenTest
10:23:19.171 [CreateStudentsDataDrivenTest-1-thread-13] INFO  n.t.c.steps.ConsoleLoggingListener - Test Suite Started: Create students data driven test
10:23:19.171 [CreateStudentsDataDrivenTest-1-thread-13] INFO  n.t.c.steps.ConsoleLoggingListener - 
 _____ _____ ____ _____   ____ _____  _    ____ _____ _____ ____  
|_   _| ____/ ___|_   _| / ___|_   _|/ \  |  _ \_   _| ____|  _ \ 
  | | |  _| \___ \ | |   \___ \ | | / _ \ | |_) || | |  _| | | | |
  | | | |___ ___) || |    ___) || |/ ___ \|  _ < | | | |___| |_| |
  |_| |_____|____/ |_|   |____/ |_/_/   \_\_| \_\|_| |_____|____/ 
                                                                  

TEST STARTED: createMultipleStudents[32]
-------------------------------------------------------------------
10:23:19.171 [CreateStudentsDataDrivenTest-1-thread-13] INFO  net.serenitybdd.core.Serenity - TEST NUMBER: 33
10:23:19.174 [CreateStudentsDataDrivenTest-1-thread-13] DEBUG n.t.core.steps.StepInterceptor - STARTING STEP: CreateStudentsDataDrivenTest.createMultipleStudents - Creating student with firstName:{0}, lastName:{1}, email:{2}, programme{3}, courses:{4}
10:23:19.525 [CreateStudentsDataDrivenTest-1-thread-15] DEBUG n.t.core.steps.StepInterceptor - STEP DONE: Creating student with firstName:{0}, lastName:{1}, email:{2}, programme{3}, courses:{4}
]]></system-out>
  </testcase>
  <testcase name="createMultipleStudents[16]" classname="com.studentapp.junit.CreateStudentsDataDrivenTest" time="0.005">
    <failure message="1 expectation failed.&#10;Expected status code &lt;201&gt; but was &lt;500&gt;.&#10;" type="java.lang.AssertionError"><![CDATA[java.lang.AssertionError: 
1 expectation failed.
Expected status code <201> but was <500>.

	at com.studentapp.junit.CreateStudentsDataDrivenTest.createMultipleStudents(CreateStudentsDataDrivenTest.java:86)
]]></failure>
    <system-out><![CDATA[10:23:19.529 [CreateStudentsDataDrivenTest-1-thread-15] ERROR n.t.c.steps.ConsoleLoggingListener - 
           __  _____ _____ ____ _____   _____ _    ___ _     _____ ____  
  _       / / |_   _| ____/ ___|_   _| |  ___/ \  |_ _| |   | ____|  _ \ 
 (_)_____| |    | | |  _| \___ \ | |   | |_ / _ \  | || |   |  _| | | | |
  _|_____| |    | | | |___ ___) || |   |  _/ ___ \ | || |___| |___| |_| |
 (_)     | |    |_| |_____|____/ |_|   |_|/_/   \_\___|_____|_____|____/ 
          \_\                                                            

TEST FAILED: DataDriven Test for adding multiple students to the Student App
--------------------------------------------------------------------------
10:23:19.529 [CreateStudentsDataDrivenTest-1-thread-15] DEBUG n.t.c.steps.ConsoleLoggingListener - RELATED ISSUES: 
10:23:19.529 [CreateStudentsDataDrivenTest-1-thread-15] ERROR n.t.c.steps.ConsoleLoggingListener - 1 expectation failed.Expected status code <201> but was <500>.
10:23:19.535 [CreateStudentsDataDrivenTest-1-thread-15] DEBUG n.thucydides.core.steps.StepEventBus - Test suite started for class com.studentapp.junit.CreateStudentsDataDrivenTest
10:23:19.535 [CreateStudentsDataDrivenTest-1-thread-15] INFO  n.t.c.steps.ConsoleLoggingListener - Test Suite Started: Create students data driven test
10:23:19.536 [CreateStudentsDataDrivenTest-1-thread-15] INFO  n.t.c.steps.ConsoleLoggingListener - 
 _____ _____ ____ _____   ____ _____  _    ____ _____ _____ ____  
|_   _| ____/ ___|_   _| / ___|_   _|/ \  |  _ \_   _| ____|  _ \ 
  | | |  _| \___ \ | |   \___ \ | | / _ \ | |_) || | |  _| | | | |
  | | | |___ ___) || |    ___) || |/ ___ \|  _ < | | | |___| |_| |
  |_| |_____|____/ |_|   |____/ |_/_/   \_\_| \_\|_| |_____|____/ 
                                                                  

TEST STARTED: createMultipleStudents[33]
-------------------------------------------------------------------
10:23:19.536 [CreateStudentsDataDrivenTest-1-thread-15] INFO  net.serenitybdd.core.Serenity - TEST NUMBER: 34
10:23:19.537 [CreateStudentsDataDrivenTest-1-thread-15] DEBUG n.t.core.steps.StepInterceptor - STARTING STEP: CreateStudentsDataDrivenTest.createMultipleStudents - Creating student with firstName:{0}, lastName:{1}, email:{2}, programme{3}, courses:{4}
10:23:19.812 [CreateStudentsDataDrivenTest-1-thread-10] DEBUG n.t.core.steps.StepInterceptor - STEP DONE: Creating student with firstName:{0}, lastName:{1}, email:{2}, programme{3}, courses:{4}
]]></system-out>
  </testcase>
  <testcase name="createMultipleStudents[20]" classname="com.studentapp.junit.CreateStudentsDataDrivenTest" time="0.058">
    <failure message="1 expectation failed.&#10;Expected status code &lt;201&gt; but was &lt;500&gt;.&#10;" type="java.lang.AssertionError"><![CDATA[java.lang.AssertionError: 
1 expectation failed.
Expected status code <201> but was <500>.

	at com.studentapp.junit.CreateStudentsDataDrivenTest.createMultipleStudents(CreateStudentsDataDrivenTest.java:86)
]]></failure>
    <system-out><![CDATA[10:23:19.819 [CreateStudentsDataDrivenTest-1-thread-10] ERROR n.t.c.steps.ConsoleLoggingListener - 
           __  _____ _____ ____ _____   _____ _    ___ _     _____ ____  
  _       / / |_   _| ____/ ___|_   _| |  ___/ \  |_ _| |   | ____|  _ \ 
 (_)_____| |    | | |  _| \___ \ | |   | |_ / _ \  | || |   |  _| | | | |
  _|_____| |    | | | |___ ___) || |   |  _/ ___ \ | || |___| |___| |_| |
 (_)     | |    |_| |_____|____/ |_|   |_|/_/   \_\___|_____|_____|____/ 
          \_\                                                            

TEST FAILED: DataDriven Test for adding multiple students to the Student App
--------------------------------------------------------------------------
10:23:19.819 [CreateStudentsDataDrivenTest-1-thread-10] DEBUG n.t.c.steps.ConsoleLoggingListener - RELATED ISSUES: 
10:23:19.819 [CreateStudentsDataDrivenTest-1-thread-10] ERROR n.t.c.steps.ConsoleLoggingListener - 1 expectation failed.Expected status code <201> but was <500>.
10:23:19.825 [CreateStudentsDataDrivenTest-1-thread-10] DEBUG n.thucydides.core.steps.StepEventBus - Test suite started for class com.studentapp.junit.CreateStudentsDataDrivenTest
10:23:19.825 [CreateStudentsDataDrivenTest-1-thread-10] INFO  n.t.c.steps.ConsoleLoggingListener - Test Suite Started: Create students data driven test
10:23:19.826 [CreateStudentsDataDrivenTest-1-thread-10] INFO  n.t.c.steps.ConsoleLoggingListener - 
 _____ _____ ____ _____   ____ _____  _    ____ _____ _____ ____  
|_   _| ____/ ___|_   _| / ___|_   _|/ \  |  _ \_   _| ____|  _ \ 
  | | |  _| \___ \ | |   \___ \ | | / _ \ | |_) || | |  _| | | | |
  | | | |___ ___) || |    ___) || |/ ___ \|  _ < | | | |___| |_| |
  |_| |_____|____/ |_|   |____/ |_/_/   \_\_| \_\|_| |_____|____/ 
                                                                  

TEST STARTED: createMultipleStudents[34]
-------------------------------------------------------------------
10:23:19.826 [CreateStudentsDataDrivenTest-1-thread-10] INFO  net.serenitybdd.core.Serenity - TEST NUMBER: 35
10:23:19.828 [CreateStudentsDataDrivenTest-1-thread-10] DEBUG n.t.core.steps.StepInterceptor - STARTING STEP: CreateStudentsDataDrivenTest.createMultipleStudents - Creating student with firstName:{0}, lastName:{1}, email:{2}, programme{3}, courses:{4}
10:23:20.022 [CreateStudentsDataDrivenTest-1-thread-14] DEBUG n.t.core.steps.StepInterceptor - STEP DONE: Creating student with firstName:{0}, lastName:{1}, email:{2}, programme{3}, courses:{4}
]]></system-out>
  </testcase>
  <testcase name="createMultipleStudents[17]" classname="com.studentapp.junit.CreateStudentsDataDrivenTest" time="0.005">
    <failure message="1 expectation failed.&#10;Expected status code &lt;201&gt; but was &lt;500&gt;.&#10;" type="java.lang.AssertionError"><![CDATA[java.lang.AssertionError: 
1 expectation failed.
Expected status code <201> but was <500>.

	at com.studentapp.junit.CreateStudentsDataDrivenTest.createMultipleStudents(CreateStudentsDataDrivenTest.java:86)
]]></failure>
    <system-out><![CDATA[10:23:20.026 [CreateStudentsDataDrivenTest-1-thread-14] ERROR n.t.c.steps.ConsoleLoggingListener - 
           __  _____ _____ ____ _____   _____ _    ___ _     _____ ____  
  _       / / |_   _| ____/ ___|_   _| |  ___/ \  |_ _| |   | ____|  _ \ 
 (_)_____| |    | | |  _| \___ \ | |   | |_ / _ \  | || |   |  _| | | | |
  _|_____| |    | | | |___ ___) || |   |  _/ ___ \ | || |___| |___| |_| |
 (_)     | |    |_| |_____|____/ |_|   |_|/_/   \_\___|_____|_____|____/ 
          \_\                                                            

TEST FAILED: DataDriven Test for adding multiple students to the Student App
--------------------------------------------------------------------------
10:23:20.026 [CreateStudentsDataDrivenTest-1-thread-14] DEBUG n.t.c.steps.ConsoleLoggingListener - RELATED ISSUES: 
10:23:20.026 [CreateStudentsDataDrivenTest-1-thread-14] ERROR n.t.c.steps.ConsoleLoggingListener - 1 expectation failed.Expected status code <201> but was <500>.
10:23:20.032 [CreateStudentsDataDrivenTest-1-thread-14] DEBUG n.thucydides.core.steps.StepEventBus - Test suite started for class com.studentapp.junit.CreateStudentsDataDrivenTest
10:23:20.033 [CreateStudentsDataDrivenTest-1-thread-14] INFO  n.t.c.steps.ConsoleLoggingListener - Test Suite Started: Create students data driven test
10:23:20.033 [CreateStudentsDataDrivenTest-1-thread-14] INFO  n.t.c.steps.ConsoleLoggingListener - 
 _____ _____ ____ _____   ____ _____  _    ____ _____ _____ ____  
|_   _| ____/ ___|_   _| / ___|_   _|/ \  |  _ \_   _| ____|  _ \ 
  | | |  _| \___ \ | |   \___ \ | | / _ \ | |_) || | |  _| | | | |
  | | | |___ ___) || |    ___) || |/ ___ \|  _ < | | | |___| |_| |
  |_| |_____|____/ |_|   |____/ |_/_/   \_\_| \_\|_| |_____|____/ 
                                                                  

TEST STARTED: createMultipleStudents[35]
-------------------------------------------------------------------
10:23:20.033 [CreateStudentsDataDrivenTest-1-thread-14] INFO  net.serenitybdd.core.Serenity - TEST NUMBER: 36
10:23:20.035 [CreateStudentsDataDrivenTest-1-thread-14] DEBUG n.t.core.steps.StepInterceptor - STARTING STEP: CreateStudentsDataDrivenTest.createMultipleStudents - Creating student with firstName:{0}, lastName:{1}, email:{2}, programme{3}, courses:{4}
10:23:20.194 [CreateStudentsDataDrivenTest-1-thread-12] DEBUG n.t.core.steps.StepInterceptor - STEP DONE: Creating student with firstName:{0}, lastName:{1}, email:{2}, programme{3}, courses:{4}
]]></system-out>
  </testcase>
  <testcase name="createMultipleStudents[21]" classname="com.studentapp.junit.CreateStudentsDataDrivenTest" time="0.005">
    <failure message="1 expectation failed.&#10;Expected status code &lt;201&gt; but was &lt;500&gt;.&#10;" type="java.lang.AssertionError"><![CDATA[java.lang.AssertionError: 
1 expectation failed.
Expected status code <201> but was <500>.

	at com.studentapp.junit.CreateStudentsDataDrivenTest.createMultipleStudents(CreateStudentsDataDrivenTest.java:86)
]]></failure>
    <system-out><![CDATA[10:23:20.199 [CreateStudentsDataDrivenTest-1-thread-12] ERROR n.t.c.steps.ConsoleLoggingListener - 
           __  _____ _____ ____ _____   _____ _    ___ _     _____ ____  
  _       / / |_   _| ____/ ___|_   _| |  ___/ \  |_ _| |   | ____|  _ \ 
 (_)_____| |    | | |  _| \___ \ | |   | |_ / _ \  | || |   |  _| | | | |
  _|_____| |    | | | |___ ___) || |   |  _/ ___ \ | || |___| |___| |_| |
 (_)     | |    |_| |_____|____/ |_|   |_|/_/   \_\___|_____|_____|____/ 
          \_\                                                            

TEST FAILED: DataDriven Test for adding multiple students to the Student App
--------------------------------------------------------------------------
10:23:20.200 [CreateStudentsDataDrivenTest-1-thread-12] DEBUG n.t.c.steps.ConsoleLoggingListener - RELATED ISSUES: 
10:23:20.200 [CreateStudentsDataDrivenTest-1-thread-12] ERROR n.t.c.steps.ConsoleLoggingListener - 1 expectation failed.Expected status code <201> but was <500>.
10:23:20.207 [CreateStudentsDataDrivenTest-1-thread-12] DEBUG n.thucydides.core.steps.StepEventBus - Test suite started for class com.studentapp.junit.CreateStudentsDataDrivenTest
10:23:20.208 [CreateStudentsDataDrivenTest-1-thread-12] INFO  n.t.c.steps.ConsoleLoggingListener - Test Suite Started: Create students data driven test
10:23:20.213 [CreateStudentsDataDrivenTest-1-thread-12] INFO  n.t.c.steps.ConsoleLoggingListener - 
 _____ _____ ____ _____   ____ _____  _    ____ _____ _____ ____  
|_   _| ____/ ___|_   _| / ___|_   _|/ \  |  _ \_   _| ____|  _ \ 
  | | |  _| \___ \ | |   \___ \ | | / _ \ | |_) || | |  _| | | | |
  | | | |___ ___) || |    ___) || |/ ___ \|  _ < | | | |___| |_| |
  |_| |_____|____/ |_|   |____/ |_/_/   \_\_| \_\|_| |_____|____/ 
                                                                  

TEST STARTED: createMultipleStudents[36]
-------------------------------------------------------------------
10:23:20.213 [CreateStudentsDataDrivenTest-1-thread-12] INFO  net.serenitybdd.core.Serenity - TEST NUMBER: 37
10:23:20.215 [CreateStudentsDataDrivenTest-1-thread-12] DEBUG n.t.core.steps.StepInterceptor - STARTING STEP: CreateStudentsDataDrivenTest.createMultipleStudents - Creating student with firstName:{0}, lastName:{1}, email:{2}, programme{3}, courses:{4}
10:23:20.857 [CreateStudentsDataDrivenTest-1-thread-6] DEBUG n.t.core.steps.StepInterceptor - STEP DONE: Creating student with firstName:{0}, lastName:{1}, email:{2}, programme{3}, courses:{4}
]]></system-out>
  </testcase>
  <testcase name="createMultipleStudents[23]" classname="com.studentapp.junit.CreateStudentsDataDrivenTest" time="0.008">
    <failure message="1 expectation failed.&#10;Expected status code &lt;201&gt; but was &lt;500&gt;.&#10;" type="java.lang.AssertionError"><![CDATA[java.lang.AssertionError: 
1 expectation failed.
Expected status code <201> but was <500>.

	at com.studentapp.junit.CreateStudentsDataDrivenTest.createMultipleStudents(CreateStudentsDataDrivenTest.java:86)
]]></failure>
    <system-out><![CDATA[10:23:20.864 [CreateStudentsDataDrivenTest-1-thread-6] ERROR n.t.c.steps.ConsoleLoggingListener - 
           __  _____ _____ ____ _____   _____ _    ___ _     _____ ____  
  _       / / |_   _| ____/ ___|_   _| |  ___/ \  |_ _| |   | ____|  _ \ 
 (_)_____| |    | | |  _| \___ \ | |   | |_ / _ \  | || |   |  _| | | | |
  _|_____| |    | | | |___ ___) || |   |  _/ ___ \ | || |___| |___| |_| |
 (_)     | |    |_| |_____|____/ |_|   |_|/_/   \_\___|_____|_____|____/ 
          \_\                                                            

TEST FAILED: DataDriven Test for adding multiple students to the Student App
--------------------------------------------------------------------------
10:23:20.864 [CreateStudentsDataDrivenTest-1-thread-6] DEBUG n.t.c.steps.ConsoleLoggingListener - RELATED ISSUES: 
10:23:20.864 [CreateStudentsDataDrivenTest-1-thread-6] ERROR n.t.c.steps.ConsoleLoggingListener - 1 expectation failed.Expected status code <201> but was <500>.
10:23:20.869 [CreateStudentsDataDrivenTest-1-thread-6] DEBUG n.thucydides.core.steps.StepEventBus - Test suite started for class com.studentapp.junit.CreateStudentsDataDrivenTest
10:23:20.870 [CreateStudentsDataDrivenTest-1-thread-6] INFO  n.t.c.steps.ConsoleLoggingListener - Test Suite Started: Create students data driven test
10:23:20.870 [CreateStudentsDataDrivenTest-1-thread-6] INFO  n.t.c.steps.ConsoleLoggingListener - 
 _____ _____ ____ _____   ____ _____  _    ____ _____ _____ ____  
|_   _| ____/ ___|_   _| / ___|_   _|/ \  |  _ \_   _| ____|  _ \ 
  | | |  _| \___ \ | |   \___ \ | | / _ \ | |_) || | |  _| | | | |
  | | | |___ ___) || |    ___) || |/ ___ \|  _ < | | | |___| |_| |
  |_| |_____|____/ |_|   |____/ |_/_/   \_\_| \_\|_| |_____|____/ 
                                                                  

TEST STARTED: createMultipleStudents[37]
-------------------------------------------------------------------
10:23:20.871 [CreateStudentsDataDrivenTest-1-thread-6] INFO  net.serenitybdd.core.Serenity - TEST NUMBER: 38
10:23:20.874 [CreateStudentsDataDrivenTest-1-thread-6] DEBUG n.t.core.steps.StepInterceptor - STARTING STEP: CreateStudentsDataDrivenTest.createMultipleStudents - Creating student with firstName:{0}, lastName:{1}, email:{2}, programme{3}, courses:{4}
10:23:21.158 [CreateStudentsDataDrivenTest-1-thread-16] DEBUG n.t.core.steps.StepInterceptor - STEP DONE: Creating student with firstName:{0}, lastName:{1}, email:{2}, programme{3}, courses:{4}
]]></system-out>
  </testcase>
  <testcase name="createMultipleStudents[24]" classname="com.studentapp.junit.CreateStudentsDataDrivenTest" time="0.007">
    <failure message="1 expectation failed.&#10;Expected status code &lt;201&gt; but was &lt;500&gt;.&#10;" type="java.lang.AssertionError"><![CDATA[java.lang.AssertionError: 
1 expectation failed.
Expected status code <201> but was <500>.

	at com.studentapp.junit.CreateStudentsDataDrivenTest.createMultipleStudents(CreateStudentsDataDrivenTest.java:86)
]]></failure>
    <system-out><![CDATA[10:23:21.163 [CreateStudentsDataDrivenTest-1-thread-16] ERROR n.t.c.steps.ConsoleLoggingListener - 
           __  _____ _____ ____ _____   _____ _    ___ _     _____ ____  
  _       / / |_   _| ____/ ___|_   _| |  ___/ \  |_ _| |   | ____|  _ \ 
 (_)_____| |    | | |  _| \___ \ | |   | |_ / _ \  | || |   |  _| | | | |
  _|_____| |    | | | |___ ___) || |   |  _/ ___ \ | || |___| |___| |_| |
 (_)     | |    |_| |_____|____/ |_|   |_|/_/   \_\___|_____|_____|____/ 
          \_\                                                            

TEST FAILED: DataDriven Test for adding multiple students to the Student App
--------------------------------------------------------------------------
10:23:21.163 [CreateStudentsDataDrivenTest-1-thread-16] DEBUG n.t.c.steps.ConsoleLoggingListener - RELATED ISSUES: 
10:23:21.163 [CreateStudentsDataDrivenTest-1-thread-16] ERROR n.t.c.steps.ConsoleLoggingListener - 1 expectation failed.Expected status code <201> but was <500>.
10:23:21.168 [CreateStudentsDataDrivenTest-1-thread-16] DEBUG n.thucydides.core.steps.StepEventBus - Test suite started for class com.studentapp.junit.CreateStudentsDataDrivenTest
10:23:21.169 [CreateStudentsDataDrivenTest-1-thread-16] INFO  n.t.c.steps.ConsoleLoggingListener - Test Suite Started: Create students data driven test
10:23:21.169 [CreateStudentsDataDrivenTest-1-thread-16] INFO  n.t.c.steps.ConsoleLoggingListener - 
 _____ _____ ____ _____   ____ _____  _    ____ _____ _____ ____  
|_   _| ____/ ___|_   _| / ___|_   _|/ \  |  _ \_   _| ____|  _ \ 
  | | |  _| \___ \ | |   \___ \ | | / _ \ | |_) || | |  _| | | | |
  | | | |___ ___) || |    ___) || |/ ___ \|  _ < | | | |___| |_| |
  |_| |_____|____/ |_|   |____/ |_/_/   \_\_| \_\|_| |_____|____/ 
                                                                  

TEST STARTED: createMultipleStudents[38]
-------------------------------------------------------------------
10:23:21.169 [CreateStudentsDataDrivenTest-1-thread-16] INFO  net.serenitybdd.core.Serenity - TEST NUMBER: 39
10:23:21.172 [CreateStudentsDataDrivenTest-1-thread-16] DEBUG n.t.core.steps.StepInterceptor - STARTING STEP: CreateStudentsDataDrivenTest.createMultipleStudents - Creating student with firstName:{0}, lastName:{1}, email:{2}, programme{3}, courses:{4}
10:23:21.763 [CreateStudentsDataDrivenTest-1-thread-1] DEBUG n.t.core.steps.StepInterceptor - STEP DONE: Creating student with firstName:{0}, lastName:{1}, email:{2}, programme{3}, courses:{4}
]]></system-out>
  </testcase>
  <testcase name="createMultipleStudents[22]" classname="com.studentapp.junit.CreateStudentsDataDrivenTest" time="0.013">
    <failure message="1 expectation failed.&#10;Expected status code &lt;201&gt; but was &lt;500&gt;.&#10;" type="java.lang.AssertionError"><![CDATA[java.lang.AssertionError: 
1 expectation failed.
Expected status code <201> but was <500>.

	at com.studentapp.junit.CreateStudentsDataDrivenTest.createMultipleStudents(CreateStudentsDataDrivenTest.java:86)
]]></failure>
    <system-out><![CDATA[10:23:21.767 [CreateStudentsDataDrivenTest-1-thread-1] ERROR n.t.c.steps.ConsoleLoggingListener - 
           __  _____ _____ ____ _____   _____ _    ___ _     _____ ____  
  _       / / |_   _| ____/ ___|_   _| |  ___/ \  |_ _| |   | ____|  _ \ 
 (_)_____| |    | | |  _| \___ \ | |   | |_ / _ \  | || |   |  _| | | | |
  _|_____| |    | | | |___ ___) || |   |  _/ ___ \ | || |___| |___| |_| |
 (_)     | |    |_| |_____|____/ |_|   |_|/_/   \_\___|_____|_____|____/ 
          \_\                                                            

TEST FAILED: DataDriven Test for adding multiple students to the Student App
--------------------------------------------------------------------------
10:23:21.767 [CreateStudentsDataDrivenTest-1-thread-1] DEBUG n.t.c.steps.ConsoleLoggingListener - RELATED ISSUES: 
10:23:21.767 [CreateStudentsDataDrivenTest-1-thread-1] ERROR n.t.c.steps.ConsoleLoggingListener - 1 expectation failed.Expected status code <201> but was <500>.
10:23:21.772 [CreateStudentsDataDrivenTest-1-thread-1] DEBUG n.thucydides.core.steps.StepEventBus - Test suite started for class com.studentapp.junit.CreateStudentsDataDrivenTest
10:23:21.772 [CreateStudentsDataDrivenTest-1-thread-1] INFO  n.t.c.steps.ConsoleLoggingListener - Test Suite Started: Create students data driven test
10:23:21.772 [CreateStudentsDataDrivenTest-1-thread-1] INFO  n.t.c.steps.ConsoleLoggingListener - 
 _____ _____ ____ _____   ____ _____  _    ____ _____ _____ ____  
|_   _| ____/ ___|_   _| / ___|_   _|/ \  |  _ \_   _| ____|  _ \ 
  | | |  _| \___ \ | |   \___ \ | | / _ \ | |_) || | |  _| | | | |
  | | | |___ ___) || |    ___) || |/ ___ \|  _ < | | | |___| |_| |
  |_| |_____|____/ |_|   |____/ |_/_/   \_\_| \_\|_| |_____|____/ 
                                                                  

TEST STARTED: createMultipleStudents[39]
-------------------------------------------------------------------
10:23:21.772 [CreateStudentsDataDrivenTest-1-thread-1] INFO  net.serenitybdd.core.Serenity - TEST NUMBER: 40
10:23:21.774 [CreateStudentsDataDrivenTest-1-thread-1] DEBUG n.t.core.steps.StepInterceptor - STARTING STEP: CreateStudentsDataDrivenTest.createMultipleStudents - Creating student with firstName:{0}, lastName:{1}, email:{2}, programme{3}, courses:{4}
10:23:21.998 [CreateStudentsDataDrivenTest-1-thread-11] DEBUG n.t.core.steps.StepInterceptor - STEP DONE: Creating student with firstName:{0}, lastName:{1}, email:{2}, programme{3}, courses:{4}
]]></system-out>
  </testcase>
  <testcase name="createMultipleStudents[25]" classname="com.studentapp.junit.CreateStudentsDataDrivenTest" time="0.025">
    <failure message="1 expectation failed.&#10;Expected status code &lt;201&gt; but was &lt;500&gt;.&#10;" type="java.lang.AssertionError"><![CDATA[java.lang.AssertionError: 
1 expectation failed.
Expected status code <201> but was <500>.

	at com.studentapp.junit.CreateStudentsDataDrivenTest.createMultipleStudents(CreateStudentsDataDrivenTest.java:86)
]]></failure>
    <system-out><![CDATA[10:23:22.002 [CreateStudentsDataDrivenTest-1-thread-11] ERROR n.t.c.steps.ConsoleLoggingListener - 
           __  _____ _____ ____ _____   _____ _    ___ _     _____ ____  
  _       / / |_   _| ____/ ___|_   _| |  ___/ \  |_ _| |   | ____|  _ \ 
 (_)_____| |    | | |  _| \___ \ | |   | |_ / _ \  | || |   |  _| | | | |
  _|_____| |    | | | |___ ___) || |   |  _/ ___ \ | || |___| |___| |_| |
 (_)     | |    |_| |_____|____/ |_|   |_|/_/   \_\___|_____|_____|____/ 
          \_\                                                            

TEST FAILED: DataDriven Test for adding multiple students to the Student App
--------------------------------------------------------------------------
10:23:22.002 [CreateStudentsDataDrivenTest-1-thread-11] DEBUG n.t.c.steps.ConsoleLoggingListener - RELATED ISSUES: 
10:23:22.002 [CreateStudentsDataDrivenTest-1-thread-11] ERROR n.t.c.steps.ConsoleLoggingListener - 1 expectation failed.Expected status code <201> but was <500>.
10:23:22.008 [CreateStudentsDataDrivenTest-1-thread-11] DEBUG n.thucydides.core.steps.StepEventBus - Test suite started for class com.studentapp.junit.CreateStudentsDataDrivenTest
10:23:22.008 [CreateStudentsDataDrivenTest-1-thread-11] INFO  n.t.c.steps.ConsoleLoggingListener - Test Suite Started: Create students data driven test
10:23:22.012 [CreateStudentsDataDrivenTest-1-thread-11] INFO  n.t.c.steps.ConsoleLoggingListener - 
 _____ _____ ____ _____   ____ _____  _    ____ _____ _____ ____  
|_   _| ____/ ___|_   _| / ___|_   _|/ \  |  _ \_   _| ____|  _ \ 
  | | |  _| \___ \ | |   \___ \ | | / _ \ | |_) || | |  _| | | | |
  | | | |___ ___) || |    ___) || |/ ___ \|  _ < | | | |___| |_| |
  |_| |_____|____/ |_|   |____/ |_/_/   \_\_| \_\|_| |_____|____/ 
                                                                  

TEST STARTED: createMultipleStudents[40]
-------------------------------------------------------------------
10:23:22.012 [CreateStudentsDataDrivenTest-1-thread-11] INFO  net.serenitybdd.core.Serenity - TEST NUMBER: 41
10:23:22.014 [CreateStudentsDataDrivenTest-1-thread-11] DEBUG n.t.core.steps.StepInterceptor - STARTING STEP: CreateStudentsDataDrivenTest.createMultipleStudents - Creating student with firstName:{0}, lastName:{1}, email:{2}, programme{3}, courses:{4}
10:23:22.287 [CreateStudentsDataDrivenTest-1-thread-4] DEBUG n.t.core.steps.StepInterceptor - STEP DONE: Creating student with firstName:{0}, lastName:{1}, email:{2}, programme{3}, courses:{4}
]]></system-out>
  </testcase>
  <testcase name="createMultipleStudents[26]" classname="com.studentapp.junit.CreateStudentsDataDrivenTest" time="0.005">
    <failure message="1 expectation failed.&#10;Expected status code &lt;201&gt; but was &lt;500&gt;.&#10;" type="java.lang.AssertionError"><![CDATA[java.lang.AssertionError: 
1 expectation failed.
Expected status code <201> but was <500>.

	at com.studentapp.junit.CreateStudentsDataDrivenTest.createMultipleStudents(CreateStudentsDataDrivenTest.java:86)
]]></failure>
    <system-out><![CDATA[10:23:22.290 [CreateStudentsDataDrivenTest-1-thread-4] ERROR n.t.c.steps.ConsoleLoggingListener - 
           __  _____ _____ ____ _____   _____ _    ___ _     _____ ____  
  _       / / |_   _| ____/ ___|_   _| |  ___/ \  |_ _| |   | ____|  _ \ 
 (_)_____| |    | | |  _| \___ \ | |   | |_ / _ \  | || |   |  _| | | | |
  _|_____| |    | | | |___ ___) || |   |  _/ ___ \ | || |___| |___| |_| |
 (_)     | |    |_| |_____|____/ |_|   |_|/_/   \_\___|_____|_____|____/ 
          \_\                                                            

TEST FAILED: DataDriven Test for adding multiple students to the Student App
--------------------------------------------------------------------------
10:23:22.290 [CreateStudentsDataDrivenTest-1-thread-4] DEBUG n.t.c.steps.ConsoleLoggingListener - RELATED ISSUES: 
10:23:22.291 [CreateStudentsDataDrivenTest-1-thread-4] ERROR n.t.c.steps.ConsoleLoggingListener - 1 expectation failed.Expected status code <201> but was <500>.
10:23:22.296 [CreateStudentsDataDrivenTest-1-thread-4] DEBUG n.thucydides.core.steps.StepEventBus - Test suite started for class com.studentapp.junit.CreateStudentsDataDrivenTest
10:23:22.296 [CreateStudentsDataDrivenTest-1-thread-4] INFO  n.t.c.steps.ConsoleLoggingListener - Test Suite Started: Create students data driven test
10:23:22.297 [CreateStudentsDataDrivenTest-1-thread-4] INFO  n.t.c.steps.ConsoleLoggingListener - 
 _____ _____ ____ _____   ____ _____  _    ____ _____ _____ ____  
|_   _| ____/ ___|_   _| / ___|_   _|/ \  |  _ \_   _| ____|  _ \ 
  | | |  _| \___ \ | |   \___ \ | | / _ \ | |_) || | |  _| | | | |
  | | | |___ ___) || |    ___) || |/ ___ \|  _ < | | | |___| |_| |
  |_| |_____|____/ |_|   |____/ |_/_/   \_\_| \_\|_| |_____|____/ 
                                                                  

TEST STARTED: createMultipleStudents[41]
-------------------------------------------------------------------
10:23:22.298 [CreateStudentsDataDrivenTest-1-thread-4] INFO  net.serenitybdd.core.Serenity - TEST NUMBER: 42
10:23:22.299 [CreateStudentsDataDrivenTest-1-thread-4] DEBUG n.t.core.steps.StepInterceptor - STARTING STEP: CreateStudentsDataDrivenTest.createMultipleStudents - Creating student with firstName:{0}, lastName:{1}, email:{2}, programme{3}, courses:{4}
10:23:22.404 [CreateStudentsDataDrivenTest-1-thread-7] DEBUG n.t.core.steps.StepInterceptor - STEP DONE: Creating student with firstName:{0}, lastName:{1}, email:{2}, programme{3}, courses:{4}
]]></system-out>
  </testcase>
  <testcase name="createMultipleStudents[27]" classname="com.studentapp.junit.CreateStudentsDataDrivenTest" time="0.049">
    <failure message="1 expectation failed.&#10;Expected status code &lt;201&gt; but was &lt;500&gt;.&#10;" type="java.lang.AssertionError"><![CDATA[java.lang.AssertionError: 
1 expectation failed.
Expected status code <201> but was <500>.

	at com.studentapp.junit.CreateStudentsDataDrivenTest.createMultipleStudents(CreateStudentsDataDrivenTest.java:86)
]]></failure>
    <system-out><![CDATA[10:23:22.408 [CreateStudentsDataDrivenTest-1-thread-7] ERROR n.t.c.steps.ConsoleLoggingListener - 
           __  _____ _____ ____ _____   _____ _    ___ _     _____ ____  
  _       / / |_   _| ____/ ___|_   _| |  ___/ \  |_ _| |   | ____|  _ \ 
 (_)_____| |    | | |  _| \___ \ | |   | |_ / _ \  | || |   |  _| | | | |
  _|_____| |    | | | |___ ___) || |   |  _/ ___ \ | || |___| |___| |_| |
 (_)     | |    |_| |_____|____/ |_|   |_|/_/   \_\___|_____|_____|____/ 
          \_\                                                            

TEST FAILED: DataDriven Test for adding multiple students to the Student App
--------------------------------------------------------------------------
10:23:22.408 [CreateStudentsDataDrivenTest-1-thread-7] DEBUG n.t.c.steps.ConsoleLoggingListener - RELATED ISSUES: 
10:23:22.408 [CreateStudentsDataDrivenTest-1-thread-7] ERROR n.t.c.steps.ConsoleLoggingListener - 1 expectation failed.Expected status code <201> but was <500>.
10:23:22.413 [CreateStudentsDataDrivenTest-1-thread-7] DEBUG n.thucydides.core.steps.StepEventBus - Test suite started for class com.studentapp.junit.CreateStudentsDataDrivenTest
10:23:22.415 [CreateStudentsDataDrivenTest-1-thread-7] INFO  n.t.c.steps.ConsoleLoggingListener - Test Suite Started: Create students data driven test
10:23:22.415 [CreateStudentsDataDrivenTest-1-thread-7] INFO  n.t.c.steps.ConsoleLoggingListener - 
 _____ _____ ____ _____   ____ _____  _    ____ _____ _____ ____  
|_   _| ____/ ___|_   _| / ___|_   _|/ \  |  _ \_   _| ____|  _ \ 
  | | |  _| \___ \ | |   \___ \ | | / _ \ | |_) || | |  _| | | | |
  | | | |___ ___) || |    ___) || |/ ___ \|  _ < | | | |___| |_| |
  |_| |_____|____/ |_|   |____/ |_/_/   \_\_| \_\|_| |_____|____/ 
                                                                  

TEST STARTED: createMultipleStudents[42]
-------------------------------------------------------------------
10:23:22.415 [CreateStudentsDataDrivenTest-1-thread-7] INFO  net.serenitybdd.core.Serenity - TEST NUMBER: 43
10:23:22.417 [CreateStudentsDataDrivenTest-1-thread-7] DEBUG n.t.core.steps.StepInterceptor - STARTING STEP: CreateStudentsDataDrivenTest.createMultipleStudents - Creating student with firstName:{0}, lastName:{1}, email:{2}, programme{3}, courses:{4}
10:23:22.678 [CreateStudentsDataDrivenTest-1-thread-8] DEBUG n.t.core.steps.StepInterceptor - STEP DONE: Creating student with firstName:{0}, lastName:{1}, email:{2}, programme{3}, courses:{4}
]]></system-out>
  </testcase>
  <testcase name="createMultipleStudents[28]" classname="com.studentapp.junit.CreateStudentsDataDrivenTest" time="0.004">
    <failure message="1 expectation failed.&#10;Expected status code &lt;201&gt; but was &lt;500&gt;.&#10;" type="java.lang.AssertionError"><![CDATA[java.lang.AssertionError: 
1 expectation failed.
Expected status code <201> but was <500>.

	at com.studentapp.junit.CreateStudentsDataDrivenTest.createMultipleStudents(CreateStudentsDataDrivenTest.java:86)
]]></failure>
    <system-out><![CDATA[10:23:22.683 [CreateStudentsDataDrivenTest-1-thread-8] ERROR n.t.c.steps.ConsoleLoggingListener - 
           __  _____ _____ ____ _____   _____ _    ___ _     _____ ____  
  _       / / |_   _| ____/ ___|_   _| |  ___/ \  |_ _| |   | ____|  _ \ 
 (_)_____| |    | | |  _| \___ \ | |   | |_ / _ \  | || |   |  _| | | | |
  _|_____| |    | | | |___ ___) || |   |  _/ ___ \ | || |___| |___| |_| |
 (_)     | |    |_| |_____|____/ |_|   |_|/_/   \_\___|_____|_____|____/ 
          \_\                                                            

TEST FAILED: DataDriven Test for adding multiple students to the Student App
--------------------------------------------------------------------------
10:23:22.683 [CreateStudentsDataDrivenTest-1-thread-8] DEBUG n.t.c.steps.ConsoleLoggingListener - RELATED ISSUES: 
10:23:22.683 [CreateStudentsDataDrivenTest-1-thread-8] ERROR n.t.c.steps.ConsoleLoggingListener - 1 expectation failed.Expected status code <201> but was <500>.
10:23:22.694 [CreateStudentsDataDrivenTest-1-thread-8] DEBUG n.thucydides.core.steps.StepEventBus - Test suite started for class com.studentapp.junit.CreateStudentsDataDrivenTest
10:23:22.695 [CreateStudentsDataDrivenTest-1-thread-8] INFO  n.t.c.steps.ConsoleLoggingListener - Test Suite Started: Create students data driven test
10:23:22.696 [CreateStudentsDataDrivenTest-1-thread-8] INFO  n.t.c.steps.ConsoleLoggingListener - 
 _____ _____ ____ _____   ____ _____  _    ____ _____ _____ ____  
|_   _| ____/ ___|_   _| / ___|_   _|/ \  |  _ \_   _| ____|  _ \ 
  | | |  _| \___ \ | |   \___ \ | | / _ \ | |_) || | |  _| | | | |
  | | | |___ ___) || |    ___) || |/ ___ \|  _ < | | | |___| |_| |
  |_| |_____|____/ |_|   |____/ |_/_/   \_\_| \_\|_| |_____|____/ 
                                                                  

TEST STARTED: createMultipleStudents[43]
-------------------------------------------------------------------
10:23:22.696 [CreateStudentsDataDrivenTest-1-thread-8] INFO  net.serenitybdd.core.Serenity - TEST NUMBER: 44
10:23:22.698 [CreateStudentsDataDrivenTest-1-thread-8] DEBUG n.t.core.steps.StepInterceptor - STARTING STEP: CreateStudentsDataDrivenTest.createMultipleStudents - Creating student with firstName:{0}, lastName:{1}, email:{2}, programme{3}, courses:{4}
10:23:22.876 [CreateStudentsDataDrivenTest-1-thread-5] DEBUG n.t.core.steps.StepInterceptor - STEP DONE: Creating student with firstName:{0}, lastName:{1}, email:{2}, programme{3}, courses:{4}
]]></system-out>
  </testcase>
  <testcase name="createMultipleStudents[29]" classname="com.studentapp.junit.CreateStudentsDataDrivenTest" time="0.004">
    <failure message="1 expectation failed.&#10;Expected status code &lt;201&gt; but was &lt;500&gt;.&#10;" type="java.lang.AssertionError"><![CDATA[java.lang.AssertionError: 
1 expectation failed.
Expected status code <201> but was <500>.

	at com.studentapp.junit.CreateStudentsDataDrivenTest.createMultipleStudents(CreateStudentsDataDrivenTest.java:86)
]]></failure>
    <system-out><![CDATA[10:23:22.881 [CreateStudentsDataDrivenTest-1-thread-5] ERROR n.t.c.steps.ConsoleLoggingListener - 
           __  _____ _____ ____ _____   _____ _    ___ _     _____ ____  
  _       / / |_   _| ____/ ___|_   _| |  ___/ \  |_ _| |   | ____|  _ \ 
 (_)_____| |    | | |  _| \___ \ | |   | |_ / _ \  | || |   |  _| | | | |
  _|_____| |    | | | |___ ___) || |   |  _/ ___ \ | || |___| |___| |_| |
 (_)     | |    |_| |_____|____/ |_|   |_|/_/   \_\___|_____|_____|____/ 
          \_\                                                            

TEST FAILED: DataDriven Test for adding multiple students to the Student App
--------------------------------------------------------------------------
10:23:22.881 [CreateStudentsDataDrivenTest-1-thread-5] DEBUG n.t.c.steps.ConsoleLoggingListener - RELATED ISSUES: 
10:23:22.881 [CreateStudentsDataDrivenTest-1-thread-5] ERROR n.t.c.steps.ConsoleLoggingListener - 1 expectation failed.Expected status code <201> but was <500>.
10:23:22.886 [CreateStudentsDataDrivenTest-1-thread-5] DEBUG n.thucydides.core.steps.StepEventBus - Test suite started for class com.studentapp.junit.CreateStudentsDataDrivenTest
10:23:22.887 [CreateStudentsDataDrivenTest-1-thread-5] INFO  n.t.c.steps.ConsoleLoggingListener - Test Suite Started: Create students data driven test
10:23:22.887 [CreateStudentsDataDrivenTest-1-thread-5] INFO  n.t.c.steps.ConsoleLoggingListener - 
 _____ _____ ____ _____   ____ _____  _    ____ _____ _____ ____  
|_   _| ____/ ___|_   _| / ___|_   _|/ \  |  _ \_   _| ____|  _ \ 
  | | |  _| \___ \ | |   \___ \ | | / _ \ | |_) || | |  _| | | | |
  | | | |___ ___) || |    ___) || |/ ___ \|  _ < | | | |___| |_| |
  |_| |_____|____/ |_|   |____/ |_/_/   \_\_| \_\|_| |_____|____/ 
                                                                  

TEST STARTED: createMultipleStudents[44]
-------------------------------------------------------------------
10:23:22.888 [CreateStudentsDataDrivenTest-1-thread-5] INFO  net.serenitybdd.core.Serenity - TEST NUMBER: 45
10:23:22.889 [CreateStudentsDataDrivenTest-1-thread-5] DEBUG n.t.core.steps.StepInterceptor - STARTING STEP: CreateStudentsDataDrivenTest.createMultipleStudents - Creating student with firstName:{0}, lastName:{1}, email:{2}, programme{3}, courses:{4}
10:23:23.667 [CreateStudentsDataDrivenTest-1-thread-3] DEBUG n.t.core.steps.StepInterceptor - STEP DONE: Creating student with firstName:{0}, lastName:{1}, email:{2}, programme{3}, courses:{4}
]]></system-out>
  </testcase>
  <testcase name="createMultipleStudents[30]" classname="com.studentapp.junit.CreateStudentsDataDrivenTest" time="0.007">
    <failure message="1 expectation failed.&#10;Expected status code &lt;201&gt; but was &lt;500&gt;.&#10;" type="java.lang.AssertionError"><![CDATA[java.lang.AssertionError: 
1 expectation failed.
Expected status code <201> but was <500>.

	at com.studentapp.junit.CreateStudentsDataDrivenTest.createMultipleStudents(CreateStudentsDataDrivenTest.java:86)
]]></failure>
    <system-out><![CDATA[10:23:23.671 [CreateStudentsDataDrivenTest-1-thread-9] DEBUG n.t.core.steps.StepInterceptor - STEP DONE: Creating student with firstName:{0}, lastName:{1}, email:{2}, programme{3}, courses:{4}
10:23:23.671 [CreateStudentsDataDrivenTest-1-thread-3] ERROR n.t.c.steps.ConsoleLoggingListener - 
           __  _____ _____ ____ _____   _____ _    ___ _     _____ ____  
  _       / / |_   _| ____/ ___|_   _| |  ___/ \  |_ _| |   | ____|  _ \ 
 (_)_____| |    | | |  _| \___ \ | |   | |_ / _ \  | || |   |  _| | | | |
  _|_____| |    | | | |___ ___) || |   |  _/ ___ \ | || |___| |___| |_| |
 (_)     | |    |_| |_____|____/ |_|   |_|/_/   \_\___|_____|_____|____/ 
          \_\                                                            

TEST FAILED: DataDriven Test for adding multiple students to the Student App
--------------------------------------------------------------------------
10:23:23.671 [CreateStudentsDataDrivenTest-1-thread-3] DEBUG n.t.c.steps.ConsoleLoggingListener - RELATED ISSUES: 
10:23:23.672 [CreateStudentsDataDrivenTest-1-thread-3] ERROR n.t.c.steps.ConsoleLoggingListener - 1 expectation failed.Expected status code <201> but was <500>.
]]></system-out>
  </testcase>
  <testcase name="createMultipleStudents[31]" classname="com.studentapp.junit.CreateStudentsDataDrivenTest" time="0.011">
    <failure message="1 expectation failed.&#10;Expected status code &lt;201&gt; but was &lt;500&gt;.&#10;" type="java.lang.AssertionError"><![CDATA[java.lang.AssertionError: 
1 expectation failed.
Expected status code <201> but was <500>.

	at com.studentapp.junit.CreateStudentsDataDrivenTest.createMultipleStudents(CreateStudentsDataDrivenTest.java:86)
]]></failure>
    <system-out><![CDATA[10:23:23.676 [CreateStudentsDataDrivenTest-1-thread-9] ERROR n.t.c.steps.ConsoleLoggingListener - 
           __  _____ _____ ____ _____   _____ _    ___ _     _____ ____  
  _       / / |_   _| ____/ ___|_   _| |  ___/ \  |_ _| |   | ____|  _ \ 
 (_)_____| |    | | |  _| \___ \ | |   | |_ / _ \  | || |   |  _| | | | |
  _|_____| |    | | | |___ ___) || |   |  _/ ___ \ | || |___| |___| |_| |
 (_)     | |    |_| |_____|____/ |_|   |_|/_/   \_\___|_____|_____|____/ 
          \_\                                                            

TEST FAILED: DataDriven Test for adding multiple students to the Student App
--------------------------------------------------------------------------
10:23:23.676 [CreateStudentsDataDrivenTest-1-thread-9] DEBUG n.t.c.steps.ConsoleLoggingListener - RELATED ISSUES: 
10:23:23.676 [CreateStudentsDataDrivenTest-1-thread-9] ERROR n.t.c.steps.ConsoleLoggingListener - 1 expectation failed.Expected status code <201> but was <500>.
10:23:23.681 [CreateStudentsDataDrivenTest-1-thread-9] DEBUG n.thucydides.core.steps.StepEventBus - Test suite started for class com.studentapp.junit.CreateStudentsDataDrivenTest
10:23:23.682 [CreateStudentsDataDrivenTest-1-thread-9] INFO  n.t.c.steps.ConsoleLoggingListener - Test Suite Started: Create students data driven test
10:23:23.682 [CreateStudentsDataDrivenTest-1-thread-9] INFO  n.t.c.steps.ConsoleLoggingListener - 
 _____ _____ ____ _____   ____ _____  _    ____ _____ _____ ____  
|_   _| ____/ ___|_   _| / ___|_   _|/ \  |  _ \_   _| ____|  _ \ 
  | | |  _| \___ \ | |   \___ \ | | / _ \ | |_) || | |  _| | | | |
  | | | |___ ___) || |    ___) || |/ ___ \|  _ < | | | |___| |_| |
  |_| |_____|____/ |_|   |____/ |_/_/   \_\_| \_\|_| |_____|____/ 
                                                                  

TEST STARTED: createMultipleStudents[46]
-------------------------------------------------------------------
10:23:23.683 [CreateStudentsDataDrivenTest-1-thread-9] INFO  net.serenitybdd.core.Serenity - TEST NUMBER: 46
10:23:23.683 [CreateStudentsDataDrivenTest-1-thread-3] DEBUG n.thucydides.core.steps.StepEventBus - Test suite started for class com.studentapp.junit.CreateStudentsDataDrivenTest
10:23:23.683 [CreateStudentsDataDrivenTest-1-thread-3] INFO  n.t.c.steps.ConsoleLoggingListener - Test Suite Started: Create students data driven test
10:23:23.684 [CreateStudentsDataDrivenTest-1-thread-3] INFO  n.t.c.steps.ConsoleLoggingListener - 
 _____ _____ ____ _____   ____ _____  _    ____ _____ _____ ____  
|_   _| ____/ ___|_   _| / ___|_   _|/ \  |  _ \_   _| ____|  _ \ 
  | | |  _| \___ \ | |   \___ \ | | / _ \ | |_) || | |  _| | | | |
  | | | |___ ___) || |    ___) || |/ ___ \|  _ < | | | |___| |_| |
  |_| |_____|____/ |_|   |____/ |_/_/   \_\_| \_\|_| |_____|____/ 
                                                                  

TEST STARTED: createMultipleStudents[45]
-------------------------------------------------------------------
10:23:23.684 [CreateStudentsDataDrivenTest-1-thread-3] INFO  net.serenitybdd.core.Serenity - TEST NUMBER: 47
10:23:23.684 [CreateStudentsDataDrivenTest-1-thread-9] DEBUG n.t.core.steps.StepInterceptor - STARTING STEP: CreateStudentsDataDrivenTest.createMultipleStudents - Creating student with firstName:{0}, lastName:{1}, email:{2}, programme{3}, courses:{4}
10:23:23.708 [CreateStudentsDataDrivenTest-1-thread-2] DEBUG n.t.core.steps.StepInterceptor - STEP DONE: Creating student with firstName:{0}, lastName:{1}, email:{2}, programme{3}, courses:{4}
]]></system-out>
  </testcase>
  <testcase name="createMultipleStudents[32]" classname="com.studentapp.junit.CreateStudentsDataDrivenTest" time="0.066">
    <failure message="1 expectation failed.&#10;Expected status code &lt;201&gt; but was &lt;500&gt;.&#10;" type="java.lang.AssertionError"><![CDATA[java.lang.AssertionError: 
1 expectation failed.
Expected status code <201> but was <500>.

	at com.studentapp.junit.CreateStudentsDataDrivenTest.createMultipleStudents(CreateStudentsDataDrivenTest.java:86)
]]></failure>
    <system-out><![CDATA[10:23:23.712 [CreateStudentsDataDrivenTest-1-thread-2] ERROR n.t.c.steps.ConsoleLoggingListener - 
           __  _____ _____ ____ _____   _____ _    ___ _     _____ ____  
  _       / / |_   _| ____/ ___|_   _| |  ___/ \  |_ _| |   | ____|  _ \ 
 (_)_____| |    | | |  _| \___ \ | |   | |_ / _ \  | || |   |  _| | | | |
  _|_____| |    | | | |___ ___) || |   |  _/ ___ \ | || |___| |___| |_| |
 (_)     | |    |_| |_____|____/ |_|   |_|/_/   \_\___|_____|_____|____/ 
          \_\                                                            

TEST FAILED: DataDriven Test for adding multiple students to the Student App
--------------------------------------------------------------------------
10:23:23.712 [CreateStudentsDataDrivenTest-1-thread-2] DEBUG n.t.c.steps.ConsoleLoggingListener - RELATED ISSUES: 
10:23:23.712 [CreateStudentsDataDrivenTest-1-thread-2] ERROR n.t.c.steps.ConsoleLoggingListener - 1 expectation failed.Expected status code <201> but was <500>.
10:23:23.717 [CreateStudentsDataDrivenTest-1-thread-2] DEBUG n.thucydides.core.steps.StepEventBus - Test suite started for class com.studentapp.junit.CreateStudentsDataDrivenTest
10:23:23.717 [CreateStudentsDataDrivenTest-1-thread-2] INFO  n.t.c.steps.ConsoleLoggingListener - Test Suite Started: Create students data driven test
10:23:23.718 [CreateStudentsDataDrivenTest-1-thread-2] INFO  n.t.c.steps.ConsoleLoggingListener - 
 _____ _____ ____ _____   ____ _____  _    ____ _____ _____ ____  
|_   _| ____/ ___|_   _| / ___|_   _|/ \  |  _ \_   _| ____|  _ \ 
  | | |  _| \___ \ | |   \___ \ | | / _ \ | |_) || | |  _| | | | |
  | | | |___ ___) || |    ___) || |/ ___ \|  _ < | | | |___| |_| |
  |_| |_____|____/ |_|   |____/ |_/_/   \_\_| \_\|_| |_____|____/ 
                                                                  

TEST STARTED: createMultipleStudents[47]
-------------------------------------------------------------------
10:23:23.718 [CreateStudentsDataDrivenTest-1-thread-2] INFO  net.serenitybdd.core.Serenity - TEST NUMBER: 48
10:23:23.719 [CreateStudentsDataDrivenTest-1-thread-2] DEBUG n.t.core.steps.StepInterceptor - STARTING STEP: CreateStudentsDataDrivenTest.createMultipleStudents - Creating student with firstName:{0}, lastName:{1}, email:{2}, programme{3}, courses:{4}
10:23:23.751 [CreateStudentsDataDrivenTest-1-thread-3] DEBUG n.t.core.steps.StepInterceptor - STARTING STEP: CreateStudentsDataDrivenTest.createMultipleStudents - Creating student with firstName:{0}, lastName:{1}, email:{2}, programme{3}, courses:{4}
10:23:24.867 [CreateStudentsDataDrivenTest-1-thread-13] DEBUG n.t.core.steps.StepInterceptor - STEP DONE: Creating student with firstName:{0}, lastName:{1}, email:{2}, programme{3}, courses:{4}
]]></system-out>
  </testcase>
  <testcase name="createMultipleStudents[33]" classname="com.studentapp.junit.CreateStudentsDataDrivenTest" time="0.004">
    <failure message="1 expectation failed.&#10;Expected status code &lt;201&gt; but was &lt;500&gt;.&#10;" type="java.lang.AssertionError"><![CDATA[java.lang.AssertionError: 
1 expectation failed.
Expected status code <201> but was <500>.

	at com.studentapp.junit.CreateStudentsDataDrivenTest.createMultipleStudents(CreateStudentsDataDrivenTest.java:86)
]]></failure>
    <system-out><![CDATA[10:23:24.871 [CreateStudentsDataDrivenTest-1-thread-13] ERROR n.t.c.steps.ConsoleLoggingListener - 
           __  _____ _____ ____ _____   _____ _    ___ _     _____ ____  
  _       / / |_   _| ____/ ___|_   _| |  ___/ \  |_ _| |   | ____|  _ \ 
 (_)_____| |    | | |  _| \___ \ | |   | |_ / _ \  | || |   |  _| | | | |
  _|_____| |    | | | |___ ___) || |   |  _/ ___ \ | || |___| |___| |_| |
 (_)     | |    |_| |_____|____/ |_|   |_|/_/   \_\___|_____|_____|____/ 
          \_\                                                            

TEST FAILED: DataDriven Test for adding multiple students to the Student App
--------------------------------------------------------------------------
10:23:24.871 [CreateStudentsDataDrivenTest-1-thread-13] DEBUG n.t.c.steps.ConsoleLoggingListener - RELATED ISSUES: 
10:23:24.871 [CreateStudentsDataDrivenTest-1-thread-13] ERROR n.t.c.steps.ConsoleLoggingListener - 1 expectation failed.Expected status code <201> but was <500>.
10:23:24.876 [CreateStudentsDataDrivenTest-1-thread-13] DEBUG n.thucydides.core.steps.StepEventBus - Test suite started for class com.studentapp.junit.CreateStudentsDataDrivenTest
10:23:24.877 [CreateStudentsDataDrivenTest-1-thread-13] INFO  n.t.c.steps.ConsoleLoggingListener - Test Suite Started: Create students data driven test
10:23:24.877 [CreateStudentsDataDrivenTest-1-thread-13] INFO  n.t.c.steps.ConsoleLoggingListener - 
 _____ _____ ____ _____   ____ _____  _    ____ _____ _____ ____  
|_   _| ____/ ___|_   _| / ___|_   _|/ \  |  _ \_   _| ____|  _ \ 
  | | |  _| \___ \ | |   \___ \ | | / _ \ | |_) || | |  _| | | | |
  | | | |___ ___) || |    ___) || |/ ___ \|  _ < | | | |___| |_| |
  |_| |_____|____/ |_|   |____/ |_/_/   \_\_| \_\|_| |_____|____/ 
                                                                  

TEST STARTED: createMultipleStudents[48]
-------------------------------------------------------------------
10:23:24.877 [CreateStudentsDataDrivenTest-1-thread-13] INFO  net.serenitybdd.core.Serenity - TEST NUMBER: 49
10:23:24.879 [CreateStudentsDataDrivenTest-1-thread-13] DEBUG n.t.core.steps.StepInterceptor - STARTING STEP: CreateStudentsDataDrivenTest.createMultipleStudents - Creating student with firstName:{0}, lastName:{1}, email:{2}, programme{3}, courses:{4}
10:23:25.088 [CreateStudentsDataDrivenTest-1-thread-15] DEBUG n.t.core.steps.StepInterceptor - STEP DONE: Creating student with firstName:{0}, lastName:{1}, email:{2}, programme{3}, courses:{4}
]]></system-out>
  </testcase>
  <testcase name="createMultipleStudents[34]" classname="com.studentapp.junit.CreateStudentsDataDrivenTest" time="0.004">
    <failure message="1 expectation failed.&#10;Expected status code &lt;201&gt; but was &lt;500&gt;.&#10;" type="java.lang.AssertionError"><![CDATA[java.lang.AssertionError: 
1 expectation failed.
Expected status code <201> but was <500>.

	at com.studentapp.junit.CreateStudentsDataDrivenTest.createMultipleStudents(CreateStudentsDataDrivenTest.java:86)
]]></failure>
    <system-out><![CDATA[10:23:25.092 [CreateStudentsDataDrivenTest-1-thread-15] ERROR n.t.c.steps.ConsoleLoggingListener - 
           __  _____ _____ ____ _____   _____ _    ___ _     _____ ____  
  _       / / |_   _| ____/ ___|_   _| |  ___/ \  |_ _| |   | ____|  _ \ 
 (_)_____| |    | | |  _| \___ \ | |   | |_ / _ \  | || |   |  _| | | | |
  _|_____| |    | | | |___ ___) || |   |  _/ ___ \ | || |___| |___| |_| |
 (_)     | |    |_| |_____|____/ |_|   |_|/_/   \_\___|_____|_____|____/ 
          \_\                                                            

TEST FAILED: DataDriven Test for adding multiple students to the Student App
--------------------------------------------------------------------------
10:23:25.092 [CreateStudentsDataDrivenTest-1-thread-15] DEBUG n.t.c.steps.ConsoleLoggingListener - RELATED ISSUES: 
10:23:25.092 [CreateStudentsDataDrivenTest-1-thread-15] ERROR n.t.c.steps.ConsoleLoggingListener - 1 expectation failed.Expected status code <201> but was <500>.
10:23:25.097 [CreateStudentsDataDrivenTest-1-thread-15] DEBUG n.thucydides.core.steps.StepEventBus - Test suite started for class com.studentapp.junit.CreateStudentsDataDrivenTest
10:23:25.098 [CreateStudentsDataDrivenTest-1-thread-15] INFO  n.t.c.steps.ConsoleLoggingListener - Test Suite Started: Create students data driven test
10:23:25.098 [CreateStudentsDataDrivenTest-1-thread-15] INFO  n.t.c.steps.ConsoleLoggingListener - 
 _____ _____ ____ _____   ____ _____  _    ____ _____ _____ ____  
|_   _| ____/ ___|_   _| / ___|_   _|/ \  |  _ \_   _| ____|  _ \ 
  | | |  _| \___ \ | |   \___ \ | | / _ \ | |_) || | |  _| | | | |
  | | | |___ ___) || |    ___) || |/ ___ \|  _ < | | | |___| |_| |
  |_| |_____|____/ |_|   |____/ |_/_/   \_\_| \_\|_| |_____|____/ 
                                                                  

TEST STARTED: createMultipleStudents[49]
-------------------------------------------------------------------
10:23:25.099 [CreateStudentsDataDrivenTest-1-thread-15] INFO  net.serenitybdd.core.Serenity - TEST NUMBER: 50
10:23:25.100 [CreateStudentsDataDrivenTest-1-thread-15] DEBUG n.t.core.steps.StepInterceptor - STARTING STEP: CreateStudentsDataDrivenTest.createMultipleStudents - Creating student with firstName:{0}, lastName:{1}, email:{2}, programme{3}, courses:{4}
10:23:25.262 [CreateStudentsDataDrivenTest-1-thread-10] DEBUG n.t.core.steps.StepInterceptor - STEP DONE: Creating student with firstName:{0}, lastName:{1}, email:{2}, programme{3}, courses:{4}
]]></system-out>
  </testcase>
  <testcase name="createMultipleStudents[35]" classname="com.studentapp.junit.CreateStudentsDataDrivenTest" time="0.051">
    <failure message="1 expectation failed.&#10;Expected status code &lt;201&gt; but was &lt;500&gt;.&#10;" type="java.lang.AssertionError"><![CDATA[java.lang.AssertionError: 
1 expectation failed.
Expected status code <201> but was <500>.

	at com.studentapp.junit.CreateStudentsDataDrivenTest.createMultipleStudents(CreateStudentsDataDrivenTest.java:86)
]]></failure>
    <system-out><![CDATA[10:23:25.267 [CreateStudentsDataDrivenTest-1-thread-10] ERROR n.t.c.steps.ConsoleLoggingListener - 
           __  _____ _____ ____ _____   _____ _    ___ _     _____ ____  
  _       / / |_   _| ____/ ___|_   _| |  ___/ \  |_ _| |   | ____|  _ \ 
 (_)_____| |    | | |  _| \___ \ | |   | |_ / _ \  | || |   |  _| | | | |
  _|_____| |    | | | |___ ___) || |   |  _/ ___ \ | || |___| |___| |_| |
 (_)     | |    |_| |_____|____/ |_|   |_|/_/   \_\___|_____|_____|____/ 
          \_\                                                            

TEST FAILED: DataDriven Test for adding multiple students to the Student App
--------------------------------------------------------------------------
10:23:25.267 [CreateStudentsDataDrivenTest-1-thread-10] DEBUG n.t.c.steps.ConsoleLoggingListener - RELATED ISSUES: 
10:23:25.267 [CreateStudentsDataDrivenTest-1-thread-10] ERROR n.t.c.steps.ConsoleLoggingListener - 1 expectation failed.Expected status code <201> but was <500>.
10:23:25.272 [CreateStudentsDataDrivenTest-1-thread-10] DEBUG n.thucydides.core.steps.StepEventBus - Test suite started for class com.studentapp.junit.CreateStudentsDataDrivenTest
10:23:25.273 [CreateStudentsDataDrivenTest-1-thread-10] INFO  n.t.c.steps.ConsoleLoggingListener - Test Suite Started: Create students data driven test
10:23:25.273 [CreateStudentsDataDrivenTest-1-thread-10] INFO  n.t.c.steps.ConsoleLoggingListener - 
 _____ _____ ____ _____   ____ _____  _    ____ _____ _____ ____  
|_   _| ____/ ___|_   _| / ___|_   _|/ \  |  _ \_   _| ____|  _ \ 
  | | |  _| \___ \ | |   \___ \ | | / _ \ | |_) || | |  _| | | | |
  | | | |___ ___) || |    ___) || |/ ___ \|  _ < | | | |___| |_| |
  |_| |_____|____/ |_|   |____/ |_/_/   \_\_| \_\|_| |_____|____/ 
                                                                  

TEST STARTED: createMultipleStudents[50]
-------------------------------------------------------------------
10:23:25.273 [CreateStudentsDataDrivenTest-1-thread-10] INFO  net.serenitybdd.core.Serenity - TEST NUMBER: 51
10:23:25.275 [CreateStudentsDataDrivenTest-1-thread-10] DEBUG n.t.core.steps.StepInterceptor - STARTING STEP: CreateStudentsDataDrivenTest.createMultipleStudents - Creating student with firstName:{0}, lastName:{1}, email:{2}, programme{3}, courses:{4}
10:23:25.436 [CreateStudentsDataDrivenTest-1-thread-14] DEBUG n.t.core.steps.StepInterceptor - STEP DONE: Creating student with firstName:{0}, lastName:{1}, email:{2}, programme{3}, courses:{4}
]]></system-out>
  </testcase>
  <testcase name="createMultipleStudents[36]" classname="com.studentapp.junit.CreateStudentsDataDrivenTest" time="0.004">
    <failure message="1 expectation failed.&#10;Expected status code &lt;201&gt; but was &lt;500&gt;.&#10;" type="java.lang.AssertionError"><![CDATA[java.lang.AssertionError: 
1 expectation failed.
Expected status code <201> but was <500>.

	at com.studentapp.junit.CreateStudentsDataDrivenTest.createMultipleStudents(CreateStudentsDataDrivenTest.java:86)
]]></failure>
    <system-out><![CDATA[10:23:25.440 [CreateStudentsDataDrivenTest-1-thread-14] ERROR n.t.c.steps.ConsoleLoggingListener - 
           __  _____ _____ ____ _____   _____ _    ___ _     _____ ____  
  _       / / |_   _| ____/ ___|_   _| |  ___/ \  |_ _| |   | ____|  _ \ 
 (_)_____| |    | | |  _| \___ \ | |   | |_ / _ \  | || |   |  _| | | | |
  _|_____| |    | | | |___ ___) || |   |  _/ ___ \ | || |___| |___| |_| |
 (_)     | |    |_| |_____|____/ |_|   |_|/_/   \_\___|_____|_____|____/ 
          \_\                                                            

TEST FAILED: DataDriven Test for adding multiple students to the Student App
--------------------------------------------------------------------------
10:23:25.440 [CreateStudentsDataDrivenTest-1-thread-14] DEBUG n.t.c.steps.ConsoleLoggingListener - RELATED ISSUES: 
10:23:25.440 [CreateStudentsDataDrivenTest-1-thread-14] ERROR n.t.c.steps.ConsoleLoggingListener - 1 expectation failed.Expected status code <201> but was <500>.
10:23:25.445 [CreateStudentsDataDrivenTest-1-thread-14] DEBUG n.thucydides.core.steps.StepEventBus - Test suite started for class com.studentapp.junit.CreateStudentsDataDrivenTest
10:23:25.445 [CreateStudentsDataDrivenTest-1-thread-14] INFO  n.t.c.steps.ConsoleLoggingListener - Test Suite Started: Create students data driven test
10:23:25.446 [CreateStudentsDataDrivenTest-1-thread-14] INFO  n.t.c.steps.ConsoleLoggingListener - 
 _____ _____ ____ _____   ____ _____  _    ____ _____ _____ ____  
|_   _| ____/ ___|_   _| / ___|_   _|/ \  |  _ \_   _| ____|  _ \ 
  | | |  _| \___ \ | |   \___ \ | | / _ \ | |_) || | |  _| | | | |
  | | | |___ ___) || |    ___) || |/ ___ \|  _ < | | | |___| |_| |
  |_| |_____|____/ |_|   |____/ |_/_/   \_\_| \_\|_| |_____|____/ 
                                                                  

TEST STARTED: createMultipleStudents[51]
-------------------------------------------------------------------
10:23:25.446 [CreateStudentsDataDrivenTest-1-thread-14] INFO  net.serenitybdd.core.Serenity - TEST NUMBER: 52
10:23:25.448 [CreateStudentsDataDrivenTest-1-thread-14] DEBUG n.t.core.steps.StepInterceptor - STARTING STEP: CreateStudentsDataDrivenTest.createMultipleStudents - Creating student with firstName:{0}, lastName:{1}, email:{2}, programme{3}, courses:{4}
10:23:25.520 [CreateStudentsDataDrivenTest-1-thread-12] DEBUG n.t.core.steps.StepInterceptor - STEP DONE: Creating student with firstName:{0}, lastName:{1}, email:{2}, programme{3}, courses:{4}
]]></system-out>
  </testcase>
  <testcase name="createMultipleStudents[38]" classname="com.studentapp.junit.CreateStudentsDataDrivenTest" time="0.012">
    <failure message="1 expectation failed.&#10;Expected status code &lt;201&gt; but was &lt;500&gt;.&#10;" type="java.lang.AssertionError"><![CDATA[java.lang.AssertionError: 
1 expectation failed.
Expected status code <201> but was <500>.

	at com.studentapp.junit.CreateStudentsDataDrivenTest.createMultipleStudents(CreateStudentsDataDrivenTest.java:86)
]]></failure>
    <system-out><![CDATA[10:23:25.524 [CreateStudentsDataDrivenTest-1-thread-12] ERROR n.t.c.steps.ConsoleLoggingListener - 
           __  _____ _____ ____ _____   _____ _    ___ _     _____ ____  
  _       / / |_   _| ____/ ___|_   _| |  ___/ \  |_ _| |   | ____|  _ \ 
 (_)_____| |    | | |  _| \___ \ | |   | |_ / _ \  | || |   |  _| | | | |
  _|_____| |    | | | |___ ___) || |   |  _/ ___ \ | || |___| |___| |_| |
 (_)     | |    |_| |_____|____/ |_|   |_|/_/   \_\___|_____|_____|____/ 
          \_\                                                            

TEST FAILED: DataDriven Test for adding multiple students to the Student App
--------------------------------------------------------------------------
10:23:25.524 [CreateStudentsDataDrivenTest-1-thread-12] DEBUG n.t.c.steps.ConsoleLoggingListener - RELATED ISSUES: 
10:23:25.524 [CreateStudentsDataDrivenTest-1-thread-12] ERROR n.t.c.steps.ConsoleLoggingListener - 1 expectation failed.Expected status code <201> but was <500>.
10:23:25.530 [CreateStudentsDataDrivenTest-1-thread-12] DEBUG n.thucydides.core.steps.StepEventBus - Test suite started for class com.studentapp.junit.CreateStudentsDataDrivenTest
10:23:25.530 [CreateStudentsDataDrivenTest-1-thread-12] INFO  n.t.c.steps.ConsoleLoggingListener - Test Suite Started: Create students data driven test
10:23:25.530 [CreateStudentsDataDrivenTest-1-thread-12] INFO  n.t.c.steps.ConsoleLoggingListener - 
 _____ _____ ____ _____   ____ _____  _    ____ _____ _____ ____  
|_   _| ____/ ___|_   _| / ___|_   _|/ \  |  _ \_   _| ____|  _ \ 
  | | |  _| \___ \ | |   \___ \ | | / _ \ | |_) || | |  _| | | | |
  | | | |___ ___) || |    ___) || |/ ___ \|  _ < | | | |___| |_| |
  |_| |_____|____/ |_|   |____/ |_/_/   \_\_| \_\|_| |_____|____/ 
                                                                  

TEST STARTED: createMultipleStudents[52]
-------------------------------------------------------------------
10:23:25.531 [CreateStudentsDataDrivenTest-1-thread-12] INFO  net.serenitybdd.core.Serenity - TEST NUMBER: 53
10:23:25.532 [CreateStudentsDataDrivenTest-1-thread-12] DEBUG n.t.core.steps.StepInterceptor - STARTING STEP: CreateStudentsDataDrivenTest.createMultipleStudents - Creating student with firstName:{0}, lastName:{1}, email:{2}, programme{3}, courses:{4}
10:23:26.083 [CreateStudentsDataDrivenTest-1-thread-16] DEBUG n.t.core.steps.StepInterceptor - STEP DONE: Creating student with firstName:{0}, lastName:{1}, email:{2}, programme{3}, courses:{4}
]]></system-out>
  </testcase>
  <testcase name="createMultipleStudents[37]" classname="com.studentapp.junit.CreateStudentsDataDrivenTest" time="0.014">
    <failure message="1 expectation failed.&#10;Expected status code &lt;201&gt; but was &lt;500&gt;.&#10;" type="java.lang.AssertionError"><![CDATA[java.lang.AssertionError: 
1 expectation failed.
Expected status code <201> but was <500>.

	at com.studentapp.junit.CreateStudentsDataDrivenTest.createMultipleStudents(CreateStudentsDataDrivenTest.java:86)
]]></failure>
    <system-out><![CDATA[10:23:26.084 [CreateStudentsDataDrivenTest-1-thread-6] DEBUG n.t.core.steps.StepInterceptor - STEP DONE: Creating student with firstName:{0}, lastName:{1}, email:{2}, programme{3}, courses:{4}
10:23:26.086 [CreateStudentsDataDrivenTest-1-thread-16] ERROR n.t.c.steps.ConsoleLoggingListener - 
           __  _____ _____ ____ _____   _____ _    ___ _     _____ ____  
  _       / / |_   _| ____/ ___|_   _| |  ___/ \  |_ _| |   | ____|  _ \ 
 (_)_____| |    | | |  _| \___ \ | |   | |_ / _ \  | || |   |  _| | | | |
  _|_____| |    | | | |___ ___) || |   |  _/ ___ \ | || |___| |___| |_| |
 (_)     | |    |_| |_____|____/ |_|   |_|/_/   \_\___|_____|_____|____/ 
          \_\                                                            

TEST FAILED: DataDriven Test for adding multiple students to the Student App
--------------------------------------------------------------------------
10:23:26.086 [CreateStudentsDataDrivenTest-1-thread-16] DEBUG n.t.c.steps.ConsoleLoggingListener - RELATED ISSUES: 
10:23:26.087 [CreateStudentsDataDrivenTest-1-thread-16] ERROR n.t.c.steps.ConsoleLoggingListener - 1 expectation failed.Expected status code <201> but was <500>.
]]></system-out>
  </testcase>
  <testcase name="createMultipleStudents[39]" classname="com.studentapp.junit.CreateStudentsDataDrivenTest" time="0.003">
    <failure message="1 expectation failed.&#10;Expected status code &lt;201&gt; but was &lt;500&gt;.&#10;" type="java.lang.AssertionError"><![CDATA[java.lang.AssertionError: 
1 expectation failed.
Expected status code <201> but was <500>.

	at com.studentapp.junit.CreateStudentsDataDrivenTest.createMultipleStudents(CreateStudentsDataDrivenTest.java:86)
]]></failure>
    <system-out><![CDATA[10:23:26.091 [CreateStudentsDataDrivenTest-1-thread-6] ERROR n.t.c.steps.ConsoleLoggingListener - 
           __  _____ _____ ____ _____   _____ _    ___ _     _____ ____  
  _       / / |_   _| ____/ ___|_   _| |  ___/ \  |_ _| |   | ____|  _ \ 
 (_)_____| |    | | |  _| \___ \ | |   | |_ / _ \  | || |   |  _| | | | |
  _|_____| |    | | | |___ ___) || |   |  _/ ___ \ | || |___| |___| |_| |
 (_)     | |    |_| |_____|____/ |_|   |_|/_/   \_\___|_____|_____|____/ 
          \_\                                                            

TEST FAILED: DataDriven Test for adding multiple students to the Student App
--------------------------------------------------------------------------
10:23:26.092 [CreateStudentsDataDrivenTest-1-thread-6] DEBUG n.t.c.steps.ConsoleLoggingListener - RELATED ISSUES: 
10:23:26.092 [CreateStudentsDataDrivenTest-1-thread-6] ERROR n.t.c.steps.ConsoleLoggingListener - 1 expectation failed.Expected status code <201> but was <500>.
10:23:26.098 [CreateStudentsDataDrivenTest-1-thread-6] DEBUG n.thucydides.core.steps.StepEventBus - Test suite started for class com.studentapp.junit.CreateStudentsDataDrivenTest
10:23:26.098 [CreateStudentsDataDrivenTest-1-thread-6] INFO  n.t.c.steps.ConsoleLoggingListener - Test Suite Started: Create students data driven test
10:23:26.100 [CreateStudentsDataDrivenTest-1-thread-6] INFO  n.t.c.steps.ConsoleLoggingListener - 
 _____ _____ ____ _____   ____ _____  _    ____ _____ _____ ____  
|_   _| ____/ ___|_   _| / ___|_   _|/ \  |  _ \_   _| ____|  _ \ 
  | | |  _| \___ \ | |   \___ \ | | / _ \ | |_) || | |  _| | | | |
  | | | |___ ___) || |    ___) || |/ ___ \|  _ < | | | |___| |_| |
  |_| |_____|____/ |_|   |____/ |_/_/   \_\_| \_\|_| |_____|____/ 
                                                                  

TEST STARTED: createMultipleStudents[54]
-------------------------------------------------------------------
10:23:26.101 [CreateStudentsDataDrivenTest-1-thread-6] INFO  net.serenitybdd.core.Serenity - TEST NUMBER: 54
10:23:26.102 [CreateStudentsDataDrivenTest-1-thread-6] DEBUG n.t.core.steps.StepInterceptor - STARTING STEP: CreateStudentsDataDrivenTest.createMultipleStudents - Creating student with firstName:{0}, lastName:{1}, email:{2}, programme{3}, courses:{4}
10:23:26.103 [CreateStudentsDataDrivenTest-1-thread-16] DEBUG n.thucydides.core.steps.StepEventBus - Test suite started for class com.studentapp.junit.CreateStudentsDataDrivenTest
10:23:26.104 [CreateStudentsDataDrivenTest-1-thread-16] INFO  n.t.c.steps.ConsoleLoggingListener - Test Suite Started: Create students data driven test
10:23:26.104 [CreateStudentsDataDrivenTest-1-thread-16] INFO  n.t.c.steps.ConsoleLoggingListener - 
 _____ _____ ____ _____   ____ _____  _    ____ _____ _____ ____  
|_   _| ____/ ___|_   _| / ___|_   _|/ \  |  _ \_   _| ____|  _ \ 
  | | |  _| \___ \ | |   \___ \ | | / _ \ | |_) || | |  _| | | | |
  | | | |___ ___) || |    ___) || |/ ___ \|  _ < | | | |___| |_| |
  |_| |_____|____/ |_|   |____/ |_/_/   \_\_| \_\|_| |_____|____/ 
                                                                  

TEST STARTED: createMultipleStudents[53]
-------------------------------------------------------------------
10:23:26.104 [CreateStudentsDataDrivenTest-1-thread-16] INFO  net.serenitybdd.core.Serenity - TEST NUMBER: 55
10:23:26.105 [CreateStudentsDataDrivenTest-1-thread-16] DEBUG n.t.core.steps.StepInterceptor - STARTING STEP: CreateStudentsDataDrivenTest.createMultipleStudents - Creating student with firstName:{0}, lastName:{1}, email:{2}, programme{3}, courses:{4}
10:23:26.365 [CreateStudentsDataDrivenTest-1-thread-1] DEBUG n.t.core.steps.StepInterceptor - STEP DONE: Creating student with firstName:{0}, lastName:{1}, email:{2}, programme{3}, courses:{4}
]]></system-out>
  </testcase>
  <testcase name="createMultipleStudents[40]" classname="com.studentapp.junit.CreateStudentsDataDrivenTest" time="0.009">
    <failure message="1 expectation failed.&#10;Expected status code &lt;201&gt; but was &lt;500&gt;.&#10;" type="java.lang.AssertionError"><![CDATA[java.lang.AssertionError: 
1 expectation failed.
Expected status code <201> but was <500>.

	at com.studentapp.junit.CreateStudentsDataDrivenTest.createMultipleStudents(CreateStudentsDataDrivenTest.java:86)
]]></failure>
    <system-out><![CDATA[10:23:26.368 [CreateStudentsDataDrivenTest-1-thread-1] ERROR n.t.c.steps.ConsoleLoggingListener - 
           __  _____ _____ ____ _____   _____ _    ___ _     _____ ____  
  _       / / |_   _| ____/ ___|_   _| |  ___/ \  |_ _| |   | ____|  _ \ 
 (_)_____| |    | | |  _| \___ \ | |   | |_ / _ \  | || |   |  _| | | | |
  _|_____| |    | | | |___ ___) || |   |  _/ ___ \ | || |___| |___| |_| |
 (_)     | |    |_| |_____|____/ |_|   |_|/_/   \_\___|_____|_____|____/ 
          \_\                                                            

TEST FAILED: DataDriven Test for adding multiple students to the Student App
--------------------------------------------------------------------------
10:23:26.369 [CreateStudentsDataDrivenTest-1-thread-1] DEBUG n.t.c.steps.ConsoleLoggingListener - RELATED ISSUES: 
10:23:26.369 [CreateStudentsDataDrivenTest-1-thread-1] ERROR n.t.c.steps.ConsoleLoggingListener - 1 expectation failed.Expected status code <201> but was <500>.
10:23:26.372 [CreateStudentsDataDrivenTest-1-thread-1] DEBUG n.thucydides.core.steps.StepEventBus - Test suite started for class com.studentapp.junit.CreateStudentsDataDrivenTest
10:23:26.373 [CreateStudentsDataDrivenTest-1-thread-1] INFO  n.t.c.steps.ConsoleLoggingListener - Test Suite Started: Create students data driven test
10:23:26.374 [CreateStudentsDataDrivenTest-1-thread-1] INFO  n.t.c.steps.ConsoleLoggingListener - 
 _____ _____ ____ _____   ____ _____  _    ____ _____ _____ ____  
|_   _| ____/ ___|_   _| / ___|_   _|/ \  |  _ \_   _| ____|  _ \ 
  | | |  _| \___ \ | |   \___ \ | | / _ \ | |_) || | |  _| | | | |
  | | | |___ ___) || |    ___) || |/ ___ \|  _ < | | | |___| |_| |
  |_| |_____|____/ |_|   |____/ |_/_/   \_\_| \_\|_| |_____|____/ 
                                                                  

TEST STARTED: createMultipleStudents[55]
-------------------------------------------------------------------
10:23:26.374 [CreateStudentsDataDrivenTest-1-thread-1] INFO  net.serenitybdd.core.Serenity - TEST NUMBER: 56
10:23:26.378 [CreateStudentsDataDrivenTest-1-thread-1] DEBUG n.t.core.steps.StepInterceptor - STARTING STEP: CreateStudentsDataDrivenTest.createMultipleStudents - Creating student with firstName:{0}, lastName:{1}, email:{2}, programme{3}, courses:{4}
10:23:26.455 [CreateStudentsDataDrivenTest-1-thread-11] DEBUG n.t.core.steps.StepInterceptor - STEP DONE: Creating student with firstName:{0}, lastName:{1}, email:{2}, programme{3}, courses:{4}
]]></system-out>
  </testcase>
  <testcase name="createMultipleStudents[41]" classname="com.studentapp.junit.CreateStudentsDataDrivenTest" time="0.005">
    <failure message="1 expectation failed.&#10;Expected status code &lt;201&gt; but was &lt;500&gt;.&#10;" type="java.lang.AssertionError"><![CDATA[java.lang.AssertionError: 
1 expectation failed.
Expected status code <201> but was <500>.

	at com.studentapp.junit.CreateStudentsDataDrivenTest.createMultipleStudents(CreateStudentsDataDrivenTest.java:86)
]]></failure>
    <system-out><![CDATA[10:23:26.458 [CreateStudentsDataDrivenTest-1-thread-11] ERROR n.t.c.steps.ConsoleLoggingListener - 
           __  _____ _____ ____ _____   _____ _    ___ _     _____ ____  
  _       / / |_   _| ____/ ___|_   _| |  ___/ \  |_ _| |   | ____|  _ \ 
 (_)_____| |    | | |  _| \___ \ | |   | |_ / _ \  | || |   |  _| | | | |
  _|_____| |    | | | |___ ___) || |   |  _/ ___ \ | || |___| |___| |_| |
 (_)     | |    |_| |_____|____/ |_|   |_|/_/   \_\___|_____|_____|____/ 
          \_\                                                            

TEST FAILED: DataDriven Test for adding multiple students to the Student App
--------------------------------------------------------------------------
10:23:26.458 [CreateStudentsDataDrivenTest-1-thread-11] DEBUG n.t.c.steps.ConsoleLoggingListener - RELATED ISSUES: 
10:23:26.458 [CreateStudentsDataDrivenTest-1-thread-11] ERROR n.t.c.steps.ConsoleLoggingListener - 1 expectation failed.Expected status code <201> but was <500>.
10:23:26.462 [CreateStudentsDataDrivenTest-1-thread-11] DEBUG n.thucydides.core.steps.StepEventBus - Test suite started for class com.studentapp.junit.CreateStudentsDataDrivenTest
10:23:26.463 [CreateStudentsDataDrivenTest-1-thread-11] INFO  n.t.c.steps.ConsoleLoggingListener - Test Suite Started: Create students data driven test
10:23:26.463 [CreateStudentsDataDrivenTest-1-thread-11] INFO  n.t.c.steps.ConsoleLoggingListener - 
 _____ _____ ____ _____   ____ _____  _    ____ _____ _____ ____  
|_   _| ____/ ___|_   _| / ___|_   _|/ \  |  _ \_   _| ____|  _ \ 
  | | |  _| \___ \ | |   \___ \ | | / _ \ | |_) || | |  _| | | | |
  | | | |___ ___) || |    ___) || |/ ___ \|  _ < | | | |___| |_| |
  |_| |_____|____/ |_|   |____/ |_/_/   \_\_| \_\|_| |_____|____/ 
                                                                  

TEST STARTED: createMultipleStudents[56]
-------------------------------------------------------------------
10:23:26.463 [CreateStudentsDataDrivenTest-1-thread-11] INFO  net.serenitybdd.core.Serenity - TEST NUMBER: 57
10:23:26.465 [CreateStudentsDataDrivenTest-1-thread-11] DEBUG n.t.core.steps.StepInterceptor - STARTING STEP: CreateStudentsDataDrivenTest.createMultipleStudents - Creating student with firstName:{0}, lastName:{1}, email:{2}, programme{3}, courses:{4}
10:23:26.570 [CreateStudentsDataDrivenTest-1-thread-4] DEBUG n.t.core.steps.StepInterceptor - STEP DONE: Creating student with firstName:{0}, lastName:{1}, email:{2}, programme{3}, courses:{4}
]]></system-out>
  </testcase>
  <testcase name="createMultipleStudents[44]" classname="com.studentapp.junit.CreateStudentsDataDrivenTest" time="0.021">
    <failure message="1 expectation failed.&#10;Expected status code &lt;201&gt; but was &lt;500&gt;.&#10;" type="java.lang.AssertionError"><![CDATA[java.lang.AssertionError: 
1 expectation failed.
Expected status code <201> but was <500>.

	at com.studentapp.junit.CreateStudentsDataDrivenTest.createMultipleStudents(CreateStudentsDataDrivenTest.java:86)
]]></failure>
    <system-out><![CDATA[10:23:26.572 [CreateStudentsDataDrivenTest-1-thread-4] ERROR n.t.c.steps.ConsoleLoggingListener - 
           __  _____ _____ ____ _____   _____ _    ___ _     _____ ____  
  _       / / |_   _| ____/ ___|_   _| |  ___/ \  |_ _| |   | ____|  _ \ 
 (_)_____| |    | | |  _| \___ \ | |   | |_ / _ \  | || |   |  _| | | | |
  _|_____| |    | | | |___ ___) || |   |  _/ ___ \ | || |___| |___| |_| |
 (_)     | |    |_| |_____|____/ |_|   |_|/_/   \_\___|_____|_____|____/ 
          \_\                                                            

TEST FAILED: DataDriven Test for adding multiple students to the Student App
--------------------------------------------------------------------------
10:23:26.573 [CreateStudentsDataDrivenTest-1-thread-4] DEBUG n.t.c.steps.ConsoleLoggingListener - RELATED ISSUES: 
10:23:26.573 [CreateStudentsDataDrivenTest-1-thread-4] ERROR n.t.c.steps.ConsoleLoggingListener - 1 expectation failed.Expected status code <201> but was <500>.
10:23:26.576 [CreateStudentsDataDrivenTest-1-thread-4] DEBUG n.thucydides.core.steps.StepEventBus - Test suite started for class com.studentapp.junit.CreateStudentsDataDrivenTest
10:23:26.576 [CreateStudentsDataDrivenTest-1-thread-4] INFO  n.t.c.steps.ConsoleLoggingListener - Test Suite Started: Create students data driven test
10:23:26.577 [CreateStudentsDataDrivenTest-1-thread-4] INFO  n.t.c.steps.ConsoleLoggingListener - 
 _____ _____ ____ _____   ____ _____  _    ____ _____ _____ ____  
|_   _| ____/ ___|_   _| / ___|_   _|/ \  |  _ \_   _| ____|  _ \ 
  | | |  _| \___ \ | |   \___ \ | | / _ \ | |_) || | |  _| | | | |
  | | | |___ ___) || |    ___) || |/ ___ \|  _ < | | | |___| |_| |
  |_| |_____|____/ |_|   |____/ |_/_/   \_\_| \_\|_| |_____|____/ 
                                                                  

TEST STARTED: createMultipleStudents[57]
-------------------------------------------------------------------
10:23:26.577 [CreateStudentsDataDrivenTest-1-thread-4] INFO  net.serenitybdd.core.Serenity - TEST NUMBER: 58
10:23:26.578 [CreateStudentsDataDrivenTest-1-thread-4] DEBUG n.t.core.steps.StepInterceptor - STARTING STEP: CreateStudentsDataDrivenTest.createMultipleStudents - Creating student with firstName:{0}, lastName:{1}, email:{2}, programme{3}, courses:{4}
10:23:26.616 [CreateStudentsDataDrivenTest-1-thread-5] DEBUG n.t.core.steps.StepInterceptor - STEP DONE: Creating student with firstName:{0}, lastName:{1}, email:{2}, programme{3}, courses:{4}
]]></system-out>
  </testcase>
  <testcase name="createMultipleStudents[43]" classname="com.studentapp.junit.CreateStudentsDataDrivenTest" time="0.024">
    <failure message="1 expectation failed.&#10;Expected status code &lt;201&gt; but was &lt;500&gt;.&#10;" type="java.lang.AssertionError"><![CDATA[java.lang.AssertionError: 
1 expectation failed.
Expected status code <201> but was <500>.

	at com.studentapp.junit.CreateStudentsDataDrivenTest.createMultipleStudents(CreateStudentsDataDrivenTest.java:86)
]]></failure>
    <system-out><![CDATA[10:23:26.618 [CreateStudentsDataDrivenTest-1-thread-8] DEBUG n.t.core.steps.StepInterceptor - STEP DONE: Creating student with firstName:{0}, lastName:{1}, email:{2}, programme{3}, courses:{4}
10:23:26.619 [CreateStudentsDataDrivenTest-1-thread-5] ERROR n.t.c.steps.ConsoleLoggingListener - 
           __  _____ _____ ____ _____   _____ _    ___ _     _____ ____  
  _       / / |_   _| ____/ ___|_   _| |  ___/ \  |_ _| |   | ____|  _ \ 
 (_)_____| |    | | |  _| \___ \ | |   | |_ / _ \  | || |   |  _| | | | |
  _|_____| |    | | | |___ ___) || |   |  _/ ___ \ | || |___| |___| |_| |
 (_)     | |    |_| |_____|____/ |_|   |_|/_/   \_\___|_____|_____|____/ 
          \_\                                                            

TEST FAILED: DataDriven Test for adding multiple students to the Student App
--------------------------------------------------------------------------
10:23:26.619 [CreateStudentsDataDrivenTest-1-thread-5] DEBUG n.t.c.steps.ConsoleLoggingListener - RELATED ISSUES: 
10:23:26.619 [CreateStudentsDataDrivenTest-1-thread-5] ERROR n.t.c.steps.ConsoleLoggingListener - 1 expectation failed.Expected status code <201> but was <500>.
]]></system-out>
  </testcase>
  <testcase name="createMultipleStudents[42]" classname="com.studentapp.junit.CreateStudentsDataDrivenTest" time="0.004">
    <failure message="1 expectation failed.&#10;Expected status code &lt;201&gt; but was &lt;500&gt;.&#10;" type="java.lang.AssertionError"><![CDATA[java.lang.AssertionError: 
1 expectation failed.
Expected status code <201> but was <500>.

	at com.studentapp.junit.CreateStudentsDataDrivenTest.createMultipleStudents(CreateStudentsDataDrivenTest.java:86)
]]></failure>
    <system-out><![CDATA[10:23:26.622 [CreateStudentsDataDrivenTest-1-thread-8] ERROR n.t.c.steps.ConsoleLoggingListener - 
           __  _____ _____ ____ _____   _____ _    ___ _     _____ ____  
  _       / / |_   _| ____/ ___|_   _| |  ___/ \  |_ _| |   | ____|  _ \ 
 (_)_____| |    | | |  _| \___ \ | |   | |_ / _ \  | || |   |  _| | | | |
  _|_____| |    | | | |___ ___) || |   |  _/ ___ \ | || |___| |___| |_| |
 (_)     | |    |_| |_____|____/ |_|   |_|/_/   \_\___|_____|_____|____/ 
          \_\                                                            

TEST FAILED: DataDriven Test for adding multiple students to the Student App
--------------------------------------------------------------------------
10:23:26.622 [CreateStudentsDataDrivenTest-1-thread-8] DEBUG n.t.c.steps.ConsoleLoggingListener - RELATED ISSUES: 
10:23:26.622 [CreateStudentsDataDrivenTest-1-thread-8] ERROR n.t.c.steps.ConsoleLoggingListener - 1 expectation failed.Expected status code <201> but was <500>.
10:23:26.624 [CreateStudentsDataDrivenTest-1-thread-5] DEBUG n.thucydides.core.steps.StepEventBus - Test suite started for class com.studentapp.junit.CreateStudentsDataDrivenTest
10:23:26.624 [CreateStudentsDataDrivenTest-1-thread-5] INFO  n.t.c.steps.ConsoleLoggingListener - Test Suite Started: Create students data driven test
10:23:26.625 [CreateStudentsDataDrivenTest-1-thread-5] INFO  n.t.c.steps.ConsoleLoggingListener - 
 _____ _____ ____ _____   ____ _____  _    ____ _____ _____ ____  
|_   _| ____/ ___|_   _| / ___|_   _|/ \  |  _ \_   _| ____|  _ \ 
  | | |  _| \___ \ | |   \___ \ | | / _ \ | |_) || | |  _| | | | |
  | | | |___ ___) || |    ___) || |/ ___ \|  _ < | | | |___| |_| |
  |_| |_____|____/ |_|   |____/ |_/_/   \_\_| \_\|_| |_____|____/ 
                                                                  

TEST STARTED: createMultipleStudents[58]
-------------------------------------------------------------------
10:23:26.625 [CreateStudentsDataDrivenTest-1-thread-5] INFO  net.serenitybdd.core.Serenity - TEST NUMBER: 59
10:23:26.626 [CreateStudentsDataDrivenTest-1-thread-5] DEBUG n.t.core.steps.StepInterceptor - STARTING STEP: CreateStudentsDataDrivenTest.createMultipleStudents - Creating student with firstName:{0}, lastName:{1}, email:{2}, programme{3}, courses:{4}
10:23:26.626 [CreateStudentsDataDrivenTest-1-thread-8] DEBUG n.thucydides.core.steps.StepEventBus - Test suite started for class com.studentapp.junit.CreateStudentsDataDrivenTest
10:23:26.626 [CreateStudentsDataDrivenTest-1-thread-8] INFO  n.t.c.steps.ConsoleLoggingListener - Test Suite Started: Create students data driven test
10:23:26.627 [CreateStudentsDataDrivenTest-1-thread-8] INFO  n.t.c.steps.ConsoleLoggingListener - 
 _____ _____ ____ _____   ____ _____  _    ____ _____ _____ ____  
|_   _| ____/ ___|_   _| / ___|_   _|/ \  |  _ \_   _| ____|  _ \ 
  | | |  _| \___ \ | |   \___ \ | | / _ \ | |_) || | |  _| | | | |
  | | | |___ ___) || |    ___) || |/ ___ \|  _ < | | | |___| |_| |
  |_| |_____|____/ |_|   |____/ |_/_/   \_\_| \_\|_| |_____|____/ 
                                                                  

TEST STARTED: createMultipleStudents[59]
-------------------------------------------------------------------
10:23:26.627 [CreateStudentsDataDrivenTest-1-thread-8] INFO  net.serenitybdd.core.Serenity - TEST NUMBER: 60
10:23:26.628 [CreateStudentsDataDrivenTest-1-thread-8] DEBUG n.t.core.steps.StepInterceptor - STARTING STEP: CreateStudentsDataDrivenTest.createMultipleStudents - Creating student with firstName:{0}, lastName:{1}, email:{2}, programme{3}, courses:{4}
10:23:26.674 [CreateStudentsDataDrivenTest-1-thread-7] DEBUG n.t.core.steps.StepInterceptor - STEP DONE: Creating student with firstName:{0}, lastName:{1}, email:{2}, programme{3}, courses:{4}
]]></system-out>
  </testcase>
  <testcase name="createMultipleStudents[46]" classname="com.studentapp.junit.CreateStudentsDataDrivenTest" time="0.023">
    <failure message="1 expectation failed.&#10;Expected status code &lt;201&gt; but was &lt;500&gt;.&#10;" type="java.lang.AssertionError"><![CDATA[java.lang.AssertionError: 
1 expectation failed.
Expected status code <201> but was <500>.

	at com.studentapp.junit.CreateStudentsDataDrivenTest.createMultipleStudents(CreateStudentsDataDrivenTest.java:86)
]]></failure>
    <system-out><![CDATA[10:23:26.676 [CreateStudentsDataDrivenTest-1-thread-7] ERROR n.t.c.steps.ConsoleLoggingListener - 
           __  _____ _____ ____ _____   _____ _    ___ _     _____ ____  
  _       / / |_   _| ____/ ___|_   _| |  ___/ \  |_ _| |   | ____|  _ \ 
 (_)_____| |    | | |  _| \___ \ | |   | |_ / _ \  | || |   |  _| | | | |
  _|_____| |    | | | |___ ___) || |   |  _/ ___ \ | || |___| |___| |_| |
 (_)     | |    |_| |_____|____/ |_|   |_|/_/   \_\___|_____|_____|____/ 
          \_\                                                            

TEST FAILED: DataDriven Test for adding multiple students to the Student App
--------------------------------------------------------------------------
10:23:26.677 [CreateStudentsDataDrivenTest-1-thread-7] DEBUG n.t.c.steps.ConsoleLoggingListener - RELATED ISSUES: 
10:23:26.677 [CreateStudentsDataDrivenTest-1-thread-7] ERROR n.t.c.steps.ConsoleLoggingListener - 1 expectation failed.Expected status code <201> but was <500>.
10:23:26.680 [CreateStudentsDataDrivenTest-1-thread-7] DEBUG n.thucydides.core.steps.StepEventBus - Test suite started for class com.studentapp.junit.CreateStudentsDataDrivenTest
10:23:26.680 [CreateStudentsDataDrivenTest-1-thread-7] INFO  n.t.c.steps.ConsoleLoggingListener - Test Suite Started: Create students data driven test
10:23:26.681 [CreateStudentsDataDrivenTest-1-thread-7] INFO  n.t.c.steps.ConsoleLoggingListener - 
 _____ _____ ____ _____   ____ _____  _    ____ _____ _____ ____  
|_   _| ____/ ___|_   _| / ___|_   _|/ \  |  _ \_   _| ____|  _ \ 
  | | |  _| \___ \ | |   \___ \ | | / _ \ | |_) || | |  _| | | | |
  | | | |___ ___) || |    ___) || |/ ___ \|  _ < | | | |___| |_| |
  |_| |_____|____/ |_|   |____/ |_/_/   \_\_| \_\|_| |_____|____/ 
                                                                  

TEST STARTED: createMultipleStudents[60]
-------------------------------------------------------------------
10:23:26.681 [CreateStudentsDataDrivenTest-1-thread-7] INFO  net.serenitybdd.core.Serenity - TEST NUMBER: 61
10:23:26.683 [CreateStudentsDataDrivenTest-1-thread-7] DEBUG n.t.core.steps.StepInterceptor - STARTING STEP: CreateStudentsDataDrivenTest.createMultipleStudents - Creating student with firstName:{0}, lastName:{1}, email:{2}, programme{3}, courses:{4}
10:23:26.766 [CreateStudentsDataDrivenTest-1-thread-9] DEBUG n.t.core.steps.StepInterceptor - STEP DONE: Creating student with firstName:{0}, lastName:{1}, email:{2}, programme{3}, courses:{4}
]]></system-out>
  </testcase>
  <testcase name="createMultipleStudents[47]" classname="com.studentapp.junit.CreateStudentsDataDrivenTest" time="0.006">
    <failure message="1 expectation failed.&#10;Expected status code &lt;201&gt; but was &lt;500&gt;.&#10;" type="java.lang.AssertionError"><![CDATA[java.lang.AssertionError: 
1 expectation failed.
Expected status code <201> but was <500>.

	at com.studentapp.junit.CreateStudentsDataDrivenTest.createMultipleStudents(CreateStudentsDataDrivenTest.java:86)
]]></failure>
    <system-out><![CDATA[10:23:26.769 [CreateStudentsDataDrivenTest-1-thread-9] ERROR n.t.c.steps.ConsoleLoggingListener - 
           __  _____ _____ ____ _____   _____ _    ___ _     _____ ____  
  _       / / |_   _| ____/ ___|_   _| |  ___/ \  |_ _| |   | ____|  _ \ 
 (_)_____| |    | | |  _| \___ \ | |   | |_ / _ \  | || |   |  _| | | | |
  _|_____| |    | | | |___ ___) || |   |  _/ ___ \ | || |___| |___| |_| |
 (_)     | |    |_| |_____|____/ |_|   |_|/_/   \_\___|_____|_____|____/ 
          \_\                                                            

TEST FAILED: DataDriven Test for adding multiple students to the Student App
--------------------------------------------------------------------------
10:23:26.769 [CreateStudentsDataDrivenTest-1-thread-9] DEBUG n.t.c.steps.ConsoleLoggingListener - RELATED ISSUES: 
10:23:26.769 [CreateStudentsDataDrivenTest-1-thread-9] ERROR n.t.c.steps.ConsoleLoggingListener - 1 expectation failed.Expected status code <201> but was <500>.
10:23:26.773 [CreateStudentsDataDrivenTest-1-thread-9] DEBUG n.thucydides.core.steps.StepEventBus - Test suite started for class com.studentapp.junit.CreateStudentsDataDrivenTest
10:23:26.773 [CreateStudentsDataDrivenTest-1-thread-9] INFO  n.t.c.steps.ConsoleLoggingListener - Test Suite Started: Create students data driven test
10:23:26.774 [CreateStudentsDataDrivenTest-1-thread-9] INFO  n.t.c.steps.ConsoleLoggingListener - 
 _____ _____ ____ _____   ____ _____  _    ____ _____ _____ ____  
|_   _| ____/ ___|_   _| / ___|_   _|/ \  |  _ \_   _| ____|  _ \ 
  | | |  _| \___ \ | |   \___ \ | | / _ \ | |_) || | |  _| | | | |
  | | | |___ ___) || |    ___) || |/ ___ \|  _ < | | | |___| |_| |
  |_| |_____|____/ |_|   |____/ |_/_/   \_\_| \_\|_| |_____|____/ 
                                                                  

TEST STARTED: createMultipleStudents[61]
-------------------------------------------------------------------
10:23:26.774 [CreateStudentsDataDrivenTest-1-thread-9] INFO  net.serenitybdd.core.Serenity - TEST NUMBER: 62
10:23:26.775 [CreateStudentsDataDrivenTest-1-thread-9] DEBUG n.t.core.steps.StepInterceptor - STARTING STEP: CreateStudentsDataDrivenTest.createMultipleStudents - Creating student with firstName:{0}, lastName:{1}, email:{2}, programme{3}, courses:{4}
10:23:26.790 [CreateStudentsDataDrivenTest-1-thread-2] DEBUG n.t.core.steps.StepInterceptor - STEP DONE: Creating student with firstName:{0}, lastName:{1}, email:{2}, programme{3}, courses:{4}
]]></system-out>
  </testcase>
  <testcase name="createMultipleStudents[45]" classname="com.studentapp.junit.CreateStudentsDataDrivenTest" time="0.005">
    <failure message="1 expectation failed.&#10;Expected status code &lt;201&gt; but was &lt;500&gt;.&#10;" type="java.lang.AssertionError"><![CDATA[java.lang.AssertionError: 
1 expectation failed.
Expected status code <201> but was <500>.

	at com.studentapp.junit.CreateStudentsDataDrivenTest.createMultipleStudents(CreateStudentsDataDrivenTest.java:86)
]]></failure>
    <system-out><![CDATA[10:23:26.792 [CreateStudentsDataDrivenTest-1-thread-2] ERROR n.t.c.steps.ConsoleLoggingListener - 
           __  _____ _____ ____ _____   _____ _    ___ _     _____ ____  
  _       / / |_   _| ____/ ___|_   _| |  ___/ \  |_ _| |   | ____|  _ \ 
 (_)_____| |    | | |  _| \___ \ | |   | |_ / _ \  | || |   |  _| | | | |
  _|_____| |    | | | |___ ___) || |   |  _/ ___ \ | || |___| |___| |_| |
 (_)     | |    |_| |_____|____/ |_|   |_|/_/   \_\___|_____|_____|____/ 
          \_\                                                            

TEST FAILED: DataDriven Test for adding multiple students to the Student App
--------------------------------------------------------------------------
10:23:26.793 [CreateStudentsDataDrivenTest-1-thread-2] DEBUG n.t.c.steps.ConsoleLoggingListener - RELATED ISSUES: 
10:23:26.793 [CreateStudentsDataDrivenTest-1-thread-2] ERROR n.t.c.steps.ConsoleLoggingListener - 1 expectation failed.Expected status code <201> but was <500>.
10:23:26.796 [CreateStudentsDataDrivenTest-1-thread-2] DEBUG n.thucydides.core.steps.StepEventBus - Test suite started for class com.studentapp.junit.CreateStudentsDataDrivenTest
10:23:26.796 [CreateStudentsDataDrivenTest-1-thread-2] INFO  n.t.c.steps.ConsoleLoggingListener - Test Suite Started: Create students data driven test
10:23:26.797 [CreateStudentsDataDrivenTest-1-thread-2] INFO  n.t.c.steps.ConsoleLoggingListener - 
 _____ _____ ____ _____   ____ _____  _    ____ _____ _____ ____  
|_   _| ____/ ___|_   _| / ___|_   _|/ \  |  _ \_   _| ____|  _ \ 
  | | |  _| \___ \ | |   \___ \ | | / _ \ | |_) || | |  _| | | | |
  | | | |___ ___) || |    ___) || |/ ___ \|  _ < | | | |___| |_| |
  |_| |_____|____/ |_|   |____/ |_/_/   \_\_| \_\|_| |_____|____/ 
                                                                  

TEST STARTED: createMultipleStudents[62]
-------------------------------------------------------------------
10:23:26.797 [CreateStudentsDataDrivenTest-1-thread-2] INFO  net.serenitybdd.core.Serenity - TEST NUMBER: 63
10:23:26.798 [CreateStudentsDataDrivenTest-1-thread-2] DEBUG n.t.core.steps.StepInterceptor - STARTING STEP: CreateStudentsDataDrivenTest.createMultipleStudents - Creating student with firstName:{0}, lastName:{1}, email:{2}, programme{3}, courses:{4}
10:23:26.863 [CreateStudentsDataDrivenTest-1-thread-3] DEBUG n.t.core.steps.StepInterceptor - STEP DONE: Creating student with firstName:{0}, lastName:{1}, email:{2}, programme{3}, courses:{4}
]]></system-out>
  </testcase>
  <testcase name="createMultipleStudents[49]" classname="com.studentapp.junit.CreateStudentsDataDrivenTest" time="0.006">
    <failure message="1 expectation failed.&#10;Expected status code &lt;201&gt; but was &lt;500&gt;.&#10;" type="java.lang.AssertionError"><![CDATA[java.lang.AssertionError: 
1 expectation failed.
Expected status code <201> but was <500>.

	at com.studentapp.junit.CreateStudentsDataDrivenTest.createMultipleStudents(CreateStudentsDataDrivenTest.java:86)
]]></failure>
    <system-out><![CDATA[10:23:26.865 [CreateStudentsDataDrivenTest-1-thread-3] ERROR n.t.c.steps.ConsoleLoggingListener - 
           __  _____ _____ ____ _____   _____ _    ___ _     _____ ____  
  _       / / |_   _| ____/ ___|_   _| |  ___/ \  |_ _| |   | ____|  _ \ 
 (_)_____| |    | | |  _| \___ \ | |   | |_ / _ \  | || |   |  _| | | | |
  _|_____| |    | | | |___ ___) || |   |  _/ ___ \ | || |___| |___| |_| |
 (_)     | |    |_| |_____|____/ |_|   |_|/_/   \_\___|_____|_____|____/ 
          \_\                                                            

TEST FAILED: DataDriven Test for adding multiple students to the Student App
--------------------------------------------------------------------------
10:23:26.866 [CreateStudentsDataDrivenTest-1-thread-3] DEBUG n.t.c.steps.ConsoleLoggingListener - RELATED ISSUES: 
10:23:26.866 [CreateStudentsDataDrivenTest-1-thread-3] ERROR n.t.c.steps.ConsoleLoggingListener - 1 expectation failed.Expected status code <201> but was <500>.
10:23:26.870 [CreateStudentsDataDrivenTest-1-thread-3] DEBUG n.thucydides.core.steps.StepEventBus - Test suite started for class com.studentapp.junit.CreateStudentsDataDrivenTest
10:23:26.870 [CreateStudentsDataDrivenTest-1-thread-3] INFO  n.t.c.steps.ConsoleLoggingListener - Test Suite Started: Create students data driven test
10:23:26.870 [CreateStudentsDataDrivenTest-1-thread-3] INFO  n.t.c.steps.ConsoleLoggingListener - 
 _____ _____ ____ _____   ____ _____  _    ____ _____ _____ ____  
|_   _| ____/ ___|_   _| / ___|_   _|/ \  |  _ \_   _| ____|  _ \ 
  | | |  _| \___ \ | |   \___ \ | | / _ \ | |_) || | |  _| | | | |
  | | | |___ ___) || |    ___) || |/ ___ \|  _ < | | | |___| |_| |
  |_| |_____|____/ |_|   |____/ |_/_/   \_\_| \_\|_| |_____|____/ 
                                                                  

TEST STARTED: createMultipleStudents[63]
-------------------------------------------------------------------
10:23:26.871 [CreateStudentsDataDrivenTest-1-thread-3] INFO  net.serenitybdd.core.Serenity - TEST NUMBER: 64
10:23:26.872 [CreateStudentsDataDrivenTest-1-thread-3] DEBUG n.t.core.steps.StepInterceptor - STARTING STEP: CreateStudentsDataDrivenTest.createMultipleStudents - Creating student with firstName:{0}, lastName:{1}, email:{2}, programme{3}, courses:{4}
10:23:26.959 [CreateStudentsDataDrivenTest-1-thread-13] DEBUG n.t.core.steps.StepInterceptor - STEP DONE: Creating student with firstName:{0}, lastName:{1}, email:{2}, programme{3}, courses:{4}
10:23:26.959 [CreateStudentsDataDrivenTest-1-thread-15] DEBUG n.t.core.steps.StepInterceptor - STEP DONE: Creating student with firstName:{0}, lastName:{1}, email:{2}, programme{3}, courses:{4}
]]></system-out>
  </testcase>
  <testcase name="createMultipleStudents[48]" classname="com.studentapp.junit.CreateStudentsDataDrivenTest" time="0.006">
    <failure message="1 expectation failed.&#10;Expected status code &lt;201&gt; but was &lt;500&gt;.&#10;" type="java.lang.AssertionError"><![CDATA[java.lang.AssertionError: 
1 expectation failed.
Expected status code <201> but was <500>.

	at com.studentapp.junit.CreateStudentsDataDrivenTest.createMultipleStudents(CreateStudentsDataDrivenTest.java:86)
]]></failure>
  </testcase>
  <testcase name="createMultipleStudents[50]" classname="com.studentapp.junit.CreateStudentsDataDrivenTest" time="0.006">
    <failure message="1 expectation failed.&#10;Expected status code &lt;201&gt; but was &lt;500&gt;.&#10;" type="java.lang.AssertionError"><![CDATA[java.lang.AssertionError: 
1 expectation failed.
Expected status code <201> but was <500>.

	at com.studentapp.junit.CreateStudentsDataDrivenTest.createMultipleStudents(CreateStudentsDataDrivenTest.java:86)
]]></failure>
    <system-out><![CDATA[10:23:26.963 [CreateStudentsDataDrivenTest-1-thread-13] ERROR n.t.c.steps.ConsoleLoggingListener - 
           __  _____ _____ ____ _____   _____ _    ___ _     _____ ____  
  _       / / |_   _| ____/ ___|_   _| |  ___/ \  |_ _| |   | ____|  _ \ 
 (_)_____| |    | | |  _| \___ \ | |   | |_ / _ \  | || |   |  _| | | | |
  _|_____| |    | | | |___ ___) || |   |  _/ ___ \ | || |___| |___| |_| |
 (_)     | |    |_| |_____|____/ |_|   |_|/_/   \_\___|_____|_____|____/ 
          \_\                                                            

TEST FAILED: DataDriven Test for adding multiple students to the Student App
--------------------------------------------------------------------------
10:23:26.963 [CreateStudentsDataDrivenTest-1-thread-13] DEBUG n.t.c.steps.ConsoleLoggingListener - RELATED ISSUES: 
10:23:26.963 [CreateStudentsDataDrivenTest-1-thread-13] ERROR n.t.c.steps.ConsoleLoggingListener - 1 expectation failed.Expected status code <201> but was <500>.
10:23:26.967 [CreateStudentsDataDrivenTest-1-thread-15] ERROR n.t.c.steps.ConsoleLoggingListener - 
           __  _____ _____ ____ _____   _____ _    ___ _     _____ ____  
  _       / / |_   _| ____/ ___|_   _| |  ___/ \  |_ _| |   | ____|  _ \ 
 (_)_____| |    | | |  _| \___ \ | |   | |_ / _ \  | || |   |  _| | | | |
  _|_____| |    | | | |___ ___) || |   |  _/ ___ \ | || |___| |___| |_| |
 (_)     | |    |_| |_____|____/ |_|   |_|/_/   \_\___|_____|_____|____/ 
          \_\                                                            

TEST FAILED: DataDriven Test for adding multiple students to the Student App
--------------------------------------------------------------------------
10:23:26.967 [CreateStudentsDataDrivenTest-1-thread-15] DEBUG n.t.c.steps.ConsoleLoggingListener - RELATED ISSUES: 
10:23:26.967 [CreateStudentsDataDrivenTest-1-thread-15] ERROR n.t.c.steps.ConsoleLoggingListener - 1 expectation failed.Expected status code <201> but was <500>.
10:23:26.968 [CreateStudentsDataDrivenTest-1-thread-13] DEBUG n.thucydides.core.steps.StepEventBus - Test suite started for class com.studentapp.junit.CreateStudentsDataDrivenTest
10:23:26.969 [CreateStudentsDataDrivenTest-1-thread-13] INFO  n.t.c.steps.ConsoleLoggingListener - Test Suite Started: Create students data driven test
10:23:26.969 [CreateStudentsDataDrivenTest-1-thread-13] INFO  n.t.c.steps.ConsoleLoggingListener - 
 _____ _____ ____ _____   ____ _____  _    ____ _____ _____ ____  
|_   _| ____/ ___|_   _| / ___|_   _|/ \  |  _ \_   _| ____|  _ \ 
  | | |  _| \___ \ | |   \___ \ | | / _ \ | |_) || | |  _| | | | |
  | | | |___ ___) || |    ___) || |/ ___ \|  _ < | | | |___| |_| |
  |_| |_____|____/ |_|   |____/ |_/_/   \_\_| \_\|_| |_____|____/ 
                                                                  

TEST STARTED: createMultipleStudents[64]
-------------------------------------------------------------------
10:23:26.969 [CreateStudentsDataDrivenTest-1-thread-13] INFO  net.serenitybdd.core.Serenity - TEST NUMBER: 65
10:23:26.970 [CreateStudentsDataDrivenTest-1-thread-10] DEBUG n.t.core.steps.StepInterceptor - STEP DONE: Creating student with firstName:{0}, lastName:{1}, email:{2}, programme{3}, courses:{4}
10:23:26.970 [CreateStudentsDataDrivenTest-1-thread-13] DEBUG n.t.core.steps.StepInterceptor - STARTING STEP: CreateStudentsDataDrivenTest.createMultipleStudents - Creating student with firstName:{0}, lastName:{1}, email:{2}, programme{3}, courses:{4}
10:23:26.974 [CreateStudentsDataDrivenTest-1-thread-15] DEBUG n.thucydides.core.steps.StepEventBus - Test suite started for class com.studentapp.junit.CreateStudentsDataDrivenTest
10:23:26.974 [CreateStudentsDataDrivenTest-1-thread-15] INFO  n.t.c.steps.ConsoleLoggingListener - Test Suite Started: Create students data driven test
10:23:26.975 [CreateStudentsDataDrivenTest-1-thread-15] INFO  n.t.c.steps.ConsoleLoggingListener - 
 _____ _____ ____ _____   ____ _____  _    ____ _____ _____ ____  
|_   _| ____/ ___|_   _| / ___|_   _|/ \  |  _ \_   _| ____|  _ \ 
  | | |  _| \___ \ | |   \___ \ | | / _ \ | |_) || | |  _| | | | |
  | | | |___ ___) || |    ___) || |/ ___ \|  _ < | | | |___| |_| |
  |_| |_____|____/ |_|   |____/ |_/_/   \_\_| \_\|_| |_____|____/ 
                                                                  

TEST STARTED: createMultipleStudents[65]
-------------------------------------------------------------------
10:23:26.975 [CreateStudentsDataDrivenTest-1-thread-15] INFO  net.serenitybdd.core.Serenity - TEST NUMBER: 66
10:23:26.984 [CreateStudentsDataDrivenTest-1-thread-15] DEBUG n.t.core.steps.StepInterceptor - STARTING STEP: CreateStudentsDataDrivenTest.createMultipleStudents - Creating student with firstName:{0}, lastName:{1}, email:{2}, programme{3}, courses:{4}
]]></system-out>
  </testcase>
  <testcase name="createMultipleStudents[51]" classname="com.studentapp.junit.CreateStudentsDataDrivenTest" time="0.004">
    <failure message="1 expectation failed.&#10;Expected status code &lt;201&gt; but was &lt;500&gt;.&#10;" type="java.lang.AssertionError"><![CDATA[java.lang.AssertionError: 
1 expectation failed.
Expected status code <201> but was <500>.

	at com.studentapp.junit.CreateStudentsDataDrivenTest.createMultipleStudents(CreateStudentsDataDrivenTest.java:86)
]]></failure>
    <system-out><![CDATA[10:23:26.986 [CreateStudentsDataDrivenTest-1-thread-10] ERROR n.t.c.steps.ConsoleLoggingListener - 
           __  _____ _____ ____ _____   _____ _    ___ _     _____ ____  
  _       / / |_   _| ____/ ___|_   _| |  ___/ \  |_ _| |   | ____|  _ \ 
 (_)_____| |    | | |  _| \___ \ | |   | |_ / _ \  | || |   |  _| | | | |
  _|_____| |    | | | |___ ___) || |   |  _/ ___ \ | || |___| |___| |_| |
 (_)     | |    |_| |_____|____/ |_|   |_|/_/   \_\___|_____|_____|____/ 
          \_\                                                            

TEST FAILED: DataDriven Test for adding multiple students to the Student App
--------------------------------------------------------------------------
10:23:26.988 [CreateStudentsDataDrivenTest-1-thread-10] DEBUG n.t.c.steps.ConsoleLoggingListener - RELATED ISSUES: 
10:23:26.988 [CreateStudentsDataDrivenTest-1-thread-10] ERROR n.t.c.steps.ConsoleLoggingListener - 1 expectation failed.Expected status code <201> but was <500>.
10:23:26.992 [CreateStudentsDataDrivenTest-1-thread-10] DEBUG n.thucydides.core.steps.StepEventBus - Test suite started for class com.studentapp.junit.CreateStudentsDataDrivenTest
10:23:26.993 [CreateStudentsDataDrivenTest-1-thread-10] INFO  n.t.c.steps.ConsoleLoggingListener - Test Suite Started: Create students data driven test
10:23:26.993 [CreateStudentsDataDrivenTest-1-thread-10] INFO  n.t.c.steps.ConsoleLoggingListener - 
 _____ _____ ____ _____   ____ _____  _    ____ _____ _____ ____  
|_   _| ____/ ___|_   _| / ___|_   _|/ \  |  _ \_   _| ____|  _ \ 
  | | |  _| \___ \ | |   \___ \ | | / _ \ | |_) || | |  _| | | | |
  | | | |___ ___) || |    ___) || |/ ___ \|  _ < | | | |___| |_| |
  |_| |_____|____/ |_|   |____/ |_/_/   \_\_| \_\|_| |_____|____/ 
                                                                  

TEST STARTED: createMultipleStudents[66]
-------------------------------------------------------------------
10:23:26.993 [CreateStudentsDataDrivenTest-1-thread-10] INFO  net.serenitybdd.core.Serenity - TEST NUMBER: 67
10:23:26.994 [CreateStudentsDataDrivenTest-1-thread-10] DEBUG n.t.core.steps.StepInterceptor - STARTING STEP: CreateStudentsDataDrivenTest.createMultipleStudents - Creating student with firstName:{0}, lastName:{1}, email:{2}, programme{3}, courses:{4}
10:23:27.067 [CreateStudentsDataDrivenTest-1-thread-14] DEBUG n.t.core.steps.StepInterceptor - STEP DONE: Creating student with firstName:{0}, lastName:{1}, email:{2}, programme{3}, courses:{4}
]]></system-out>
  </testcase>
  <testcase name="createMultipleStudents[52]" classname="com.studentapp.junit.CreateStudentsDataDrivenTest" time="0.006">
    <failure message="1 expectation failed.&#10;Expected status code &lt;201&gt; but was &lt;500&gt;.&#10;" type="java.lang.AssertionError"><![CDATA[java.lang.AssertionError: 
1 expectation failed.
Expected status code <201> but was <500>.

	at com.studentapp.junit.CreateStudentsDataDrivenTest.createMultipleStudents(CreateStudentsDataDrivenTest.java:86)
]]></failure>
    <system-out><![CDATA[10:23:27.070 [CreateStudentsDataDrivenTest-1-thread-14] ERROR n.t.c.steps.ConsoleLoggingListener - 
           __  _____ _____ ____ _____   _____ _    ___ _     _____ ____  
  _       / / |_   _| ____/ ___|_   _| |  ___/ \  |_ _| |   | ____|  _ \ 
 (_)_____| |    | | |  _| \___ \ | |   | |_ / _ \  | || |   |  _| | | | |
  _|_____| |    | | | |___ ___) || |   |  _/ ___ \ | || |___| |___| |_| |
 (_)     | |    |_| |_____|____/ |_|   |_|/_/   \_\___|_____|_____|____/ 
          \_\                                                            

TEST FAILED: DataDriven Test for adding multiple students to the Student App
--------------------------------------------------------------------------
10:23:27.070 [CreateStudentsDataDrivenTest-1-thread-14] DEBUG n.t.c.steps.ConsoleLoggingListener - RELATED ISSUES: 
10:23:27.071 [CreateStudentsDataDrivenTest-1-thread-14] ERROR n.t.c.steps.ConsoleLoggingListener - 1 expectation failed.Expected status code <201> but was <500>.
10:23:27.075 [CreateStudentsDataDrivenTest-1-thread-14] DEBUG n.thucydides.core.steps.StepEventBus - Test suite started for class com.studentapp.junit.CreateStudentsDataDrivenTest
10:23:27.075 [CreateStudentsDataDrivenTest-1-thread-14] INFO  n.t.c.steps.ConsoleLoggingListener - Test Suite Started: Create students data driven test
10:23:27.075 [CreateStudentsDataDrivenTest-1-thread-14] INFO  n.t.c.steps.ConsoleLoggingListener - 
 _____ _____ ____ _____   ____ _____  _    ____ _____ _____ ____  
|_   _| ____/ ___|_   _| / ___|_   _|/ \  |  _ \_   _| ____|  _ \ 
  | | |  _| \___ \ | |   \___ \ | | / _ \ | |_) || | |  _| | | | |
  | | | |___ ___) || |    ___) || |/ ___ \|  _ < | | | |___| |_| |
  |_| |_____|____/ |_|   |____/ |_/_/   \_\_| \_\|_| |_____|____/ 
                                                                  

TEST STARTED: createMultipleStudents[67]
-------------------------------------------------------------------
10:23:27.075 [CreateStudentsDataDrivenTest-1-thread-14] INFO  net.serenitybdd.core.Serenity - TEST NUMBER: 68
10:23:27.077 [CreateStudentsDataDrivenTest-1-thread-14] DEBUG n.t.core.steps.StepInterceptor - STARTING STEP: CreateStudentsDataDrivenTest.createMultipleStudents - Creating student with firstName:{0}, lastName:{1}, email:{2}, programme{3}, courses:{4}
10:23:27.107 [CreateStudentsDataDrivenTest-1-thread-12] DEBUG n.t.core.steps.StepInterceptor - STEP DONE: Creating student with firstName:{0}, lastName:{1}, email:{2}, programme{3}, courses:{4}
]]></system-out>
  </testcase>
  <testcase name="createMultipleStudents[53]" classname="com.studentapp.junit.CreateStudentsDataDrivenTest" time="0.005">
    <failure message="1 expectation failed.&#10;Expected status code &lt;201&gt; but was &lt;500&gt;.&#10;" type="java.lang.AssertionError"><![CDATA[java.lang.AssertionError: 
1 expectation failed.
Expected status code <201> but was <500>.

	at com.studentapp.junit.CreateStudentsDataDrivenTest.createMultipleStudents(CreateStudentsDataDrivenTest.java:86)
]]></failure>
    <system-out><![CDATA[10:23:27.110 [CreateStudentsDataDrivenTest-1-thread-12] ERROR n.t.c.steps.ConsoleLoggingListener - 
           __  _____ _____ ____ _____   _____ _    ___ _     _____ ____  
  _       / / |_   _| ____/ ___|_   _| |  ___/ \  |_ _| |   | ____|  _ \ 
 (_)_____| |    | | |  _| \___ \ | |   | |_ / _ \  | || |   |  _| | | | |
  _|_____| |    | | | |___ ___) || |   |  _/ ___ \ | || |___| |___| |_| |
 (_)     | |    |_| |_____|____/ |_|   |_|/_/   \_\___|_____|_____|____/ 
          \_\                                                            

TEST FAILED: DataDriven Test for adding multiple students to the Student App
--------------------------------------------------------------------------
10:23:27.110 [CreateStudentsDataDrivenTest-1-thread-12] DEBUG n.t.c.steps.ConsoleLoggingListener - RELATED ISSUES: 
10:23:27.110 [CreateStudentsDataDrivenTest-1-thread-12] ERROR n.t.c.steps.ConsoleLoggingListener - 1 expectation failed.Expected status code <201> but was <500>.
10:23:27.114 [CreateStudentsDataDrivenTest-1-thread-12] DEBUG n.thucydides.core.steps.StepEventBus - Test suite started for class com.studentapp.junit.CreateStudentsDataDrivenTest
10:23:27.115 [CreateStudentsDataDrivenTest-1-thread-12] INFO  n.t.c.steps.ConsoleLoggingListener - Test Suite Started: Create students data driven test
10:23:27.115 [CreateStudentsDataDrivenTest-1-thread-12] INFO  n.t.c.steps.ConsoleLoggingListener - 
 _____ _____ ____ _____   ____ _____  _    ____ _____ _____ ____  
|_   _| ____/ ___|_   _| / ___|_   _|/ \  |  _ \_   _| ____|  _ \ 
  | | |  _| \___ \ | |   \___ \ | | / _ \ | |_) || | |  _| | | | |
  | | | |___ ___) || |    ___) || |/ ___ \|  _ < | | | |___| |_| |
  |_| |_____|____/ |_|   |____/ |_/_/   \_\_| \_\|_| |_____|____/ 
                                                                  

TEST STARTED: createMultipleStudents[68]
-------------------------------------------------------------------
10:23:27.115 [CreateStudentsDataDrivenTest-1-thread-12] INFO  net.serenitybdd.core.Serenity - TEST NUMBER: 69
10:23:27.117 [CreateStudentsDataDrivenTest-1-thread-12] DEBUG n.t.core.steps.StepInterceptor - STARTING STEP: CreateStudentsDataDrivenTest.createMultipleStudents - Creating student with firstName:{0}, lastName:{1}, email:{2}, programme{3}, courses:{4}
10:23:27.117 [CreateStudentsDataDrivenTest-1-thread-16] DEBUG n.t.core.steps.StepInterceptor - STEP DONE: Creating student with firstName:{0}, lastName:{1}, email:{2}, programme{3}, courses:{4}
]]></system-out>
  </testcase>
  <testcase name="createMultipleStudents[54]" classname="com.studentapp.junit.CreateStudentsDataDrivenTest" time="0.006">
    <failure message="1 expectation failed.&#10;Expected status code &lt;201&gt; but was &lt;500&gt;.&#10;" type="java.lang.AssertionError"><![CDATA[java.lang.AssertionError: 
1 expectation failed.
Expected status code <201> but was <500>.

	at com.studentapp.junit.CreateStudentsDataDrivenTest.createMultipleStudents(CreateStudentsDataDrivenTest.java:86)
]]></failure>
    <system-out><![CDATA[10:23:27.119 [CreateStudentsDataDrivenTest-1-thread-16] ERROR n.t.c.steps.ConsoleLoggingListener - 
           __  _____ _____ ____ _____   _____ _    ___ _     _____ ____  
  _       / / |_   _| ____/ ___|_   _| |  ___/ \  |_ _| |   | ____|  _ \ 
 (_)_____| |    | | |  _| \___ \ | |   | |_ / _ \  | || |   |  _| | | | |
  _|_____| |    | | | |___ ___) || |   |  _/ ___ \ | || |___| |___| |_| |
 (_)     | |    |_| |_____|____/ |_|   |_|/_/   \_\___|_____|_____|____/ 
          \_\                                                            

TEST FAILED: DataDriven Test for adding multiple students to the Student App
--------------------------------------------------------------------------
10:23:27.119 [CreateStudentsDataDrivenTest-1-thread-16] DEBUG n.t.c.steps.ConsoleLoggingListener - RELATED ISSUES: 
10:23:27.119 [CreateStudentsDataDrivenTest-1-thread-16] ERROR n.t.c.steps.ConsoleLoggingListener - 1 expectation failed.Expected status code <201> but was <500>.
10:23:27.123 [CreateStudentsDataDrivenTest-1-thread-16] DEBUG n.thucydides.core.steps.StepEventBus - Test suite started for class com.studentapp.junit.CreateStudentsDataDrivenTest
10:23:27.126 [CreateStudentsDataDrivenTest-1-thread-16] INFO  n.t.c.steps.ConsoleLoggingListener - Test Suite Started: Create students data driven test
10:23:27.126 [CreateStudentsDataDrivenTest-1-thread-16] INFO  n.t.c.steps.ConsoleLoggingListener - 
 _____ _____ ____ _____   ____ _____  _    ____ _____ _____ ____  
|_   _| ____/ ___|_   _| / ___|_   _|/ \  |  _ \_   _| ____|  _ \ 
  | | |  _| \___ \ | |   \___ \ | | / _ \ | |_) || | |  _| | | | |
  | | | |___ ___) || |    ___) || |/ ___ \|  _ < | | | |___| |_| |
  |_| |_____|____/ |_|   |____/ |_/_/   \_\_| \_\|_| |_____|____/ 
                                                                  

TEST STARTED: createMultipleStudents[69]
-------------------------------------------------------------------
10:23:27.127 [CreateStudentsDataDrivenTest-1-thread-16] INFO  net.serenitybdd.core.Serenity - TEST NUMBER: 70
10:23:27.128 [CreateStudentsDataDrivenTest-1-thread-16] DEBUG n.t.core.steps.StepInterceptor - STARTING STEP: CreateStudentsDataDrivenTest.createMultipleStudents - Creating student with firstName:{0}, lastName:{1}, email:{2}, programme{3}, courses:{4}
10:23:27.347 [CreateStudentsDataDrivenTest-1-thread-6] DEBUG n.t.core.steps.StepInterceptor - STEP DONE: Creating student with firstName:{0}, lastName:{1}, email:{2}, programme{3}, courses:{4}
]]></system-out>
  </testcase>
  <testcase name="createMultipleStudents[55]" classname="com.studentapp.junit.CreateStudentsDataDrivenTest" time="0.005">
    <failure message="1 expectation failed.&#10;Expected status code &lt;201&gt; but was &lt;500&gt;.&#10;" type="java.lang.AssertionError"><![CDATA[java.lang.AssertionError: 
1 expectation failed.
Expected status code <201> but was <500>.

	at com.studentapp.junit.CreateStudentsDataDrivenTest.createMultipleStudents(CreateStudentsDataDrivenTest.java:86)
]]></failure>
    <system-out><![CDATA[10:23:27.350 [CreateStudentsDataDrivenTest-1-thread-6] ERROR n.t.c.steps.ConsoleLoggingListener - 
           __  _____ _____ ____ _____   _____ _    ___ _     _____ ____  
  _       / / |_   _| ____/ ___|_   _| |  ___/ \  |_ _| |   | ____|  _ \ 
 (_)_____| |    | | |  _| \___ \ | |   | |_ / _ \  | || |   |  _| | | | |
  _|_____| |    | | | |___ ___) || |   |  _/ ___ \ | || |___| |___| |_| |
 (_)     | |    |_| |_____|____/ |_|   |_|/_/   \_\___|_____|_____|____/ 
          \_\                                                            

TEST FAILED: DataDriven Test for adding multiple students to the Student App
--------------------------------------------------------------------------
10:23:27.350 [CreateStudentsDataDrivenTest-1-thread-6] DEBUG n.t.c.steps.ConsoleLoggingListener - RELATED ISSUES: 
10:23:27.350 [CreateStudentsDataDrivenTest-1-thread-6] ERROR n.t.c.steps.ConsoleLoggingListener - 1 expectation failed.Expected status code <201> but was <500>.
10:23:27.353 [CreateStudentsDataDrivenTest-1-thread-6] DEBUG n.thucydides.core.steps.StepEventBus - Test suite started for class com.studentapp.junit.CreateStudentsDataDrivenTest
10:23:27.353 [CreateStudentsDataDrivenTest-1-thread-6] INFO  n.t.c.steps.ConsoleLoggingListener - Test Suite Started: Create students data driven test
10:23:27.354 [CreateStudentsDataDrivenTest-1-thread-6] INFO  n.t.c.steps.ConsoleLoggingListener - 
 _____ _____ ____ _____   ____ _____  _    ____ _____ _____ ____  
|_   _| ____/ ___|_   _| / ___|_   _|/ \  |  _ \_   _| ____|  _ \ 
  | | |  _| \___ \ | |   \___ \ | | / _ \ | |_) || | |  _| | | | |
  | | | |___ ___) || |    ___) || |/ ___ \|  _ < | | | |___| |_| |
  |_| |_____|____/ |_|   |____/ |_/_/   \_\_| \_\|_| |_____|____/ 
                                                                  

TEST STARTED: createMultipleStudents[70]
-------------------------------------------------------------------
10:23:27.354 [CreateStudentsDataDrivenTest-1-thread-6] INFO  net.serenitybdd.core.Serenity - TEST NUMBER: 71
10:23:27.355 [CreateStudentsDataDrivenTest-1-thread-6] DEBUG n.t.core.steps.StepInterceptor - STARTING STEP: CreateStudentsDataDrivenTest.createMultipleStudents - Creating student with firstName:{0}, lastName:{1}, email:{2}, programme{3}, courses:{4}
10:23:27.781 [CreateStudentsDataDrivenTest-1-thread-1] DEBUG n.t.core.steps.StepInterceptor - STEP DONE: Creating student with firstName:{0}, lastName:{1}, email:{2}, programme{3}, courses:{4}
]]></system-out>
  </testcase>
  <testcase name="createMultipleStudents[56]" classname="com.studentapp.junit.CreateStudentsDataDrivenTest" time="0.005">
    <failure message="1 expectation failed.&#10;Expected status code &lt;201&gt; but was &lt;500&gt;.&#10;" type="java.lang.AssertionError"><![CDATA[java.lang.AssertionError: 
1 expectation failed.
Expected status code <201> but was <500>.

	at com.studentapp.junit.CreateStudentsDataDrivenTest.createMultipleStudents(CreateStudentsDataDrivenTest.java:86)
]]></failure>
    <system-out><![CDATA[10:23:27.784 [CreateStudentsDataDrivenTest-1-thread-1] ERROR n.t.c.steps.ConsoleLoggingListener - 
           __  _____ _____ ____ _____   _____ _    ___ _     _____ ____  
  _       / / |_   _| ____/ ___|_   _| |  ___/ \  |_ _| |   | ____|  _ \ 
 (_)_____| |    | | |  _| \___ \ | |   | |_ / _ \  | || |   |  _| | | | |
  _|_____| |    | | | |___ ___) || |   |  _/ ___ \ | || |___| |___| |_| |
 (_)     | |    |_| |_____|____/ |_|   |_|/_/   \_\___|_____|_____|____/ 
          \_\                                                            

TEST FAILED: DataDriven Test for adding multiple students to the Student App
--------------------------------------------------------------------------
10:23:27.784 [CreateStudentsDataDrivenTest-1-thread-1] DEBUG n.t.c.steps.ConsoleLoggingListener - RELATED ISSUES: 
10:23:27.784 [CreateStudentsDataDrivenTest-1-thread-1] ERROR n.t.c.steps.ConsoleLoggingListener - 1 expectation failed.Expected status code <201> but was <500>.
10:23:27.788 [CreateStudentsDataDrivenTest-1-thread-1] DEBUG n.thucydides.core.steps.StepEventBus - Test suite started for class com.studentapp.junit.CreateStudentsDataDrivenTest
10:23:27.788 [CreateStudentsDataDrivenTest-1-thread-1] INFO  n.t.c.steps.ConsoleLoggingListener - Test Suite Started: Create students data driven test
10:23:27.789 [CreateStudentsDataDrivenTest-1-thread-1] INFO  n.t.c.steps.ConsoleLoggingListener - 
 _____ _____ ____ _____   ____ _____  _    ____ _____ _____ ____  
|_   _| ____/ ___|_   _| / ___|_   _|/ \  |  _ \_   _| ____|  _ \ 
  | | |  _| \___ \ | |   \___ \ | | / _ \ | |_) || | |  _| | | | |
  | | | |___ ___) || |    ___) || |/ ___ \|  _ < | | | |___| |_| |
  |_| |_____|____/ |_|   |____/ |_/_/   \_\_| \_\|_| |_____|____/ 
                                                                  

TEST STARTED: createMultipleStudents[71]
-------------------------------------------------------------------
10:23:27.789 [CreateStudentsDataDrivenTest-1-thread-1] INFO  net.serenitybdd.core.Serenity - TEST NUMBER: 72
10:23:27.790 [CreateStudentsDataDrivenTest-1-thread-1] DEBUG n.t.core.steps.StepInterceptor - STARTING STEP: CreateStudentsDataDrivenTest.createMultipleStudents - Creating student with firstName:{0}, lastName:{1}, email:{2}, programme{3}, courses:{4}
10:23:27.822 [CreateStudentsDataDrivenTest-1-thread-11] DEBUG n.t.core.steps.StepInterceptor - STEP DONE: Creating student with firstName:{0}, lastName:{1}, email:{2}, programme{3}, courses:{4}
]]></system-out>
  </testcase>
  <testcase name="createMultipleStudents[57]" classname="com.studentapp.junit.CreateStudentsDataDrivenTest" time="0.005">
    <failure message="1 expectation failed.&#10;Expected status code &lt;201&gt; but was &lt;500&gt;.&#10;" type="java.lang.AssertionError"><![CDATA[java.lang.AssertionError: 
1 expectation failed.
Expected status code <201> but was <500>.

	at com.studentapp.junit.CreateStudentsDataDrivenTest.createMultipleStudents(CreateStudentsDataDrivenTest.java:86)
]]></failure>
    <system-out><![CDATA[10:23:27.825 [CreateStudentsDataDrivenTest-1-thread-11] ERROR n.t.c.steps.ConsoleLoggingListener - 
           __  _____ _____ ____ _____   _____ _    ___ _     _____ ____  
  _       / / |_   _| ____/ ___|_   _| |  ___/ \  |_ _| |   | ____|  _ \ 
 (_)_____| |    | | |  _| \___ \ | |   | |_ / _ \  | || |   |  _| | | | |
  _|_____| |    | | | |___ ___) || |   |  _/ ___ \ | || |___| |___| |_| |
 (_)     | |    |_| |_____|____/ |_|   |_|/_/   \_\___|_____|_____|____/ 
          \_\                                                            

TEST FAILED: DataDriven Test for adding multiple students to the Student App
--------------------------------------------------------------------------
10:23:27.825 [CreateStudentsDataDrivenTest-1-thread-11] DEBUG n.t.c.steps.ConsoleLoggingListener - RELATED ISSUES: 
10:23:27.825 [CreateStudentsDataDrivenTest-1-thread-11] ERROR n.t.c.steps.ConsoleLoggingListener - 1 expectation failed.Expected status code <201> but was <500>.
10:23:27.829 [CreateStudentsDataDrivenTest-1-thread-11] DEBUG n.thucydides.core.steps.StepEventBus - Test suite started for class com.studentapp.junit.CreateStudentsDataDrivenTest
10:23:27.829 [CreateStudentsDataDrivenTest-1-thread-11] INFO  n.t.c.steps.ConsoleLoggingListener - Test Suite Started: Create students data driven test
10:23:27.829 [CreateStudentsDataDrivenTest-1-thread-11] INFO  n.t.c.steps.ConsoleLoggingListener - 
 _____ _____ ____ _____   ____ _____  _    ____ _____ _____ ____  
|_   _| ____/ ___|_   _| / ___|_   _|/ \  |  _ \_   _| ____|  _ \ 
  | | |  _| \___ \ | |   \___ \ | | / _ \ | |_) || | |  _| | | | |
  | | | |___ ___) || |    ___) || |/ ___ \|  _ < | | | |___| |_| |
  |_| |_____|____/ |_|   |____/ |_/_/   \_\_| \_\|_| |_____|____/ 
                                                                  

TEST STARTED: createMultipleStudents[72]
-------------------------------------------------------------------
10:23:27.829 [CreateStudentsDataDrivenTest-1-thread-11] INFO  net.serenitybdd.core.Serenity - TEST NUMBER: 73
10:23:27.831 [CreateStudentsDataDrivenTest-1-thread-11] DEBUG n.t.core.steps.StepInterceptor - STARTING STEP: CreateStudentsDataDrivenTest.createMultipleStudents - Creating student with firstName:{0}, lastName:{1}, email:{2}, programme{3}, courses:{4}
10:23:27.864 [CreateStudentsDataDrivenTest-1-thread-4] DEBUG n.t.core.steps.StepInterceptor - STEP DONE: Creating student with firstName:{0}, lastName:{1}, email:{2}, programme{3}, courses:{4}
]]></system-out>
  </testcase>
  <testcase name="createMultipleStudents[58]" classname="com.studentapp.junit.CreateStudentsDataDrivenTest" time="0.005">
    <failure message="1 expectation failed.&#10;Expected status code &lt;201&gt; but was &lt;500&gt;.&#10;" type="java.lang.AssertionError"><![CDATA[java.lang.AssertionError: 
1 expectation failed.
Expected status code <201> but was <500>.

	at com.studentapp.junit.CreateStudentsDataDrivenTest.createMultipleStudents(CreateStudentsDataDrivenTest.java:86)
]]></failure>
    <system-out><![CDATA[10:23:27.867 [CreateStudentsDataDrivenTest-1-thread-4] ERROR n.t.c.steps.ConsoleLoggingListener - 
           __  _____ _____ ____ _____   _____ _    ___ _     _____ ____  
  _       / / |_   _| ____/ ___|_   _| |  ___/ \  |_ _| |   | ____|  _ \ 
 (_)_____| |    | | |  _| \___ \ | |   | |_ / _ \  | || |   |  _| | | | |
  _|_____| |    | | | |___ ___) || |   |  _/ ___ \ | || |___| |___| |_| |
 (_)     | |    |_| |_____|____/ |_|   |_|/_/   \_\___|_____|_____|____/ 
          \_\                                                            

TEST FAILED: DataDriven Test for adding multiple students to the Student App
--------------------------------------------------------------------------
10:23:27.867 [CreateStudentsDataDrivenTest-1-thread-4] DEBUG n.t.c.steps.ConsoleLoggingListener - RELATED ISSUES: 
10:23:27.867 [CreateStudentsDataDrivenTest-1-thread-4] ERROR n.t.c.steps.ConsoleLoggingListener - 1 expectation failed.Expected status code <201> but was <500>.
10:23:27.870 [CreateStudentsDataDrivenTest-1-thread-4] DEBUG n.thucydides.core.steps.StepEventBus - Test suite started for class com.studentapp.junit.CreateStudentsDataDrivenTest
10:23:27.871 [CreateStudentsDataDrivenTest-1-thread-4] INFO  n.t.c.steps.ConsoleLoggingListener - Test Suite Started: Create students data driven test
10:23:27.871 [CreateStudentsDataDrivenTest-1-thread-4] INFO  n.t.c.steps.ConsoleLoggingListener - 
 _____ _____ ____ _____   ____ _____  _    ____ _____ _____ ____  
|_   _| ____/ ___|_   _| / ___|_   _|/ \  |  _ \_   _| ____|  _ \ 
  | | |  _| \___ \ | |   \___ \ | | / _ \ | |_) || | |  _| | | | |
  | | | |___ ___) || |    ___) || |/ ___ \|  _ < | | | |___| |_| |
  |_| |_____|____/ |_|   |____/ |_/_/   \_\_| \_\|_| |_____|____/ 
                                                                  

TEST STARTED: createMultipleStudents[73]
-------------------------------------------------------------------
10:23:27.871 [CreateStudentsDataDrivenTest-1-thread-4] INFO  net.serenitybdd.core.Serenity - TEST NUMBER: 74
10:23:27.872 [CreateStudentsDataDrivenTest-1-thread-4] DEBUG n.t.core.steps.StepInterceptor - STARTING STEP: CreateStudentsDataDrivenTest.createMultipleStudents - Creating student with firstName:{0}, lastName:{1}, email:{2}, programme{3}, courses:{4}
10:23:27.909 [CreateStudentsDataDrivenTest-1-thread-5] DEBUG n.t.core.steps.StepInterceptor - STEP DONE: Creating student with firstName:{0}, lastName:{1}, email:{2}, programme{3}, courses:{4}
]]></system-out>
  </testcase>
  <testcase name="createMultipleStudents[59]" classname="com.studentapp.junit.CreateStudentsDataDrivenTest" time="0.005">
    <failure message="1 expectation failed.&#10;Expected status code &lt;201&gt; but was &lt;500&gt;.&#10;" type="java.lang.AssertionError"><![CDATA[java.lang.AssertionError: 
1 expectation failed.
Expected status code <201> but was <500>.

	at com.studentapp.junit.CreateStudentsDataDrivenTest.createMultipleStudents(CreateStudentsDataDrivenTest.java:86)
]]></failure>
    <system-out><![CDATA[10:23:27.911 [CreateStudentsDataDrivenTest-1-thread-5] ERROR n.t.c.steps.ConsoleLoggingListener - 
           __  _____ _____ ____ _____   _____ _    ___ _     _____ ____  
  _       / / |_   _| ____/ ___|_   _| |  ___/ \  |_ _| |   | ____|  _ \ 
 (_)_____| |    | | |  _| \___ \ | |   | |_ / _ \  | || |   |  _| | | | |
  _|_____| |    | | | |___ ___) || |   |  _/ ___ \ | || |___| |___| |_| |
 (_)     | |    |_| |_____|____/ |_|   |_|/_/   \_\___|_____|_____|____/ 
          \_\                                                            

TEST FAILED: DataDriven Test for adding multiple students to the Student App
--------------------------------------------------------------------------
10:23:27.912 [CreateStudentsDataDrivenTest-1-thread-5] DEBUG n.t.c.steps.ConsoleLoggingListener - RELATED ISSUES: 
10:23:27.912 [CreateStudentsDataDrivenTest-1-thread-5] ERROR n.t.c.steps.ConsoleLoggingListener - 1 expectation failed.Expected status code <201> but was <500>.
10:23:27.916 [CreateStudentsDataDrivenTest-1-thread-5] DEBUG n.thucydides.core.steps.StepEventBus - Test suite started for class com.studentapp.junit.CreateStudentsDataDrivenTest
10:23:27.916 [CreateStudentsDataDrivenTest-1-thread-5] INFO  n.t.c.steps.ConsoleLoggingListener - Test Suite Started: Create students data driven test
10:23:27.916 [CreateStudentsDataDrivenTest-1-thread-5] INFO  n.t.c.steps.ConsoleLoggingListener - 
 _____ _____ ____ _____   ____ _____  _    ____ _____ _____ ____  
|_   _| ____/ ___|_   _| / ___|_   _|/ \  |  _ \_   _| ____|  _ \ 
  | | |  _| \___ \ | |   \___ \ | | / _ \ | |_) || | |  _| | | | |
  | | | |___ ___) || |    ___) || |/ ___ \|  _ < | | | |___| |_| |
  |_| |_____|____/ |_|   |____/ |_/_/   \_\_| \_\|_| |_____|____/ 
                                                                  

TEST STARTED: createMultipleStudents[74]
-------------------------------------------------------------------
10:23:27.916 [CreateStudentsDataDrivenTest-1-thread-5] INFO  net.serenitybdd.core.Serenity - TEST NUMBER: 75
10:23:27.917 [CreateStudentsDataDrivenTest-1-thread-5] DEBUG n.t.core.steps.StepInterceptor - STARTING STEP: CreateStudentsDataDrivenTest.createMultipleStudents - Creating student with firstName:{0}, lastName:{1}, email:{2}, programme{3}, courses:{4}
10:23:27.929 [CreateStudentsDataDrivenTest-1-thread-8] DEBUG n.t.core.steps.StepInterceptor - STEP DONE: Creating student with firstName:{0}, lastName:{1}, email:{2}, programme{3}, courses:{4}
]]></system-out>
  </testcase>
  <testcase name="createMultipleStudents[60]" classname="com.studentapp.junit.CreateStudentsDataDrivenTest" time="0.005">
    <failure message="1 expectation failed.&#10;Expected status code &lt;201&gt; but was &lt;500&gt;.&#10;" type="java.lang.AssertionError"><![CDATA[java.lang.AssertionError: 
1 expectation failed.
Expected status code <201> but was <500>.

	at com.studentapp.junit.CreateStudentsDataDrivenTest.createMultipleStudents(CreateStudentsDataDrivenTest.java:86)
]]></failure>
    <system-out><![CDATA[10:23:27.932 [CreateStudentsDataDrivenTest-1-thread-8] ERROR n.t.c.steps.ConsoleLoggingListener - 
           __  _____ _____ ____ _____   _____ _    ___ _     _____ ____  
  _       / / |_   _| ____/ ___|_   _| |  ___/ \  |_ _| |   | ____|  _ \ 
 (_)_____| |    | | |  _| \___ \ | |   | |_ / _ \  | || |   |  _| | | | |
  _|_____| |    | | | |___ ___) || |   |  _/ ___ \ | || |___| |___| |_| |
 (_)     | |    |_| |_____|____/ |_|   |_|/_/   \_\___|_____|_____|____/ 
          \_\                                                            

TEST FAILED: DataDriven Test for adding multiple students to the Student App
--------------------------------------------------------------------------
10:23:27.932 [CreateStudentsDataDrivenTest-1-thread-8] DEBUG n.t.c.steps.ConsoleLoggingListener - RELATED ISSUES: 
10:23:27.932 [CreateStudentsDataDrivenTest-1-thread-8] ERROR n.t.c.steps.ConsoleLoggingListener - 1 expectation failed.Expected status code <201> but was <500>.
10:23:27.936 [CreateStudentsDataDrivenTest-1-thread-8] DEBUG n.thucydides.core.steps.StepEventBus - Test suite started for class com.studentapp.junit.CreateStudentsDataDrivenTest
10:23:27.937 [CreateStudentsDataDrivenTest-1-thread-8] INFO  n.t.c.steps.ConsoleLoggingListener - Test Suite Started: Create students data driven test
10:23:27.937 [CreateStudentsDataDrivenTest-1-thread-8] INFO  n.t.c.steps.ConsoleLoggingListener - 
 _____ _____ ____ _____   ____ _____  _    ____ _____ _____ ____  
|_   _| ____/ ___|_   _| / ___|_   _|/ \  |  _ \_   _| ____|  _ \ 
  | | |  _| \___ \ | |   \___ \ | | / _ \ | |_) || | |  _| | | | |
  | | | |___ ___) || |    ___) || |/ ___ \|  _ < | | | |___| |_| |
  |_| |_____|____/ |_|   |____/ |_/_/   \_\_| \_\|_| |_____|____/ 
                                                                  

TEST STARTED: createMultipleStudents[75]
-------------------------------------------------------------------
10:23:27.937 [CreateStudentsDataDrivenTest-1-thread-8] INFO  net.serenitybdd.core.Serenity - TEST NUMBER: 76
10:23:27.938 [CreateStudentsDataDrivenTest-1-thread-8] DEBUG n.t.core.steps.StepInterceptor - STARTING STEP: CreateStudentsDataDrivenTest.createMultipleStudents - Creating student with firstName:{0}, lastName:{1}, email:{2}, programme{3}, courses:{4}
10:23:27.975 [CreateStudentsDataDrivenTest-1-thread-7] DEBUG n.t.core.steps.StepInterceptor - STEP DONE: Creating student with firstName:{0}, lastName:{1}, email:{2}, programme{3}, courses:{4}
]]></system-out>
  </testcase>
  <testcase name="createMultipleStudents[61]" classname="com.studentapp.junit.CreateStudentsDataDrivenTest" time="0.005">
    <failure message="1 expectation failed.&#10;Expected status code &lt;201&gt; but was &lt;500&gt;.&#10;" type="java.lang.AssertionError"><![CDATA[java.lang.AssertionError: 
1 expectation failed.
Expected status code <201> but was <500>.

	at com.studentapp.junit.CreateStudentsDataDrivenTest.createMultipleStudents(CreateStudentsDataDrivenTest.java:86)
]]></failure>
    <system-out><![CDATA[10:23:27.978 [CreateStudentsDataDrivenTest-1-thread-7] ERROR n.t.c.steps.ConsoleLoggingListener - 
           __  _____ _____ ____ _____   _____ _    ___ _     _____ ____  
  _       / / |_   _| ____/ ___|_   _| |  ___/ \  |_ _| |   | ____|  _ \ 
 (_)_____| |    | | |  _| \___ \ | |   | |_ / _ \  | || |   |  _| | | | |
  _|_____| |    | | | |___ ___) || |   |  _/ ___ \ | || |___| |___| |_| |
 (_)     | |    |_| |_____|____/ |_|   |_|/_/   \_\___|_____|_____|____/ 
          \_\                                                            

TEST FAILED: DataDriven Test for adding multiple students to the Student App
--------------------------------------------------------------------------
10:23:27.978 [CreateStudentsDataDrivenTest-1-thread-7] DEBUG n.t.c.steps.ConsoleLoggingListener - RELATED ISSUES: 
10:23:27.979 [CreateStudentsDataDrivenTest-1-thread-7] ERROR n.t.c.steps.ConsoleLoggingListener - 1 expectation failed.Expected status code <201> but was <500>.
10:23:27.982 [CreateStudentsDataDrivenTest-1-thread-7] DEBUG n.thucydides.core.steps.StepEventBus - Test suite started for class com.studentapp.junit.CreateStudentsDataDrivenTest
10:23:27.982 [CreateStudentsDataDrivenTest-1-thread-7] INFO  n.t.c.steps.ConsoleLoggingListener - Test Suite Started: Create students data driven test
10:23:27.982 [CreateStudentsDataDrivenTest-1-thread-7] INFO  n.t.c.steps.ConsoleLoggingListener - 
 _____ _____ ____ _____   ____ _____  _    ____ _____ _____ ____  
|_   _| ____/ ___|_   _| / ___|_   _|/ \  |  _ \_   _| ____|  _ \ 
  | | |  _| \___ \ | |   \___ \ | | / _ \ | |_) || | |  _| | | | |
  | | | |___ ___) || |    ___) || |/ ___ \|  _ < | | | |___| |_| |
  |_| |_____|____/ |_|   |____/ |_/_/   \_\_| \_\|_| |_____|____/ 
                                                                  

TEST STARTED: createMultipleStudents[76]
-------------------------------------------------------------------
10:23:27.983 [CreateStudentsDataDrivenTest-1-thread-7] INFO  net.serenitybdd.core.Serenity - TEST NUMBER: 77
10:23:27.984 [CreateStudentsDataDrivenTest-1-thread-7] DEBUG n.t.core.steps.StepInterceptor - STARTING STEP: CreateStudentsDataDrivenTest.createMultipleStudents - Creating student with firstName:{0}, lastName:{1}, email:{2}, programme{3}, courses:{4}
10:23:28.078 [CreateStudentsDataDrivenTest-1-thread-9] DEBUG n.t.core.steps.StepInterceptor - STEP DONE: Creating student with firstName:{0}, lastName:{1}, email:{2}, programme{3}, courses:{4}
]]></system-out>
  </testcase>
  <testcase name="createMultipleStudents[62]" classname="com.studentapp.junit.CreateStudentsDataDrivenTest" time="0.007">
    <failure message="1 expectation failed.&#10;Expected status code &lt;201&gt; but was &lt;500&gt;.&#10;" type="java.lang.AssertionError"><![CDATA[java.lang.AssertionError: 
1 expectation failed.
Expected status code <201> but was <500>.

	at com.studentapp.junit.CreateStudentsDataDrivenTest.createMultipleStudents(CreateStudentsDataDrivenTest.java:86)
]]></failure>
    <system-out><![CDATA[10:23:28.082 [CreateStudentsDataDrivenTest-1-thread-9] ERROR n.t.c.steps.ConsoleLoggingListener - 
           __  _____ _____ ____ _____   _____ _    ___ _     _____ ____  
  _       / / |_   _| ____/ ___|_   _| |  ___/ \  |_ _| |   | ____|  _ \ 
 (_)_____| |    | | |  _| \___ \ | |   | |_ / _ \  | || |   |  _| | | | |
  _|_____| |    | | | |___ ___) || |   |  _/ ___ \ | || |___| |___| |_| |
 (_)     | |    |_| |_____|____/ |_|   |_|/_/   \_\___|_____|_____|____/ 
          \_\                                                            

TEST FAILED: DataDriven Test for adding multiple students to the Student App
--------------------------------------------------------------------------
10:23:28.082 [CreateStudentsDataDrivenTest-1-thread-9] DEBUG n.t.c.steps.ConsoleLoggingListener - RELATED ISSUES: 
10:23:28.082 [CreateStudentsDataDrivenTest-1-thread-9] ERROR n.t.c.steps.ConsoleLoggingListener - 1 expectation failed.Expected status code <201> but was <500>.
10:23:28.086 [CreateStudentsDataDrivenTest-1-thread-9] DEBUG n.thucydides.core.steps.StepEventBus - Test suite started for class com.studentapp.junit.CreateStudentsDataDrivenTest
10:23:28.086 [CreateStudentsDataDrivenTest-1-thread-9] INFO  n.t.c.steps.ConsoleLoggingListener - Test Suite Started: Create students data driven test
10:23:28.087 [CreateStudentsDataDrivenTest-1-thread-9] INFO  n.t.c.steps.ConsoleLoggingListener - 
 _____ _____ ____ _____   ____ _____  _    ____ _____ _____ ____  
|_   _| ____/ ___|_   _| / ___|_   _|/ \  |  _ \_   _| ____|  _ \ 
  | | |  _| \___ \ | |   \___ \ | | / _ \ | |_) || | |  _| | | | |
  | | | |___ ___) || |    ___) || |/ ___ \|  _ < | | | |___| |_| |
  |_| |_____|____/ |_|   |____/ |_/_/   \_\_| \_\|_| |_____|____/ 
                                                                  

TEST STARTED: createMultipleStudents[77]
-------------------------------------------------------------------
10:23:28.087 [CreateStudentsDataDrivenTest-1-thread-9] INFO  net.serenitybdd.core.Serenity - TEST NUMBER: 78
10:23:28.088 [CreateStudentsDataDrivenTest-1-thread-9] DEBUG n.t.core.steps.StepInterceptor - STARTING STEP: CreateStudentsDataDrivenTest.createMultipleStudents - Creating student with firstName:{0}, lastName:{1}, email:{2}, programme{3}, courses:{4}
10:23:28.124 [CreateStudentsDataDrivenTest-1-thread-2] DEBUG n.t.core.steps.StepInterceptor - STEP DONE: Creating student with firstName:{0}, lastName:{1}, email:{2}, programme{3}, courses:{4}
]]></system-out>
  </testcase>
  <testcase name="createMultipleStudents[63]" classname="com.studentapp.junit.CreateStudentsDataDrivenTest" time="0.005">
    <failure message="1 expectation failed.&#10;Expected status code &lt;201&gt; but was &lt;500&gt;.&#10;" type="java.lang.AssertionError"><![CDATA[java.lang.AssertionError: 
1 expectation failed.
Expected status code <201> but was <500>.

	at com.studentapp.junit.CreateStudentsDataDrivenTest.createMultipleStudents(CreateStudentsDataDrivenTest.java:86)
]]></failure>
    <system-out><![CDATA[10:23:28.127 [CreateStudentsDataDrivenTest-1-thread-2] ERROR n.t.c.steps.ConsoleLoggingListener - 
           __  _____ _____ ____ _____   _____ _    ___ _     _____ ____  
  _       / / |_   _| ____/ ___|_   _| |  ___/ \  |_ _| |   | ____|  _ \ 
 (_)_____| |    | | |  _| \___ \ | |   | |_ / _ \  | || |   |  _| | | | |
  _|_____| |    | | | |___ ___) || |   |  _/ ___ \ | || |___| |___| |_| |
 (_)     | |    |_| |_____|____/ |_|   |_|/_/   \_\___|_____|_____|____/ 
          \_\                                                            

TEST FAILED: DataDriven Test for adding multiple students to the Student App
--------------------------------------------------------------------------
10:23:28.127 [CreateStudentsDataDrivenTest-1-thread-2] DEBUG n.t.c.steps.ConsoleLoggingListener - RELATED ISSUES: 
10:23:28.128 [CreateStudentsDataDrivenTest-1-thread-2] ERROR n.t.c.steps.ConsoleLoggingListener - 1 expectation failed.Expected status code <201> but was <500>.
10:23:28.161 [CreateStudentsDataDrivenTest-1-thread-2] DEBUG n.thucydides.core.steps.StepEventBus - Test suite started for class com.studentapp.junit.CreateStudentsDataDrivenTest
10:23:28.161 [CreateStudentsDataDrivenTest-1-thread-2] INFO  n.t.c.steps.ConsoleLoggingListener - Test Suite Started: Create students data driven test
10:23:28.162 [CreateStudentsDataDrivenTest-1-thread-2] INFO  n.t.c.steps.ConsoleLoggingListener - 
 _____ _____ ____ _____   ____ _____  _    ____ _____ _____ ____  
|_   _| ____/ ___|_   _| / ___|_   _|/ \  |  _ \_   _| ____|  _ \ 
  | | |  _| \___ \ | |   \___ \ | | / _ \ | |_) || | |  _| | | | |
  | | | |___ ___) || |    ___) || |/ ___ \|  _ < | | | |___| |_| |
  |_| |_____|____/ |_|   |____/ |_/_/   \_\_| \_\|_| |_____|____/ 
                                                                  

TEST STARTED: createMultipleStudents[78]
-------------------------------------------------------------------
10:23:28.162 [CreateStudentsDataDrivenTest-1-thread-2] INFO  net.serenitybdd.core.Serenity - TEST NUMBER: 79
10:23:28.165 [CreateStudentsDataDrivenTest-1-thread-2] DEBUG n.t.core.steps.StepInterceptor - STARTING STEP: CreateStudentsDataDrivenTest.createMultipleStudents - Creating student with firstName:{0}, lastName:{1}, email:{2}, programme{3}, courses:{4}
10:23:28.176 [CreateStudentsDataDrivenTest-1-thread-3] DEBUG n.t.core.steps.StepInterceptor - STEP DONE: Creating student with firstName:{0}, lastName:{1}, email:{2}, programme{3}, courses:{4}
]]></system-out>
  </testcase>
  <testcase name="createMultipleStudents[64]" classname="com.studentapp.junit.CreateStudentsDataDrivenTest" time="0.007">
    <failure message="1 expectation failed.&#10;Expected status code &lt;201&gt; but was &lt;500&gt;.&#10;" type="java.lang.AssertionError"><![CDATA[java.lang.AssertionError: 
1 expectation failed.
Expected status code <201> but was <500>.

	at com.studentapp.junit.CreateStudentsDataDrivenTest.createMultipleStudents(CreateStudentsDataDrivenTest.java:86)
]]></failure>
    <system-out><![CDATA[10:23:28.179 [CreateStudentsDataDrivenTest-1-thread-3] ERROR n.t.c.steps.ConsoleLoggingListener - 
           __  _____ _____ ____ _____   _____ _    ___ _     _____ ____  
  _       / / |_   _| ____/ ___|_   _| |  ___/ \  |_ _| |   | ____|  _ \ 
 (_)_____| |    | | |  _| \___ \ | |   | |_ / _ \  | || |   |  _| | | | |
  _|_____| |    | | | |___ ___) || |   |  _/ ___ \ | || |___| |___| |_| |
 (_)     | |    |_| |_____|____/ |_|   |_|/_/   \_\___|_____|_____|____/ 
          \_\                                                            

TEST FAILED: DataDriven Test for adding multiple students to the Student App
--------------------------------------------------------------------------
10:23:28.179 [CreateStudentsDataDrivenTest-1-thread-3] DEBUG n.t.c.steps.ConsoleLoggingListener - RELATED ISSUES: 
10:23:28.179 [CreateStudentsDataDrivenTest-1-thread-3] ERROR n.t.c.steps.ConsoleLoggingListener - 1 expectation failed.Expected status code <201> but was <500>.
10:23:28.183 [CreateStudentsDataDrivenTest-1-thread-3] DEBUG n.thucydides.core.steps.StepEventBus - Test suite started for class com.studentapp.junit.CreateStudentsDataDrivenTest
10:23:28.184 [CreateStudentsDataDrivenTest-1-thread-3] INFO  n.t.c.steps.ConsoleLoggingListener - Test Suite Started: Create students data driven test
10:23:28.184 [CreateStudentsDataDrivenTest-1-thread-3] INFO  n.t.c.steps.ConsoleLoggingListener - 
 _____ _____ ____ _____   ____ _____  _    ____ _____ _____ ____  
|_   _| ____/ ___|_   _| / ___|_   _|/ \  |  _ \_   _| ____|  _ \ 
  | | |  _| \___ \ | |   \___ \ | | / _ \ | |_) || | |  _| | | | |
  | | | |___ ___) || |    ___) || |/ ___ \|  _ < | | | |___| |_| |
  |_| |_____|____/ |_|   |____/ |_/_/   \_\_| \_\|_| |_____|____/ 
                                                                  

TEST STARTED: createMultipleStudents[79]
-------------------------------------------------------------------
10:23:28.184 [CreateStudentsDataDrivenTest-1-thread-3] INFO  net.serenitybdd.core.Serenity - TEST NUMBER: 80
10:23:28.186 [CreateStudentsDataDrivenTest-1-thread-3] DEBUG n.t.core.steps.StepInterceptor - STARTING STEP: CreateStudentsDataDrivenTest.createMultipleStudents - Creating student with firstName:{0}, lastName:{1}, email:{2}, programme{3}, courses:{4}
10:23:28.390 [CreateStudentsDataDrivenTest-1-thread-13] DEBUG n.t.core.steps.StepInterceptor - STEP DONE: Creating student with firstName:{0}, lastName:{1}, email:{2}, programme{3}, courses:{4}
]]></system-out>
  </testcase>
  <testcase name="createMultipleStudents[65]" classname="com.studentapp.junit.CreateStudentsDataDrivenTest" time="0.012">
    <failure message="1 expectation failed.&#10;Expected status code &lt;201&gt; but was &lt;500&gt;.&#10;" type="java.lang.AssertionError"><![CDATA[java.lang.AssertionError: 
1 expectation failed.
Expected status code <201> but was <500>.

	at com.studentapp.junit.CreateStudentsDataDrivenTest.createMultipleStudents(CreateStudentsDataDrivenTest.java:86)
]]></failure>
    <system-out><![CDATA[10:23:28.393 [CreateStudentsDataDrivenTest-1-thread-13] ERROR n.t.c.steps.ConsoleLoggingListener - 
           __  _____ _____ ____ _____   _____ _    ___ _     _____ ____  
  _       / / |_   _| ____/ ___|_   _| |  ___/ \  |_ _| |   | ____|  _ \ 
 (_)_____| |    | | |  _| \___ \ | |   | |_ / _ \  | || |   |  _| | | | |
  _|_____| |    | | | |___ ___) || |   |  _/ ___ \ | || |___| |___| |_| |
 (_)     | |    |_| |_____|____/ |_|   |_|/_/   \_\___|_____|_____|____/ 
          \_\                                                            

TEST FAILED: DataDriven Test for adding multiple students to the Student App
--------------------------------------------------------------------------
10:23:28.393 [CreateStudentsDataDrivenTest-1-thread-13] DEBUG n.t.c.steps.ConsoleLoggingListener - RELATED ISSUES: 
10:23:28.393 [CreateStudentsDataDrivenTest-1-thread-13] ERROR n.t.c.steps.ConsoleLoggingListener - 1 expectation failed.Expected status code <201> but was <500>.
10:23:28.394 [CreateStudentsDataDrivenTest-1-thread-15] DEBUG n.t.core.steps.StepInterceptor - STEP DONE: Creating student with firstName:{0}, lastName:{1}, email:{2}, programme{3}, courses:{4}
]]></system-out>
  </testcase>
  <testcase name="createMultipleStudents[67]" classname="com.studentapp.junit.CreateStudentsDataDrivenTest" time="0.004">
    <failure message="1 expectation failed.&#10;Expected status code &lt;201&gt; but was &lt;500&gt;.&#10;" type="java.lang.AssertionError"><![CDATA[java.lang.AssertionError: 
1 expectation failed.
Expected status code <201> but was <500>.

	at com.studentapp.junit.CreateStudentsDataDrivenTest.createMultipleStudents(CreateStudentsDataDrivenTest.java:86)
]]></failure>
    <system-out><![CDATA[10:23:28.396 [CreateStudentsDataDrivenTest-1-thread-15] ERROR n.t.c.steps.ConsoleLoggingListener - 
           __  _____ _____ ____ _____   _____ _    ___ _     _____ ____  
  _       / / |_   _| ____/ ___|_   _| |  ___/ \  |_ _| |   | ____|  _ \ 
 (_)_____| |    | | |  _| \___ \ | |   | |_ / _ \  | || |   |  _| | | | |
  _|_____| |    | | | |___ ___) || |   |  _/ ___ \ | || |___| |___| |_| |
 (_)     | |    |_| |_____|____/ |_|   |_|/_/   \_\___|_____|_____|____/ 
          \_\                                                            

TEST FAILED: DataDriven Test for adding multiple students to the Student App
--------------------------------------------------------------------------
10:23:28.396 [CreateStudentsDataDrivenTest-1-thread-15] DEBUG n.t.c.steps.ConsoleLoggingListener - RELATED ISSUES: 
10:23:28.396 [CreateStudentsDataDrivenTest-1-thread-15] ERROR n.t.c.steps.ConsoleLoggingListener - 1 expectation failed.Expected status code <201> but was <500>.
10:23:28.398 [CreateStudentsDataDrivenTest-1-thread-13] DEBUG n.thucydides.core.steps.StepEventBus - Test suite started for class com.studentapp.junit.CreateStudentsDataDrivenTest
10:23:28.398 [CreateStudentsDataDrivenTest-1-thread-13] INFO  n.t.c.steps.ConsoleLoggingListener - Test Suite Started: Create students data driven test
10:23:28.398 [CreateStudentsDataDrivenTest-1-thread-13] INFO  n.t.c.steps.ConsoleLoggingListener - 
 _____ _____ ____ _____   ____ _____  _    ____ _____ _____ ____  
|_   _| ____/ ___|_   _| / ___|_   _|/ \  |  _ \_   _| ____|  _ \ 
  | | |  _| \___ \ | |   \___ \ | | / _ \ | |_) || | |  _| | | | |
  | | | |___ ___) || |    ___) || |/ ___ \|  _ < | | | |___| |_| |
  |_| |_____|____/ |_|   |____/ |_/_/   \_\_| \_\|_| |_____|____/ 
                                                                  

TEST STARTED: createMultipleStudents[80]
-------------------------------------------------------------------
10:23:28.398 [CreateStudentsDataDrivenTest-1-thread-13] INFO  net.serenitybdd.core.Serenity - TEST NUMBER: 81
10:23:28.399 [CreateStudentsDataDrivenTest-1-thread-13] DEBUG n.t.core.steps.StepInterceptor - STARTING STEP: CreateStudentsDataDrivenTest.createMultipleStudents - Creating student with firstName:{0}, lastName:{1}, email:{2}, programme{3}, courses:{4}
10:23:28.400 [CreateStudentsDataDrivenTest-1-thread-15] DEBUG n.thucydides.core.steps.StepEventBus - Test suite started for class com.studentapp.junit.CreateStudentsDataDrivenTest
10:23:28.401 [CreateStudentsDataDrivenTest-1-thread-15] INFO  n.t.c.steps.ConsoleLoggingListener - Test Suite Started: Create students data driven test
10:23:28.401 [CreateStudentsDataDrivenTest-1-thread-15] INFO  n.t.c.steps.ConsoleLoggingListener - 
 _____ _____ ____ _____   ____ _____  _    ____ _____ _____ ____  
|_   _| ____/ ___|_   _| / ___|_   _|/ \  |  _ \_   _| ____|  _ \ 
  | | |  _| \___ \ | |   \___ \ | | / _ \ | |_) || | |  _| | | | |
  | | | |___ ___) || |    ___) || |/ ___ \|  _ < | | | |___| |_| |
  |_| |_____|____/ |_|   |____/ |_/_/   \_\_| \_\|_| |_____|____/ 
                                                                  

TEST STARTED: createMultipleStudents[81]
-------------------------------------------------------------------
10:23:28.401 [CreateStudentsDataDrivenTest-1-thread-15] INFO  net.serenitybdd.core.Serenity - TEST NUMBER: 82
10:23:28.402 [CreateStudentsDataDrivenTest-1-thread-15] DEBUG n.t.core.steps.StepInterceptor - STARTING STEP: CreateStudentsDataDrivenTest.createMultipleStudents - Creating student with firstName:{0}, lastName:{1}, email:{2}, programme{3}, courses:{4}
10:23:28.484 [CreateStudentsDataDrivenTest-1-thread-14] DEBUG n.t.core.steps.StepInterceptor - STEP DONE: Creating student with firstName:{0}, lastName:{1}, email:{2}, programme{3}, courses:{4}
]]></system-out>
  </testcase>
  <testcase name="createMultipleStudents[68]" classname="com.studentapp.junit.CreateStudentsDataDrivenTest" time="0.013">
    <failure message="1 expectation failed.&#10;Expected status code &lt;201&gt; but was &lt;500&gt;.&#10;" type="java.lang.AssertionError"><![CDATA[java.lang.AssertionError: 
1 expectation failed.
Expected status code <201> but was <500>.

	at com.studentapp.junit.CreateStudentsDataDrivenTest.createMultipleStudents(CreateStudentsDataDrivenTest.java:86)
]]></failure>
    <system-out><![CDATA[10:23:28.486 [CreateStudentsDataDrivenTest-1-thread-12] DEBUG n.t.core.steps.StepInterceptor - STEP DONE: Creating student with firstName:{0}, lastName:{1}, email:{2}, programme{3}, courses:{4}
10:23:28.487 [CreateStudentsDataDrivenTest-1-thread-14] ERROR n.t.c.steps.ConsoleLoggingListener - 
           __  _____ _____ ____ _____   _____ _    ___ _     _____ ____  
  _       / / |_   _| ____/ ___|_   _| |  ___/ \  |_ _| |   | ____|  _ \ 
 (_)_____| |    | | |  _| \___ \ | |   | |_ / _ \  | || |   |  _| | | | |
  _|_____| |    | | | |___ ___) || |   |  _/ ___ \ | || |___| |___| |_| |
 (_)     | |    |_| |_____|____/ |_|   |_|/_/   \_\___|_____|_____|____/ 
          \_\                                                            

TEST FAILED: DataDriven Test for adding multiple students to the Student App
--------------------------------------------------------------------------
10:23:28.487 [CreateStudentsDataDrivenTest-1-thread-14] DEBUG n.t.c.steps.ConsoleLoggingListener - RELATED ISSUES: 
10:23:28.487 [CreateStudentsDataDrivenTest-1-thread-14] ERROR n.t.c.steps.ConsoleLoggingListener - 1 expectation failed.Expected status code <201> but was <500>.
]]></system-out>
  </testcase>
  <testcase name="createMultipleStudents[66]" classname="com.studentapp.junit.CreateStudentsDataDrivenTest" time="0.009">
    <failure message="1 expectation failed.&#10;Expected status code &lt;201&gt; but was &lt;500&gt;.&#10;" type="java.lang.AssertionError"><![CDATA[java.lang.AssertionError: 
1 expectation failed.
Expected status code <201> but was <500>.

	at com.studentapp.junit.CreateStudentsDataDrivenTest.createMultipleStudents(CreateStudentsDataDrivenTest.java:86)
]]></failure>
    <system-out><![CDATA[10:23:28.490 [CreateStudentsDataDrivenTest-1-thread-12] ERROR n.t.c.steps.ConsoleLoggingListener - 
           __  _____ _____ ____ _____   _____ _    ___ _     _____ ____  
  _       / / |_   _| ____/ ___|_   _| |  ___/ \  |_ _| |   | ____|  _ \ 
 (_)_____| |    | | |  _| \___ \ | |   | |_ / _ \  | || |   |  _| | | | |
  _|_____| |    | | | |___ ___) || |   |  _/ ___ \ | || |___| |___| |_| |
 (_)     | |    |_| |_____|____/ |_|   |_|/_/   \_\___|_____|_____|____/ 
          \_\                                                            

TEST FAILED: DataDriven Test for adding multiple students to the Student App
--------------------------------------------------------------------------
10:23:28.491 [CreateStudentsDataDrivenTest-1-thread-12] DEBUG n.t.c.steps.ConsoleLoggingListener - RELATED ISSUES: 
10:23:28.491 [CreateStudentsDataDrivenTest-1-thread-12] ERROR n.t.c.steps.ConsoleLoggingListener - 1 expectation failed.Expected status code <201> but was <500>.
10:23:28.492 [CreateStudentsDataDrivenTest-1-thread-14] DEBUG n.thucydides.core.steps.StepEventBus - Test suite started for class com.studentapp.junit.CreateStudentsDataDrivenTest
10:23:28.492 [CreateStudentsDataDrivenTest-1-thread-14] INFO  n.t.c.steps.ConsoleLoggingListener - Test Suite Started: Create students data driven test
10:23:28.493 [CreateStudentsDataDrivenTest-1-thread-14] INFO  n.t.c.steps.ConsoleLoggingListener - 
 _____ _____ ____ _____   ____ _____  _    ____ _____ _____ ____  
|_   _| ____/ ___|_   _| / ___|_   _|/ \  |  _ \_   _| ____|  _ \ 
  | | |  _| \___ \ | |   \___ \ | | / _ \ | |_) || | |  _| | | | |
  | | | |___ ___) || |    ___) || |/ ___ \|  _ < | | | |___| |_| |
  |_| |_____|____/ |_|   |____/ |_/_/   \_\_| \_\|_| |_____|____/ 
                                                                  

TEST STARTED: createMultipleStudents[82]
-------------------------------------------------------------------
10:23:28.493 [CreateStudentsDataDrivenTest-1-thread-14] INFO  net.serenitybdd.core.Serenity - TEST NUMBER: 83
10:23:28.494 [CreateStudentsDataDrivenTest-1-thread-14] DEBUG n.t.core.steps.StepInterceptor - STARTING STEP: CreateStudentsDataDrivenTest.createMultipleStudents - Creating student with firstName:{0}, lastName:{1}, email:{2}, programme{3}, courses:{4}
10:23:28.499 [CreateStudentsDataDrivenTest-1-thread-12] DEBUG n.thucydides.core.steps.StepEventBus - Test suite started for class com.studentapp.junit.CreateStudentsDataDrivenTest
10:23:28.499 [CreateStudentsDataDrivenTest-1-thread-12] INFO  n.t.c.steps.ConsoleLoggingListener - Test Suite Started: Create students data driven test
10:23:28.499 [CreateStudentsDataDrivenTest-1-thread-12] INFO  n.t.c.steps.ConsoleLoggingListener - 
 _____ _____ ____ _____   ____ _____  _    ____ _____ _____ ____  
|_   _| ____/ ___|_   _| / ___|_   _|/ \  |  _ \_   _| ____|  _ \ 
  | | |  _| \___ \ | |   \___ \ | | / _ \ | |_) || | |  _| | | | |
  | | | |___ ___) || |    ___) || |/ ___ \|  _ < | | | |___| |_| |
  |_| |_____|____/ |_|   |____/ |_/_/   \_\_| \_\|_| |_____|____/ 
                                                                  

TEST STARTED: createMultipleStudents[83]
-------------------------------------------------------------------
10:23:28.499 [CreateStudentsDataDrivenTest-1-thread-12] INFO  net.serenitybdd.core.Serenity - TEST NUMBER: 84
10:23:28.501 [CreateStudentsDataDrivenTest-1-thread-12] DEBUG n.t.core.steps.StepInterceptor - STARTING STEP: CreateStudentsDataDrivenTest.createMultipleStudents - Creating student with firstName:{0}, lastName:{1}, email:{2}, programme{3}, courses:{4}
10:23:28.527 [CreateStudentsDataDrivenTest-1-thread-10] DEBUG n.t.core.steps.StepInterceptor - STEP DONE: Creating student with firstName:{0}, lastName:{1}, email:{2}, programme{3}, courses:{4}
]]></system-out>
  </testcase>
  <testcase name="createMultipleStudents[69]" classname="com.studentapp.junit.CreateStudentsDataDrivenTest" time="0.005">
    <failure message="1 expectation failed.&#10;Expected status code &lt;201&gt; but was &lt;500&gt;.&#10;" type="java.lang.AssertionError"><![CDATA[java.lang.AssertionError: 
1 expectation failed.
Expected status code <201> but was <500>.

	at com.studentapp.junit.CreateStudentsDataDrivenTest.createMultipleStudents(CreateStudentsDataDrivenTest.java:86)
]]></failure>
    <system-out><![CDATA[10:23:28.530 [CreateStudentsDataDrivenTest-1-thread-10] ERROR n.t.c.steps.ConsoleLoggingListener - 
           __  _____ _____ ____ _____   _____ _    ___ _     _____ ____  
  _       / / |_   _| ____/ ___|_   _| |  ___/ \  |_ _| |   | ____|  _ \ 
 (_)_____| |    | | |  _| \___ \ | |   | |_ / _ \  | || |   |  _| | | | |
  _|_____| |    | | | |___ ___) || |   |  _/ ___ \ | || |___| |___| |_| |
 (_)     | |    |_| |_____|____/ |_|   |_|/_/   \_\___|_____|_____|____/ 
          \_\                                                            

TEST FAILED: DataDriven Test for adding multiple students to the Student App
--------------------------------------------------------------------------
10:23:28.531 [CreateStudentsDataDrivenTest-1-thread-10] DEBUG n.t.c.steps.ConsoleLoggingListener - RELATED ISSUES: 
10:23:28.531 [CreateStudentsDataDrivenTest-1-thread-10] ERROR n.t.c.steps.ConsoleLoggingListener - 1 expectation failed.Expected status code <201> but was <500>.
10:23:28.545 [CreateStudentsDataDrivenTest-1-thread-10] DEBUG n.thucydides.core.steps.StepEventBus - Test suite started for class com.studentapp.junit.CreateStudentsDataDrivenTest
10:23:28.545 [CreateStudentsDataDrivenTest-1-thread-10] INFO  n.t.c.steps.ConsoleLoggingListener - Test Suite Started: Create students data driven test
10:23:28.546 [CreateStudentsDataDrivenTest-1-thread-10] INFO  n.t.c.steps.ConsoleLoggingListener - 
 _____ _____ ____ _____   ____ _____  _    ____ _____ _____ ____  
|_   _| ____/ ___|_   _| / ___|_   _|/ \  |  _ \_   _| ____|  _ \ 
  | | |  _| \___ \ | |   \___ \ | | / _ \ | |_) || | |  _| | | | |
  | | | |___ ___) || |    ___) || |/ ___ \|  _ < | | | |___| |_| |
  |_| |_____|____/ |_|   |____/ |_/_/   \_\_| \_\|_| |_____|____/ 
                                                                  

TEST STARTED: createMultipleStudents[84]
-------------------------------------------------------------------
10:23:28.546 [CreateStudentsDataDrivenTest-1-thread-10] INFO  net.serenitybdd.core.Serenity - TEST NUMBER: 85
10:23:28.550 [CreateStudentsDataDrivenTest-1-thread-10] DEBUG n.t.core.steps.StepInterceptor - STARTING STEP: CreateStudentsDataDrivenTest.createMultipleStudents - Creating student with firstName:{0}, lastName:{1}, email:{2}, programme{3}, courses:{4}
10:23:28.557 [CreateStudentsDataDrivenTest-1-thread-16] DEBUG n.t.core.steps.StepInterceptor - STEP DONE: Creating student with firstName:{0}, lastName:{1}, email:{2}, programme{3}, courses:{4}
]]></system-out>
  </testcase>
  <testcase name="createMultipleStudents[70]" classname="com.studentapp.junit.CreateStudentsDataDrivenTest" time="0.004">
    <failure message="1 expectation failed.&#10;Expected status code &lt;201&gt; but was &lt;500&gt;.&#10;" type="java.lang.AssertionError"><![CDATA[java.lang.AssertionError: 
1 expectation failed.
Expected status code <201> but was <500>.

	at com.studentapp.junit.CreateStudentsDataDrivenTest.createMultipleStudents(CreateStudentsDataDrivenTest.java:86)
]]></failure>
    <system-out><![CDATA[10:23:28.560 [CreateStudentsDataDrivenTest-1-thread-16] ERROR n.t.c.steps.ConsoleLoggingListener - 
           __  _____ _____ ____ _____   _____ _    ___ _     _____ ____  
  _       / / |_   _| ____/ ___|_   _| |  ___/ \  |_ _| |   | ____|  _ \ 
 (_)_____| |    | | |  _| \___ \ | |   | |_ / _ \  | || |   |  _| | | | |
  _|_____| |    | | | |___ ___) || |   |  _/ ___ \ | || |___| |___| |_| |
 (_)     | |    |_| |_____|____/ |_|   |_|/_/   \_\___|_____|_____|____/ 
          \_\                                                            

TEST FAILED: DataDriven Test for adding multiple students to the Student App
--------------------------------------------------------------------------
10:23:28.561 [CreateStudentsDataDrivenTest-1-thread-16] DEBUG n.t.c.steps.ConsoleLoggingListener - RELATED ISSUES: 
10:23:28.561 [CreateStudentsDataDrivenTest-1-thread-16] ERROR n.t.c.steps.ConsoleLoggingListener - 1 expectation failed.Expected status code <201> but was <500>.
10:23:28.573 [CreateStudentsDataDrivenTest-1-thread-16] DEBUG n.thucydides.core.steps.StepEventBus - Test suite started for class com.studentapp.junit.CreateStudentsDataDrivenTest
10:23:28.574 [CreateStudentsDataDrivenTest-1-thread-16] INFO  n.t.c.steps.ConsoleLoggingListener - Test Suite Started: Create students data driven test
10:23:28.574 [CreateStudentsDataDrivenTest-1-thread-16] INFO  n.t.c.steps.ConsoleLoggingListener - 
 _____ _____ ____ _____   ____ _____  _    ____ _____ _____ ____  
|_   _| ____/ ___|_   _| / ___|_   _|/ \  |  _ \_   _| ____|  _ \ 
  | | |  _| \___ \ | |   \___ \ | | / _ \ | |_) || | |  _| | | | |
  | | | |___ ___) || |    ___) || |/ ___ \|  _ < | | | |___| |_| |
  |_| |_____|____/ |_|   |____/ |_/_/   \_\_| \_\|_| |_____|____/ 
                                                                  

TEST STARTED: createMultipleStudents[85]
-------------------------------------------------------------------
10:23:28.574 [CreateStudentsDataDrivenTest-1-thread-16] INFO  net.serenitybdd.core.Serenity - TEST NUMBER: 86
10:23:28.580 [CreateStudentsDataDrivenTest-1-thread-16] DEBUG n.t.core.steps.StepInterceptor - STARTING STEP: CreateStudentsDataDrivenTest.createMultipleStudents - Creating student with firstName:{0}, lastName:{1}, email:{2}, programme{3}, courses:{4}
10:23:28.610 [CreateStudentsDataDrivenTest-1-thread-6] DEBUG n.t.core.steps.StepInterceptor - STEP DONE: Creating student with firstName:{0}, lastName:{1}, email:{2}, programme{3}, courses:{4}
]]></system-out>
  </testcase>
  <testcase name="createMultipleStudents[71]" classname="com.studentapp.junit.CreateStudentsDataDrivenTest" time="0.004">
    <failure message="1 expectation failed.&#10;Expected status code &lt;201&gt; but was &lt;500&gt;.&#10;" type="java.lang.AssertionError"><![CDATA[java.lang.AssertionError: 
1 expectation failed.
Expected status code <201> but was <500>.

	at com.studentapp.junit.CreateStudentsDataDrivenTest.createMultipleStudents(CreateStudentsDataDrivenTest.java:86)
]]></failure>
    <system-out><![CDATA[10:23:28.613 [CreateStudentsDataDrivenTest-1-thread-6] ERROR n.t.c.steps.ConsoleLoggingListener - 
           __  _____ _____ ____ _____   _____ _    ___ _     _____ ____  
  _       / / |_   _| ____/ ___|_   _| |  ___/ \  |_ _| |   | ____|  _ \ 
 (_)_____| |    | | |  _| \___ \ | |   | |_ / _ \  | || |   |  _| | | | |
  _|_____| |    | | | |___ ___) || |   |  _/ ___ \ | || |___| |___| |_| |
 (_)     | |    |_| |_____|____/ |_|   |_|/_/   \_\___|_____|_____|____/ 
          \_\                                                            

TEST FAILED: DataDriven Test for adding multiple students to the Student App
--------------------------------------------------------------------------
10:23:28.613 [CreateStudentsDataDrivenTest-1-thread-6] DEBUG n.t.c.steps.ConsoleLoggingListener - RELATED ISSUES: 
10:23:28.614 [CreateStudentsDataDrivenTest-1-thread-6] ERROR n.t.c.steps.ConsoleLoggingListener - 1 expectation failed.Expected status code <201> but was <500>.
10:23:28.618 [CreateStudentsDataDrivenTest-1-thread-6] DEBUG n.thucydides.core.steps.StepEventBus - Test suite started for class com.studentapp.junit.CreateStudentsDataDrivenTest
10:23:28.618 [CreateStudentsDataDrivenTest-1-thread-6] INFO  n.t.c.steps.ConsoleLoggingListener - Test Suite Started: Create students data driven test
10:23:28.619 [CreateStudentsDataDrivenTest-1-thread-6] INFO  n.t.c.steps.ConsoleLoggingListener - 
 _____ _____ ____ _____   ____ _____  _    ____ _____ _____ ____  
|_   _| ____/ ___|_   _| / ___|_   _|/ \  |  _ \_   _| ____|  _ \ 
  | | |  _| \___ \ | |   \___ \ | | / _ \ | |_) || | |  _| | | | |
  | | | |___ ___) || |    ___) || |/ ___ \|  _ < | | | |___| |_| |
  |_| |_____|____/ |_|   |____/ |_/_/   \_\_| \_\|_| |_____|____/ 
                                                                  

TEST STARTED: createMultipleStudents[86]
-------------------------------------------------------------------
10:23:28.619 [CreateStudentsDataDrivenTest-1-thread-6] INFO  net.serenitybdd.core.Serenity - TEST NUMBER: 87
10:23:28.620 [CreateStudentsDataDrivenTest-1-thread-6] DEBUG n.t.core.steps.StepInterceptor - STARTING STEP: CreateStudentsDataDrivenTest.createMultipleStudents - Creating student with firstName:{0}, lastName:{1}, email:{2}, programme{3}, courses:{4}
10:23:28.631 [CreateStudentsDataDrivenTest-1-thread-1] DEBUG n.t.core.steps.StepInterceptor - STEP DONE: Creating student with firstName:{0}, lastName:{1}, email:{2}, programme{3}, courses:{4}
]]></system-out>
  </testcase>
  <testcase name="createMultipleStudents[72]" classname="com.studentapp.junit.CreateStudentsDataDrivenTest" time="0.006">
    <failure message="1 expectation failed.&#10;Expected status code &lt;201&gt; but was &lt;500&gt;.&#10;" type="java.lang.AssertionError"><![CDATA[java.lang.AssertionError: 
1 expectation failed.
Expected status code <201> but was <500>.

	at com.studentapp.junit.CreateStudentsDataDrivenTest.createMultipleStudents(CreateStudentsDataDrivenTest.java:86)
]]></failure>
    <system-out><![CDATA[10:23:28.634 [CreateStudentsDataDrivenTest-1-thread-1] ERROR n.t.c.steps.ConsoleLoggingListener - 
           __  _____ _____ ____ _____   _____ _    ___ _     _____ ____  
  _       / / |_   _| ____/ ___|_   _| |  ___/ \  |_ _| |   | ____|  _ \ 
 (_)_____| |    | | |  _| \___ \ | |   | |_ / _ \  | || |   |  _| | | | |
  _|_____| |    | | | |___ ___) || |   |  _/ ___ \ | || |___| |___| |_| |
 (_)     | |    |_| |_____|____/ |_|   |_|/_/   \_\___|_____|_____|____/ 
          \_\                                                            

TEST FAILED: DataDriven Test for adding multiple students to the Student App
--------------------------------------------------------------------------
10:23:28.634 [CreateStudentsDataDrivenTest-1-thread-1] DEBUG n.t.c.steps.ConsoleLoggingListener - RELATED ISSUES: 
10:23:28.634 [CreateStudentsDataDrivenTest-1-thread-1] ERROR n.t.c.steps.ConsoleLoggingListener - 1 expectation failed.Expected status code <201> but was <500>.
10:23:28.637 [CreateStudentsDataDrivenTest-1-thread-1] DEBUG n.thucydides.core.steps.StepEventBus - Test suite started for class com.studentapp.junit.CreateStudentsDataDrivenTest
10:23:28.638 [CreateStudentsDataDrivenTest-1-thread-1] INFO  n.t.c.steps.ConsoleLoggingListener - Test Suite Started: Create students data driven test
10:23:28.638 [CreateStudentsDataDrivenTest-1-thread-1] INFO  n.t.c.steps.ConsoleLoggingListener - 
 _____ _____ ____ _____   ____ _____  _    ____ _____ _____ ____  
|_   _| ____/ ___|_   _| / ___|_   _|/ \  |  _ \_   _| ____|  _ \ 
  | | |  _| \___ \ | |   \___ \ | | / _ \ | |_) || | |  _| | | | |
  | | | |___ ___) || |    ___) || |/ ___ \|  _ < | | | |___| |_| |
  |_| |_____|____/ |_|   |____/ |_/_/   \_\_| \_\|_| |_____|____/ 
                                                                  

TEST STARTED: createMultipleStudents[87]
-------------------------------------------------------------------
10:23:28.638 [CreateStudentsDataDrivenTest-1-thread-1] INFO  net.serenitybdd.core.Serenity - TEST NUMBER: 88
10:23:28.640 [CreateStudentsDataDrivenTest-1-thread-1] DEBUG n.t.core.steps.StepInterceptor - STARTING STEP: CreateStudentsDataDrivenTest.createMultipleStudents - Creating student with firstName:{0}, lastName:{1}, email:{2}, programme{3}, courses:{4}
10:23:28.643 [CreateStudentsDataDrivenTest-1-thread-11] DEBUG n.t.core.steps.StepInterceptor - STEP DONE: Creating student with firstName:{0}, lastName:{1}, email:{2}, programme{3}, courses:{4}
]]></system-out>
  </testcase>
  <testcase name="createMultipleStudents[73]" classname="com.studentapp.junit.CreateStudentsDataDrivenTest" time="0.005">
    <failure message="1 expectation failed.&#10;Expected status code &lt;201&gt; but was &lt;500&gt;.&#10;" type="java.lang.AssertionError"><![CDATA[java.lang.AssertionError: 
1 expectation failed.
Expected status code <201> but was <500>.

	at com.studentapp.junit.CreateStudentsDataDrivenTest.createMultipleStudents(CreateStudentsDataDrivenTest.java:86)
]]></failure>
    <system-out><![CDATA[10:23:28.645 [CreateStudentsDataDrivenTest-1-thread-11] ERROR n.t.c.steps.ConsoleLoggingListener - 
           __  _____ _____ ____ _____   _____ _    ___ _     _____ ____  
  _       / / |_   _| ____/ ___|_   _| |  ___/ \  |_ _| |   | ____|  _ \ 
 (_)_____| |    | | |  _| \___ \ | |   | |_ / _ \  | || |   |  _| | | | |
  _|_____| |    | | | |___ ___) || |   |  _/ ___ \ | || |___| |___| |_| |
 (_)     | |    |_| |_____|____/ |_|   |_|/_/   \_\___|_____|_____|____/ 
          \_\                                                            

TEST FAILED: DataDriven Test for adding multiple students to the Student App
--------------------------------------------------------------------------
10:23:28.645 [CreateStudentsDataDrivenTest-1-thread-11] DEBUG n.t.c.steps.ConsoleLoggingListener - RELATED ISSUES: 
10:23:28.645 [CreateStudentsDataDrivenTest-1-thread-11] ERROR n.t.c.steps.ConsoleLoggingListener - 1 expectation failed.Expected status code <201> but was <500>.
10:23:28.649 [CreateStudentsDataDrivenTest-1-thread-11] DEBUG n.thucydides.core.steps.StepEventBus - Test suite started for class com.studentapp.junit.CreateStudentsDataDrivenTest
10:23:28.649 [CreateStudentsDataDrivenTest-1-thread-11] INFO  n.t.c.steps.ConsoleLoggingListener - Test Suite Started: Create students data driven test
10:23:28.650 [CreateStudentsDataDrivenTest-1-thread-11] INFO  n.t.c.steps.ConsoleLoggingListener - 
 _____ _____ ____ _____   ____ _____  _    ____ _____ _____ ____  
|_   _| ____/ ___|_   _| / ___|_   _|/ \  |  _ \_   _| ____|  _ \ 
  | | |  _| \___ \ | |   \___ \ | | / _ \ | |_) || | |  _| | | | |
  | | | |___ ___) || |    ___) || |/ ___ \|  _ < | | | |___| |_| |
  |_| |_____|____/ |_|   |____/ |_/_/   \_\_| \_\|_| |_____|____/ 
                                                                  

TEST STARTED: createMultipleStudents[88]
-------------------------------------------------------------------
10:23:28.650 [CreateStudentsDataDrivenTest-1-thread-11] INFO  net.serenitybdd.core.Serenity - TEST NUMBER: 89
10:23:28.651 [CreateStudentsDataDrivenTest-1-thread-11] DEBUG n.t.core.steps.StepInterceptor - STARTING STEP: CreateStudentsDataDrivenTest.createMultipleStudents - Creating student with firstName:{0}, lastName:{1}, email:{2}, programme{3}, courses:{4}
10:23:28.659 [CreateStudentsDataDrivenTest-1-thread-4] DEBUG n.t.core.steps.StepInterceptor - STEP DONE: Creating student with firstName:{0}, lastName:{1}, email:{2}, programme{3}, courses:{4}
]]></system-out>
  </testcase>
  <testcase name="createMultipleStudents[74]" classname="com.studentapp.junit.CreateStudentsDataDrivenTest" time="0.005">
    <failure message="1 expectation failed.&#10;Expected status code &lt;201&gt; but was &lt;500&gt;.&#10;" type="java.lang.AssertionError"><![CDATA[java.lang.AssertionError: 
1 expectation failed.
Expected status code <201> but was <500>.

	at com.studentapp.junit.CreateStudentsDataDrivenTest.createMultipleStudents(CreateStudentsDataDrivenTest.java:86)
]]></failure>
    <system-out><![CDATA[10:23:28.662 [CreateStudentsDataDrivenTest-1-thread-4] ERROR n.t.c.steps.ConsoleLoggingListener - 
           __  _____ _____ ____ _____   _____ _    ___ _     _____ ____  
  _       / / |_   _| ____/ ___|_   _| |  ___/ \  |_ _| |   | ____|  _ \ 
 (_)_____| |    | | |  _| \___ \ | |   | |_ / _ \  | || |   |  _| | | | |
  _|_____| |    | | | |___ ___) || |   |  _/ ___ \ | || |___| |___| |_| |
 (_)     | |    |_| |_____|____/ |_|   |_|/_/   \_\___|_____|_____|____/ 
          \_\                                                            

TEST FAILED: DataDriven Test for adding multiple students to the Student App
--------------------------------------------------------------------------
10:23:28.662 [CreateStudentsDataDrivenTest-1-thread-4] DEBUG n.t.c.steps.ConsoleLoggingListener - RELATED ISSUES: 
10:23:28.662 [CreateStudentsDataDrivenTest-1-thread-4] ERROR n.t.c.steps.ConsoleLoggingListener - 1 expectation failed.Expected status code <201> but was <500>.
10:23:28.667 [CreateStudentsDataDrivenTest-1-thread-4] DEBUG n.thucydides.core.steps.StepEventBus - Test suite started for class com.studentapp.junit.CreateStudentsDataDrivenTest
10:23:28.667 [CreateStudentsDataDrivenTest-1-thread-4] INFO  n.t.c.steps.ConsoleLoggingListener - Test Suite Started: Create students data driven test
10:23:28.668 [CreateStudentsDataDrivenTest-1-thread-4] INFO  n.t.c.steps.ConsoleLoggingListener - 
 _____ _____ ____ _____   ____ _____  _    ____ _____ _____ ____  
|_   _| ____/ ___|_   _| / ___|_   _|/ \  |  _ \_   _| ____|  _ \ 
  | | |  _| \___ \ | |   \___ \ | | / _ \ | |_) || | |  _| | | | |
  | | | |___ ___) || |    ___) || |/ ___ \|  _ < | | | |___| |_| |
  |_| |_____|____/ |_|   |____/ |_/_/   \_\_| \_\|_| |_____|____/ 
                                                                  

TEST STARTED: createMultipleStudents[89]
-------------------------------------------------------------------
10:23:28.668 [CreateStudentsDataDrivenTest-1-thread-4] INFO  net.serenitybdd.core.Serenity - TEST NUMBER: 90
10:23:28.669 [CreateStudentsDataDrivenTest-1-thread-4] DEBUG n.t.core.steps.StepInterceptor - STARTING STEP: CreateStudentsDataDrivenTest.createMultipleStudents - Creating student with firstName:{0}, lastName:{1}, email:{2}, programme{3}, courses:{4}
10:23:28.724 [CreateStudentsDataDrivenTest-1-thread-5] DEBUG n.t.core.steps.StepInterceptor - STEP DONE: Creating student with firstName:{0}, lastName:{1}, email:{2}, programme{3}, courses:{4}
]]></system-out>
  </testcase>
  <testcase name="createMultipleStudents[75]" classname="com.studentapp.junit.CreateStudentsDataDrivenTest" time="0.009">
    <failure message="1 expectation failed.&#10;Expected status code &lt;201&gt; but was &lt;500&gt;.&#10;" type="java.lang.AssertionError"><![CDATA[java.lang.AssertionError: 
1 expectation failed.
Expected status code <201> but was <500>.

	at com.studentapp.junit.CreateStudentsDataDrivenTest.createMultipleStudents(CreateStudentsDataDrivenTest.java:86)
]]></failure>
    <system-out><![CDATA[10:23:28.727 [CreateStudentsDataDrivenTest-1-thread-5] ERROR n.t.c.steps.ConsoleLoggingListener - 
           __  _____ _____ ____ _____   _____ _    ___ _     _____ ____  
  _       / / |_   _| ____/ ___|_   _| |  ___/ \  |_ _| |   | ____|  _ \ 
 (_)_____| |    | | |  _| \___ \ | |   | |_ / _ \  | || |   |  _| | | | |
  _|_____| |    | | | |___ ___) || |   |  _/ ___ \ | || |___| |___| |_| |
 (_)     | |    |_| |_____|____/ |_|   |_|/_/   \_\___|_____|_____|____/ 
          \_\                                                            

TEST FAILED: DataDriven Test for adding multiple students to the Student App
--------------------------------------------------------------------------
10:23:28.727 [CreateStudentsDataDrivenTest-1-thread-5] DEBUG n.t.c.steps.ConsoleLoggingListener - RELATED ISSUES: 
10:23:28.728 [CreateStudentsDataDrivenTest-1-thread-5] ERROR n.t.c.steps.ConsoleLoggingListener - 1 expectation failed.Expected status code <201> but was <500>.
10:23:28.729 [CreateStudentsDataDrivenTest-1-thread-8] DEBUG n.t.core.steps.StepInterceptor - STEP DONE: Creating student with firstName:{0}, lastName:{1}, email:{2}, programme{3}, courses:{4}
]]></system-out>
  </testcase>
  <testcase name="createMultipleStudents[77]" classname="com.studentapp.junit.CreateStudentsDataDrivenTest" time="0.005">
    <failure message="1 expectation failed.&#10;Expected status code &lt;201&gt; but was &lt;500&gt;.&#10;" type="java.lang.AssertionError"><![CDATA[java.lang.AssertionError: 
1 expectation failed.
Expected status code <201> but was <500>.

	at com.studentapp.junit.CreateStudentsDataDrivenTest.createMultipleStudents(CreateStudentsDataDrivenTest.java:86)
]]></failure>
    <system-out><![CDATA[10:23:28.731 [CreateStudentsDataDrivenTest-1-thread-5] DEBUG n.thucydides.core.steps.StepEventBus - Test suite started for class com.studentapp.junit.CreateStudentsDataDrivenTest
10:23:28.731 [CreateStudentsDataDrivenTest-1-thread-5] INFO  n.t.c.steps.ConsoleLoggingListener - Test Suite Started: Create students data driven test
10:23:28.732 [CreateStudentsDataDrivenTest-1-thread-5] INFO  n.t.c.steps.ConsoleLoggingListener - 
 _____ _____ ____ _____   ____ _____  _    ____ _____ _____ ____  
|_   _| ____/ ___|_   _| / ___|_   _|/ \  |  _ \_   _| ____|  _ \ 
  | | |  _| \___ \ | |   \___ \ | | / _ \ | |_) || | |  _| | | | |
  | | | |___ ___) || |    ___) || |/ ___ \|  _ < | | | |___| |_| |
  |_| |_____|____/ |_|   |____/ |_/_/   \_\_| \_\|_| |_____|____/ 
                                                                  

TEST STARTED: createMultipleStudents[90]
-------------------------------------------------------------------
10:23:28.732 [CreateStudentsDataDrivenTest-1-thread-5] INFO  net.serenitybdd.core.Serenity - TEST NUMBER: 91
10:23:28.733 [CreateStudentsDataDrivenTest-1-thread-5] DEBUG n.t.core.steps.StepInterceptor - STARTING STEP: CreateStudentsDataDrivenTest.createMultipleStudents - Creating student with firstName:{0}, lastName:{1}, email:{2}, programme{3}, courses:{4}
10:23:28.733 [CreateStudentsDataDrivenTest-1-thread-8] ERROR n.t.c.steps.ConsoleLoggingListener - 
           __  _____ _____ ____ _____   _____ _    ___ _     _____ ____  
  _       / / |_   _| ____/ ___|_   _| |  ___/ \  |_ _| |   | ____|  _ \ 
 (_)_____| |    | | |  _| \___ \ | |   | |_ / _ \  | || |   |  _| | | | |
  _|_____| |    | | | |___ ___) || |   |  _/ ___ \ | || |___| |___| |_| |
 (_)     | |    |_| |_____|____/ |_|   |_|/_/   \_\___|_____|_____|____/ 
          \_\                                                            

TEST FAILED: DataDriven Test for adding multiple students to the Student App
--------------------------------------------------------------------------
10:23:28.733 [CreateStudentsDataDrivenTest-1-thread-8] DEBUG n.t.c.steps.ConsoleLoggingListener - RELATED ISSUES: 
10:23:28.733 [CreateStudentsDataDrivenTest-1-thread-8] ERROR n.t.c.steps.ConsoleLoggingListener - 1 expectation failed.Expected status code <201> but was <500>.
10:23:28.737 [CreateStudentsDataDrivenTest-1-thread-8] DEBUG n.thucydides.core.steps.StepEventBus - Test suite started for class com.studentapp.junit.CreateStudentsDataDrivenTest
10:23:28.737 [CreateStudentsDataDrivenTest-1-thread-8] INFO  n.t.c.steps.ConsoleLoggingListener - Test Suite Started: Create students data driven test
10:23:28.738 [CreateStudentsDataDrivenTest-1-thread-8] INFO  n.t.c.steps.ConsoleLoggingListener - 
 _____ _____ ____ _____   ____ _____  _    ____ _____ _____ ____  
|_   _| ____/ ___|_   _| / ___|_   _|/ \  |  _ \_   _| ____|  _ \ 
  | | |  _| \___ \ | |   \___ \ | | / _ \ | |_) || | |  _| | | | |
  | | | |___ ___) || |    ___) || |/ ___ \|  _ < | | | |___| |_| |
  |_| |_____|____/ |_|   |____/ |_/_/   \_\_| \_\|_| |_____|____/ 
                                                                  

TEST STARTED: createMultipleStudents[91]
-------------------------------------------------------------------
10:23:28.738 [CreateStudentsDataDrivenTest-1-thread-8] INFO  net.serenitybdd.core.Serenity - TEST NUMBER: 92
10:23:28.740 [CreateStudentsDataDrivenTest-1-thread-8] DEBUG n.t.core.steps.StepInterceptor - STARTING STEP: CreateStudentsDataDrivenTest.createMultipleStudents - Creating student with firstName:{0}, lastName:{1}, email:{2}, programme{3}, courses:{4}
10:23:28.806 [CreateStudentsDataDrivenTest-1-thread-9] DEBUG n.t.core.steps.StepInterceptor - STEP DONE: Creating student with firstName:{0}, lastName:{1}, email:{2}, programme{3}, courses:{4}
]]></system-out>
  </testcase>
  <testcase name="createMultipleStudents[79]" classname="com.studentapp.junit.CreateStudentsDataDrivenTest" time="0.006">
    <failure message="1 expectation failed.&#10;Expected status code &lt;201&gt; but was &lt;500&gt;.&#10;" type="java.lang.AssertionError"><![CDATA[java.lang.AssertionError: 
1 expectation failed.
Expected status code <201> but was <500>.

	at com.studentapp.junit.CreateStudentsDataDrivenTest.createMultipleStudents(CreateStudentsDataDrivenTest.java:86)
]]></failure>
    <system-out><![CDATA[10:23:28.809 [CreateStudentsDataDrivenTest-1-thread-9] ERROR n.t.c.steps.ConsoleLoggingListener - 
           __  _____ _____ ____ _____   _____ _    ___ _     _____ ____  
  _       / / |_   _| ____/ ___|_   _| |  ___/ \  |_ _| |   | ____|  _ \ 
 (_)_____| |    | | |  _| \___ \ | |   | |_ / _ \  | || |   |  _| | | | |
  _|_____| |    | | | |___ ___) || |   |  _/ ___ \ | || |___| |___| |_| |
 (_)     | |    |_| |_____|____/ |_|   |_|/_/   \_\___|_____|_____|____/ 
          \_\                                                            

TEST FAILED: DataDriven Test for adding multiple students to the Student App
--------------------------------------------------------------------------
10:23:28.809 [CreateStudentsDataDrivenTest-1-thread-9] DEBUG n.t.c.steps.ConsoleLoggingListener - RELATED ISSUES: 
10:23:28.809 [CreateStudentsDataDrivenTest-1-thread-9] ERROR n.t.c.steps.ConsoleLoggingListener - 1 expectation failed.Expected status code <201> but was <500>.
10:23:28.813 [CreateStudentsDataDrivenTest-1-thread-9] DEBUG n.thucydides.core.steps.StepEventBus - Test suite started for class com.studentapp.junit.CreateStudentsDataDrivenTest
10:23:28.813 [CreateStudentsDataDrivenTest-1-thread-9] INFO  n.t.c.steps.ConsoleLoggingListener - Test Suite Started: Create students data driven test
10:23:28.813 [CreateStudentsDataDrivenTest-1-thread-9] INFO  n.t.c.steps.ConsoleLoggingListener - 
 _____ _____ ____ _____   ____ _____  _    ____ _____ _____ ____  
|_   _| ____/ ___|_   _| / ___|_   _|/ \  |  _ \_   _| ____|  _ \ 
  | | |  _| \___ \ | |   \___ \ | | / _ \ | |_) || | |  _| | | | |
  | | | |___ ___) || |    ___) || |/ ___ \|  _ < | | | |___| |_| |
  |_| |_____|____/ |_|   |____/ |_/_/   \_\_| \_\|_| |_____|____/ 
                                                                  

TEST STARTED: createMultipleStudents[92]
-------------------------------------------------------------------
10:23:28.813 [CreateStudentsDataDrivenTest-1-thread-9] INFO  net.serenitybdd.core.Serenity - TEST NUMBER: 93
10:23:28.815 [CreateStudentsDataDrivenTest-1-thread-9] DEBUG n.t.core.steps.StepInterceptor - STARTING STEP: CreateStudentsDataDrivenTest.createMultipleStudents - Creating student with firstName:{0}, lastName:{1}, email:{2}, programme{3}, courses:{4}
10:23:28.827 [CreateStudentsDataDrivenTest-1-thread-3] DEBUG n.t.core.steps.StepInterceptor - STEP DONE: Creating student with firstName:{0}, lastName:{1}, email:{2}, programme{3}, courses:{4}
]]></system-out>
  </testcase>
  <testcase name="createMultipleStudents[78]" classname="com.studentapp.junit.CreateStudentsDataDrivenTest" time="0.005">
    <failure message="1 expectation failed.&#10;Expected status code &lt;201&gt; but was &lt;500&gt;.&#10;" type="java.lang.AssertionError"><![CDATA[java.lang.AssertionError: 
1 expectation failed.
Expected status code <201> but was <500>.

	at com.studentapp.junit.CreateStudentsDataDrivenTest.createMultipleStudents(CreateStudentsDataDrivenTest.java:86)
]]></failure>
    <system-out><![CDATA[10:23:28.829 [CreateStudentsDataDrivenTest-1-thread-3] ERROR n.t.c.steps.ConsoleLoggingListener - 
           __  _____ _____ ____ _____   _____ _    ___ _     _____ ____  
  _       / / |_   _| ____/ ___|_   _| |  ___/ \  |_ _| |   | ____|  _ \ 
 (_)_____| |    | | |  _| \___ \ | |   | |_ / _ \  | || |   |  _| | | | |
  _|_____| |    | | | |___ ___) || |   |  _/ ___ \ | || |___| |___| |_| |
 (_)     | |    |_| |_____|____/ |_|   |_|/_/   \_\___|_____|_____|____/ 
          \_\                                                            

TEST FAILED: DataDriven Test for adding multiple students to the Student App
--------------------------------------------------------------------------
10:23:28.830 [CreateStudentsDataDrivenTest-1-thread-3] DEBUG n.t.c.steps.ConsoleLoggingListener - RELATED ISSUES: 
10:23:28.830 [CreateStudentsDataDrivenTest-1-thread-3] ERROR n.t.c.steps.ConsoleLoggingListener - 1 expectation failed.Expected status code <201> but was <500>.
10:23:28.835 [CreateStudentsDataDrivenTest-1-thread-3] DEBUG n.thucydides.core.steps.StepEventBus - Test suite started for class com.studentapp.junit.CreateStudentsDataDrivenTest
10:23:28.835 [CreateStudentsDataDrivenTest-1-thread-3] INFO  n.t.c.steps.ConsoleLoggingListener - Test Suite Started: Create students data driven test
10:23:28.835 [CreateStudentsDataDrivenTest-1-thread-3] INFO  n.t.c.steps.ConsoleLoggingListener - 
 _____ _____ ____ _____   ____ _____  _    ____ _____ _____ ____  
|_   _| ____/ ___|_   _| / ___|_   _|/ \  |  _ \_   _| ____|  _ \ 
  | | |  _| \___ \ | |   \___ \ | | / _ \ | |_) || | |  _| | | | |
  | | | |___ ___) || |    ___) || |/ ___ \|  _ < | | | |___| |_| |
  |_| |_____|____/ |_|   |____/ |_/_/   \_\_| \_\|_| |_____|____/ 
                                                                  

TEST STARTED: createMultipleStudents[93]
-------------------------------------------------------------------
10:23:28.835 [CreateStudentsDataDrivenTest-1-thread-3] INFO  net.serenitybdd.core.Serenity - TEST NUMBER: 94
10:23:28.836 [CreateStudentsDataDrivenTest-1-thread-3] DEBUG n.t.core.steps.StepInterceptor - STARTING STEP: CreateStudentsDataDrivenTest.createMultipleStudents - Creating student with firstName:{0}, lastName:{1}, email:{2}, programme{3}, courses:{4}
10:23:28.842 [CreateStudentsDataDrivenTest-1-thread-2] DEBUG n.t.core.steps.StepInterceptor - STEP DONE: Creating student with firstName:{0}, lastName:{1}, email:{2}, programme{3}, courses:{4}
]]></system-out>
  </testcase>
  <testcase name="createMultipleStudents[76]" classname="com.studentapp.junit.CreateStudentsDataDrivenTest" time="0.006">
    <failure message="1 expectation failed.&#10;Expected status code &lt;201&gt; but was &lt;500&gt;.&#10;" type="java.lang.AssertionError"><![CDATA[java.lang.AssertionError: 
1 expectation failed.
Expected status code <201> but was <500>.

	at com.studentapp.junit.CreateStudentsDataDrivenTest.createMultipleStudents(CreateStudentsDataDrivenTest.java:86)
]]></failure>
    <system-out><![CDATA[10:23:28.845 [CreateStudentsDataDrivenTest-1-thread-2] ERROR n.t.c.steps.ConsoleLoggingListener - 
           __  _____ _____ ____ _____   _____ _    ___ _     _____ ____  
  _       / / |_   _| ____/ ___|_   _| |  ___/ \  |_ _| |   | ____|  _ \ 
 (_)_____| |    | | |  _| \___ \ | |   | |_ / _ \  | || |   |  _| | | | |
  _|_____| |    | | | |___ ___) || |   |  _/ ___ \ | || |___| |___| |_| |
 (_)     | |    |_| |_____|____/ |_|   |_|/_/   \_\___|_____|_____|____/ 
          \_\                                                            

TEST FAILED: DataDriven Test for adding multiple students to the Student App
--------------------------------------------------------------------------
10:23:28.845 [CreateStudentsDataDrivenTest-1-thread-2] DEBUG n.t.c.steps.ConsoleLoggingListener - RELATED ISSUES: 
10:23:28.845 [CreateStudentsDataDrivenTest-1-thread-2] ERROR n.t.c.steps.ConsoleLoggingListener - 1 expectation failed.Expected status code <201> but was <500>.
10:23:28.849 [CreateStudentsDataDrivenTest-1-thread-2] DEBUG n.thucydides.core.steps.StepEventBus - Test suite started for class com.studentapp.junit.CreateStudentsDataDrivenTest
10:23:28.849 [CreateStudentsDataDrivenTest-1-thread-2] INFO  n.t.c.steps.ConsoleLoggingListener - Test Suite Started: Create students data driven test
10:23:28.849 [CreateStudentsDataDrivenTest-1-thread-2] INFO  n.t.c.steps.ConsoleLoggingListener - 
 _____ _____ ____ _____   ____ _____  _    ____ _____ _____ ____  
|_   _| ____/ ___|_   _| / ___|_   _|/ \  |  _ \_   _| ____|  _ \ 
  | | |  _| \___ \ | |   \___ \ | | / _ \ | |_) || | |  _| | | | |
  | | | |___ ___) || |    ___) || |/ ___ \|  _ < | | | |___| |_| |
  |_| |_____|____/ |_|   |____/ |_/_/   \_\_| \_\|_| |_____|____/ 
                                                                  

TEST STARTED: createMultipleStudents[94]
-------------------------------------------------------------------
10:23:28.849 [CreateStudentsDataDrivenTest-1-thread-2] INFO  net.serenitybdd.core.Serenity - TEST NUMBER: 95
10:23:28.850 [CreateStudentsDataDrivenTest-1-thread-2] DEBUG n.t.core.steps.StepInterceptor - STARTING STEP: CreateStudentsDataDrivenTest.createMultipleStudents - Creating student with firstName:{0}, lastName:{1}, email:{2}, programme{3}, courses:{4}
10:23:28.861 [CreateStudentsDataDrivenTest-1-thread-7] DEBUG n.t.core.steps.StepInterceptor - STEP DONE: Creating student with firstName:{0}, lastName:{1}, email:{2}, programme{3}, courses:{4}
]]></system-out>
  </testcase>
  <testcase name="createMultipleStudents[80]" classname="com.studentapp.junit.CreateStudentsDataDrivenTest" time="0.006">
    <failure message="1 expectation failed.&#10;Expected status code &lt;201&gt; but was &lt;500&gt;.&#10;" type="java.lang.AssertionError"><![CDATA[java.lang.AssertionError: 
1 expectation failed.
Expected status code <201> but was <500>.

	at com.studentapp.junit.CreateStudentsDataDrivenTest.createMultipleStudents(CreateStudentsDataDrivenTest.java:86)
]]></failure>
    <system-out><![CDATA[10:23:28.865 [CreateStudentsDataDrivenTest-1-thread-7] ERROR n.t.c.steps.ConsoleLoggingListener - 
           __  _____ _____ ____ _____   _____ _    ___ _     _____ ____  
  _       / / |_   _| ____/ ___|_   _| |  ___/ \  |_ _| |   | ____|  _ \ 
 (_)_____| |    | | |  _| \___ \ | |   | |_ / _ \  | || |   |  _| | | | |
  _|_____| |    | | | |___ ___) || |   |  _/ ___ \ | || |___| |___| |_| |
 (_)     | |    |_| |_____|____/ |_|   |_|/_/   \_\___|_____|_____|____/ 
          \_\                                                            

TEST FAILED: DataDriven Test for adding multiple students to the Student App
--------------------------------------------------------------------------
10:23:28.865 [CreateStudentsDataDrivenTest-1-thread-7] DEBUG n.t.c.steps.ConsoleLoggingListener - RELATED ISSUES: 
10:23:28.865 [CreateStudentsDataDrivenTest-1-thread-7] ERROR n.t.c.steps.ConsoleLoggingListener - 1 expectation failed.Expected status code <201> but was <500>.
10:23:28.869 [CreateStudentsDataDrivenTest-1-thread-7] DEBUG n.thucydides.core.steps.StepEventBus - Test suite started for class com.studentapp.junit.CreateStudentsDataDrivenTest
10:23:28.870 [CreateStudentsDataDrivenTest-1-thread-7] INFO  n.t.c.steps.ConsoleLoggingListener - Test Suite Started: Create students data driven test
10:23:28.870 [CreateStudentsDataDrivenTest-1-thread-7] INFO  n.t.c.steps.ConsoleLoggingListener - 
 _____ _____ ____ _____   ____ _____  _    ____ _____ _____ ____  
|_   _| ____/ ___|_   _| / ___|_   _|/ \  |  _ \_   _| ____|  _ \ 
  | | |  _| \___ \ | |   \___ \ | | / _ \ | |_) || | |  _| | | | |
  | | | |___ ___) || |    ___) || |/ ___ \|  _ < | | | |___| |_| |
  |_| |_____|____/ |_|   |____/ |_/_/   \_\_| \_\|_| |_____|____/ 
                                                                  

TEST STARTED: createMultipleStudents[95]
-------------------------------------------------------------------
10:23:28.870 [CreateStudentsDataDrivenTest-1-thread-7] INFO  net.serenitybdd.core.Serenity - TEST NUMBER: 96
10:23:28.872 [CreateStudentsDataDrivenTest-1-thread-7] DEBUG n.t.core.steps.StepInterceptor - STARTING STEP: CreateStudentsDataDrivenTest.createMultipleStudents - Creating student with firstName:{0}, lastName:{1}, email:{2}, programme{3}, courses:{4}
10:23:28.888 [CreateStudentsDataDrivenTest-1-thread-13] DEBUG n.t.core.steps.StepInterceptor - STEP DONE: Creating student with firstName:{0}, lastName:{1}, email:{2}, programme{3}, courses:{4}
]]></system-out>
  </testcase>
  <testcase name="createMultipleStudents[81]" classname="com.studentapp.junit.CreateStudentsDataDrivenTest" time="0.006">
    <failure message="1 expectation failed.&#10;Expected status code &lt;201&gt; but was &lt;500&gt;.&#10;" type="java.lang.AssertionError"><![CDATA[java.lang.AssertionError: 
1 expectation failed.
Expected status code <201> but was <500>.

	at com.studentapp.junit.CreateStudentsDataDrivenTest.createMultipleStudents(CreateStudentsDataDrivenTest.java:86)
]]></failure>
    <system-out><![CDATA[10:23:28.891 [CreateStudentsDataDrivenTest-1-thread-13] ERROR n.t.c.steps.ConsoleLoggingListener - 
           __  _____ _____ ____ _____   _____ _    ___ _     _____ ____  
  _       / / |_   _| ____/ ___|_   _| |  ___/ \  |_ _| |   | ____|  _ \ 
 (_)_____| |    | | |  _| \___ \ | |   | |_ / _ \  | || |   |  _| | | | |
  _|_____| |    | | | |___ ___) || |   |  _/ ___ \ | || |___| |___| |_| |
 (_)     | |    |_| |_____|____/ |_|   |_|/_/   \_\___|_____|_____|____/ 
          \_\                                                            

TEST FAILED: DataDriven Test for adding multiple students to the Student App
--------------------------------------------------------------------------
10:23:28.891 [CreateStudentsDataDrivenTest-1-thread-13] DEBUG n.t.c.steps.ConsoleLoggingListener - RELATED ISSUES: 
10:23:28.891 [CreateStudentsDataDrivenTest-1-thread-13] ERROR n.t.c.steps.ConsoleLoggingListener - 1 expectation failed.Expected status code <201> but was <500>.
10:23:28.895 [CreateStudentsDataDrivenTest-1-thread-13] DEBUG n.thucydides.core.steps.StepEventBus - Test suite started for class com.studentapp.junit.CreateStudentsDataDrivenTest
10:23:28.895 [CreateStudentsDataDrivenTest-1-thread-13] INFO  n.t.c.steps.ConsoleLoggingListener - Test Suite Started: Create students data driven test
10:23:28.895 [CreateStudentsDataDrivenTest-1-thread-13] INFO  n.t.c.steps.ConsoleLoggingListener - 
 _____ _____ ____ _____   ____ _____  _    ____ _____ _____ ____  
|_   _| ____/ ___|_   _| / ___|_   _|/ \  |  _ \_   _| ____|  _ \ 
  | | |  _| \___ \ | |   \___ \ | | / _ \ | |_) || | |  _| | | | |
  | | | |___ ___) || |    ___) || |/ ___ \|  _ < | | | |___| |_| |
  |_| |_____|____/ |_|   |____/ |_/_/   \_\_| \_\|_| |_____|____/ 
                                                                  

TEST STARTED: createMultipleStudents[96]
-------------------------------------------------------------------
10:23:28.895 [CreateStudentsDataDrivenTest-1-thread-13] INFO  net.serenitybdd.core.Serenity - TEST NUMBER: 97
10:23:28.896 [CreateStudentsDataDrivenTest-1-thread-13] DEBUG n.t.core.steps.StepInterceptor - STARTING STEP: CreateStudentsDataDrivenTest.createMultipleStudents - Creating student with firstName:{0}, lastName:{1}, email:{2}, programme{3}, courses:{4}
10:23:28.912 [CreateStudentsDataDrivenTest-1-thread-15] DEBUG n.t.core.steps.StepInterceptor - STEP DONE: Creating student with firstName:{0}, lastName:{1}, email:{2}, programme{3}, courses:{4}
]]></system-out>
  </testcase>
  <testcase name="createMultipleStudents[82]" classname="com.studentapp.junit.CreateStudentsDataDrivenTest" time="0.004">
    <failure message="1 expectation failed.&#10;Expected status code &lt;201&gt; but was &lt;500&gt;.&#10;" type="java.lang.AssertionError"><![CDATA[java.lang.AssertionError: 
1 expectation failed.
Expected status code <201> but was <500>.

	at com.studentapp.junit.CreateStudentsDataDrivenTest.createMultipleStudents(CreateStudentsDataDrivenTest.java:86)
]]></failure>
    <system-out><![CDATA[10:23:28.915 [CreateStudentsDataDrivenTest-1-thread-15] ERROR n.t.c.steps.ConsoleLoggingListener - 
           __  _____ _____ ____ _____   _____ _    ___ _     _____ ____  
  _       / / |_   _| ____/ ___|_   _| |  ___/ \  |_ _| |   | ____|  _ \ 
 (_)_____| |    | | |  _| \___ \ | |   | |_ / _ \  | || |   |  _| | | | |
  _|_____| |    | | | |___ ___) || |   |  _/ ___ \ | || |___| |___| |_| |
 (_)     | |    |_| |_____|____/ |_|   |_|/_/   \_\___|_____|_____|____/ 
          \_\                                                            

TEST FAILED: DataDriven Test for adding multiple students to the Student App
--------------------------------------------------------------------------
10:23:28.916 [CreateStudentsDataDrivenTest-1-thread-15] DEBUG n.t.c.steps.ConsoleLoggingListener - RELATED ISSUES: 
10:23:28.916 [CreateStudentsDataDrivenTest-1-thread-15] ERROR n.t.c.steps.ConsoleLoggingListener - 1 expectation failed.Expected status code <201> but was <500>.
10:23:28.920 [CreateStudentsDataDrivenTest-1-thread-15] DEBUG n.thucydides.core.steps.StepEventBus - Test suite started for class com.studentapp.junit.CreateStudentsDataDrivenTest
10:23:28.920 [CreateStudentsDataDrivenTest-1-thread-15] INFO  n.t.c.steps.ConsoleLoggingListener - Test Suite Started: Create students data driven test
10:23:28.921 [CreateStudentsDataDrivenTest-1-thread-15] INFO  n.t.c.steps.ConsoleLoggingListener - 
 _____ _____ ____ _____   ____ _____  _    ____ _____ _____ ____  
|_   _| ____/ ___|_   _| / ___|_   _|/ \  |  _ \_   _| ____|  _ \ 
  | | |  _| \___ \ | |   \___ \ | | / _ \ | |_) || | |  _| | | | |
  | | | |___ ___) || |    ___) || |/ ___ \|  _ < | | | |___| |_| |
  |_| |_____|____/ |_|   |____/ |_/_/   \_\_| \_\|_| |_____|____/ 
                                                                  

TEST STARTED: createMultipleStudents[97]
-------------------------------------------------------------------
10:23:28.921 [CreateStudentsDataDrivenTest-1-thread-15] INFO  net.serenitybdd.core.Serenity - TEST NUMBER: 98
10:23:28.922 [CreateStudentsDataDrivenTest-1-thread-15] DEBUG n.t.core.steps.StepInterceptor - STARTING STEP: CreateStudentsDataDrivenTest.createMultipleStudents - Creating student with firstName:{0}, lastName:{1}, email:{2}, programme{3}, courses:{4}
10:23:28.926 [CreateStudentsDataDrivenTest-1-thread-14] DEBUG n.t.core.steps.StepInterceptor - STEP DONE: Creating student with firstName:{0}, lastName:{1}, email:{2}, programme{3}, courses:{4}
]]></system-out>
  </testcase>
  <testcase name="createMultipleStudents[83]" classname="com.studentapp.junit.CreateStudentsDataDrivenTest" time="0.006">
    <failure message="1 expectation failed.&#10;Expected status code &lt;201&gt; but was &lt;500&gt;.&#10;" type="java.lang.AssertionError"><![CDATA[java.lang.AssertionError: 
1 expectation failed.
Expected status code <201> but was <500>.

	at com.studentapp.junit.CreateStudentsDataDrivenTest.createMultipleStudents(CreateStudentsDataDrivenTest.java:86)
]]></failure>
    <system-out><![CDATA[10:23:28.929 [CreateStudentsDataDrivenTest-1-thread-14] ERROR n.t.c.steps.ConsoleLoggingListener - 
           __  _____ _____ ____ _____   _____ _    ___ _     _____ ____  
  _       / / |_   _| ____/ ___|_   _| |  ___/ \  |_ _| |   | ____|  _ \ 
 (_)_____| |    | | |  _| \___ \ | |   | |_ / _ \  | || |   |  _| | | | |
  _|_____| |    | | | |___ ___) || |   |  _/ ___ \ | || |___| |___| |_| |
 (_)     | |    |_| |_____|____/ |_|   |_|/_/   \_\___|_____|_____|____/ 
          \_\                                                            

TEST FAILED: DataDriven Test for adding multiple students to the Student App
--------------------------------------------------------------------------
10:23:28.929 [CreateStudentsDataDrivenTest-1-thread-14] DEBUG n.t.c.steps.ConsoleLoggingListener - RELATED ISSUES: 
10:23:28.929 [CreateStudentsDataDrivenTest-1-thread-14] ERROR n.t.c.steps.ConsoleLoggingListener - 1 expectation failed.Expected status code <201> but was <500>.
10:23:28.932 [CreateStudentsDataDrivenTest-1-thread-14] DEBUG n.thucydides.core.steps.StepEventBus - Test suite started for class com.studentapp.junit.CreateStudentsDataDrivenTest
10:23:28.933 [CreateStudentsDataDrivenTest-1-thread-14] INFO  n.t.c.steps.ConsoleLoggingListener - Test Suite Started: Create students data driven test
10:23:28.934 [CreateStudentsDataDrivenTest-1-thread-14] INFO  n.t.c.steps.ConsoleLoggingListener - 
 _____ _____ ____ _____   ____ _____  _    ____ _____ _____ ____  
|_   _| ____/ ___|_   _| / ___|_   _|/ \  |  _ \_   _| ____|  _ \ 
  | | |  _| \___ \ | |   \___ \ | | / _ \ | |_) || | |  _| | | | |
  | | | |___ ___) || |    ___) || |/ ___ \|  _ < | | | |___| |_| |
  |_| |_____|____/ |_|   |____/ |_/_/   \_\_| \_\|_| |_____|____/ 
                                                                  

TEST STARTED: createMultipleStudents[98]
-------------------------------------------------------------------
10:23:28.934 [CreateStudentsDataDrivenTest-1-thread-14] INFO  net.serenitybdd.core.Serenity - TEST NUMBER: 99
10:23:28.935 [CreateStudentsDataDrivenTest-1-thread-14] DEBUG n.t.core.steps.StepInterceptor - STARTING STEP: CreateStudentsDataDrivenTest.createMultipleStudents - Creating student with firstName:{0}, lastName:{1}, email:{2}, programme{3}, courses:{4}
10:23:28.955 [CreateStudentsDataDrivenTest-1-thread-12] DEBUG n.t.core.steps.StepInterceptor - STEP DONE: Creating student with firstName:{0}, lastName:{1}, email:{2}, programme{3}, courses:{4}
]]></system-out>
  </testcase>
  <testcase name="createMultipleStudents[84]" classname="com.studentapp.junit.CreateStudentsDataDrivenTest" time="0.01">
    <failure message="1 expectation failed.&#10;Expected status code &lt;201&gt; but was &lt;500&gt;.&#10;" type="java.lang.AssertionError"><![CDATA[java.lang.AssertionError: 
1 expectation failed.
Expected status code <201> but was <500>.

	at com.studentapp.junit.CreateStudentsDataDrivenTest.createMultipleStudents(CreateStudentsDataDrivenTest.java:86)
]]></failure>
    <system-out><![CDATA[10:23:28.958 [CreateStudentsDataDrivenTest-1-thread-12] ERROR n.t.c.steps.ConsoleLoggingListener - 
           __  _____ _____ ____ _____   _____ _    ___ _     _____ ____  
  _       / / |_   _| ____/ ___|_   _| |  ___/ \  |_ _| |   | ____|  _ \ 
 (_)_____| |    | | |  _| \___ \ | |   | |_ / _ \  | || |   |  _| | | | |
  _|_____| |    | | | |___ ___) || |   |  _/ ___ \ | || |___| |___| |_| |
 (_)     | |    |_| |_____|____/ |_|   |_|/_/   \_\___|_____|_____|____/ 
          \_\                                                            

TEST FAILED: DataDriven Test for adding multiple students to the Student App
--------------------------------------------------------------------------
10:23:28.958 [CreateStudentsDataDrivenTest-1-thread-10] DEBUG n.t.core.steps.StepInterceptor - STEP DONE: Creating student with firstName:{0}, lastName:{1}, email:{2}, programme{3}, courses:{4}
10:23:28.958 [CreateStudentsDataDrivenTest-1-thread-12] DEBUG n.t.c.steps.ConsoleLoggingListener - RELATED ISSUES: 
10:23:28.958 [CreateStudentsDataDrivenTest-1-thread-12] ERROR n.t.c.steps.ConsoleLoggingListener - 1 expectation failed.Expected status code <201> but was <500>.
]]></system-out>
  </testcase>
  <testcase name="createMultipleStudents[85]" classname="com.studentapp.junit.CreateStudentsDataDrivenTest" time="0.023">
    <failure message="1 expectation failed.&#10;Expected status code &lt;201&gt; but was &lt;500&gt;.&#10;" type="java.lang.AssertionError"><![CDATA[java.lang.AssertionError: 
1 expectation failed.
Expected status code <201> but was <500>.

	at com.studentapp.junit.CreateStudentsDataDrivenTest.createMultipleStudents(CreateStudentsDataDrivenTest.java:86)
]]></failure>
    <system-out><![CDATA[10:23:28.963 [CreateStudentsDataDrivenTest-1-thread-10] ERROR n.t.c.steps.ConsoleLoggingListener - 
           __  _____ _____ ____ _____   _____ _    ___ _     _____ ____  
  _       / / |_   _| ____/ ___|_   _| |  ___/ \  |_ _| |   | ____|  _ \ 
 (_)_____| |    | | |  _| \___ \ | |   | |_ / _ \  | || |   |  _| | | | |
  _|_____| |    | | | |___ ___) || |   |  _/ ___ \ | || |___| |___| |_| |
 (_)     | |    |_| |_____|____/ |_|   |_|/_/   \_\___|_____|_____|____/ 
          \_\                                                            

TEST FAILED: DataDriven Test for adding multiple students to the Student App
--------------------------------------------------------------------------
10:23:28.963 [CreateStudentsDataDrivenTest-1-thread-10] DEBUG n.t.c.steps.ConsoleLoggingListener - RELATED ISSUES: 
10:23:28.963 [CreateStudentsDataDrivenTest-1-thread-10] ERROR n.t.c.steps.ConsoleLoggingListener - 1 expectation failed.Expected status code <201> but was <500>.
10:23:29.042 [CreateStudentsDataDrivenTest-1-thread-13] DEBUG n.t.core.steps.StepInterceptor - STEP DONE: Creating student with firstName:{0}, lastName:{1}, email:{2}, programme{3}, courses:{4}
10:23:29.035 [CreateStudentsDataDrivenTest-1-thread-14] DEBUG n.t.core.steps.StepInterceptor - STEP DONE: Creating student with firstName:{0}, lastName:{1}, email:{2}, programme{3}, courses:{4}
10:23:29.033 [CreateStudentsDataDrivenTest-1-thread-2] DEBUG n.t.core.steps.StepInterceptor - STEP DONE: Creating student with firstName:{0}, lastName:{1}, email:{2}, programme{3}, courses:{4}
10:23:29.026 [CreateStudentsDataDrivenTest-1-thread-15] DEBUG n.t.core.steps.StepInterceptor - STEP DONE: Creating student with firstName:{0}, lastName:{1}, email:{2}, programme{3}, courses:{4}
10:23:29.019 [CreateStudentsDataDrivenTest-1-thread-7] DEBUG n.t.core.steps.StepInterceptor - STEP DONE: Creating student with firstName:{0}, lastName:{1}, email:{2}, programme{3}, courses:{4}
10:23:29.009 [CreateStudentsDataDrivenTest-1-thread-3] DEBUG n.t.core.steps.StepInterceptor - STEP DONE: Creating student with firstName:{0}, lastName:{1}, email:{2}, programme{3}, courses:{4}
10:23:29.007 [CreateStudentsDataDrivenTest-1-thread-9] DEBUG n.t.core.steps.StepInterceptor - STEP DONE: Creating student with firstName:{0}, lastName:{1}, email:{2}, programme{3}, courses:{4}
10:23:28.997 [CreateStudentsDataDrivenTest-1-thread-8] DEBUG n.t.core.steps.StepInterceptor - STEP DONE: Creating student with firstName:{0}, lastName:{1}, email:{2}, programme{3}, courses:{4}
10:23:28.995 [CreateStudentsDataDrivenTest-1-thread-5] DEBUG n.t.core.steps.StepInterceptor - STEP DONE: Creating student with firstName:{0}, lastName:{1}, email:{2}, programme{3}, courses:{4}
10:23:28.991 [CreateStudentsDataDrivenTest-1-thread-4] DEBUG n.t.core.steps.StepInterceptor - STEP DONE: Creating student with firstName:{0}, lastName:{1}, email:{2}, programme{3}, courses:{4}
10:23:28.981 [CreateStudentsDataDrivenTest-1-thread-11] DEBUG n.t.core.steps.StepInterceptor - STEP DONE: Creating student with firstName:{0}, lastName:{1}, email:{2}, programme{3}, courses:{4}
10:23:28.974 [CreateStudentsDataDrivenTest-1-thread-6] DEBUG n.t.core.steps.StepInterceptor - STEP DONE: Creating student with firstName:{0}, lastName:{1}, email:{2}, programme{3}, courses:{4}
10:23:28.974 [CreateStudentsDataDrivenTest-1-thread-1] DEBUG n.t.core.steps.StepInterceptor - STEP DONE: Creating student with firstName:{0}, lastName:{1}, email:{2}, programme{3}, courses:{4}
10:23:28.964 [CreateStudentsDataDrivenTest-1-thread-16] DEBUG n.t.core.steps.StepInterceptor - STEP DONE: Creating student with firstName:{0}, lastName:{1}, email:{2}, programme{3}, courses:{4}
]]></system-out>
  </testcase>
  <testcase name="createMultipleStudents[87]" classname="com.studentapp.junit.CreateStudentsDataDrivenTest" time="0.026">
    <failure message="1 expectation failed.&#10;Expected status code &lt;201&gt; but was &lt;500&gt;.&#10;" type="java.lang.AssertionError"><![CDATA[java.lang.AssertionError: 
1 expectation failed.
Expected status code <201> but was <500>.

	at com.studentapp.junit.CreateStudentsDataDrivenTest.createMultipleStudents(CreateStudentsDataDrivenTest.java:86)
]]></failure>
    <system-out><![CDATA[10:23:29.067 [CreateStudentsDataDrivenTest-1-thread-16] ERROR n.t.c.steps.ConsoleLoggingListener - 
           __  _____ _____ ____ _____   _____ _    ___ _     _____ ____  
  _       / / |_   _| ____/ ___|_   _| |  ___/ \  |_ _| |   | ____|  _ \ 
 (_)_____| |    | | |  _| \___ \ | |   | |_ / _ \  | || |   |  _| | | | |
  _|_____| |    | | | |___ ___) || |   |  _/ ___ \ | || |___| |___| |_| |
 (_)     | |    |_| |_____|____/ |_|   |_|/_/   \_\___|_____|_____|____/ 
          \_\                                                            

TEST FAILED: DataDriven Test for adding multiple students to the Student App
--------------------------------------------------------------------------
10:23:29.067 [CreateStudentsDataDrivenTest-1-thread-16] DEBUG n.t.c.steps.ConsoleLoggingListener - RELATED ISSUES: 
10:23:29.067 [CreateStudentsDataDrivenTest-1-thread-16] ERROR n.t.c.steps.ConsoleLoggingListener - 1 expectation failed.Expected status code <201> but was <500>.
]]></system-out>
  </testcase>
  <testcase name="createMultipleStudents[86]" classname="com.studentapp.junit.CreateStudentsDataDrivenTest" time="0.029">
    <failure message="1 expectation failed.&#10;Expected status code &lt;201&gt; but was &lt;500&gt;.&#10;" type="java.lang.AssertionError"><![CDATA[java.lang.AssertionError: 
1 expectation failed.
Expected status code <201> but was <500>.

	at com.studentapp.junit.CreateStudentsDataDrivenTest.createMultipleStudents(CreateStudentsDataDrivenTest.java:86)
]]></failure>
    <system-out><![CDATA[10:23:29.071 [CreateStudentsDataDrivenTest-1-thread-1] ERROR n.t.c.steps.ConsoleLoggingListener - 
           __  _____ _____ ____ _____   _____ _    ___ _     _____ ____  
  _       / / |_   _| ____/ ___|_   _| |  ___/ \  |_ _| |   | ____|  _ \ 
 (_)_____| |    | | |  _| \___ \ | |   | |_ / _ \  | || |   |  _| | | | |
  _|_____| |    | | | |___ ___) || |   |  _/ ___ \ | || |___| |___| |_| |
 (_)     | |    |_| |_____|____/ |_|   |_|/_/   \_\___|_____|_____|____/ 
          \_\                                                            

TEST FAILED: DataDriven Test for adding multiple students to the Student App
--------------------------------------------------------------------------
10:23:29.071 [CreateStudentsDataDrivenTest-1-thread-1] DEBUG n.t.c.steps.ConsoleLoggingListener - RELATED ISSUES: 
10:23:29.071 [CreateStudentsDataDrivenTest-1-thread-1] ERROR n.t.c.steps.ConsoleLoggingListener - 1 expectation failed.Expected status code <201> but was <500>.
]]></system-out>
  </testcase>
  <testcase name="createMultipleStudents[88]" classname="com.studentapp.junit.CreateStudentsDataDrivenTest" time="0.029">
    <failure message="1 expectation failed.&#10;Expected status code &lt;201&gt; but was &lt;500&gt;.&#10;" type="java.lang.AssertionError"><![CDATA[java.lang.AssertionError: 
1 expectation failed.
Expected status code <201> but was <500>.

	at com.studentapp.junit.CreateStudentsDataDrivenTest.createMultipleStudents(CreateStudentsDataDrivenTest.java:86)
]]></failure>
  </testcase>
  <testcase name="createMultipleStudents[89]" classname="com.studentapp.junit.CreateStudentsDataDrivenTest" time="0.033">
    <failure message="1 expectation failed.&#10;Expected status code &lt;201&gt; but was &lt;500&gt;.&#10;" type="java.lang.AssertionError"><![CDATA[java.lang.AssertionError: 
1 expectation failed.
Expected status code <201> but was <500>.

	at com.studentapp.junit.CreateStudentsDataDrivenTest.createMultipleStudents(CreateStudentsDataDrivenTest.java:86)
]]></failure>
    <system-out><![CDATA[10:23:29.076 [CreateStudentsDataDrivenTest-1-thread-11] ERROR n.t.c.steps.ConsoleLoggingListener - 
           __  _____ _____ ____ _____   _____ _    ___ _     _____ ____  
  _       / / |_   _| ____/ ___|_   _| |  ___/ \  |_ _| |   | ____|  _ \ 
 (_)_____| |    | | |  _| \___ \ | |   | |_ / _ \  | || |   |  _| | | | |
  _|_____| |    | | | |___ ___) || |   |  _/ ___ \ | || |___| |___| |_| |
 (_)     | |    |_| |_____|____/ |_|   |_|/_/   \_\___|_____|_____|____/ 
          \_\                                                            

TEST FAILED: DataDriven Test for adding multiple students to the Student App
--------------------------------------------------------------------------
10:23:29.076 [CreateStudentsDataDrivenTest-1-thread-11] DEBUG n.t.c.steps.ConsoleLoggingListener - RELATED ISSUES: 
10:23:29.076 [CreateStudentsDataDrivenTest-1-thread-11] ERROR n.t.c.steps.ConsoleLoggingListener - 1 expectation failed.Expected status code <201> but was <500>.
]]></system-out>
  </testcase>
  <testcase name="createMultipleStudents[90]" classname="com.studentapp.junit.CreateStudentsDataDrivenTest" time="0.036">
    <failure message="1 expectation failed.&#10;Expected status code &lt;201&gt; but was &lt;500&gt;.&#10;" type="java.lang.AssertionError"><![CDATA[java.lang.AssertionError: 
1 expectation failed.
Expected status code <201> but was <500>.

	at com.studentapp.junit.CreateStudentsDataDrivenTest.createMultipleStudents(CreateStudentsDataDrivenTest.java:86)
]]></failure>
    <system-out><![CDATA[10:23:29.079 [CreateStudentsDataDrivenTest-1-thread-4] ERROR n.t.c.steps.ConsoleLoggingListener - 
           __  _____ _____ ____ _____   _____ _    ___ _     _____ ____  
  _       / / |_   _| ____/ ___|_   _| |  ___/ \  |_ _| |   | ____|  _ \ 
 (_)_____| |    | | |  _| \___ \ | |   | |_ / _ \  | || |   |  _| | | | |
  _|_____| |    | | | |___ ___) || |   |  _/ ___ \ | || |___| |___| |_| |
 (_)     | |    |_| |_____|____/ |_|   |_|/_/   \_\___|_____|_____|____/ 
          \_\                                                            

TEST FAILED: DataDriven Test for adding multiple students to the Student App
--------------------------------------------------------------------------
10:23:29.080 [CreateStudentsDataDrivenTest-1-thread-4] DEBUG n.t.c.steps.ConsoleLoggingListener - RELATED ISSUES: 
10:23:29.080 [CreateStudentsDataDrivenTest-1-thread-4] ERROR n.t.c.steps.ConsoleLoggingListener - 1 expectation failed.Expected status code <201> but was <500>.
]]></system-out>
  </testcase>
  <testcase name="createMultipleStudents[91]" classname="com.studentapp.junit.CreateStudentsDataDrivenTest" time="0.04">
    <failure message="1 expectation failed.&#10;Expected status code &lt;201&gt; but was &lt;500&gt;.&#10;" type="java.lang.AssertionError"><![CDATA[java.lang.AssertionError: 
1 expectation failed.
Expected status code <201> but was <500>.

	at com.studentapp.junit.CreateStudentsDataDrivenTest.createMultipleStudents(CreateStudentsDataDrivenTest.java:86)
]]></failure>
    <system-out><![CDATA[10:23:29.085 [CreateStudentsDataDrivenTest-1-thread-5] ERROR n.t.c.steps.ConsoleLoggingListener - 
           __  _____ _____ ____ _____   _____ _    ___ _     _____ ____  
  _       / / |_   _| ____/ ___|_   _| |  ___/ \  |_ _| |   | ____|  _ \ 
 (_)_____| |    | | |  _| \___ \ | |   | |_ / _ \  | || |   |  _| | | | |
  _|_____| |    | | | |___ ___) || |   |  _/ ___ \ | || |___| |___| |_| |
 (_)     | |    |_| |_____|____/ |_|   |_|/_/   \_\___|_____|_____|____/ 
          \_\                                                            

TEST FAILED: DataDriven Test for adding multiple students to the Student App
--------------------------------------------------------------------------
10:23:29.085 [CreateStudentsDataDrivenTest-1-thread-5] DEBUG n.t.c.steps.ConsoleLoggingListener - RELATED ISSUES: 
10:23:29.085 [CreateStudentsDataDrivenTest-1-thread-5] ERROR n.t.c.steps.ConsoleLoggingListener - 1 expectation failed.Expected status code <201> but was <500>.
]]></system-out>
  </testcase>
  <testcase name="createMultipleStudents[92]" classname="com.studentapp.junit.CreateStudentsDataDrivenTest" time="0.04">
    <failure message="1 expectation failed.&#10;Expected status code &lt;201&gt; but was &lt;500&gt;.&#10;" type="java.lang.AssertionError"><![CDATA[java.lang.AssertionError: 
1 expectation failed.
Expected status code <201> but was <500>.

	at com.studentapp.junit.CreateStudentsDataDrivenTest.createMultipleStudents(CreateStudentsDataDrivenTest.java:86)
]]></failure>
  </testcase>
  <testcase name="createMultipleStudents[93]" classname="com.studentapp.junit.CreateStudentsDataDrivenTest" time="0.04">
    <failure message="1 expectation failed.&#10;Expected status code &lt;201&gt; but was &lt;500&gt;.&#10;" type="java.lang.AssertionError"><![CDATA[java.lang.AssertionError: 
1 expectation failed.
Expected status code <201> but was <500>.

	at com.studentapp.junit.CreateStudentsDataDrivenTest.createMultipleStudents(CreateStudentsDataDrivenTest.java:86)
]]></failure>
  </testcase>
  <testcase name="createMultipleStudents[97]" classname="com.studentapp.junit.CreateStudentsDataDrivenTest" time="0.04">
    <failure message="1 expectation failed.&#10;Expected status code &lt;201&gt; but was &lt;500&gt;.&#10;" type="java.lang.AssertionError"><![CDATA[java.lang.AssertionError: 
1 expectation failed.
Expected status code <201> but was <500>.

	at com.studentapp.junit.CreateStudentsDataDrivenTest.createMultipleStudents(CreateStudentsDataDrivenTest.java:86)
]]></failure>
  </testcase>
  <testcase name="createMultipleStudents[95]" classname="com.studentapp.junit.CreateStudentsDataDrivenTest" time="0.04">
    <failure message="1 expectation failed.&#10;Expected status code &lt;201&gt; but was &lt;500&gt;.&#10;" type="java.lang.AssertionError"><![CDATA[java.lang.AssertionError: 
1 expectation failed.
Expected status code <201> but was <500>.

	at com.studentapp.junit.CreateStudentsDataDrivenTest.createMultipleStudents(CreateStudentsDataDrivenTest.java:86)
]]></failure>
  </testcase>
  <testcase name="createMultipleStudents[94]" classname="com.studentapp.junit.CreateStudentsDataDrivenTest" time="0.04">
    <failure message="1 expectation failed.&#10;Expected status code &lt;201&gt; but was &lt;500&gt;.&#10;" type="java.lang.AssertionError"><![CDATA[java.lang.AssertionError: 
1 expectation failed.
Expected status code <201> but was <500>.

	at com.studentapp.junit.CreateStudentsDataDrivenTest.createMultipleStudents(CreateStudentsDataDrivenTest.java:86)
]]></failure>
  </testcase>
  <testcase name="createMultipleStudents[98]" classname="com.studentapp.junit.CreateStudentsDataDrivenTest" time="0.04">
    <failure message="1 expectation failed.&#10;Expected status code &lt;201&gt; but was &lt;500&gt;.&#10;" type="java.lang.AssertionError"><![CDATA[java.lang.AssertionError: 
1 expectation failed.
Expected status code <201> but was <500>.

	at com.studentapp.junit.CreateStudentsDataDrivenTest.createMultipleStudents(CreateStudentsDataDrivenTest.java:86)
]]></failure>
  </testcase>
  <testcase name="createMultipleStudents[96]" classname="com.studentapp.junit.CreateStudentsDataDrivenTest" time="0.04">
    <failure message="1 expectation failed.&#10;Expected status code &lt;201&gt; but was &lt;500&gt;.&#10;" type="java.lang.AssertionError"><![CDATA[java.lang.AssertionError: 
1 expectation failed.
Expected status code <201> but was <500>.

	at com.studentapp.junit.CreateStudentsDataDrivenTest.createMultipleStudents(CreateStudentsDataDrivenTest.java:86)
]]></failure>
  </testcase>
  <testcase name="createMultipleStudents[99]" classname="com.studentapp.junit.CreateStudentsDataDrivenTest" time="0.008">
    <failure message="1 expectation failed.&#10;Expected status code &lt;201&gt; but was &lt;500&gt;.&#10;" type="java.lang.AssertionError"><![CDATA[java.lang.AssertionError: 
1 expectation failed.
Expected status code <201> but was <500>.

	at com.studentapp.junit.CreateStudentsDataDrivenTest.createMultipleStudents(CreateStudentsDataDrivenTest.java:86)
]]></failure>
    <system-out><![CDATA[10:23:29.099 [CreateStudentsDataDrivenTest-1-thread-13] ERROR n.t.c.steps.ConsoleLoggingListener - 
           __  _____ _____ ____ _____   _____ _    ___ _     _____ ____  
  _       / / |_   _| ____/ ___|_   _| |  ___/ \  |_ _| |   | ____|  _ \ 
 (_)_____| |    | | |  _| \___ \ | |   | |_ / _ \  | || |   |  _| | | | |
  _|_____| |    | | | |___ ___) || |   |  _/ ___ \ | || |___| |___| |_| |
 (_)     | |    |_| |_____|____/ |_|   |_|/_/   \_\___|_____|_____|____/ 
          \_\                                                            

TEST FAILED: DataDriven Test for adding multiple students to the Student App
--------------------------------------------------------------------------
10:23:29.099 [CreateStudentsDataDrivenTest-1-thread-13] DEBUG n.t.c.steps.ConsoleLoggingListener - RELATED ISSUES: 
10:23:29.099 [CreateStudentsDataDrivenTest-1-thread-13] ERROR n.t.c.steps.ConsoleLoggingListener - 1 expectation failed.Expected status code <201> but was <500>.
10:23:29.101 [CreateStudentsDataDrivenTest-1-thread-14] ERROR n.t.c.steps.ConsoleLoggingListener - 
           __  _____ _____ ____ _____   _____ _    ___ _     _____ ____  
  _       / / |_   _| ____/ ___|_   _| |  ___/ \  |_ _| |   | ____|  _ \ 
 (_)_____| |    | | |  _| \___ \ | |   | |_ / _ \  | || |   |  _| | | | |
  _|_____| |    | | | |___ ___) || |   |  _/ ___ \ | || |___| |___| |_| |
 (_)     | |    |_| |_____|____/ |_|   |_|/_/   \_\___|_____|_____|____/ 
          \_\                                                            

TEST FAILED: DataDriven Test for adding multiple students to the Student App
--------------------------------------------------------------------------
10:23:29.102 [CreateStudentsDataDrivenTest-1-thread-14] DEBUG n.t.c.steps.ConsoleLoggingListener - RELATED ISSUES: 
10:23:29.102 [CreateStudentsDataDrivenTest-1-thread-14] ERROR n.t.c.steps.ConsoleLoggingListener - 1 expectation failed.Expected status code <201> but was <500>.
10:23:29.103 [CreateStudentsDataDrivenTest-1-thread-2] ERROR n.t.c.steps.ConsoleLoggingListener - 
           __  _____ _____ ____ _____   _____ _    ___ _     _____ ____  
  _       / / |_   _| ____/ ___|_   _| |  ___/ \  |_ _| |   | ____|  _ \ 
 (_)_____| |    | | |  _| \___ \ | |   | |_ / _ \  | || |   |  _| | | | |
  _|_____| |    | | | |___ ___) || |   |  _/ ___ \ | || |___| |___| |_| |
 (_)     | |    |_| |_____|____/ |_|   |_|/_/   \_\___|_____|_____|____/ 
          \_\                                                            

TEST FAILED: DataDriven Test for adding multiple students to the Student App
--------------------------------------------------------------------------
10:23:29.103 [CreateStudentsDataDrivenTest-1-thread-2] DEBUG n.t.c.steps.ConsoleLoggingListener - RELATED ISSUES: 
10:23:29.104 [CreateStudentsDataDrivenTest-1-thread-2] ERROR n.t.c.steps.ConsoleLoggingListener - 1 expectation failed.Expected status code <201> but was <500>.
10:23:29.105 [CreateStudentsDataDrivenTest-1-thread-7] ERROR n.t.c.steps.ConsoleLoggingListener - 
           __  _____ _____ ____ _____   _____ _    ___ _     _____ ____  
  _       / / |_   _| ____/ ___|_   _| |  ___/ \  |_ _| |   | ____|  _ \ 
 (_)_____| |    | | |  _| \___ \ | |   | |_ / _ \  | || |   |  _| | | | |
  _|_____| |    | | | |___ ___) || |   |  _/ ___ \ | || |___| |___| |_| |
 (_)     | |    |_| |_____|____/ |_|   |_|/_/   \_\___|_____|_____|____/ 
          \_\                                                            

TEST FAILED: DataDriven Test for adding multiple students to the Student App
--------------------------------------------------------------------------
10:23:29.105 [CreateStudentsDataDrivenTest-1-thread-7] DEBUG n.t.c.steps.ConsoleLoggingListener - RELATED ISSUES: 
10:23:29.105 [CreateStudentsDataDrivenTest-1-thread-7] ERROR n.t.c.steps.ConsoleLoggingListener - 1 expectation failed.Expected status code <201> but was <500>.
10:23:29.107 [CreateStudentsDataDrivenTest-1-thread-15] ERROR n.t.c.steps.ConsoleLoggingListener - 
           __  _____ _____ ____ _____   _____ _    ___ _     _____ ____  
  _       / / |_   _| ____/ ___|_   _| |  ___/ \  |_ _| |   | ____|  _ \ 
 (_)_____| |    | | |  _| \___ \ | |   | |_ / _ \  | || |   |  _| | | | |
  _|_____| |    | | | |___ ___) || |   |  _/ ___ \ | || |___| |___| |_| |
 (_)     | |    |_| |_____|____/ |_|   |_|/_/   \_\___|_____|_____|____/ 
          \_\                                                            

TEST FAILED: DataDriven Test for adding multiple students to the Student App
--------------------------------------------------------------------------
10:23:29.107 [CreateStudentsDataDrivenTest-1-thread-15] DEBUG n.t.c.steps.ConsoleLoggingListener - RELATED ISSUES: 
10:23:29.107 [CreateStudentsDataDrivenTest-1-thread-15] ERROR n.t.c.steps.ConsoleLoggingListener - 1 expectation failed.Expected status code <201> but was <500>.
10:23:29.108 [CreateStudentsDataDrivenTest-1-thread-3] ERROR n.t.c.steps.ConsoleLoggingListener - 
           __  _____ _____ ____ _____   _____ _    ___ _     _____ ____  
  _       / / |_   _| ____/ ___|_   _| |  ___/ \  |_ _| |   | ____|  _ \ 
 (_)_____| |    | | |  _| \___ \ | |   | |_ / _ \  | || |   |  _| | | | |
  _|_____| |    | | | |___ ___) || |   |  _/ ___ \ | || |___| |___| |_| |
 (_)     | |    |_| |_____|____/ |_|   |_|/_/   \_\___|_____|_____|____/ 
          \_\                                                            

TEST FAILED: DataDriven Test for adding multiple students to the Student App
--------------------------------------------------------------------------
10:23:29.109 [CreateStudentsDataDrivenTest-1-thread-3] DEBUG n.t.c.steps.ConsoleLoggingListener - RELATED ISSUES: 
10:23:29.109 [CreateStudentsDataDrivenTest-1-thread-3] ERROR n.t.c.steps.ConsoleLoggingListener - 1 expectation failed.Expected status code <201> but was <500>.
10:23:29.110 [CreateStudentsDataDrivenTest-1-thread-9] ERROR n.t.c.steps.ConsoleLoggingListener - 
           __  _____ _____ ____ _____   _____ _    ___ _     _____ ____  
  _       / / |_   _| ____/ ___|_   _| |  ___/ \  |_ _| |   | ____|  _ \ 
 (_)_____| |    | | |  _| \___ \ | |   | |_ / _ \  | || |   |  _| | | | |
  _|_____| |    | | | |___ ___) || |   |  _/ ___ \ | || |___| |___| |_| |
 (_)     | |    |_| |_____|____/ |_|   |_|/_/   \_\___|_____|_____|____/ 
          \_\                                                            

TEST FAILED: DataDriven Test for adding multiple students to the Student App
--------------------------------------------------------------------------
10:23:29.110 [CreateStudentsDataDrivenTest-1-thread-9] DEBUG n.t.c.steps.ConsoleLoggingListener - RELATED ISSUES: 
10:23:29.111 [CreateStudentsDataDrivenTest-1-thread-9] ERROR n.t.c.steps.ConsoleLoggingListener - 1 expectation failed.Expected status code <201> but was <500>.
10:23:29.112 [CreateStudentsDataDrivenTest-1-thread-8] ERROR n.t.c.steps.ConsoleLoggingListener - 
           __  _____ _____ ____ _____   _____ _    ___ _     _____ ____  
  _       / / |_   _| ____/ ___|_   _| |  ___/ \  |_ _| |   | ____|  _ \ 
 (_)_____| |    | | |  _| \___ \ | |   | |_ / _ \  | || |   |  _| | | | |
  _|_____| |    | | | |___ ___) || |   |  _/ ___ \ | || |___| |___| |_| |
 (_)     | |    |_| |_____|____/ |_|   |_|/_/   \_\___|_____|_____|____/ 
          \_\                                                            

TEST FAILED: DataDriven Test for adding multiple students to the Student App
--------------------------------------------------------------------------
10:23:29.112 [CreateStudentsDataDrivenTest-1-thread-8] DEBUG n.t.c.steps.ConsoleLoggingListener - RELATED ISSUES: 
10:23:29.112 [CreateStudentsDataDrivenTest-1-thread-8] ERROR n.t.c.steps.ConsoleLoggingListener - 1 expectation failed.Expected status code <201> but was <500>.
10:23:29.113 [CreateStudentsDataDrivenTest-1-thread-12] DEBUG n.thucydides.core.steps.StepEventBus - Test suite started for class com.studentapp.junit.CreateStudentsDataDrivenTest
10:23:29.114 [CreateStudentsDataDrivenTest-1-thread-12] INFO  n.t.c.steps.ConsoleLoggingListener - Test Suite Started: Create students data driven test
10:23:29.114 [CreateStudentsDataDrivenTest-1-thread-12] INFO  n.t.c.steps.ConsoleLoggingListener - 
 _____ _____ ____ _____   ____ _____  _    ____ _____ _____ ____  
|_   _| ____/ ___|_   _| / ___|_   _|/ \  |  _ \_   _| ____|  _ \ 
  | | |  _| \___ \ | |   \___ \ | | / _ \ | |_) || | |  _| | | | |
  | | | |___ ___) || |    ___) || |/ ___ \|  _ < | | | |___| |_| |
  |_| |_____|____/ |_|   |____/ |_/_/   \_\_| \_\|_| |_____|____/ 
                                                                  

TEST STARTED: createMultipleStudents[99]
-------------------------------------------------------------------
10:23:29.114 [CreateStudentsDataDrivenTest-1-thread-12] INFO  net.serenitybdd.core.Serenity - TEST NUMBER: 100
10:23:29.116 [CreateStudentsDataDrivenTest-1-thread-12] DEBUG n.t.core.steps.StepInterceptor - STARTING STEP: CreateStudentsDataDrivenTest.createMultipleStudents - Creating student with firstName:{0}, lastName:{1}, email:{2}, programme{3}, courses:{4}
10:23:29.117 [CreateStudentsDataDrivenTest-1-thread-6] ERROR n.t.c.steps.ConsoleLoggingListener - 
           __  _____ _____ ____ _____   _____ _    ___ _     _____ ____  
  _       / / |_   _| ____/ ___|_   _| |  ___/ \  |_ _| |   | ____|  _ \ 
 (_)_____| |    | | |  _| \___ \ | |   | |_ / _ \  | || |   |  _| | | | |
  _|_____| |    | | | |___ ___) || |   |  _/ ___ \ | || |___| |___| |_| |
 (_)     | |    |_| |_____|____/ |_|   |_|/_/   \_\___|_____|_____|____/ 
          \_\                                                            

TEST FAILED: DataDriven Test for adding multiple students to the Student App
--------------------------------------------------------------------------
10:23:29.117 [CreateStudentsDataDrivenTest-1-thread-6] DEBUG n.t.c.steps.ConsoleLoggingListener - RELATED ISSUES: 
10:23:29.118 [CreateStudentsDataDrivenTest-1-thread-6] ERROR n.t.c.steps.ConsoleLoggingListener - 1 expectation failed.Expected status code <201> but was <500>.
10:23:29.152 [CreateStudentsDataDrivenTest-1-thread-12] DEBUG n.t.core.steps.StepInterceptor - STEP DONE: Creating student with firstName:{0}, lastName:{1}, email:{2}, programme{3}, courses:{4}
]]></system-out>
  </testcase>
</testsuite>