<?xml version="1.0" encoding="UTF-8"?>
<testsuite xmlns:xsi="http://www.w3.org/2001/XMLSchema-instance" xsi:noNamespaceSchemaLocation="https://maven.apache.org/surefire/maven-failsafe-plugin/xsd/failsafe-test-report.xsd" name="com.studentapp.junit.FirstSerentiyTest" time="63.176" tests="7" errors="2" skipped="3" failures="1">
  <properties>
    <property name="sun.desktop" value="windows"/>
    <property name="awt.toolkit" value="sun.awt.windows.WToolkit"/>
    <property name="file.encoding.pkg" value="sun.io"/>
    <property name="java.specification.version" value="1.8"/>
    <property name="sun.cpu.isalist" value="amd64"/>
    <property name="sun.jnu.encoding" value="Cp1252"/>
    <property name="java.class.path" value="C:\Users\m1027514\Desktop\SerenityTestProject\StudentApp\target\test-classes;C:\Users\m1027514\Desktop\SerenityTestProject\StudentApp\target\StudentApp-0.0.1-SNAPSHOT.jar;C:\Users\m1027514\.m2\repository\ch\qos\logback\logback-classic\1.0.13\logback-classic-1.0.13.jar;C:\Users\m1027514\.m2\repository\ch\qos\logback\logback-core\1.0.13\logback-core-1.0.13.jar;C:\Users\m1027514\.m2\repository\org\slf4j\slf4j-api\1.7.5\slf4j-api-1.7.5.jar;C:\Users\m1027514\.m2\repository\net\serenity-bdd\serenity-rest-assured\2.0.40\serenity-rest-assured-2.0.40.jar;C:\Users\m1027514\.m2\repository\net\bytebuddy\byte-buddy\1.9.6\byte-buddy-1.9.6.jar;C:\Users\m1027514\.m2\repository\net\bytebuddy\byte-buddy-agent\1.9.6\byte-buddy-agent-1.9.6.jar;C:\Users\m1027514\.m2\repository\com\google\guava\guava\25.0-jre\guava-25.0-jre.jar;C:\Users\m1027514\.m2\repository\com\google\code\findbugs\jsr305\1.3.9\jsr305-1.3.9.jar;C:\Users\m1027514\.m2\repository\org\checkerframework\checker-compat-qual\2.0.0\checker-compat-qual-2.0.0.jar;C:\Users\m1027514\.m2\repository\com\google\errorprone\error_prone_annotations\2.1.3\error_prone_annotations-2.1.3.jar;C:\Users\m1027514\.m2\repository\com\google\j2objc\j2objc-annotations\1.1\j2objc-annotations-1.1.jar;C:\Users\m1027514\.m2\repository\org\codehaus\mojo\animal-sniffer-annotations\1.14\animal-sniffer-annotations-1.14.jar;C:\Users\m1027514\.m2\repository\com\google\inject\guice\4.2.2\guice-4.2.2.jar;C:\Users\m1027514\.m2\repository\javax\inject\javax.inject\1\javax.inject-1.jar;C:\Users\m1027514\.m2\repository\aopalliance\aopalliance\1.0\aopalliance-1.0.jar;C:\Users\m1027514\.m2\repository\cglib\cglib\3.2.5\cglib-3.2.5.jar;C:\Users\m1027514\.m2\repository\org\ow2\asm\asm\5.0.3\asm-5.0.3.jar;C:\Users\m1027514\.m2\repository\commons-codec\commons-codec\1.10\commons-codec-1.10.jar;C:\Users\m1027514\.m2\repository\org\objenesis\objenesis\2.6\objenesis-2.6.jar;C:\Users\m1027514\.m2\repository\xml-apis\xml-apis\1.4.01\xml-apis-1.4.01.jar;C:\Users\m1027514\.m2\repository\io\cucumber\cucumber-core\2.4.0\cucumber-core-2.4.0.jar;C:\Users\m1027514\.m2\repository\info\cukes\cucumber-html\0.2.6\cucumber-html-0.2.6.jar;C:\Users\m1027514\.m2\repository\io\cucumber\cucumber-jvm-deps\1.0.6\cucumber-jvm-deps-1.0.6.jar;C:\Users\m1027514\.m2\repository\io\cucumber\gherkin\5.0.0\gherkin-5.0.0.jar;C:\Users\m1027514\.m2\repository\io\cucumber\tag-expressions\1.1.1\tag-expressions-1.1.1.jar;C:\Users\m1027514\.m2\repository\commons-logging\commons-logging\1.2\commons-logging-1.2.jar;C:\Users\m1027514\.m2\repository\io\vavr\vavr\0.9.0\vavr-0.9.0.jar;C:\Users\m1027514\.m2\repository\io\vavr\vavr-match\0.9.0\vavr-match-0.9.0.jar;C:\Users\m1027514\.m2\repository\javax\xml\bind\jaxb-api\2.2.12\jaxb-api-2.2.12.jar;C:\Users\m1027514\.m2\repository\com\sun\xml\bind\jaxb-core\2.3.0.1\jaxb-core-2.3.0.1.jar;C:\Users\m1027514\.m2\repository\com\sun\xml\bind\jaxb-impl\2.3.0.1\jaxb-impl-2.3.0.1.jar;C:\Users\m1027514\.m2\repository\javax\activation\activation\1.1.1\activation-1.1.1.jar;C:\Users\m1027514\.m2\repository\org\mockito\mockito-core\2.23.4\mockito-core-2.23.4.jar;C:\Users\m1027514\.m2\repository\io\rest-assured\rest-assured\3.3.0\rest-assured-3.3.0.jar;C:\Users\m1027514\.m2\repository\org\ccil\cowan\tagsoup\tagsoup\1.2.1\tagsoup-1.2.1.jar;C:\Users\m1027514\.m2\repository\io\rest-assured\json-path\3.3.0\json-path-3.3.0.jar;C:\Users\m1027514\.m2\repository\io\rest-assured\rest-assured-common\3.3.0\rest-assured-common-3.3.0.jar;C:\Users\m1027514\.m2\repository\io\rest-assured\xml-path\3.3.0\xml-path-3.3.0.jar;C:\Users\m1027514\.m2\repository\com\sun\xml\bind\jaxb-osgi\2.2.10\jaxb-osgi-2.2.10.jar;C:\Users\m1027514\.m2\repository\org\apache\sling\org.apache.sling.javax.activation\0.1.0\org.apache.sling.javax.activation-0.1.0.jar;C:\Users\m1027514\.m2\repository\org\codehaus\groovy\groovy\2.5.5\groovy-2.5.5.jar;C:\Users\m1027514\.m2\repository\org\codehaus\groovy\groovy-xml\2.5.5\groovy-xml-2.5.5.jar;C:\Users\m1027514\.m2\repository\org\codehaus\groovy\groovy-json\2.5.5\groovy-json-2.5.5.jar;C:\Users\m1027514\.m2\repository\net\serenity-bdd\serenity-core\2.0.40\serenity-core-2.0.40.jar;C:\Users\m1027514\.m2\repository\net\serenity-bdd\serenity-report-resources\2.0.40\serenity-report-resources-2.0.40.jar;C:\Users\m1027514\.m2\repository\net\serenity-bdd\serenity-model\2.0.40\serenity-model-2.0.40.jar;C:\Users\m1027514\.m2\repository\commons-net\commons-net\3.6\commons-net-3.6.jar;C:\Users\m1027514\.m2\repository\org\apache\commons\commons-text\1.6\commons-text-1.6.jar;C:\Users\m1027514\.m2\repository\net\serenity-bdd\serenity-reports\2.0.40\serenity-reports-2.0.40.jar;C:\Users\m1027514\.m2\repository\net\serenity-bdd\serenity-stats\2.0.40\serenity-stats-2.0.40.jar;C:\Users\m1027514\.m2\repository\org\jetbrains\kotlin\kotlin-stdlib\1.2.51\kotlin-stdlib-1.2.51.jar;C:\Users\m1027514\.m2\repository\org\jetbrains\kotlin\kotlin-stdlib-common\1.2.51\kotlin-stdlib-common-1.2.51.jar;C:\Users\m1027514\.m2\repository\org\jetbrains\annotations\13.0\annotations-13.0.jar;C:\Users\m1027514\.m2\repository\com\google\code\gson\gson\2.8.4\gson-2.8.4.jar;C:\Users\m1027514\.m2\repository\commons-io\commons-io\2.6\commons-io-2.6.jar;C:\Users\m1027514\.m2\repository\org\seleniumhq\selenium\selenium-server\3.141.59\selenium-server-3.141.59.jar;C:\Users\m1027514\.m2\repository\org\seleniumhq\selenium\selenium-firefox-driver\3.141.59\selenium-firefox-driver-3.141.59.jar;C:\Users\m1027514\.m2\repository\org\seleniumhq\selenium\selenium-ie-driver\3.141.59\selenium-ie-driver-3.141.59.jar;C:\Users\m1027514\.m2\repository\com\beust\jcommander\1.72\jcommander-1.72.jar;C:\Users\m1027514\.m2\repository\org\apache\commons\commons-exec\1.3\commons-exec-1.3.jar;C:\Users\m1027514\.m2\repository\net\jcip\jcip-annotations\1.0\jcip-annotations-1.0.jar;C:\Users\m1027514\.m2\repository\org\seleniumhq\selenium\jetty-repacked\9.4.12.v20180830\jetty-repacked-9.4.12.v20180830.jar;C:\Users\m1027514\.m2\repository\com\squareup\okhttp3\okhttp\3.11.0\okhttp-3.11.0.jar;C:\Users\m1027514\.m2\repository\com\squareup\okio\okio\1.14.0\okio-1.14.0.jar;C:\Users\m1027514\.m2\repository\javax\servlet\javax.servlet-api\3.1.0\javax.servlet-api-3.1.0.jar;C:\Users\m1027514\.m2\repository\org\yaml\snakeyaml\1.19\snakeyaml-1.19.jar;C:\Users\m1027514\.m2\repository\org\seleniumhq\selenium\selenium-java\3.141.59\selenium-java-3.141.59.jar;C:\Users\m1027514\.m2\repository\org\seleniumhq\selenium\selenium-api\3.141.59\selenium-api-3.141.59.jar;C:\Users\m1027514\.m2\repository\org\seleniumhq\selenium\selenium-chrome-driver\3.141.59\selenium-chrome-driver-3.141.59.jar;C:\Users\m1027514\.m2\repository\org\seleniumhq\selenium\selenium-edge-driver\3.141.59\selenium-edge-driver-3.141.59.jar;C:\Users\m1027514\.m2\repository\org\seleniumhq\selenium\selenium-remote-driver\3.141.59\selenium-remote-driver-3.141.59.jar;C:\Users\m1027514\.m2\repository\org\seleniumhq\selenium\selenium-safari-driver\3.141.59\selenium-safari-driver-3.141.59.jar;C:\Users\m1027514\.m2\repository\org\seleniumhq\selenium\selenium-opera-driver\3.141.59\selenium-opera-driver-3.141.59.jar;C:\Users\m1027514\.m2\repository\org\seleniumhq\selenium\selenium-support\3.141.59\selenium-support-3.141.59.jar;C:\Users\m1027514\.m2\repository\com\paulhammant\ngwebdriver\1.1.4\ngwebdriver-1.1.4.jar;C:\Users\m1027514\.m2\repository\com\codeborne\phantomjsdriver\1.4.4\phantomjsdriver-1.4.4.jar;C:\Users\m1027514\.m2\repository\org\eclipse\jetty\jetty-util\9.4.8.v20171121\jetty-util-9.4.8.v20171121.jar;C:\Users\m1027514\.m2\repository\org\eclipse\jetty\jetty-io\9.4.8.v20171121\jetty-io-9.4.8.v20171121.jar;C:\Users\m1027514\.m2\repository\org\seleniumhq\selenium\htmlunit-driver\2.33.1\htmlunit-driver-2.33.1.jar;C:\Users\m1027514\.m2\repository\io\appium\java-client\6.1.0\java-client-6.1.0.jar;C:\Users\m1027514\.m2\repository\commons-validator\commons-validator\1.6\commons-validator-1.6.jar;C:\Users\m1027514\.m2\repository\commons-beanutils\commons-beanutils\1.9.2\commons-beanutils-1.9.2.jar;C:\Users\m1027514\.m2\repository\commons-digester\commons-digester\1.8.1\commons-digester-1.8.1.jar;C:\Users\m1027514\.m2\repository\org\springframework\spring-context\5.0.5.RELEASE\spring-context-5.0.5.RELEASE.jar;C:\Users\m1027514\.m2\repository\org\springframework\spring-aop\5.0.5.RELEASE\spring-aop-5.0.5.RELEASE.jar;C:\Users\m1027514\.m2\repository\org\springframework\spring-beans\5.0.5.RELEASE\spring-beans-5.0.5.RELEASE.jar;C:\Users\m1027514\.m2\repository\org\springframework\spring-core\5.0.5.RELEASE\spring-core-5.0.5.RELEASE.jar;C:\Users\m1027514\.m2\repository\org\springframework\spring-jcl\5.0.5.RELEASE\spring-jcl-5.0.5.RELEASE.jar;C:\Users\m1027514\.m2\repository\org\springframework\spring-expression\5.0.5.RELEASE\spring-expression-5.0.5.RELEASE.jar;C:\Users\m1027514\.m2\repository\org\aspectj\aspectjweaver\1.9.1\aspectjweaver-1.9.1.jar;C:\Users\m1027514\.m2\repository\org\openpnp\opencv\3.2.0-1\opencv-3.2.0-1.jar;C:\Users\m1027514\.m2\repository\org\glassfish\tyrus\tyrus-core\1.13.1\tyrus-core-1.13.1.jar;C:\Users\m1027514\.m2\repository\org\glassfish\tyrus\tyrus-spi\1.13.1\tyrus-spi-1.13.1.jar;C:\Users\m1027514\.m2\repository\javax\websocket\javax.websocket-api\1.1\javax.websocket-api-1.1.jar;C:\Users\m1027514\.m2\repository\net\sf\opencsv\opencsv\2.0\opencsv-2.0.jar;C:\Users\m1027514\.m2\repository\commons-beanutils\commons-beanutils-core\1.8.3\commons-beanutils-core-1.8.3.jar;C:\Users\m1027514\.m2\repository\joda-time\joda-time\2.7\joda-time-2.7.jar;C:\Users\m1027514\.m2\repository\com\thoughtworks\xstream\xstream\1.4.9\xstream-1.4.9.jar;C:\Users\m1027514\.m2\repository\xmlpull\xmlpull\1.1.3.1\xmlpull-1.1.3.1.jar;C:\Users\m1027514\.m2\repository\xpp3\xpp3_min\1.1.4c\xpp3_min-1.1.4c.jar;C:\Users\m1027514\.m2\repository\org\apache\commons\commons-lang3\3.8.1\commons-lang3-3.8.1.jar;C:\Users\m1027514\.m2\repository\commons-collections\commons-collections\3.2.2\commons-collections-3.2.2.jar;C:\Users\m1027514\.m2\repository\org\freemarker\freemarker\2.3.28\freemarker-2.3.28.jar;C:\Users\m1027514\.m2\repository\net\sourceforge\jexcelapi\jxl\2.6.12\jxl-2.6.12.jar;C:\Users\m1027514\.m2\repository\org\hamcrest\hamcrest-core\1.3\hamcrest-core-1.3.jar;C:\Users\m1027514\.m2\repository\org\hamcrest\hamcrest-library\1.3\hamcrest-library-1.3.jar;C:\Users\m1027514\.m2\repository\net\sourceforge\htmlunit\htmlunit\2.33\htmlunit-2.33.jar;C:\Users\m1027514\.m2\repository\net\sourceforge\htmlunit\htmlunit-core-js\2.33\htmlunit-core-js-2.33.jar;C:\Users\m1027514\.m2\repository\net\sourceforge\htmlunit\neko-htmlunit\2.33\neko-htmlunit-2.33.jar;C:\Users\m1027514\.m2\repository\xerces\xercesImpl\2.12.0\xercesImpl-2.12.0.jar;C:\Users\m1027514\.m2\repository\net\sourceforge\htmlunit\htmlunit-cssparser\1.2.0\htmlunit-cssparser-1.2.0.jar;C:\Users\m1027514\.m2\repository\org\eclipse\jetty\websocket\websocket-client\9.4.12.v20180830\websocket-client-9.4.12.v20180830.jar;C:\Users\m1027514\.m2\repository\org\eclipse\jetty\jetty-client\9.4.12.v20180830\jetty-client-9.4.12.v20180830.jar;C:\Users\m1027514\.m2\repository\org\eclipse\jetty\jetty-http\9.4.12.v20180830\jetty-http-9.4.12.v20180830.jar;C:\Users\m1027514\.m2\repository\org\eclipse\jetty\jetty-xml\9.4.12.v20180830\jetty-xml-9.4.12.v20180830.jar;C:\Users\m1027514\.m2\repository\org\eclipse\jetty\websocket\websocket-common\9.4.12.v20180830\websocket-common-9.4.12.v20180830.jar;C:\Users\m1027514\.m2\repository\org\eclipse\jetty\websocket\websocket-api\9.4.12.v20180830\websocket-api-9.4.12.v20180830.jar;C:\Users\m1027514\.m2\repository\org\apache\httpcomponents\httpclient\4.5.5\httpclient-4.5.5.jar;C:\Users\m1027514\.m2\repository\org\apache\httpcomponents\httpcore\4.4.9\httpcore-4.4.9.jar;C:\Users\m1027514\.m2\repository\org\apache\httpcomponents\httpmime\4.5.5\httpmime-4.5.5.jar;C:\Users\m1027514\.m2\repository\org\fluentlenium\fluentlenium-core\0.10.2\fluentlenium-core-0.10.2.jar;C:\Users\m1027514\.m2\repository\com\jhlabs\filters\2.0.235\filters-2.0.235.jar;C:\Users\m1027514\.m2\repository\org\asciidoctor\asciidoctorj\1.5.6\asciidoctorj-1.5.6.jar;C:\Users\m1027514\.m2\repository\org\jruby\jruby-complete\1.7.26\jruby-complete-1.7.26.jar;C:\Users\m1027514\.m2\repository\org\imgscalr\imgscalr-lib\4.2\imgscalr-lib-4.2.jar;C:\Users\m1027514\.m2\repository\javax\el\javax.el-api\2.2.4\javax.el-api-2.2.4.jar;C:\Users\m1027514\.m2\repository\org\glassfish\web\javax.el\2.2.4\javax.el-2.2.4.jar;C:\Users\m1027514\.m2\repository\xalan\xalan\2.7.2\xalan-2.7.2.jar;C:\Users\m1027514\.m2\repository\xalan\serializer\2.7.2\serializer-2.7.2.jar;C:\Users\m1027514\.m2\repository\org\awaitility\awaitility\3.1.0\awaitility-3.1.0.jar;C:\Users\m1027514\.m2\repository\com\typesafe\config\1.3.1\config-1.3.1.jar;C:\Users\m1027514\.m2\repository\org\jsoup\jsoup\1.10.3\jsoup-1.10.3.jar;C:\Users\m1027514\.m2\repository\com\google\jimfs\jimfs\1.1\jimfs-1.1.jar;C:\Users\m1027514\.m2\repository\es\nitaur\markdown\txtmark\0.16\txtmark-0.16.jar;C:\Users\m1027514\.m2\repository\com\vladsch\flexmark\flexmark-all\0.34.30\flexmark-all-0.34.30.jar;C:\Users\m1027514\.m2\repository\com\vladsch\flexmark\flexmark\0.34.30\flexmark-0.34.30.jar;C:\Users\m1027514\.m2\repository\com\vladsch\flexmark\flexmark-ext-abbreviation\0.34.30\flexmark-ext-abbreviation-0.34.30.jar;C:\Users\m1027514\.m2\repository\com\vladsch\flexmark\flexmark-ext-admonition\0.34.30\flexmark-ext-admonition-0.34.30.jar;C:\Users\m1027514\.m2\repository\com\vladsch\flexmark\flexmark-ext-anchorlink\0.34.30\flexmark-ext-anchorlink-0.34.30.jar;C:\Users\m1027514\.m2\repository\com\vladsch\flexmark\flexmark-ext-aside\0.34.30\flexmark-ext-aside-0.34.30.jar;C:\Users\m1027514\.m2\repository\com\vladsch\flexmark\flexmark-ext-attributes\0.34.30\flexmark-ext-attributes-0.34.30.jar;C:\Users\m1027514\.m2\repository\com\vladsch\flexmark\flexmark-ext-autolink\0.34.30\flexmark-ext-autolink-0.34.30.jar;C:\Users\m1027514\.m2\repository\org\nibor\autolink\autolink\0.6.0\autolink-0.6.0.jar;C:\Users\m1027514\.m2\repository\com\vladsch\flexmark\flexmark-ext-definition\0.34.30\flexmark-ext-definition-0.34.30.jar;C:\Users\m1027514\.m2\repository\com\vladsch\flexmark\flexmark-ext-emoji\0.34.30\flexmark-ext-emoji-0.34.30.jar;C:\Users\m1027514\.m2\repository\com\vladsch\flexmark\flexmark-ext-enumerated-reference\0.34.30\flexmark-ext-enumerated-reference-0.34.30.jar;C:\Users\m1027514\.m2\repository\com\vladsch\flexmark\flexmark-ext-escaped-character\0.34.30\flexmark-ext-escaped-character-0.34.30.jar;C:\Users\m1027514\.m2\repository\com\vladsch\flexmark\flexmark-ext-footnotes\0.34.30\flexmark-ext-footnotes-0.34.30.jar;C:\Users\m1027514\.m2\repository\com\vladsch\flexmark\flexmark-ext-gfm-issues\0.34.30\flexmark-ext-gfm-issues-0.34.30.jar;C:\Users\m1027514\.m2\repository\com\vladsch\flexmark\flexmark-ext-gfm-strikethrough\0.34.30\flexmark-ext-gfm-strikethrough-0.34.30.jar;C:\Users\m1027514\.m2\repository\com\vladsch\flexmark\flexmark-ext-gfm-tables\0.34.30\flexmark-ext-gfm-tables-0.34.30.jar;C:\Users\m1027514\.m2\repository\com\vladsch\flexmark\flexmark-ext-gfm-tasklist\0.34.30\flexmark-ext-gfm-tasklist-0.34.30.jar;C:\Users\m1027514\.m2\repository\com\vladsch\flexmark\flexmark-ext-gfm-users\0.34.30\flexmark-ext-gfm-users-0.34.30.jar;C:\Users\m1027514\.m2\repository\com\vladsch\flexmark\flexmark-ext-gitlab\0.34.30\flexmark-ext-gitlab-0.34.30.jar;C:\Users\m1027514\.m2\repository\com\vladsch\flexmark\flexmark-ext-jekyll-front-matter\0.34.30\flexmark-ext-jekyll-front-matter-0.34.30.jar;C:\Users\m1027514\.m2\repository\com\vladsch\flexmark\flexmark-ext-jekyll-tag\0.34.30\flexmark-ext-jekyll-tag-0.34.30.jar;C:\Users\m1027514\.m2\repository\com\vladsch\flexmark\flexmark-ext-media-tags\0.34.30\flexmark-ext-media-tags-0.34.30.jar;C:\Users\m1027514\.m2\repository\com\vladsch\flexmark\flexmark-test-util\0.34.30\flexmark-test-util-0.34.30.jar;C:\Users\m1027514\.m2\repository\com\vladsch\flexmark\flexmark-ext-ins\0.34.30\flexmark-ext-ins-0.34.30.jar;C:\Users\m1027514\.m2\repository\com\vladsch\flexmark\flexmark-ext-xwiki-macros\0.34.30\flexmark-ext-xwiki-macros-0.34.30.jar;C:\Users\m1027514\.m2\repository\com\vladsch\flexmark\flexmark-ext-superscript\0.34.30\flexmark-ext-superscript-0.34.30.jar;C:\Users\m1027514\.m2\repository\com\vladsch\flexmark\flexmark-ext-tables\0.34.30\flexmark-ext-tables-0.34.30.jar;C:\Users\m1027514\.m2\repository\com\vladsch\flexmark\flexmark-ext-toc\0.34.30\flexmark-ext-toc-0.34.30.jar;C:\Users\m1027514\.m2\repository\com\vladsch\flexmark\flexmark-ext-typographic\0.34.30\flexmark-ext-typographic-0.34.30.jar;C:\Users\m1027514\.m2\repository\com\vladsch\flexmark\flexmark-ext-wikilink\0.34.30\flexmark-ext-wikilink-0.34.30.jar;C:\Users\m1027514\.m2\repository\com\vladsch\flexmark\flexmark-ext-yaml-front-matter\0.34.30\flexmark-ext-yaml-front-matter-0.34.30.jar;C:\Users\m1027514\.m2\repository\com\vladsch\flexmark\flexmark-ext-youtube-embedded\0.34.30\flexmark-ext-youtube-embedded-0.34.30.jar;C:\Users\m1027514\.m2\repository\com\vladsch\flexmark\flexmark-formatter\0.34.30\flexmark-formatter-0.34.30.jar;C:\Users\m1027514\.m2\repository\com\vladsch\flexmark\flexmark-html-parser\0.34.30\flexmark-html-parser-0.34.30.jar;C:\Users\m1027514\.m2\repository\com\vladsch\flexmark\flexmark-jira-converter\0.34.30\flexmark-jira-converter-0.34.30.jar;C:\Users\m1027514\.m2\repository\com\vladsch\flexmark\flexmark-pdf-converter\0.34.30\flexmark-pdf-converter-0.34.30.jar;C:\Users\m1027514\.m2\repository\com\openhtmltopdf\openhtmltopdf-core\0.0.1-RC13\openhtmltopdf-core-0.0.1-RC13.jar;C:\Users\m1027514\.m2\repository\com\openhtmltopdf\openhtmltopdf-pdfbox\0.0.1-RC13\openhtmltopdf-pdfbox-0.0.1-RC13.jar;C:\Users\m1027514\.m2\repository\org\apache\pdfbox\pdfbox\2.0.8\pdfbox-2.0.8.jar;C:\Users\m1027514\.m2\repository\org\apache\pdfbox\fontbox\2.0.8\fontbox-2.0.8.jar;C:\Users\m1027514\.m2\repository\org\apache\pdfbox\xmpbox\2.0.8\xmpbox-2.0.8.jar;C:\Users\m1027514\.m2\repository\de\rototor\pdfbox\graphics2d\0.12\graphics2d-0.12.jar;C:\Users\m1027514\.m2\repository\com\openhtmltopdf\openhtmltopdf-rtl-support\0.0.1-RC13\openhtmltopdf-rtl-support-0.0.1-RC13.jar;C:\Users\m1027514\.m2\repository\com\ibm\icu\icu4j\59.1\icu4j-59.1.jar;C:\Users\m1027514\.m2\repository\com\openhtmltopdf\openhtmltopdf-jsoup-dom-converter\0.0.1-RC13\openhtmltopdf-jsoup-dom-converter-0.0.1-RC13.jar;C:\Users\m1027514\.m2\repository\com\vladsch\flexmark\flexmark-profile-pegdown\0.34.30\flexmark-profile-pegdown-0.34.30.jar;C:\Users\m1027514\.m2\repository\com\vladsch\flexmark\flexmark-util\0.34.30\flexmark-util-0.34.30.jar;C:\Users\m1027514\.m2\repository\com\vladsch\flexmark\flexmark-youtrack-converter\0.34.30\flexmark-youtrack-converter-0.34.30.jar;C:\Users\m1027514\.m2\repository\net\serenity-bdd\serenity-junit\2.0.40\serenity-junit-2.0.40.jar;C:\Users\m1027514\.m2\repository\net\serenity-bdd\serenity-screenplay\2.0.40\serenity-screenplay-2.0.40.jar;C:\Users\m1027514\.m2\repository\uk\com\robust-it\cloning\1.9.10\cloning-1.9.10.jar;C:\Users\m1027514\.m2\repository\net\serenity-bdd\serenity-screenplay-webdriver\2.0.40\serenity-screenplay-webdriver-2.0.40.jar;C:\Users\m1027514\.m2\repository\net\serenity-bdd\serenity-cucumber\1.9.31\serenity-cucumber-1.9.31.jar;C:\Users\m1027514\.m2\repository\io\cucumber\cucumber-java\2.4.0\cucumber-java-2.4.0.jar;C:\Users\m1027514\.m2\repository\io\cucumber\cucumber-junit\2.4.0\cucumber-junit-2.4.0.jar;C:\Users\m1027514\.m2\repository\org\apache\commons\commons-csv\1.5\commons-csv-1.5.jar;C:\Users\m1027514\.m2\repository\junit\junit\4.12\junit-4.12.jar;C:\Users\m1027514\.m2\repository\org\assertj\assertj-core\3.6.2\assertj-core-3.6.2.jar;C:\Users\m1027514\.m2\repository\org\hamcrest\hamcrest-all\1.3\hamcrest-all-1.3.jar;"/>
    <property name="java.vm.vendor" value="Oracle Corporation"/>
    <property name="sun.arch.data.model" value="64"/>
    <property name="user.variant" value=""/>
    <property name="java.vendor.url" value="http://java.oracle.com/"/>
    <property name="user.timezone" value="America/New_York"/>
    <property name="java.vm.specification.version" value="1.8"/>
    <property name="os.name" value="Windows 8.1"/>
    <property name="user.country" value="US"/>
    <property name="sun.java.launcher" value="SUN_STANDARD"/>
    <property name="sun.boot.library.path" value="C:\Program Files\Java\jdk1.8.0_111\jre\bin"/>
    <property name="sun.java.command" value="C:\Users\m1027514\AppData\Local\Temp\surefire962623158540975067\surefirebooter5346461896022410438.jar C:\Users\m1027514\AppData\Local\Temp\surefire962623158540975067 2019-04-09T10-22-32_961-jvmRun3 surefire475116317791475919tmp surefire_17888398123838572695tmp"/>
    <property name="surefire.test.class.path" value="C:\Users\m1027514\Desktop\SerenityTestProject\StudentApp\target\test-classes;C:\Users\m1027514\Desktop\SerenityTestProject\StudentApp\target\StudentApp-0.0.1-SNAPSHOT.jar;C:\Users\m1027514\.m2\repository\ch\qos\logback\logback-classic\1.0.13\logback-classic-1.0.13.jar;C:\Users\m1027514\.m2\repository\ch\qos\logback\logback-core\1.0.13\logback-core-1.0.13.jar;C:\Users\m1027514\.m2\repository\org\slf4j\slf4j-api\1.7.5\slf4j-api-1.7.5.jar;C:\Users\m1027514\.m2\repository\net\serenity-bdd\serenity-rest-assured\2.0.40\serenity-rest-assured-2.0.40.jar;C:\Users\m1027514\.m2\repository\net\bytebuddy\byte-buddy\1.9.6\byte-buddy-1.9.6.jar;C:\Users\m1027514\.m2\repository\net\bytebuddy\byte-buddy-agent\1.9.6\byte-buddy-agent-1.9.6.jar;C:\Users\m1027514\.m2\repository\com\google\guava\guava\25.0-jre\guava-25.0-jre.jar;C:\Users\m1027514\.m2\repository\com\google\code\findbugs\jsr305\1.3.9\jsr305-1.3.9.jar;C:\Users\m1027514\.m2\repository\org\checkerframework\checker-compat-qual\2.0.0\checker-compat-qual-2.0.0.jar;C:\Users\m1027514\.m2\repository\com\google\errorprone\error_prone_annotations\2.1.3\error_prone_annotations-2.1.3.jar;C:\Users\m1027514\.m2\repository\com\google\j2objc\j2objc-annotations\1.1\j2objc-annotations-1.1.jar;C:\Users\m1027514\.m2\repository\org\codehaus\mojo\animal-sniffer-annotations\1.14\animal-sniffer-annotations-1.14.jar;C:\Users\m1027514\.m2\repository\com\google\inject\guice\4.2.2\guice-4.2.2.jar;C:\Users\m1027514\.m2\repository\javax\inject\javax.inject\1\javax.inject-1.jar;C:\Users\m1027514\.m2\repository\aopalliance\aopalliance\1.0\aopalliance-1.0.jar;C:\Users\m1027514\.m2\repository\cglib\cglib\3.2.5\cglib-3.2.5.jar;C:\Users\m1027514\.m2\repository\org\ow2\asm\asm\5.0.3\asm-5.0.3.jar;C:\Users\m1027514\.m2\repository\commons-codec\commons-codec\1.10\commons-codec-1.10.jar;C:\Users\m1027514\.m2\repository\org\objenesis\objenesis\2.6\objenesis-2.6.jar;C:\Users\m1027514\.m2\repository\xml-apis\xml-apis\1.4.01\xml-apis-1.4.01.jar;C:\Users\m1027514\.m2\repository\io\cucumber\cucumber-core\2.4.0\cucumber-core-2.4.0.jar;C:\Users\m1027514\.m2\repository\info\cukes\cucumber-html\0.2.6\cucumber-html-0.2.6.jar;C:\Users\m1027514\.m2\repository\io\cucumber\cucumber-jvm-deps\1.0.6\cucumber-jvm-deps-1.0.6.jar;C:\Users\m1027514\.m2\repository\io\cucumber\gherkin\5.0.0\gherkin-5.0.0.jar;C:\Users\m1027514\.m2\repository\io\cucumber\tag-expressions\1.1.1\tag-expressions-1.1.1.jar;C:\Users\m1027514\.m2\repository\commons-logging\commons-logging\1.2\commons-logging-1.2.jar;C:\Users\m1027514\.m2\repository\io\vavr\vavr\0.9.0\vavr-0.9.0.jar;C:\Users\m1027514\.m2\repository\io\vavr\vavr-match\0.9.0\vavr-match-0.9.0.jar;C:\Users\m1027514\.m2\repository\javax\xml\bind\jaxb-api\2.2.12\jaxb-api-2.2.12.jar;C:\Users\m1027514\.m2\repository\com\sun\xml\bind\jaxb-core\2.3.0.1\jaxb-core-2.3.0.1.jar;C:\Users\m1027514\.m2\repository\com\sun\xml\bind\jaxb-impl\2.3.0.1\jaxb-impl-2.3.0.1.jar;C:\Users\m1027514\.m2\repository\javax\activation\activation\1.1.1\activation-1.1.1.jar;C:\Users\m1027514\.m2\repository\org\mockito\mockito-core\2.23.4\mockito-core-2.23.4.jar;C:\Users\m1027514\.m2\repository\io\rest-assured\rest-assured\3.3.0\rest-assured-3.3.0.jar;C:\Users\m1027514\.m2\repository\org\ccil\cowan\tagsoup\tagsoup\1.2.1\tagsoup-1.2.1.jar;C:\Users\m1027514\.m2\repository\io\rest-assured\json-path\3.3.0\json-path-3.3.0.jar;C:\Users\m1027514\.m2\repository\io\rest-assured\rest-assured-common\3.3.0\rest-assured-common-3.3.0.jar;C:\Users\m1027514\.m2\repository\io\rest-assured\xml-path\3.3.0\xml-path-3.3.0.jar;C:\Users\m1027514\.m2\repository\com\sun\xml\bind\jaxb-osgi\2.2.10\jaxb-osgi-2.2.10.jar;C:\Users\m1027514\.m2\repository\org\apache\sling\org.apache.sling.javax.activation\0.1.0\org.apache.sling.javax.activation-0.1.0.jar;C:\Users\m1027514\.m2\repository\org\codehaus\groovy\groovy\2.5.5\groovy-2.5.5.jar;C:\Users\m1027514\.m2\repository\org\codehaus\groovy\groovy-xml\2.5.5\groovy-xml-2.5.5.jar;C:\Users\m1027514\.m2\repository\org\codehaus\groovy\groovy-json\2.5.5\groovy-json-2.5.5.jar;C:\Users\m1027514\.m2\repository\net\serenity-bdd\serenity-core\2.0.40\serenity-core-2.0.40.jar;C:\Users\m1027514\.m2\repository\net\serenity-bdd\serenity-report-resources\2.0.40\serenity-report-resources-2.0.40.jar;C:\Users\m1027514\.m2\repository\net\serenity-bdd\serenity-model\2.0.40\serenity-model-2.0.40.jar;C:\Users\m1027514\.m2\repository\commons-net\commons-net\3.6\commons-net-3.6.jar;C:\Users\m1027514\.m2\repository\org\apache\commons\commons-text\1.6\commons-text-1.6.jar;C:\Users\m1027514\.m2\repository\net\serenity-bdd\serenity-reports\2.0.40\serenity-reports-2.0.40.jar;C:\Users\m1027514\.m2\repository\net\serenity-bdd\serenity-stats\2.0.40\serenity-stats-2.0.40.jar;C:\Users\m1027514\.m2\repository\org\jetbrains\kotlin\kotlin-stdlib\1.2.51\kotlin-stdlib-1.2.51.jar;C:\Users\m1027514\.m2\repository\org\jetbrains\kotlin\kotlin-stdlib-common\1.2.51\kotlin-stdlib-common-1.2.51.jar;C:\Users\m1027514\.m2\repository\org\jetbrains\annotations\13.0\annotations-13.0.jar;C:\Users\m1027514\.m2\repository\com\google\code\gson\gson\2.8.4\gson-2.8.4.jar;C:\Users\m1027514\.m2\repository\commons-io\commons-io\2.6\commons-io-2.6.jar;C:\Users\m1027514\.m2\repository\org\seleniumhq\selenium\selenium-server\3.141.59\selenium-server-3.141.59.jar;C:\Users\m1027514\.m2\repository\org\seleniumhq\selenium\selenium-firefox-driver\3.141.59\selenium-firefox-driver-3.141.59.jar;C:\Users\m1027514\.m2\repository\org\seleniumhq\selenium\selenium-ie-driver\3.141.59\selenium-ie-driver-3.141.59.jar;C:\Users\m1027514\.m2\repository\com\beust\jcommander\1.72\jcommander-1.72.jar;C:\Users\m1027514\.m2\repository\org\apache\commons\commons-exec\1.3\commons-exec-1.3.jar;C:\Users\m1027514\.m2\repository\net\jcip\jcip-annotations\1.0\jcip-annotations-1.0.jar;C:\Users\m1027514\.m2\repository\org\seleniumhq\selenium\jetty-repacked\9.4.12.v20180830\jetty-repacked-9.4.12.v20180830.jar;C:\Users\m1027514\.m2\repository\com\squareup\okhttp3\okhttp\3.11.0\okhttp-3.11.0.jar;C:\Users\m1027514\.m2\repository\com\squareup\okio\okio\1.14.0\okio-1.14.0.jar;C:\Users\m1027514\.m2\repository\javax\servlet\javax.servlet-api\3.1.0\javax.servlet-api-3.1.0.jar;C:\Users\m1027514\.m2\repository\org\yaml\snakeyaml\1.19\snakeyaml-1.19.jar;C:\Users\m1027514\.m2\repository\org\seleniumhq\selenium\selenium-java\3.141.59\selenium-java-3.141.59.jar;C:\Users\m1027514\.m2\repository\org\seleniumhq\selenium\selenium-api\3.141.59\selenium-api-3.141.59.jar;C:\Users\m1027514\.m2\repository\org\seleniumhq\selenium\selenium-chrome-driver\3.141.59\selenium-chrome-driver-3.141.59.jar;C:\Users\m1027514\.m2\repository\org\seleniumhq\selenium\selenium-edge-driver\3.141.59\selenium-edge-driver-3.141.59.jar;C:\Users\m1027514\.m2\repository\org\seleniumhq\selenium\selenium-remote-driver\3.141.59\selenium-remote-driver-3.141.59.jar;C:\Users\m1027514\.m2\repository\org\seleniumhq\selenium\selenium-safari-driver\3.141.59\selenium-safari-driver-3.141.59.jar;C:\Users\m1027514\.m2\repository\org\seleniumhq\selenium\selenium-opera-driver\3.141.59\selenium-opera-driver-3.141.59.jar;C:\Users\m1027514\.m2\repository\org\seleniumhq\selenium\selenium-support\3.141.59\selenium-support-3.141.59.jar;C:\Users\m1027514\.m2\repository\com\paulhammant\ngwebdriver\1.1.4\ngwebdriver-1.1.4.jar;C:\Users\m1027514\.m2\repository\com\codeborne\phantomjsdriver\1.4.4\phantomjsdriver-1.4.4.jar;C:\Users\m1027514\.m2\repository\org\eclipse\jetty\jetty-util\9.4.8.v20171121\jetty-util-9.4.8.v20171121.jar;C:\Users\m1027514\.m2\repository\org\eclipse\jetty\jetty-io\9.4.8.v20171121\jetty-io-9.4.8.v20171121.jar;C:\Users\m1027514\.m2\repository\org\seleniumhq\selenium\htmlunit-driver\2.33.1\htmlunit-driver-2.33.1.jar;C:\Users\m1027514\.m2\repository\io\appium\java-client\6.1.0\java-client-6.1.0.jar;C:\Users\m1027514\.m2\repository\commons-validator\commons-validator\1.6\commons-validator-1.6.jar;C:\Users\m1027514\.m2\repository\commons-beanutils\commons-beanutils\1.9.2\commons-beanutils-1.9.2.jar;C:\Users\m1027514\.m2\repository\commons-digester\commons-digester\1.8.1\commons-digester-1.8.1.jar;C:\Users\m1027514\.m2\repository\org\springframework\spring-context\5.0.5.RELEASE\spring-context-5.0.5.RELEASE.jar;C:\Users\m1027514\.m2\repository\org\springframework\spring-aop\5.0.5.RELEASE\spring-aop-5.0.5.RELEASE.jar;C:\Users\m1027514\.m2\repository\org\springframework\spring-beans\5.0.5.RELEASE\spring-beans-5.0.5.RELEASE.jar;C:\Users\m1027514\.m2\repository\org\springframework\spring-core\5.0.5.RELEASE\spring-core-5.0.5.RELEASE.jar;C:\Users\m1027514\.m2\repository\org\springframework\spring-jcl\5.0.5.RELEASE\spring-jcl-5.0.5.RELEASE.jar;C:\Users\m1027514\.m2\repository\org\springframework\spring-expression\5.0.5.RELEASE\spring-expression-5.0.5.RELEASE.jar;C:\Users\m1027514\.m2\repository\org\aspectj\aspectjweaver\1.9.1\aspectjweaver-1.9.1.jar;C:\Users\m1027514\.m2\repository\org\openpnp\opencv\3.2.0-1\opencv-3.2.0-1.jar;C:\Users\m1027514\.m2\repository\org\glassfish\tyrus\tyrus-core\1.13.1\tyrus-core-1.13.1.jar;C:\Users\m1027514\.m2\repository\org\glassfish\tyrus\tyrus-spi\1.13.1\tyrus-spi-1.13.1.jar;C:\Users\m1027514\.m2\repository\javax\websocket\javax.websocket-api\1.1\javax.websocket-api-1.1.jar;C:\Users\m1027514\.m2\repository\net\sf\opencsv\opencsv\2.0\opencsv-2.0.jar;C:\Users\m1027514\.m2\repository\commons-beanutils\commons-beanutils-core\1.8.3\commons-beanutils-core-1.8.3.jar;C:\Users\m1027514\.m2\repository\joda-time\joda-time\2.7\joda-time-2.7.jar;C:\Users\m1027514\.m2\repository\com\thoughtworks\xstream\xstream\1.4.9\xstream-1.4.9.jar;C:\Users\m1027514\.m2\repository\xmlpull\xmlpull\1.1.3.1\xmlpull-1.1.3.1.jar;C:\Users\m1027514\.m2\repository\xpp3\xpp3_min\1.1.4c\xpp3_min-1.1.4c.jar;C:\Users\m1027514\.m2\repository\org\apache\commons\commons-lang3\3.8.1\commons-lang3-3.8.1.jar;C:\Users\m1027514\.m2\repository\commons-collections\commons-collections\3.2.2\commons-collections-3.2.2.jar;C:\Users\m1027514\.m2\repository\org\freemarker\freemarker\2.3.28\freemarker-2.3.28.jar;C:\Users\m1027514\.m2\repository\net\sourceforge\jexcelapi\jxl\2.6.12\jxl-2.6.12.jar;C:\Users\m1027514\.m2\repository\org\hamcrest\hamcrest-core\1.3\hamcrest-core-1.3.jar;C:\Users\m1027514\.m2\repository\org\hamcrest\hamcrest-library\1.3\hamcrest-library-1.3.jar;C:\Users\m1027514\.m2\repository\net\sourceforge\htmlunit\htmlunit\2.33\htmlunit-2.33.jar;C:\Users\m1027514\.m2\repository\net\sourceforge\htmlunit\htmlunit-core-js\2.33\htmlunit-core-js-2.33.jar;C:\Users\m1027514\.m2\repository\net\sourceforge\htmlunit\neko-htmlunit\2.33\neko-htmlunit-2.33.jar;C:\Users\m1027514\.m2\repository\xerces\xercesImpl\2.12.0\xercesImpl-2.12.0.jar;C:\Users\m1027514\.m2\repository\net\sourceforge\htmlunit\htmlunit-cssparser\1.2.0\htmlunit-cssparser-1.2.0.jar;C:\Users\m1027514\.m2\repository\org\eclipse\jetty\websocket\websocket-client\9.4.12.v20180830\websocket-client-9.4.12.v20180830.jar;C:\Users\m1027514\.m2\repository\org\eclipse\jetty\jetty-client\9.4.12.v20180830\jetty-client-9.4.12.v20180830.jar;C:\Users\m1027514\.m2\repository\org\eclipse\jetty\jetty-http\9.4.12.v20180830\jetty-http-9.4.12.v20180830.jar;C:\Users\m1027514\.m2\repository\org\eclipse\jetty\jetty-xml\9.4.12.v20180830\jetty-xml-9.4.12.v20180830.jar;C:\Users\m1027514\.m2\repository\org\eclipse\jetty\websocket\websocket-common\9.4.12.v20180830\websocket-common-9.4.12.v20180830.jar;C:\Users\m1027514\.m2\repository\org\eclipse\jetty\websocket\websocket-api\9.4.12.v20180830\websocket-api-9.4.12.v20180830.jar;C:\Users\m1027514\.m2\repository\org\apache\httpcomponents\httpclient\4.5.5\httpclient-4.5.5.jar;C:\Users\m1027514\.m2\repository\org\apache\httpcomponents\httpcore\4.4.9\httpcore-4.4.9.jar;C:\Users\m1027514\.m2\repository\org\apache\httpcomponents\httpmime\4.5.5\httpmime-4.5.5.jar;C:\Users\m1027514\.m2\repository\org\fluentlenium\fluentlenium-core\0.10.2\fluentlenium-core-0.10.2.jar;C:\Users\m1027514\.m2\repository\com\jhlabs\filters\2.0.235\filters-2.0.235.jar;C:\Users\m1027514\.m2\repository\org\asciidoctor\asciidoctorj\1.5.6\asciidoctorj-1.5.6.jar;C:\Users\m1027514\.m2\repository\org\jruby\jruby-complete\1.7.26\jruby-complete-1.7.26.jar;C:\Users\m1027514\.m2\repository\org\imgscalr\imgscalr-lib\4.2\imgscalr-lib-4.2.jar;C:\Users\m1027514\.m2\repository\javax\el\javax.el-api\2.2.4\javax.el-api-2.2.4.jar;C:\Users\m1027514\.m2\repository\org\glassfish\web\javax.el\2.2.4\javax.el-2.2.4.jar;C:\Users\m1027514\.m2\repository\xalan\xalan\2.7.2\xalan-2.7.2.jar;C:\Users\m1027514\.m2\repository\xalan\serializer\2.7.2\serializer-2.7.2.jar;C:\Users\m1027514\.m2\repository\org\awaitility\awaitility\3.1.0\awaitility-3.1.0.jar;C:\Users\m1027514\.m2\repository\com\typesafe\config\1.3.1\config-1.3.1.jar;C:\Users\m1027514\.m2\repository\org\jsoup\jsoup\1.10.3\jsoup-1.10.3.jar;C:\Users\m1027514\.m2\repository\com\google\jimfs\jimfs\1.1\jimfs-1.1.jar;C:\Users\m1027514\.m2\repository\es\nitaur\markdown\txtmark\0.16\txtmark-0.16.jar;C:\Users\m1027514\.m2\repository\com\vladsch\flexmark\flexmark-all\0.34.30\flexmark-all-0.34.30.jar;C:\Users\m1027514\.m2\repository\com\vladsch\flexmark\flexmark\0.34.30\flexmark-0.34.30.jar;C:\Users\m1027514\.m2\repository\com\vladsch\flexmark\flexmark-ext-abbreviation\0.34.30\flexmark-ext-abbreviation-0.34.30.jar;C:\Users\m1027514\.m2\repository\com\vladsch\flexmark\flexmark-ext-admonition\0.34.30\flexmark-ext-admonition-0.34.30.jar;C:\Users\m1027514\.m2\repository\com\vladsch\flexmark\flexmark-ext-anchorlink\0.34.30\flexmark-ext-anchorlink-0.34.30.jar;C:\Users\m1027514\.m2\repository\com\vladsch\flexmark\flexmark-ext-aside\0.34.30\flexmark-ext-aside-0.34.30.jar;C:\Users\m1027514\.m2\repository\com\vladsch\flexmark\flexmark-ext-attributes\0.34.30\flexmark-ext-attributes-0.34.30.jar;C:\Users\m1027514\.m2\repository\com\vladsch\flexmark\flexmark-ext-autolink\0.34.30\flexmark-ext-autolink-0.34.30.jar;C:\Users\m1027514\.m2\repository\org\nibor\autolink\autolink\0.6.0\autolink-0.6.0.jar;C:\Users\m1027514\.m2\repository\com\vladsch\flexmark\flexmark-ext-definition\0.34.30\flexmark-ext-definition-0.34.30.jar;C:\Users\m1027514\.m2\repository\com\vladsch\flexmark\flexmark-ext-emoji\0.34.30\flexmark-ext-emoji-0.34.30.jar;C:\Users\m1027514\.m2\repository\com\vladsch\flexmark\flexmark-ext-enumerated-reference\0.34.30\flexmark-ext-enumerated-reference-0.34.30.jar;C:\Users\m1027514\.m2\repository\com\vladsch\flexmark\flexmark-ext-escaped-character\0.34.30\flexmark-ext-escaped-character-0.34.30.jar;C:\Users\m1027514\.m2\repository\com\vladsch\flexmark\flexmark-ext-footnotes\0.34.30\flexmark-ext-footnotes-0.34.30.jar;C:\Users\m1027514\.m2\repository\com\vladsch\flexmark\flexmark-ext-gfm-issues\0.34.30\flexmark-ext-gfm-issues-0.34.30.jar;C:\Users\m1027514\.m2\repository\com\vladsch\flexmark\flexmark-ext-gfm-strikethrough\0.34.30\flexmark-ext-gfm-strikethrough-0.34.30.jar;C:\Users\m1027514\.m2\repository\com\vladsch\flexmark\flexmark-ext-gfm-tables\0.34.30\flexmark-ext-gfm-tables-0.34.30.jar;C:\Users\m1027514\.m2\repository\com\vladsch\flexmark\flexmark-ext-gfm-tasklist\0.34.30\flexmark-ext-gfm-tasklist-0.34.30.jar;C:\Users\m1027514\.m2\repository\com\vladsch\flexmark\flexmark-ext-gfm-users\0.34.30\flexmark-ext-gfm-users-0.34.30.jar;C:\Users\m1027514\.m2\repository\com\vladsch\flexmark\flexmark-ext-gitlab\0.34.30\flexmark-ext-gitlab-0.34.30.jar;C:\Users\m1027514\.m2\repository\com\vladsch\flexmark\flexmark-ext-jekyll-front-matter\0.34.30\flexmark-ext-jekyll-front-matter-0.34.30.jar;C:\Users\m1027514\.m2\repository\com\vladsch\flexmark\flexmark-ext-jekyll-tag\0.34.30\flexmark-ext-jekyll-tag-0.34.30.jar;C:\Users\m1027514\.m2\repository\com\vladsch\flexmark\flexmark-ext-media-tags\0.34.30\flexmark-ext-media-tags-0.34.30.jar;C:\Users\m1027514\.m2\repository\com\vladsch\flexmark\flexmark-test-util\0.34.30\flexmark-test-util-0.34.30.jar;C:\Users\m1027514\.m2\repository\com\vladsch\flexmark\flexmark-ext-ins\0.34.30\flexmark-ext-ins-0.34.30.jar;C:\Users\m1027514\.m2\repository\com\vladsch\flexmark\flexmark-ext-xwiki-macros\0.34.30\flexmark-ext-xwiki-macros-0.34.30.jar;C:\Users\m1027514\.m2\repository\com\vladsch\flexmark\flexmark-ext-superscript\0.34.30\flexmark-ext-superscript-0.34.30.jar;C:\Users\m1027514\.m2\repository\com\vladsch\flexmark\flexmark-ext-tables\0.34.30\flexmark-ext-tables-0.34.30.jar;C:\Users\m1027514\.m2\repository\com\vladsch\flexmark\flexmark-ext-toc\0.34.30\flexmark-ext-toc-0.34.30.jar;C:\Users\m1027514\.m2\repository\com\vladsch\flexmark\flexmark-ext-typographic\0.34.30\flexmark-ext-typographic-0.34.30.jar;C:\Users\m1027514\.m2\repository\com\vladsch\flexmark\flexmark-ext-wikilink\0.34.30\flexmark-ext-wikilink-0.34.30.jar;C:\Users\m1027514\.m2\repository\com\vladsch\flexmark\flexmark-ext-yaml-front-matter\0.34.30\flexmark-ext-yaml-front-matter-0.34.30.jar;C:\Users\m1027514\.m2\repository\com\vladsch\flexmark\flexmark-ext-youtube-embedded\0.34.30\flexmark-ext-youtube-embedded-0.34.30.jar;C:\Users\m1027514\.m2\repository\com\vladsch\flexmark\flexmark-formatter\0.34.30\flexmark-formatter-0.34.30.jar;C:\Users\m1027514\.m2\repository\com\vladsch\flexmark\flexmark-html-parser\0.34.30\flexmark-html-parser-0.34.30.jar;C:\Users\m1027514\.m2\repository\com\vladsch\flexmark\flexmark-jira-converter\0.34.30\flexmark-jira-converter-0.34.30.jar;C:\Users\m1027514\.m2\repository\com\vladsch\flexmark\flexmark-pdf-converter\0.34.30\flexmark-pdf-converter-0.34.30.jar;C:\Users\m1027514\.m2\repository\com\openhtmltopdf\openhtmltopdf-core\0.0.1-RC13\openhtmltopdf-core-0.0.1-RC13.jar;C:\Users\m1027514\.m2\repository\com\openhtmltopdf\openhtmltopdf-pdfbox\0.0.1-RC13\openhtmltopdf-pdfbox-0.0.1-RC13.jar;C:\Users\m1027514\.m2\repository\org\apache\pdfbox\pdfbox\2.0.8\pdfbox-2.0.8.jar;C:\Users\m1027514\.m2\repository\org\apache\pdfbox\fontbox\2.0.8\fontbox-2.0.8.jar;C:\Users\m1027514\.m2\repository\org\apache\pdfbox\xmpbox\2.0.8\xmpbox-2.0.8.jar;C:\Users\m1027514\.m2\repository\de\rototor\pdfbox\graphics2d\0.12\graphics2d-0.12.jar;C:\Users\m1027514\.m2\repository\com\openhtmltopdf\openhtmltopdf-rtl-support\0.0.1-RC13\openhtmltopdf-rtl-support-0.0.1-RC13.jar;C:\Users\m1027514\.m2\repository\com\ibm\icu\icu4j\59.1\icu4j-59.1.jar;C:\Users\m1027514\.m2\repository\com\openhtmltopdf\openhtmltopdf-jsoup-dom-converter\0.0.1-RC13\openhtmltopdf-jsoup-dom-converter-0.0.1-RC13.jar;C:\Users\m1027514\.m2\repository\com\vladsch\flexmark\flexmark-profile-pegdown\0.34.30\flexmark-profile-pegdown-0.34.30.jar;C:\Users\m1027514\.m2\repository\com\vladsch\flexmark\flexmark-util\0.34.30\flexmark-util-0.34.30.jar;C:\Users\m1027514\.m2\repository\com\vladsch\flexmark\flexmark-youtrack-converter\0.34.30\flexmark-youtrack-converter-0.34.30.jar;C:\Users\m1027514\.m2\repository\net\serenity-bdd\serenity-junit\2.0.40\serenity-junit-2.0.40.jar;C:\Users\m1027514\.m2\repository\net\serenity-bdd\serenity-screenplay\2.0.40\serenity-screenplay-2.0.40.jar;C:\Users\m1027514\.m2\repository\uk\com\robust-it\cloning\1.9.10\cloning-1.9.10.jar;C:\Users\m1027514\.m2\repository\net\serenity-bdd\serenity-screenplay-webdriver\2.0.40\serenity-screenplay-webdriver-2.0.40.jar;C:\Users\m1027514\.m2\repository\net\serenity-bdd\serenity-cucumber\1.9.31\serenity-cucumber-1.9.31.jar;C:\Users\m1027514\.m2\repository\io\cucumber\cucumber-java\2.4.0\cucumber-java-2.4.0.jar;C:\Users\m1027514\.m2\repository\io\cucumber\cucumber-junit\2.4.0\cucumber-junit-2.4.0.jar;C:\Users\m1027514\.m2\repository\org\apache\commons\commons-csv\1.5\commons-csv-1.5.jar;C:\Users\m1027514\.m2\repository\junit\junit\4.12\junit-4.12.jar;C:\Users\m1027514\.m2\repository\org\assertj\assertj-core\3.6.2\assertj-core-3.6.2.jar;C:\Users\m1027514\.m2\repository\org\hamcrest\hamcrest-all\1.3\hamcrest-all-1.3.jar;"/>
    <property name="sun.cpu.endian" value="little"/>
    <property name="user.home" value="C:\Users\m1027514"/>
    <property name="user.language" value="en"/>
    <property name="java.specification.vendor" value="Oracle Corporation"/>
    <property name="java.home" value="C:\Program Files\Java\jdk1.8.0_111\jre"/>
    <property name="basedir" value="C:\Users\m1027514\Desktop\SerenityTestProject\StudentApp"/>
    <property name="file.separator" value="\"/>
    <property name="line.separator" value="&#10;"/>
    <property name="java.vm.specification.vendor" value="Oracle Corporation"/>
    <property name="java.specification.name" value="Java Platform API Specification"/>
    <property name="java.awt.graphicsenv" value="sun.awt.Win32GraphicsEnvironment"/>
    <property name="surefire.real.class.path" value="C:\Users\m1027514\AppData\Local\Temp\surefire962623158540975067\surefirebooter5346461896022410438.jar"/>
    <property name="sun.boot.class.path" value="C:\Program Files\Java\jdk1.8.0_111\jre\lib\resources.jar;C:\Program Files\Java\jdk1.8.0_111\jre\lib\rt.jar;C:\Program Files\Java\jdk1.8.0_111\jre\lib\sunrsasign.jar;C:\Program Files\Java\jdk1.8.0_111\jre\lib\jsse.jar;C:\Program Files\Java\jdk1.8.0_111\jre\lib\jce.jar;C:\Program Files\Java\jdk1.8.0_111\jre\lib\charsets.jar;C:\Program Files\Java\jdk1.8.0_111\jre\lib\jfr.jar;C:\Program Files\Java\jdk1.8.0_111\jre\classes"/>
    <property name="user.script" value=""/>
    <property name="sun.management.compiler" value="HotSpot 64-Bit Tiered Compilers"/>
    <property name="java.runtime.version" value="1.8.0_111-b14"/>
    <property name="user.name" value="M1027514"/>
    <property name="path.separator" value=";"/>
    <property name="os.version" value="6.3"/>
    <property name="java.endorsed.dirs" value="C:\Program Files\Java\jdk1.8.0_111\jre\lib\endorsed"/>
    <property name="java.runtime.name" value="Java(TM) SE Runtime Environment"/>
    <property name="file.encoding" value="Cp1252"/>
    <property name="webdriver.base.url" value=""/>
    <property name="java.vm.name" value="Java HotSpot(TM) 64-Bit Server VM"/>
    <property name="localRepository" value="C:\Users\m1027514\.m2\repository"/>
    <property name="java.vendor.url.bug" value="http://bugreport.sun.com/bugreport/"/>
    <property name="java.io.tmpdir" value="C:\Users\m1027514\AppData\Local\Temp\"/>
    <property name="java.version" value="1.8.0_111"/>
    <property name="user.dir" value="C:\Users\m1027514\Desktop\SerenityTestProject\StudentApp"/>
    <property name="os.arch" value="amd64"/>
    <property name="java.vm.specification.name" value="Java Virtual Machine Specification"/>
    <property name="java.awt.printerjob" value="sun.awt.windows.WPrinterJob"/>
    <property name="sun.os.patch.level" value=""/>
    <property name="java.library.path" value="C:\Program Files\Java\jdk1.8.0_111\jre\bin;C:\WINDOWS\Sun\Java\bin;C:\WINDOWS\system32;C:\WINDOWS;C:/Program Files/Java/jre1.8.0_111/bin/server;C:/Program Files/Java/jre1.8.0_111/bin;C:/Program Files/Java/jre1.8.0_111/lib/amd64;C:\Program Files\Common Files\Microsoft Shared\Microsoft Online Services;C:\Program Files (x86)\Common Files\Microsoft Shared\Microsoft Online Services;C:\ProgramData\Oracle\Java\javapath;C:\Program Files (x86)\Intel\iCLS Client\;C:\Program Files\Intel\iCLS Client\;C:\WINDOWS\system32;C:\WINDOWS;C:\WINDOWS\System32\Wbem;C:\WINDOWS\System32\WindowsPowerShell\v1.0\;C:\Program Files (x86)\Intel\OpenCL SDK\3.0\bin\x86;C:\Program Files (x86)\Intel\OpenCL SDK\3.0\bin\x64;C:\Program Files\Intel\WiFi\bin\;C:\Program Files\Common Files\Intel\WirelessCommon\;C:\Program Files\Microsoft SQL Server\120\Tools\Binn\;C:\Program Files\Microsoft SQL Server\Client SDK\ODBC\110\Tools\Binn\;C:\Program Files (x86)\Microsoft SQL Server\120\Tools\Binn\;C:\Program Files\Microsoft SQL Server\120\DTS\Binn\;C:\Program Files (x86)\Microsoft SQL Server\120\Tools\Binn\ManagementStudio\;C:\Program Files (x86)\Microsoft SQL Server\120\DTS\Binn\;C:\Program Files\Microsoft SQL Server\130\Tools\Binn\;C:\Program Files\Microsoft\Web Platform Installer\;C:\Program Files\Microsoft SQL Server\Client SDK\ODBC\130\Tools\Binn\;C:\Program Files (x86)\Microsoft SQL Server\130\Tools\Binn\;C:\Program Files\Microsoft SQL Server\130\DTS\Binn\;C:\Program Files\dotnet\;C:\Program Files\nodejs\;C:\Program Files\curl;C:\Program Files\Java\jdk1.8.0_111\bin;C:\Program Files\apache-maven-3.6.0\bin;C:\MAIN\Install Files\eclipse-java-2018-12-R-win32-x86_64\eclipse;;."/>
    <property name="java.vm.info" value="mixed mode"/>
    <property name="java.vendor" value="Oracle Corporation"/>
    <property name="java.vm.version" value="25.111-b14"/>
    <property name="java.ext.dirs" value="C:\Program Files\Java\jdk1.8.0_111\jre\lib\ext;C:\WINDOWS\Sun\Java\lib\ext"/>
    <property name="sun.io.unicode.encoding" value="UnicodeLittle"/>
    <property name="java.class.version" value="52.0"/>
  </properties>
  <testcase name="thisIsASkippedTest" classname="com.studentapp.junit.FirstSerentiyTest" time="0">
    <skipped/>
    <system-out><![CDATA[10:22:40.103 [main] DEBUG n.t.c.u.PropertiesFileLocalPreferences - LOADING LOCAL PROPERTIES FROM C:\Users\m1027514\Desktop\SerenityTestProject\StudentApp\serenity.properties 
10:22:40.110 [main] DEBUG n.t.c.u.PropertiesFileLocalPreferences - LOADING LOCAL PROPERTIES FROM C:\Users\m1027514\Desktop\SerenityTestProject\StudentApp\serenity.properties 
10:22:40.111 [main] DEBUG n.t.c.u.PropertiesFileLocalPreferences - LOADING LOCAL PROPERTIES FROM C:\Users\m1027514\Desktop\SerenityTestProject\StudentApp\serenity.properties 
10:22:40.142 [main] DEBUG n.t.c.u.PropertiesFileLocalPreferences - serenity.compromised.on=java.io.FileNotFoundException
10:22:40.144 [main] DEBUG n.t.c.u.PropertiesFileLocalPreferences - serenity.project.name=StudentApp
10:22:40.168 [main] DEBUG n.t.c.u.PropertiesFileLocalPreferences - LOADING LOCAL PROPERTIES FROM C:\Users\m1027514\Desktop\SerenityTestProject\StudentApp\serenity.properties 
10:22:40.169 [main] DEBUG n.t.c.u.PropertiesFileLocalPreferences - LOADING LOCAL PROPERTIES FROM C:\Users\m1027514\Desktop\SerenityTestProject\StudentApp\serenity.properties 
10:22:40.170 [main] DEBUG n.t.c.u.PropertiesFileLocalPreferences - LOADING LOCAL PROPERTIES FROM C:\Users\m1027514\Desktop\SerenityTestProject\StudentApp\serenity.properties 
10:22:40.209 [main] DEBUG n.t.c.u.PropertiesFileLocalPreferences - serenity.compromised.on=java.io.FileNotFoundException
10:22:40.213 [main] DEBUG n.t.c.u.PropertiesFileLocalPreferences - serenity.project.name=StudentApp
10:22:41.645 [main] INFO  n.t.c.steps.ConsoleLoggingListener - 

-------------------------------------------------------------------------------------
     _______. _______ .______       _______ .__   __.  __  .___________.____    ____ 
    /       ||   ____||   _  \     |   ____||  \ |  | |  | |           |\   \  /   / 
   |   (----`|  |__   |  |_)  |    |  |__   |   \|  | |  | `---|  |----` \   \/   /  
    \   \    |   __|  |      /     |   __|  |  . `  | |  |     |  |       \_    _/   
.----)   |   |  |____ |  |\  \----.|  |____ |  |\   | |  |     |  |         |  |     
|_______/    |_______|| _| `._____||_______||__| \__| |__|     |__|         |__|    
                                                                                     
 News and tutorials at http://www.serenity-bdd.info                                  
 Documentation at https://wakaleo.gitbooks.io/the-serenity-book/content/             
 Join the Serenity Community on Rocket Chat at https://serenity-bdd.rocket.chat      
 Serenity BDD Support and Training at http://serenity-bdd.info/#/trainingandsupport  
 Learn Serenity BDD online at http://serenity-dojo.com                               
-------------------------------------------------------------------------------------

10:22:44.461 [main] DEBUG n.thucydides.core.steps.StepEventBus - Test suite started for class com.studentapp.junit.FirstSerentiyTest
10:22:44.569 [main] INFO  n.t.c.steps.ConsoleLoggingListener - Test Suite Started: First serentiy test
10:22:45.253 [main] INFO  n.t.c.steps.ConsoleLoggingListener - 
 _____ _____ ____ _____   ____ _____  _    ____ _____ _____ ____  
|_   _| ____/ ___|_   _| / ___|_   _|/ \  |  _ \_   _| ____|  _ \ 
  | | |  _| \___ \ | |   \___ \ | | / _ \ | |_) || | |  _| | | | |
  | | | |___ ___) || |    ___) || |/ ___ \|  _ < | | | |___| |_| |
  |_| |_____|____/ |_|   |____/ |_/_/   \_\_| \_\|_| |_____|____/ 
                                                                  

TEST STARTED: thisIsASkippedTest
-------------------------------------------------------------------
10:22:45.254 [main] INFO  net.serenitybdd.core.Serenity - TEST NUMBER: 1
10:22:45.258 [main] INFO  n.t.c.steps.ConsoleLoggingListener - TEST IGNORED
10:22:45.408 [main] DEBUG n.t.core.requirements.RootDirectory - Resource directories found in  in 104 ms: [src\test\resources]
10:22:45.427 [main] DEBUG n.t.core.requirements.RootDirectory - Resource directories found in C:\Users\m1027514\Desktop\SerenityTestProject\StudentApp in 12 ms: [C:\Users\m1027514\Desktop\SerenityTestProject\StudentApp\src\test\resources]
10:22:45.556 [main] INFO  n.t.c.steps.ConsoleLoggingListener - 
            __  _____ _____ ____ _____   ____  _  _____ ____  ____  _____ ____  
  _        / / |_   _| ____/ ___|_   _| / ___|| |/ /_ _|  _ \|  _ \| ____|  _ \ 
 (_)_____ / /    | | |  _| \___ \ | |   \___ \| ' / | || |_) | |_) |  _| | | | |
  _|_____/ /     | | | |___ ___) || |    ___) | . \ | ||  __/|  __/| |___| |_| |
 (_)    /_/      |_| |_____|____/ |_|   |____/|_|\_\___|_|   |_|   |_____|____/ 
                                                                                

TEST SKIPPED: This is a skipped test
---------------------------------------------------------------------------------
]]></system-out>
  </testcase>
  <testcase name="thisIsAPendingTest" classname="com.studentapp.junit.FirstSerentiyTest" time="0">
    <skipped/>
    <system-out><![CDATA[10:22:45.606 [main] INFO  n.t.c.steps.ConsoleLoggingListener - 
 _____ _____ ____ _____   ____ _____  _    ____ _____ _____ ____  
|_   _| ____/ ___|_   _| / ___|_   _|/ \  |  _ \_   _| ____|  _ \ 
  | | |  _| \___ \ | |   \___ \ | | / _ \ | |_) || | |  _| | | | |
  | | | |___ ___) || |    ___) || |/ ___ \|  _ < | | | |___| |_| |
  |_| |_____|____/ |_|   |____/ |_/_/   \_\_| \_\|_| |_____|____/ 
                                                                  

TEST STARTED: thisIsAPendingTest
-------------------------------------------------------------------
10:22:45.606 [main] INFO  net.serenitybdd.core.Serenity - TEST NUMBER: 2
10:22:45.607 [main] INFO  n.t.c.steps.ConsoleLoggingListener - TEST PENDING
10:22:45.611 [main] INFO  n.t.c.steps.ConsoleLoggingListener - 
          __  _____ _____ ____ _____   ____  _____ _   _ ____ ___ _   _  ____ 
 _       / / |_   _| ____/ ___|_   _| |  _ \| ____| \ | |  _ \_ _| \ | |/ ___|
(_)____ / /    | | |  _| \___ \ | |   | |_) |  _| |  \| | | | | ||  \| | |  _ 
 |_____/ /     | | | |___ ___) || |   |  __/| |___| |\  | |_| | || |\  | |_| |
(_)   /_/      |_| |_____|____/ |_|   |_|   |_____|_| \_|____/___|_| \_|\____|
                                                                                

TEST PENDING: This is a pending test
---------------------------------------------------------------------------------
]]></system-out>
  </testcase>
  <testcase name="thisIsAManualTest" classname="com.studentapp.junit.FirstSerentiyTest" time="0">
    <skipped/>
    <system-out><![CDATA[10:22:45.613 [main] INFO  n.t.c.steps.ConsoleLoggingListener - 
 _____ _____ ____ _____   ____ _____  _    ____ _____ _____ ____  
|_   _| ____/ ___|_   _| / ___|_   _|/ \  |  _ \_   _| ____|  _ \ 
  | | |  _| \___ \ | |   \___ \ | | / _ \ | |_) || | |  _| | | | |
  | | | |___ ___) || |    ___) || |/ ___ \|  _ < | | | |___| |_| |
  |_| |_____|____/ |_|   |____/ |_/_/   \_\_| \_\|_| |_____|____/ 
                                                                  

TEST STARTED: thisIsAManualTest
-------------------------------------------------------------------
10:22:45.613 [main] INFO  net.serenitybdd.core.Serenity - TEST NUMBER: 3
10:22:45.619 [main] INFO  n.t.c.steps.ConsoleLoggingListener - TEST MANUAL
10:22:45.685 [main] INFO  n.t.c.steps.ConsoleLoggingListener - TEST PENDING
]]></system-out>
  </testcase>
  <testcase name="thisIsATestWithError" classname="com.studentapp.junit.FirstSerentiyTest" time="0.003">
    <error message="/ by zero" type="java.lang.ArithmeticException">java.lang.ArithmeticException: / by zero
	at com.studentapp.junit.FirstSerentiyTest.thisIsATestWithError(FirstSerentiyTest.java:51)
</error>
    <system-out><![CDATA[10:22:45.715 [main] INFO  n.t.c.steps.ConsoleLoggingListener - 
 _____ _____ ____ _____   ____ _____  _    ____ _____ _____ ____  
|_   _| ____/ ___|_   _| / ___|_   _|/ \  |  _ \_   _| ____|  _ \ 
  | | |  _| \___ \ | |   \___ \ | | / _ \ | |_) || | |  _| | | | |
  | | | |___ ___) || |    ___) || |/ ___ \|  _ < | | | |___| |_| |
  |_| |_____|____/ |_|   |____/ |_/_/   \_\_| \_\|_| |_____|____/ 
                                                                  

TEST STARTED: thisIsATestWithError
-------------------------------------------------------------------
10:22:45.716 [main] INFO  net.serenitybdd.core.Serenity - TEST NUMBER: 4
]]></system-out>
  </testcase>
  <testcase name="thisIsaFailing" classname="com.studentapp.junit.FirstSerentiyTest" time="49.412">
    <failure message="1 expectation failed.&#10;Expected status code &lt;500&gt; but was &lt;200&gt;.&#10;" type="java.lang.AssertionError"><![CDATA[java.lang.AssertionError: 
1 expectation failed.
Expected status code <500> but was <200>.

	at com.studentapp.junit.FirstSerentiyTest.thisIsaFailing(FirstSerentiyTest.java:34)
]]></failure>
    <system-out><![CDATA[10:22:45.812 [main] ERROR n.t.c.steps.ConsoleLoggingListener - 
           __  _____ _____ ____ _____   _____ _    ___ _     _____ ____  
  _       / / |_   _| ____/ ___|_   _| |  ___/ \  |_ _| |   | ____|  _ \ 
 (_)_____| |    | | |  _| \___ \ | |   | |_ / _ \  | || |   |  _| | | | |
  _|_____| |    | | | |___ ___) || |   |  _/ ___ \ | || |___| |___| |_| |
 (_)     | |    |_| |_____|____/ |_|   |_|/_/   \_\___|_____|_____|____/ 
          \_\                                                            

TEST FAILED WITH ERROR: This is a test with error
---------------------------------------------------------------------
10:22:45.886 [main] DEBUG n.t.c.steps.ConsoleLoggingListener - RELATED ISSUES: 
10:22:45.888 [main] ERROR n.t.c.steps.ConsoleLoggingListener - / by zero
10:22:45.905 [main] INFO  n.t.c.steps.ConsoleLoggingListener - 
 _____ _____ ____ _____   ____ _____  _    ____ _____ _____ ____  
|_   _| ____/ ___|_   _| / ___|_   _|/ \  |  _ \_   _| ____|  _ \ 
  | | |  _| \___ \ | |   \___ \ | | / _ \ | |_) || | |  _| | | | |
  | | | |___ ___) || |    ___) || |/ ___ \|  _ < | | | |___| |_| |
  |_| |_____|____/ |_|   |____/ |_/_/   \_\_| \_\|_| |_____|____/ 
                                                                  

TEST STARTED: thisIsaFailing
-------------------------------------------------------------------
10:22:45.906 [main] INFO  net.serenitybdd.core.Serenity - TEST NUMBER: 5
HTTP/1.1 200 
Content-Type: application/json;charset=UTF-8
Transfer-Encoding: chunked
Date: Tue, 09 Apr 2019 14:23:12 GMT

[
    {
        "id": 1,
        "firstName": "Vernon",
        "lastName": "Harper",
        "email": "egestas.rhoncus.Proin@massaQuisqueporttitor.org",
        "programme": "Financial Analysis",
        "courses": [
            "Accounting",
            "Statistics"
        ]
    },
    {
        "id": 2,
        "firstName": "Murphy",
        "lastName": "Holmes",
        "email": "faucibus.orci.luctus@Duisac.net",
        "programme": "Financial Analysis",
        "courses": [
            "Accounting",
            "Statistics"
        ]
    },
    {
        "id": 3,
        "firstName": "Reece",
        "lastName": "Jason",
        "email": "tincidunt.dui@ultricessit.co.uk",
        "programme": "Computer Science",
        "courses": [
            "Calculus",
            "Algorithms",
            "Software Development",
            "Ethics"
        ]
    },
    {
        "id": 4,
        "firstName": "Orson",
        "lastName": "Armando",
        "email": "nascetur@conguea.com",
        "programme": "Computer Science",
        "courses": [
            "Calculus",
            "Algorithms",
            "Software Development",
            "Ethics"
        ]
    },
    {
        "id": 5,
        "firstName": "Cullen",
        "lastName": "Craig",
        "email": "imperdiet.ullamcorper@nonenimMauris.co.uk",
        "programme": "Disaster Management",
        "courses": [
            "Disaster Preparedness"
        ]
    },
    {
        "id": 6,
        "firstName": "Harper",
        "lastName": "Rashad",
        "email": "vestibulum@ridiculusmus.edu",
        "programme": "Disaster Management",
        "courses": [
            "Disaster Preparedness"
        ]
    },
    {
        "id": 7,
        "firstName": "Roth",
        "lastName": "Grant",
        "email": "eu.tellus@anuncIn.edu",
        "programme": "Mechanical Engineering",
        "courses": [
            "Machine Element Design",
            "Engineering Analysis I",
            "Calculus & Linear Algebra I "
        ]
    },
    {
        "id": 8,
        "firstName": "Jermaine",
        "lastName": "Alden",
        "email": "scelerisque.sed@senectuset.org",
        "programme": "Law",
        "courses": [
            "Criminal Law",
            "Constitutional Law",
            "Property Law",
            "Contracts"
        ]
    },
    {
        "id": 9,
        "firstName": "Sebastian",
        "lastName": "Jesse",
        "email": "faucibus@sed.co.uk",
        "programme": "Medicine",
        "courses": [
            "Anatomy",
            "Biochemistry",
            "Genetics",
            "Human Behavior."
        ]
    },
    {
        "id": 10,
        "firstName": "Todd",
        "lastName": "Beck",
        "email": "Fusce.dolor.quam@commodoauctor.org",
        "programme": "Financial Analysis",
        "courses": [
            "Accounting",
            "Statistics"
        ]
    },
    {
        "id": 11,
        "firstName": "Giacomo",
        "lastName": "Raphael",
        "email": "magnis.dis@idmagnaet.com",
        "programme": "Medicine",
        "courses": [
            "Anatomy",
            "Biochemistry",
            "Genetics",
            "Human Behavior."
        ]
    },
    {
        "id": 12,
        "firstName": "Chadwick",
        "lastName": "Lawrence",
        "email": "turpis.non.enim@sociisnatoque.com",
        "programme": "Criminology",
        "courses": [
            "Criminal Mind",
            "Gender, Crime and Justice ",
            "Philosophy of Law "
        ]
    },
    {
        "id": 13,
        "firstName": "Zachary",
        "lastName": "Vance",
        "email": "In.tincidunt.congue@Quisque.com",
        "programme": "Criminology",
        "courses": [
            "Criminal Mind",
            "Gender, Crime and Justice ",
            "Philosophy of Law "
        ]
    },
    {
        "id": 14,
        "firstName": "Denton",
        "lastName": "Walker",
        "email": "Integer.sem@iaculisodioNam.edu",
        "programme": "Mechanical Engineering",
        "courses": [
            "Machine Element Design",
            "Engineering Analysis I",
            "Calculus & Linear Algebra I "
        ]
    },
    {
        "id": 15,
        "firstName": "Hakeem",
        "lastName": "Fitzgerald",
        "email": "accumsan@luctuset.edu",
        "programme": "Financial Analysis",
        "courses": [
            "Accounting",
            "Statistics"
        ]
    },
    {
        "id": 16,
        "firstName": "Jakeem",
        "lastName": "Philip",
        "email": "montes.nascetur.ridiculus@loremDonec.com",
        "programme": "Mechanical Engineering",
        "courses": [
            "Machine Element Design",
            "Engineering Analysis I",
            "Calculus & Linear Algebra I "
        ]
    },
    {
        "id": 17,
        "firstName": "Amal",
        "lastName": "Emery",
        "email": "turpis.egestas.Aliquam@fermentum.net",
        "programme": "Computer Science",
        "courses": [
            "Calculus",
            "Algorithms",
            "Software Development",
            "Ethics"
        ]
    },
    {
        "id": 18,
        "firstName": "Reed",
        "lastName": "Wylie",
        "email": "Suspendisse.aliquet.sem@atrisus.org",
        "programme": "Medicine",
        "courses": [
            "Anatomy",
            "Biochemistry",
            "Genetics",
            "Human Behavior."
        ]
    },
    {
        "id": 19,
        "firstName": "Lev",
        "lastName": "Philip",
        "email": "dolor.elit.pellentesque@enimEtiamimperdiet.ca",
        "programme": "Computer Science",
        "courses": [
            "Calculus",
            "Algorithms",
            "Software Development",
            "Ethics"
        ]
    },
    {
        "id": 20,
        "firstName": "Lamar",
        "lastName": "Berk",
        "email": "leo.Vivamus@sit.org",
        "programme": "Medicine",
        "courses": [
            "Anatomy",
            "Biochemistry",
            "Genetics",
            "Human Behavior."
        ]
    },
    {
        "id": 21,
        "firstName": "Nathaniel",
        "lastName": "Colton",
        "email": "hendrerit@et.co.uk",
        "programme": "Medicine",
        "courses": [
            "Anatomy",
            "Biochemistry",
            "Genetics",
            "Human Behavior."
        ]
    },
    {
        "id": 22,
        "firstName": "Kennan",
        "lastName": "Jacob",
        "email": "vel.vulputate@vitaedolorDonec.ca",
        "programme": "Financial Analysis",
        "courses": [
            "Accounting",
            "Statistics"
        ]
    },
    {
        "id": 23,
        "firstName": "Omar",
        "lastName": "Colt",
        "email": "venenatis.a@Pellentesque.co.uk",
        "programme": "Mechanical Engineering",
        "courses": [
            "Machine Element Design",
            "Engineering Analysis I",
            "Calculus & Linear Algebra I "
        ]
    },
    {
        "id": 24,
        "firstName": "Tanek",
        "lastName": "Scott",
        "email": "Sed.malesuada@porttitoreros.ca",
        "programme": "Criminology",
        "courses": [
            "Criminal Mind",
            "Gender, Crime and Justice ",
            "Philosophy of Law "
        ]
    },
    {
        "id": 25,
        "firstName": "Paki",
        "lastName": "Samson",
        "email": "ornare@Mauriseuturpis.edu",
        "programme": "Law",
        "courses": [
            "Criminal Law",
            "Constitutional Law",
            "Property Law",
            "Contracts"
        ]
    },
    {
        "id": 26,
        "firstName": "James",
        "lastName": "Jonah",
        "email": "Nullam@Cras.net",
        "programme": "Mechanical Engineering",
        "courses": [
            "Machine Element Design",
            "Engineering Analysis I",
            "Calculus & Linear Algebra I "
        ]
    },
    {
        "id": 27,
        "firstName": "Cade",
        "lastName": "Vernon",
        "email": "pharetra.sed@Aliquamvulputateullamcorper.ca",
        "programme": "Mechanical Engineering",
        "courses": [
            "Machine Element Design",
            "Engineering Analysis I",
            "Calculus & Linear Algebra I "
        ]
    },
    {
        "id": 28,
        "firstName": "Quentin",
        "lastName": "Chadwick",
        "email": "sed.turpis.nec@risusQuisque.ca",
        "programme": "Mechanical Engineering",
        "courses": [
            "Machine Element Design",
            "Engineering Analysis I",
            "Calculus & Linear Algebra I "
        ]
    },
    {
        "id": 29,
        "firstName": "Arden",
        "lastName": "Abel",
        "email": "consequat.enim@ultricessit.com",
        "programme": "Law",
        "courses": [
            "Criminal Law",
            "Constitutional Law",
            "Property Law",
            "Contracts"
        ]
    },
    {
        "id": 30,
        "firstName": "Lars",
        "lastName": "Keith",
        "email": "Fusce@Quisquefringillaeuismod.org",
        "programme": "Medicine",
        "courses": [
            "Anatomy",
            "Biochemistry",
            "Genetics",
            "Human Behavior."
        ]
    },
    {
        "id": 31,
        "firstName": "Emmanuel",
        "lastName": "Gavin",
        "email": "ornare.libero@perinceptoshymenaeos.co.uk",
        "programme": "Criminology",
        "courses": [
            "Criminal Mind",
            "Gender, Crime and Justice ",
            "Philosophy of Law "
        ]
    },
    {
        "id": 32,
        "firstName": "Noah",
        "lastName": "Oren",
        "email": "Proin.vel@placerat.org",
        "programme": "Law",
        "courses": [
            "Criminal Law",
            "Constitutional Law",
            "Property Law",
            "Contracts"
        ]
    },
    {
        "id": 33,
        "firstName": "Mason",
        "lastName": "Barry",
        "email": "id@incursus.co.uk",
        "programme": "Law",
        "courses": [
            "Criminal Law",
            "Constitutional Law",
            "Property Law",
            "Contracts"
        ]
    },
    {
        "id": 34,
        "firstName": "Elliott",
        "lastName": "Brady",
        "email": "Vestibulum@adlitora.net",
        "programme": "Law",
        "courses": [
            "Criminal Law",
            "Constitutional Law",
            "Property Law",
            "Contracts"
        ]
    },
    {
        "id": 35,
        "firstName": "Nero",
        "lastName": "Brett",
        "email": "amet.ante@sit.com",
        "programme": "Disaster Management",
        "courses": [
            "Disaster Preparedness"
        ]
    },
    {
        "id": 36,
        "firstName": "Elvis",
        "lastName": "Abraham",
        "email": "neque@interdumfeugiat.net",
        "programme": "Disaster Management",
        "courses": [
            "Disaster Preparedness"
        ]
    },
    {
        "id": 37,
        "firstName": "Kieran",
        "lastName": "Ross",
        "email": "magnis.dis.parturient@laciniaorci.edu",
        "programme": "Disaster Management",
        "courses": [
            "Disaster Preparedness"
        ]
    },
    {
        "id": 38,
        "firstName": "Noah",
        "lastName": "Merrill",
        "email": "et@ipsum.net",
        "programme": "Medicine",
        "courses": [
            "Anatomy",
            "Biochemistry",
            "Genetics",
            "Human Behavior."
        ]
    },
    {
        "id": 39,
        "firstName": "Peter",
        "lastName": "Noble",
        "email": "turpis@sagittisplaceratCras.ca",
        "programme": "Computer Science",
        "courses": [
            "Calculus",
            "Algorithms",
            "Software Development",
            "Ethics"
        ]
    },
    {
        "id": 40,
        "firstName": "Axel",
        "lastName": "Bradley",
        "email": "ridiculus.mus@tempus.net",
        "programme": "Mechanical Engineering",
        "courses": [
            "Machine Element Design",
            "Engineering Analysis I",
            "Calculus & Linear Algebra I "
        ]
    },
    {
        "id": 41,
        "firstName": "Hashim",
        "lastName": "Chancellor",
        "email": "at.pretium@eleifendvitae.net",
        "programme": "Medicine",
        "courses": [
            "Anatomy",
            "Biochemistry",
            "Genetics",
            "Human Behavior."
        ]
    },
    {
        "id": 42,
        "firstName": "Alan",
        "lastName": "Connor",
        "email": "vel.turpis.Aliquam@metus.org",
        "programme": "Mechanical Engineering",
        "courses": [
            "Machine Element Design",
            "Engineering Analysis I",
            "Calculus & Linear Algebra I "
        ]
    },
    {
        "id": 43,
        "firstName": "Abel",
        "lastName": "Rudyard",
        "email": "orci.luctus.et@posuere.com",
        "programme": "Computer Science",
        "courses": [
            "Calculus",
            "Algorithms",
            "Software Development",
            "Ethics"
        ]
    },
    {
        "id": 44,
        "firstName": "Cedric",
        "lastName": "Zeus",
        "email": "Quisque.tincidunt@nullaanteiaculis.co.uk",
        "programme": "Law",
        "courses": [
            "Criminal Law",
            "Constitutional Law",
            "Property Law",
            "Contracts"
        ]
    },
    {
        "id": 45,
        "firstName": "Boris",
        "lastName": "Kato",
        "email": "dictum@tortorInteger.org",
        "programme": "Medicine",
        "courses": [
            "Anatomy",
            "Biochemistry",
            "Genetics",
            "Human Behavior."
        ]
    },
    {
        "id": 46,
        "firstName": "Walter",
        "lastName": "Phelan",
        "email": "diam@nectellusNunc.edu",
        "programme": "Law",
        "courses": [
            "Criminal Law",
            "Constitutional Law",
            "Property Law",
            "Contracts"
        ]
    },
    {
        "id": 47,
        "firstName": "Preston",
        "lastName": "Branden",
        "email": "sagittis.semper@urnaNullam.net",
        "programme": "Criminology",
        "courses": [
            "Criminal Mind",
            "Gender, Crime and Justice ",
            "Philosophy of Law "
        ]
    },
    {
        "id": 48,
        "firstName": "Kane",
        "lastName": "Alec",
        "email": "dignissim.Maecenas.ornare@adui.edu",
        "programme": "Law",
        "courses": [
            "Criminal Law",
            "Constitutional Law",
            "Property Law",
            "Contracts"
        ]
    },
    {
        "id": 49,
        "firstName": "Igor",
        "lastName": "Ezra",
        "email": "cursus.non.egestas@laciniaorci.net",
        "programme": "Criminology",
        "courses": [
            "Criminal Mind",
            "Gender, Crime and Justice ",
            "Philosophy of Law "
        ]
    },
    {
        "id": 50,
        "firstName": "Yoshio",
        "lastName": "Kato",
        "email": "Vivamus.rhoncus@semutcursus.ca",
        "programme": "Disaster Management",
        "courses": [
            "Disaster Preparedness"
        ]
    },
    {
        "id": 51,
        "firstName": "Fletcher",
        "lastName": "Vance",
        "email": "orci.lacus@hendreritDonecporttitor.net",
        "programme": "Computer Science",
        "courses": [
            "Calculus",
            "Algorithms",
            "Software Development",
            "Ethics"
        ]
    },
    {
        "id": 52,
        "firstName": "Burton",
        "lastName": "Merrill",
        "email": "mauris@malesuada.ca",
        "programme": "Law",
        "courses": [
            "Criminal Law",
            "Constitutional Law",
            "Property Law",
            "Contracts"
        ]
    },
    {
        "id": 53,
        "firstName": "Rafael",
        "lastName": "Vladimir",
        "email": "mauris.ipsum.porta@sit.ca",
        "programme": "Law",
        "courses": [
            "Criminal Law",
            "Constitutional Law",
            "Property Law",
            "Contracts"
        ]
    },
    {
        "id": 54,
        "firstName": "Dolan",
        "lastName": "Hyatt",
        "email": "augue.malesuada@Pellentesqueut.net",
        "programme": "Computer Science",
        "courses": [
            "Calculus",
            "Algorithms",
            "Software Development",
            "Ethics"
        ]
    },
    {
        "id": 55,
        "firstName": "Driscoll",
        "lastName": "Russell",
        "email": "Lorem.ipsum.dolor@eu.co.uk",
        "programme": "Computer Science",
        "courses": [
            "Calculus",
            "Algorithms",
            "Software Development",
            "Ethics"
        ]
    },
    {
        "id": 56,
        "firstName": "Boris",
        "lastName": "Dexter",
        "email": "purus@mollis.co.uk",
        "programme": "Law",
        "courses": [
            "Criminal Law",
            "Constitutional Law",
            "Property Law",
            "Contracts"
        ]
    },
    {
        "id": 57,
        "firstName": "Maxwell",
        "lastName": "Tarik",
        "email": "pharetra.Quisque.ac@facilisisSuspendisse.edu",
        "programme": "Criminology",
        "courses": [
            "Criminal Mind",
            "Gender, Crime and Justice ",
            "Philosophy of Law "
        ]
    },
    {
        "id": 58,
        "firstName": "Nero",
        "lastName": "Ulysses",
        "email": "inceptos.hymenaeos.Mauris@Proin.edu",
        "programme": "Financial Analysis",
        "courses": [
            "Accounting",
            "Statistics"
        ]
    },
    {
        "id": 59,
        "firstName": "Chase",
        "lastName": "Laith",
        "email": "ridiculus.mus.Donec@netus.org",
        "programme": "Mechanical Engineering",
        "courses": [
            "Machine Element Design",
            "Engineering Analysis I",
            "Calculus & Linear Algebra I "
        ]
    },
    {
        "id": 60,
        "firstName": "Dominic",
        "lastName": "Malcolm",
        "email": "mi.felis.adipiscing@liberoettristique.edu",
        "programme": "Criminology",
        "courses": [
            "Criminal Mind",
            "Gender, Crime and Justice ",
            "Philosophy of Law "
        ]
    },
    {
        "id": 61,
        "firstName": "Ross",
        "lastName": "Hedley",
        "email": "Ut.tincidunt.vehicula@nuncidenim.edu",
        "programme": "Criminology",
        "courses": [
            "Criminal Mind",
            "Gender, Crime and Justice ",
            "Philosophy of Law "
        ]
    },
    {
        "id": 62,
        "firstName": "Abel",
        "lastName": "Garrett",
        "email": "rhoncus@sociisnatoquepenatibus.ca",
        "programme": "Financial Analysis",
        "courses": [
            "Accounting",
            "Statistics"
        ]
    },
    {
        "id": 63,
        "firstName": "Nero",
        "lastName": "Clarke",
        "email": "eget.metus.In@disparturientmontes.org",
        "programme": "Computer Science",
        "courses": [
            "Calculus",
            "Algorithms",
            "Software Development",
            "Ethics"
        ]
    },
    {
        "id": 64,
        "firstName": "Thane",
        "lastName": "Carl",
        "email": "ut.nulla@netuset.co.uk",
        "programme": "Criminology",
        "courses": [
            "Criminal Mind",
            "Gender, Crime and Justice ",
            "Philosophy of Law "
        ]
    },
    {
        "id": 65,
        "firstName": "Jerome",
        "lastName": "Jackson",
        "email": "ac.turpis@facilisislorem.net",
        "programme": "Computer Science",
        "courses": [
            "Calculus",
            "Algorithms",
            "Software Development",
            "Ethics"
        ]
    },
    {
        "id": 66,
        "firstName": "Tate",
        "lastName": "Martin",
        "email": "ante.blandit@semeget.org",
        "programme": "Law",
        "courses": [
            "Criminal Law",
            "Constitutional Law",
            "Property Law",
            "Contracts"
        ]
    },
    {
        "id": 67,
        "firstName": "Caldwell",
        "lastName": "Daniel",
        "email": "lobortis@nequevenenatislacus.net",
        "programme": "Medicine",
        "courses": [
            "Anatomy",
            "Biochemistry",
            "Genetics",
            "Human Behavior."
        ]
    },
    {
        "id": 68,
        "firstName": "Lucian",
        "lastName": "Holmes",
        "email": "Cras@lorem.org",
        "programme": "Medicine",
        "courses": [
            "Anatomy",
            "Biochemistry",
            "Genetics",
            "Human Behavior."
        ]
    },
    {
        "id": 69,
        "firstName": "Akeem",
        "lastName": "Herrod",
        "email": "vel.venenatis@Nullamvelit.com",
        "programme": "Disaster Management",
        "courses": [
            "Disaster Preparedness"
        ]
    },
    {
        "id": 70,
        "firstName": "Vance",
        "lastName": "Colin",
        "email": "quam.vel.sapien@vellectusCum.org",
        "programme": "Disaster Management",
        "courses": [
            "Disaster Preparedness"
        ]
    },
    {
        "id": 71,
        "firstName": "Austin",
        "lastName": "Jelani",
        "email": "Nulla@nuncid.net",
        "programme": "Medicine",
        "courses": [
            "Anatomy",
            "Biochemistry",
            "Genetics",
            "Human Behavior."
        ]
    },
    {
        "id": 72,
        "firstName": "Jackson",
        "lastName": "Honorato",
        "email": "In@vestibulumlorem.com",
        "programme": "Criminology",
        "courses": [
            "Criminal Mind",
            "Gender, Crime and Justice ",
            "Philosophy of Law "
        ]
    },
    {
        "id": 73,
        "firstName": "Lee",
        "lastName": "Acton",
        "email": "rutrum@mattis.org",
        "programme": "Mechanical Engineering",
        "courses": [
            "Machine Element Design",
            "Engineering Analysis I",
            "Calculus & Linear Algebra I "
        ]
    },
    {
        "id": 74,
        "firstName": "Aquila",
        "lastName": "Sylvester",
        "email": "Aliquam.ultrices.iaculis@duiquisaccumsan.co.uk",
        "programme": "Criminology",
        "courses": [
            "Criminal Mind",
            "Gender, Crime and Justice ",
            "Philosophy of Law "
        ]
    },
    {
        "id": 75,
        "firstName": "Baker",
        "lastName": "Cairo",
        "email": "fermentum@diam.com",
        "programme": "Financial Analysis",
        "courses": [
            "Accounting",
            "Statistics"
        ]
    },
    {
        "id": 76,
        "firstName": "Samuel",
        "lastName": "Kibo",
        "email": "semper@enimcommodohendrerit.co.uk",
        "programme": "Criminology",
        "courses": [
            "Criminal Mind",
            "Gender, Crime and Justice ",
            "Philosophy of Law "
        ]
    },
    {
        "id": 77,
        "firstName": "Byron",
        "lastName": "Warren",
        "email": "enim.Etiam.imperdiet@sitamet.ca",
        "programme": "Mechanical Engineering",
        "courses": [
            "Machine Element Design",
            "Engineering Analysis I",
            "Calculus & Linear Algebra I "
        ]
    },
    {
        "id": 78,
        "firstName": "Declan",
        "lastName": "Barclay",
        "email": "Proin.nisl.sem@Aliquamnecenim.org",
        "programme": "Mechanical Engineering",
        "courses": [
            "Machine Element Design",
            "Engineering Analysis I",
            "Calculus & Linear Algebra I "
        ]
    },
    {
        "id": 79,
        "firstName": "Robert",
        "lastName": "Cullen",
        "email": "in.dolor@pede.co.uk",
        "programme": "Disaster Management",
        "courses": [
            "Disaster Preparedness"
        ]
    },
    {
        "id": 80,
        "firstName": "Troy",
        "lastName": "Simon",
        "email": "Cras.vulputate.velit@ornare.org",
        "programme": "Criminology",
        "courses": [
            "Criminal Mind",
            "Gender, Crime and Justice ",
            "Philosophy of Law "
        ]
    },
    {
        "id": 81,
        "firstName": "Tiger",
        "lastName": "Wylie",
        "email": "risus.quis.diam@Proin.ca",
        "programme": "Disaster Management",
        "courses": [
            "Disaster Preparedness"
        ]
    },
    {
        "id": 82,
        "firstName": "Herrod",
        "lastName": "Adam",
        "email": "hendrerit.neque@a.co.uk",
        "programme": "Medicine",
        "courses": [
            "Anatomy",
            "Biochemistry",
            "Genetics",
            "Human Behavior."
        ]
    },
    {
        "id": 83,
        "firstName": "Yuli",
        "lastName": "Griffin",
        "email": "ipsum.non@vitae.co.uk",
        "programme": "Criminology",
        "courses": [
            "Criminal Mind",
            "Gender, Crime and Justice ",
            "Philosophy of Law "
        ]
    },
    {
        "id": 84,
        "firstName": "Chancellor",
        "lastName": "Ali",
        "email": "ultrices@Nullam.net",
        "programme": "Medicine",
        "courses": [
            "Anatomy",
            "Biochemistry",
            "Genetics",
            "Human Behavior."
        ]
    },
    {
        "id": 85,
        "firstName": "Charles",
        "lastName": "Randall",
        "email": "ipsum.porta.elit@morbitristique.net",
        "programme": "Law",
        "courses": [
            "Criminal Law",
            "Constitutional Law",
            "Property Law",
            "Contracts"
        ]
    },
    {
        "id": 86,
        "firstName": "Lucius",
        "lastName": "Gage",
        "email": "auctor.vitae.aliquet@parturient.org",
        "programme": "Disaster Management",
        "courses": [
            "Disaster Preparedness"
        ]
    },
    {
        "id": 87,
        "firstName": "Richard",
        "lastName": "Dane",
        "email": "Nulla.eget@musDonecdignissim.co.uk",
        "programme": "Mechanical Engineering",
        "courses": [
            "Machine Element Design",
            "Engineering Analysis I",
            "Calculus & Linear Algebra I "
        ]
    },
    {
        "id": 88,
        "firstName": "Addison",
        "lastName": "Jermaine",
        "email": "est.Mauris@et.co.uk",
        "programme": "Disaster Management",
        "courses": [
            "Disaster Preparedness"
        ]
    },
    {
        "id": 89,
        "firstName": "Acton",
        "lastName": "Elliott",
        "email": "sem.eget@posuerecubiliaCurae.ca",
        "programme": "Medicine",
        "courses": [
            "Anatomy",
            "Biochemistry",
            "Genetics",
            "Human Behavior."
        ]
    },
    {
        "id": 90,
        "firstName": "Channing",
        "lastName": "Howard",
        "email": "est.congue@velit.com",
        "programme": "Medicine",
        "courses": [
            "Anatomy",
            "Biochemistry",
            "Genetics",
            "Human Behavior."
        ]
    },
    {
        "id": 91,
        "firstName": "Darius",
        "lastName": "Nehru",
        "email": "risus.varius.orci@sitamet.edu",
        "programme": "Medicine",
        "courses": [
            "Anatomy",
            "Biochemistry",
            "Genetics",
            "Human Behavior."
        ]
    },
    {
        "id": 92,
        "firstName": "Walter",
        "lastName": "Arsenio",
        "email": "a.ultricies@duiFusce.edu",
        "programme": "Financial Analysis",
        "courses": [
            "Accounting",
            "Statistics"
        ]
    },
    {
        "id": 93,
        "firstName": "Dieter",
        "lastName": "Matthew",
        "email": "a@pretium.ca",
        "programme": "Mechanical Engineering",
        "courses": [
            "Machine Element Design",
            "Engineering Analysis I",
            "Calculus & Linear Algebra I "
        ]
    },
    {
        "id": 94,
        "firstName": "Evan",
        "lastName": "Yoshio",
        "email": "sapien.gravida.non@noncursus.com",
        "programme": "Financial Analysis",
        "courses": [
            "Accounting",
            "Statistics"
        ]
    },
    {
        "id": 95,
        "firstName": "Hamilton",
        "lastName": "Dennis",
        "email": "luctus.lobortis@nonbibendumsed.com",
        "programme": "Mechanical Engineering",
        "courses": [
            "Machine Element Design",
            "Engineering Analysis I",
            "Calculus & Linear Algebra I "
        ]
    },
    {
        "id": 96,
        "firstName": "Gavin",
        "lastName": "Driscoll",
        "email": "lacinia.mattis@risusDonec.net",
        "programme": "Medicine",
        "courses": [
            "Anatomy",
            "Biochemistry",
            "Genetics",
            "Human Behavior."
        ]
    },
    {
        "id": 97,
        "firstName": "Brendan",
        "lastName": "Allistair",
        "email": "Nunc.laoreet@Sed.ca",
        "programme": "Computer Science",
        "courses": [
            "Calculus",
            "Algorithms",
            "Software Development",
            "Ethics"
        ]
    },
    {
        "id": 98,
        "firstName": "Gary",
        "lastName": "Robert",
        "email": "molestie@vitaesemper.ca",
        "programme": "Computer Science",
        "courses": [
            "Calculus",
            "Algorithms",
            "Software Development",
            "Ethics"
        ]
    },
    {
        "id": 99,
        "firstName": "Fletcher",
        "lastName": "Brenden",
        "email": "semper@nequesed.co.uk",
        "programme": "Computer Science",
        "courses": [
            "Calculus",
            "Algorithms",
            "Software Development",
            "Ethics"
        ]
    },
    {
        "id": 505,
        "firstName": "Genia",
        "lastName": "Gligoraci",
        "email": "ggligoraci4@ted.com",
        "programme": "Information Science",
        "courses": [
            "C#"
        ]
    },
    {
        "id": 506,
        "firstName": "Veradis",
        "lastName": "Williscroft",
        "email": "vwilliscrofte@oaic.gov.au",
        "programme": "Information Science",
        "courses": [
            "Java"
        ]
    },
    {
        "id": 507,
        "firstName": "Katusha",
        "lastName": "Toner",
        "email": "ktoner2@google.it",
        "programme": "ComputerScience",
        "courses": [
            "C#"
        ]
    },
    {
        "id": 508,
        "firstName": "Skippie",
        "lastName": "Makiver",
        "email": "smakiver3@bigcartel.com",
        "programme": "ComputerScience",
        "courses": [
            "Java"
        ]
    },
    {
        "id": 509,
        "firstName": "Gerri",
        "lastName": "Everiss",
        "email": "geveriss5@mysql.com",
        "programme": "ComputerScience",
        "courses": [
            "C#"
        ]
    },
    {
        "id": 510,
        "firstName": "Letti",
        "lastName": "Rolland",
        "email": "lrollandc@ibm.com",
        "programme": "ComputerScience",
        "courses": [
            "SCALA"
        ]
    },
    {
        "id": 511,
        "firstName": "Genia",
        "lastName": "Mingardi",
        "email": "gmingardi8@cocolog-nifty.com",
        "programme": "Information Science",
        "courses": [
            "C#"
        ]
    },
    {
        "id": 512,
        "firstName": "Gertrud",
        "lastName": "Jobes",
        "email": "gjobes0@mashable.com",
        "programme": "ComputerScience",
        "courses": [
            "Java"
        ]
    },
    {
        "id": 513,
        "firstName": "Bret",
        "lastName": "Feeley",
        "email": "bfeeley6@php.net",
        "programme": "ComputerScience",
        "courses": [
            "SCALA"
        ]
    },
    {
        "id": 514,
        "firstName": "Chelsae",
        "lastName": "Keneford",
        "email": "ckeneford7@wp.com",
        "programme": "ComputerScience",
        "courses": [
            "SCALA"
        ]
    },
    {
        "id": 515,
        "firstName": "Virgie",
        "lastName": "Thoresbie",
        "email": "vthoresbief@slate.com",
        "programme": "ComputerScience",
        "courses": [
            "Java"
        ]
    },
    {
        "id": 516,
        "firstName": "Nicoline",
        "lastName": "Shernock",
        "email": "nshernock1@discovery.com",
        "programme": "ComputerScience",
        "courses": [
            "Java"
        ]
    },
    {
        "id": 517,
        "firstName": "Ariel",
        "lastName": "Mattis",
        "email": "amattis9@youtu.be",
        "programme": "ComputerScience",
        "courses": [
            "SCALA"
        ]
    },
    {
        "id": 518,
        "firstName": "Shelba",
        "lastName": "Baugham",
        "email": "sbaughamd@ocn.ne.jp",
        "programme": "ComputerScience",
        "courses": [
            "C#"
        ]
    },
    {
        "id": 519,
        "firstName": "Killian",
        "lastName": "Compfort",
        "email": "kcompforta@senate.gov",
        "programme": "ComputerScience",
        "courses": [
            "Java"
        ]
    },
    {
        "id": 520,
        "firstName": "Jamie",
        "lastName": "Milmoe",
        "email": "jmilmoeb@ft.com",
        "programme": "Information Science",
        "courses": [
            "SCALA"
        ]
    },
    {
        "id": 521,
        "firstName": "Hagen",
        "lastName": "Gartan",
        "email": "hgartanl@geocities.jp",
        "programme": "ComputerScience",
        "courses": [
            "Java"
        ]
    },
    {
        "id": 522,
        "firstName": "Consolata",
        "lastName": "Spincke",
        "email": "cspinckek@mapy.cz",
        "programme": "ComputerScience",
        "courses": [
            "C#"
        ]
    },
    {
        "id": 523,
        "firstName": "Donal",
        "lastName": "Fieldhouse",
        "email": "dfieldhousep@dedecms.com",
        "programme": "ComputerScience",
        "courses": [
            "Java"
        ]
    },
    {
        "id": 524,
        "firstName": "Neilla",
        "lastName": "Wolstenholme",
        "email": "nwolstenholmen@phoca.cz",
        "programme": "ComputerScience",
        "courses": [
            "C#"
        ]
    },
    {
        "id": 525,
        "firstName": "Morie",
        "lastName": "Wyndham",
        "email": "mwyndhamq@slideshare.net",
        "programme": "Information Science",
        "courses": [
            "Java"
        ]
    },
    {
        "id": 526,
        "firstName": "Sheridan",
        "lastName": "Lancetter",
        "email": "slancetterh@theguardian.com",
        "programme": "ComputerScience",
        "courses": [
            "C#"
        ]
    },
    {
        "id": 527,
        "firstName": "Thorny",
        "lastName": "Crathorne",
        "email": "tcrathornev@usgs.gov",
        "programme": "Information Science",
        "courses": [
            "Java"
        ]
    },
    {
        "id": 528,
        "firstName": "Roi",
        "lastName": "Boutell",
        "email": "rboutellr@yandex.ru",
        "programme": "Information Science",
        "courses": [
            "SCALA"
        ]
    },
    {
        "id": 529,
        "firstName": "Mada",
        "lastName": "Matonin",
        "email": "mmatonino@who.int",
        "programme": "ComputerScience",
        "courses": [
            "SCALA"
        ]
    },
    {
        "id": 530,
        "firstName": "Simonne",
        "lastName": "Adamowitz",
        "email": "sadamowitzt@statcounter.com",
        "programme": "Information Science",
        "courses": [
            "C#"
        ]
    },
    {
        "id": 531,
        "firstName": "Fitzgerald",
        "lastName": "Schwand",
        "email": "fschwandj@senate.gov",
        "programme": "Information Science",
        "courses": [
            "Java"
        ]
    },
    {
        "id": 532,
        "firstName": "Emelda",
        "lastName": "Brownsea",
        "email": "ebrownseas@chicagotribune.com",
        "programme": "Information Science",
        "courses": [
            "C#"
        ]
    },
    {
        "id": 533,
        "firstName": "Colan",
        "lastName": "Nesey",
        "email": "cneseyu@privacy.gov.au",
        "programme": "ComputerScience",
        "courses": [
            "C#"
        ]
    },
    {
        "id": 534,
        "firstName": "Correy",
        "lastName": "Judgkins",
        "email": "cjudgkinsx@barnesandnoble.com",
        "programme": "ComputerScience",
        "courses": [
            "Java"
        ]
    },
    {
        "id": 535,
        "firstName": "Cirilo",
        "lastName": "Womersley",
        "email": "cwomersleyy@sciencedirect.com",
        "programme": "Information Science",
        "courses": [
            "SCALA"
        ]
    },
    {
        "id": 536,
        "firstName": "Joachim",
        "lastName": "Beane",
        "email": "jbeanez@timesonline.co.uk",
        "programme": "ComputerScience",
        "courses": [
            "Java"
        ]
    },
    {
        "id": 537,
        "firstName": "Noreen",
        "lastName": "Deshon",
        "email": "ndeshon10@zimbio.com",
        "programme": "ComputerScience",
        "courses": [
            "SCALA"
        ]
    },
    {
        "id": 538,
        "firstName": "Katharine",
        "lastName": "Bickmore",
        "email": "kbickmore14@wikispaces.com",
        "programme": "Information Science",
        "courses": [
            "C#"
        ]
    },
    {
        "id": 539,
        "firstName": "Blancha",
        "lastName": "Derdes",
        "email": "bderdes17@exblog.jp",
        "programme": "ComputerScience",
        "courses": [
            "SCALA"
        ]
    },
    {
        "id": 540,
        "firstName": "Cazzie",
        "lastName": "Vitall",
        "email": "cvitall18@cdbaby.com",
        "programme": "Information Science",
        "courses": [
            "SCALA"
        ]
    },
    {
        "id": 541,
        "firstName": "Correy",
        "lastName": "Kennelly",
        "email": "ckennelly19@ucoz.com",
        "programme": "Information Science",
        "courses": [
            "C#"
        ]
    },
    {
        "id": 542,
        "firstName": "Fairleigh",
        "lastName": "Peach",
        "email": "fpeach13@plala.or.jp",
        "programme": "ComputerScience",
        "courses": [
            "Java"
        ]
    },
    {
        "id": 543,
        "firstName": "Astrix",
        "lastName": "Cheverton",
        "email": "acheverton1d@gnu.org",
        "programme": "ComputerScience",
        "courses": [
            "Java"
        ]
    },
    {
        "id": 544,
        "firstName": "Lynda",
        "lastName": "Taillard",
        "email": "ltaillard1c@hexun.com",
        "programme": "Information Science",
        "courses": [
            "SCALA"
        ]
    },
    {
        "id": 545,
        "firstName": "Roseann",
        "lastName": "Lednor",
        "email": "rlednor1f@oaic.gov.au",
        "programme": "ComputerScience",
        "courses": [
            "C#"
        ]
    },
    {
        "id": 546,
        "firstName": "Allyson",
        "lastName": "Bayles",
        "email": "abayles1a@si.edu",
        "programme": "ComputerScience",
        "courses": [
            "Java"
        ]
    },
    {
        "id": 547,
        "firstName": "Rodd",
        "lastName": "Arnal",
        "email": "rarnal1h@xinhuanet.com",
        "programme": "ComputerScience",
        "courses": [
            "Java"
        ]
    },
    {
        "id": 548,
        "firstName": "Catharine",
        "lastName": "Creboe",
        "email": "ccreboe1g@cbsnews.com",
        "programme": "ComputerScience",
        "courses": [
            "SCALA"
        ]
    },
    {
        "id": 549,
        "firstName": "Logan",
        "lastName": "Silk",
        "email": "lsilkg@ted.com",
        "programme": "ComputerScience",
        "courses": [
            "C#"
        ]
    },
    {
        "id": 550,
        "firstName": "Ilise",
        "lastName": "Kharchinski",
        "email": "ikharchinskii@livejournal.com",
        "programme": "Information Science",
        "courses": [
            "C#"
        ]
    },
    {
        "id": 551,
        "firstName": "Ly",
        "lastName": "Hurkett",
        "email": "lhurkett16@squarespace.com",
        "programme": "ComputerScience",
        "courses": [
            "C#"
        ]
    },
    {
        "id": 552,
        "firstName": "Leicester",
        "lastName": "Dauncey",
        "email": "ldauncey12@vkontakte.ru",
        "programme": "Information Science",
        "courses": [
            "Java"
        ]
    },
    {
        "id": 553,
        "firstName": "Elia",
        "lastName": "Drakes",
        "email": "edrakes15@wired.com",
        "programme": "Information Science",
        "courses": [
            "Java"
        ]
    },
    {
        "id": 554,
        "firstName": "Shanon",
        "lastName": "Labbett",
        "email": "slabbettw@independent.co.uk",
        "programme": "Information Science",
        "courses": [
            "C#"
        ]
    },
    {
        "id": 555,
        "firstName": "Vanya",
        "lastName": "Glennard",
        "email": "vglennardm@amazon.de",
        "programme": "ComputerScience",
        "courses": [
            "C#"
        ]
    },
    {
        "id": 556,
        "firstName": "Daisie",
        "lastName": "Sawyers",
        "email": "dsawyers1j@google.it",
        "programme": "ComputerScience",
        "courses": [
            "SCALA"
        ]
    },
    {
        "id": 557,
        "firstName": "Maible",
        "lastName": "Webberley",
        "email": "mwebberley1n@discuz.net",
        "programme": "ComputerScience",
        "courses": [
            "SCALA"
        ]
    },
    {
        "id": 558,
        "firstName": "Julina",
        "lastName": "Levene",
        "email": "jlevene1e@blogs.com",
        "programme": "Information Science",
        "courses": [
            "C#"
        ]
    },
    {
        "id": 559,
        "firstName": "Rem",
        "lastName": "Reedyhough",
        "email": "rreedyhough1b@howstuffworks.com",
        "programme": "Information Science",
        "courses": [
            "C#"
        ]
    },
    {
        "id": 560,
        "firstName": "Avigdor",
        "lastName": "Terbrug",
        "email": "aterbrug11@constantcontact.com",
        "programme": "Information Science",
        "courses": [
            "SCALA"
        ]
    },
    {
        "id": 561,
        "firstName": "Marcellus",
        "lastName": "Laird",
        "email": "mlaird1l@wikipedia.org",
        "programme": "Information Science",
        "courses": [
            "Java"
        ]
    },
    {
        "id": 562,
        "firstName": "Jemmie",
        "lastName": "Toal",
        "email": "jtoal1p@gov.uk",
        "programme": "ComputerScience",
        "courses": [
            "C#"
        ]
    },
    {
        "id": 563,
        "firstName": "Jacinthe",
        "lastName": "Ianilli",
        "email": "jianilli1o@dmoz.org",
        "programme": "Information Science",
        "courses": [
            "Java"
        ]
    },
    {
        "id": 564,
        "firstName": "Sammy",
        "lastName": "Tolerton",
        "email": "stolerton1i@icio.us",
        "programme": "Information Science",
        "courses": [
            "Java"
        ]
    },
    {
        "id": 565,
        "firstName": "Broderick",
        "lastName": "Salleir",
        "email": "bsalleir1k@geocities.jp",
        "programme": "Information Science",
        "courses": [
            "C#"
        ]
    },
    {
        "id": 566,
        "firstName": "Milena",
        "lastName": "Jarad",
        "email": "mjarad20@imageshack.us",
        "programme": "ComputerScience",
        "courses": [
            "Java"
        ]
    },
    {
        "id": 567,
        "firstName": "Breanne",
        "lastName": "Hastin",
        "email": "bhastin1z@cdbaby.com",
        "programme": "ComputerScience",
        "courses": [
            "SCALA"
        ]
    },
    {
        "id": 568,
        "firstName": "Webster",
        "lastName": "Dorant",
        "email": "wdorant1y@dailymail.co.uk",
        "programme": "Information Science",
        "courses": [
            "Java"
        ]
    },
    {
        "id": 569,
        "firstName": "Helena",
        "lastName": "Eborn",
        "email": "heborn21@ca.gov",
        "programme": "ComputerScience",
        "courses": [
            "C#"
        ]
    },
    {
        "id": 570,
        "firstName": "Fannie",
        "lastName": "Chevin",
        "email": "fchevin23@google.ru",
        "programme": "Information Science",
        "courses": [
            "Java"
        ]
    },
    {
        "id": 571,
        "firstName": "Bethanne",
        "lastName": "Adamoli",
        "email": "badamoli1q@yolasite.com",
        "programme": "ComputerScience",
        "courses": [
            "SCALA"
        ]
    },
    {
        "id": 572,
        "firstName": "Jorge",
        "lastName": "Hadleigh",
        "email": "jhadleigh1t@miibeian.gov.cn",
        "programme": "ComputerScience",
        "courses": [
            "C#"
        ]
    },
    {
        "id": 573,
        "firstName": "Harland",
        "lastName": "MacAnespie",
        "email": "hmacanespie1m@irs.gov",
        "programme": "ComputerScience",
        "courses": [
            "SCALA"
        ]
    },
    {
        "id": 574,
        "firstName": "Guenna",
        "lastName": "Javes",
        "email": "gjaves1x@photobucket.com",
        "programme": "ComputerScience",
        "courses": [
            "SCALA"
        ]
    },
    {
        "id": 575,
        "firstName": "Krystalle",
        "lastName": "Syrett",
        "email": "ksyrett1r@usa.gov",
        "programme": "Information Science",
        "courses": [
            "SCALA"
        ]
    },
    {
        "id": 576,
        "firstName": "Clemente",
        "lastName": "Rue",
        "email": "crue1v@irs.gov",
        "programme": "Information Science",
        "courses": [
            "SCALA"
        ]
    },
    {
        "id": 577,
        "firstName": "Townsend",
        "lastName": "Paine",
        "email": "tpaine22@arstechnica.com",
        "programme": "ComputerScience",
        "courses": [
            "C#"
        ]
    },
    {
        "id": 578,
        "firstName": "Eberhard",
        "lastName": "Leonard",
        "email": "eleonard28@issuu.com",
        "programme": "Information Science",
        "courses": [
            "Java"
        ]
    },
    {
        "id": 579,
        "firstName": "Vittorio",
        "lastName": "Hayzer",
        "email": "vhayzer2a@gravatar.com",
        "programme": "Information Science",
        "courses": [
            "SCALA"
        ]
    },
    {
        "id": 580,
        "firstName": "Antonino",
        "lastName": "Castille",
        "email": "acastille1u@statcounter.com",
        "programme": "Information Science",
        "courses": [
            "Java"
        ]
    },
    {
        "id": 581,
        "firstName": "Vinny",
        "lastName": "Fosberry",
        "email": "vfosberry27@infoseek.co.jp",
        "programme": "Information Science",
        "courses": [
            "C#"
        ]
    },
    {
        "id": 582,
        "firstName": "Kerri",
        "lastName": "Castagnier",
        "email": "kcastagnier2c@cbc.ca",
        "programme": "ComputerScience",
        "courses": [
            "C#"
        ]
    },
    {
        "id": 583,
        "firstName": "Maitilde",
        "lastName": "O'Henecan",
        "email": "mohenecan2d@cmu.edu",
        "programme": "Information Science",
        "courses": [
            "SCALA"
        ]
    },
    {
        "id": 584,
        "firstName": "Ruthy",
        "lastName": "Bartolacci",
        "email": "rbartolacci2f@go.com",
        "programme": "Information Science",
        "courses": [
            "Java"
        ]
    },
    {
        "id": 585,
        "firstName": "Quincy",
        "lastName": "Beckers",
        "email": "qbeckers25@cloudflare.com",
        "programme": "Information Science",
        "courses": [
            "Java"
        ]
    },
    {
        "id": 586,
        "firstName": "Eirena",
        "lastName": "Bilby",
        "email": "ebilby2g@spiegel.de",
        "programme": "ComputerScience",
        "courses": [
            "SCALA"
        ]
    },
    {
        "id": 587,
        "firstName": "Zelig",
        "lastName": "Leuren",
        "email": "zleuren2i@hexun.com",
        "programme": "ComputerScience",
        "courses": [
            "SCALA"
        ]
    },
    {
        "id": 588,
        "firstName": "Rosalia",
        "lastName": "Trainer",
        "email": "rtrainer2j@eepurl.com",
        "programme": "ComputerScience",
        "courses": [
            "SCALA"
        ]
    },
    {
        "id": 589,
        "firstName": "Nolly",
        "lastName": "Lukehurst",
        "email": "nlukehurst2k@narod.ru",
        "programme": "ComputerScience",
        "courses": [
            "Java"
        ]
    },
    {
        "id": 590,
        "firstName": "Mady",
        "lastName": "Acres",
        "email": "macres2h@state.tx.us",
        "programme": "ComputerScience",
        "courses": [
            "SCALA"
        ]
    },
    {
        "id": 591,
        "firstName": "Aaron",
        "lastName": "Buffery",
        "email": "abuffery1w@diigo.com",
        "programme": "Information Science",
        "courses": [
            "Java"
        ]
    },
    {
        "id": 592,
        "firstName": "Glynis",
        "lastName": "Patten",
        "email": "gpatten29@hc360.com",
        "programme": "Information Science",
        "courses": [
            "C#"
        ]
    },
    {
        "id": 593,
        "firstName": "Brook",
        "lastName": "Cumbridge",
        "email": "bcumbridge2l@g.co",
        "programme": "ComputerScience",
        "courses": [
            "Java"
        ]
    },
    {
        "id": 594,
        "firstName": "Jilli",
        "lastName": "Wohler",
        "email": "jwohler2n@sakura.ne.jp",
        "programme": "ComputerScience",
        "courses": [
            "C#"
        ]
    },
    {
        "id": 595,
        "firstName": "Dalt",
        "lastName": "Ramard",
        "email": "dramard2o@goo.ne.jp",
        "programme": "ComputerScience",
        "courses": [
            "C#"
        ]
    },
    {
        "id": 596,
        "firstName": "Upton",
        "lastName": "Siebart",
        "email": "usiebart2q@zdnet.com",
        "programme": "Information Science",
        "courses": [
            "C#"
        ]
    },
    {
        "id": 597,
        "firstName": "Ginger",
        "lastName": "Brinsford",
        "email": "gbrinsford1s@woothemes.com",
        "programme": "Information Science",
        "courses": [
            "C#"
        ]
    },
    {
        "id": 598,
        "firstName": "Nelie",
        "lastName": "Buckell",
        "email": "nbuckell2p@boston.com",
        "programme": "Information Science",
        "courses": [
            "C#"
        ]
    },
    {
        "id": 599,
        "firstName": "Almeta",
        "lastName": "Signe",
        "email": "asigne26@wikipedia.org",
        "programme": "ComputerScience",
        "courses": [
            "C#"
        ]
    },
    {
        "id": 600,
        "firstName": "Jorie",
        "lastName": "Lorent",
        "email": "jlorent24@home.pl",
        "programme": "ComputerScience",
        "courses": [
            "Java"
        ]
    },
    {
        "id": 601,
        "firstName": "Ambur",
        "lastName": "Maccari",
        "email": "amaccari2b@disqus.com",
        "programme": "ComputerScience",
        "courses": [
            "Java"
        ]
    },
    {
        "id": 602,
        "firstName": "Chrisy",
        "lastName": "Collip",
        "email": "ccollip2e@squidoo.com",
        "programme": "ComputerScience",
        "courses": [
            "Java"
        ]
    },
    {
        "id": 603,
        "firstName": "Fonz",
        "lastName": "Sole",
        "email": "fsole2r@guardian.co.uk",
        "programme": "Information Science",
        "courses": [
            "Java"
        ]
    },
    {
        "id": 604,
        "firstName": "Elvin",
        "lastName": "Scholar",
        "email": "escholar2m@berkeley.edu",
        "programme": "ComputerScience",
        "courses": [
            "C#"
        ]
    }
]
]]></system-out>
  </testcase>
  <testcase name="fileDoesNotExist" classname="com.studentapp.junit.FirstSerentiyTest" time="0.045">
    <error message="E:\file.txt (The system cannot find the path specified)" type="java.io.FileNotFoundException">java.io.FileNotFoundException: E:\file.txt (The system cannot find the path specified)
	at com.studentapp.junit.FirstSerentiyTest.fileDoesNotExist(FirstSerentiyTest.java:58)
</error>
    <system-out><![CDATA[10:23:13.541 [main] ERROR n.t.c.steps.ConsoleLoggingListener - 
           __  _____ _____ ____ _____   _____ _    ___ _     _____ ____  
  _       / / |_   _| ____/ ___|_   _| |  ___/ \  |_ _| |   | ____|  _ \ 
 (_)_____| |    | | |  _| \___ \ | |   | |_ / _ \  | || |   |  _| | | | |
  _|_____| |    | | | |___ ___) || |   |  _/ ___ \ | || |___| |___| |_| |
 (_)     | |    |_| |_____|____/ |_|   |_|/_/   \_\___|_____|_____|____/ 
          \_\                                                            

TEST FAILED: This isa failing
--------------------------------------------------------------------------
10:23:13.543 [main] DEBUG n.t.c.steps.ConsoleLoggingListener - RELATED ISSUES: 
10:23:13.543 [main] ERROR n.t.c.steps.ConsoleLoggingListener - 1 expectation failed.Expected status code <500> but was <200>.
10:23:13.558 [main] INFO  n.t.c.steps.ConsoleLoggingListener - 
 _____ _____ ____ _____   ____ _____  _    ____ _____ _____ ____  
|_   _| ____/ ___|_   _| / ___|_   _|/ \  |  _ \_   _| ____|  _ \ 
  | | |  _| \___ \ | |   \___ \ | | / _ \ | |_) || | |  _| | | | |
  | | | |___ ___) || |    ___) || |/ ___ \|  _ < | | | |___| |_| |
  |_| |_____|____/ |_|   |____/ |_/_/   \_\_| \_\|_| |_____|____/ 
                                                                  

TEST STARTED: fileDoesNotExist
-------------------------------------------------------------------
10:23:13.558 [main] INFO  net.serenitybdd.core.Serenity - TEST NUMBER: 6
]]></system-out>
  </testcase>
  <testcase name="getAllStudents" classname="com.studentapp.junit.FirstSerentiyTest" time="3.823"/>
</testsuite>